<ShowPlanXML xmlns="http://schemas.microsoft.com/sqlserver/2004/07/showplan" Version="1.480" Build="12.0.6108.1"><BatchSequence><Batch><Statements><StmtSimple StatementText="UPDATE [_History529] SET [_History529].[_End] = [#HistoryActiveRevision].[RevisionID] FROM [_History529] CROSS JOIN [#HistoryActiveRevision] CROSS JOIN [deleted] WHERE (([deleted].[LoanID]=[_History529].[LoanID]) AND ([deleted].[FundedDate]=[_History529].[FundedDate]) AND ([deleted].[MortgageSequenceNo]=[_History529].[MortgageSequenceNo]) AND ([deleted].[FundType]=[_History529].[FundType]) AND ([deleted].[ProductID]=[_History529].[ProductID]) AND ([deleted].[RateSheetTierID]=[_History529].[RateSheetTierID]) AND ([_History529].[_End] IS NULL))" StatementId="1" StatementCompId="10" StatementType="UPDATE" RetrievedFromCache="true" StatementSubTreeCost="17.9295" StatementEstRows="10000" StatementOptmLevel="FULL" QueryHash="0x37A83E1587A7575F" QueryPlanHash="0x53CBC0AB093EC65E" CardinalityEstimationModelVersion="70"><StatementSetOptions QUOTED_IDENTIFIER="true" ARITHABORT="false" CONCAT_NULL_YIELDS_NULL="true" ANSI_NULLS="true" ANSI_PADDING="true" ANSI_WARNINGS="true" NUMERIC_ROUNDABORT="false"/><QueryPlan CachedPlanSize="144" CompileTime="18" CompileCPU="18" CompileMemory="1440"><MemoryGrantInfo SerialRequiredMemory="2048" SerialDesiredMemory="4344"/><OptimizerHardwareDependentProperties EstimatedAvailableMemoryGrant="1048192" EstimatedPagesCached="1572288" EstimatedAvailableDegreeOfParallelism="6" MaxCompileMemory="16131680"/><TraceFlags IsCompileTime="1"><TraceFlag Value="8048" Scope="Global"/></TraceFlags><RelOp NodeId="1" PhysicalOp="Index Update" LogicalOp="Update" EstimateRows="20000" EstimateIO="2.57873" EstimateCPU="0.02" AvgRowSize="9" EstimatedTotalSubtreeCost="17.9295" Parallel="0" EstimateRebinds="0" EstimateRewinds="0" EstimatedExecutionMode="Row"><OutputList/><Update WithOrderedPrefetch="1" DMLRequestSort="0"><Object Database="[t964edd76a1e449668c787ad868d7c5f8_FlagstarQA]" Schema="[dbo]" Table="[_History529]" Index="[IX_Key__History529]" IndexKind="NonClustered" Storage="RowStore"/><SetPredicate><ScalarOperator ScalarString="[_End1015] = [t964edd76a1e449668c787ad868d7c5f8_FlagstarQA].[dbo].[_History529].[_End],[_Start1016] = [t964edd76a1e449668c787ad868d7c5f8_FlagstarQA].[dbo].[_History529].[_Start],[Uniq10081017] = [Uniq1008],[LoanID1018] = [t964edd76a1e449668c787ad868d7c5f8_FlagstarQA].[dbo].[_History529].[LoanID],[FundedDate1019] = [t964edd76a1e449668c787ad868d7c5f8_FlagstarQA].[dbo].[_History529].[FundedDate],[MortgageSequenceNo1020] = [t964edd76a1e449668c787ad868d7c5f8_FlagstarQA].[dbo].[_History529].[MortgageSequenceNo],[FundType1021] = [t964edd76a1e449668c787ad868d7c5f8_FlagstarQA].[dbo].[_History529].[FundType],[ProductID1022] = [t964edd76a1e449668c787ad868d7c5f8_FlagstarQA].[dbo].[_History529].[ProductID],[RateSheetTierID1023] = [t964edd76a1e449668c787ad868d7c5f8_FlagstarQA].[dbo].[_History529].[RateSheetTierID]"><ScalarExpressionList><ScalarOperator><MultipleAssign><Assign><ColumnReference Column="_End1015"/><ScalarOperator><Identifier><ColumnReference Database="[t964edd76a1e449668c787ad868d7c5f8_FlagstarQA]" Schema="[dbo]" Table="[_History529]" Column="_End"/></Identifier></ScalarOperator></Assign><Assign><ColumnReference Column="_Start1016"/><ScalarOperator><Identifier><ColumnReference Database="[t964edd76a1e449668c787ad868d7c5f8_FlagstarQA]" Schema="[dbo]" Table="[_History529]" Column="_Start"/></Identifier></ScalarOperator></Assign><Assign><ColumnReference Column="Uniq10081017"/><ScalarOperator><Identifier><ColumnReference Column="Uniq1008"/></Identifier></ScalarOperator></Assign><Assign><ColumnReference Column="LoanID1018"/><ScalarOperator><Identifier><ColumnReference Database="[t964edd76a1e449668c787ad868d7c5f8_FlagstarQA]" Schema="[dbo]" Table="[_History529]" Column="LoanID"/></Identifier></ScalarOperator></Assign><Assign><ColumnReference Column="FundedDate1019"/><ScalarOperator><Identifier><ColumnReference Database="[t964edd76a1e449668c787ad868d7c5f8_FlagstarQA]" Schema="[dbo]" Table="[_History529]" Column="FundedDate"/></Identifier></ScalarOperator></Assign><Assign><ColumnReference Column="MortgageSequenceNo1020"/><ScalarOperator><Identifier><ColumnReference Database="[t964edd76a1e449668c787ad868d7c5f8_FlagstarQA]" Schema="[dbo]" Table="[_History529]" Column="MortgageSequenceNo"/></Identifier></ScalarOperator></Assign><Assign><ColumnReference Column="FundType1021"/><ScalarOperator><Identifier><ColumnReference Database="[t964edd76a1e449668c787ad868d7c5f8_FlagstarQA]" Schema="[dbo]" Table="[_History529]" Column="FundType"/></Identifier></ScalarOperator></Assign><Assign><ColumnReference Column="ProductID1022"/><ScalarOperator><Identifier><ColumnReference Database="[t964edd76a1e449668c787ad868d7c5f8_FlagstarQA]" Schema="[dbo]" Table="[_History529]" Column="ProductID"/></Identifier></ScalarOperator></Assign><Assign><ColumnReference Column="RateSheetTierID1023"/><ScalarOperator><Identifier><ColumnReference Database="[t964edd76a1e449668c787ad868d7c5f8_FlagstarQA]" Schema="[dbo]" Table="[_History529]" Column="RateSheetTierID"/></Identifier></ScalarOperator></Assign></MultipleAssign></ScalarOperator></ScalarExpressionList></ScalarOperator></SetPredicate><ActionColumn><ColumnReference Column="Act1013"/></ActionColumn><RelOp NodeId="3" PhysicalOp="Split" LogicalOp="Split" EstimateRows="20000" EstimateIO="0" EstimateCPU="0.015" AvgRowSize="214" EstimatedTotalSubtreeCost="15.3308" Parallel="0" EstimateRebinds="0" EstimateRewinds="0" EstimatedExecutionMode="Row"><OutputList><ColumnReference Column="Uniq1008"/><ColumnReference Database="[t964edd76a1e449668c787ad868d7c5f8_FlagstarQA]" Schema="[dbo]" Table="[_History529]" Column="_Start"/><ColumnReference Database="[t964edd76a1e449668c787ad868d7c5f8_FlagstarQA]" Schema="[dbo]" Table="[_History529]" Column="_End"/><ColumnReference Database="[t964edd76a1e449668c787ad868d7c5f8_FlagstarQA]" Schema="[dbo]" Table="[_History529]" Column="LoanID"/><ColumnReference Database="[t964edd76a1e449668c787ad868d7c5f8_FlagstarQA]" Schema="[dbo]" Table="[_History529]" Column="FundedDate"/><ColumnReference Database="[t964edd76a1e449668c787ad868d7c5f8_FlagstarQA]" Schema="[dbo]" Table="[_History529]" Column="MortgageSequenceNo"/><ColumnReference Database="[t964edd76a1e449668c787ad868d7c5f8_FlagstarQA]" Schema="[dbo]" Table="[_History529]" Column="FundType"/><ColumnReference Database="[t964edd76a1e449668c787ad868d7c5f8_FlagstarQA]" Schema="[dbo]" Table="[_History529]" Column="ProductID"/><ColumnReference Database="[t964edd76a1e449668c787ad868d7c5f8_FlagstarQA]" Schema="[dbo]" Table="[_History529]" Column="RateSheetTierID"/><ColumnReference Column="Act1013"/></OutputList><Split><DefinedValues><DefinedValue><ColumnReference Column="Act1013"/></DefinedValue></DefinedValues><ActionColumn><ColumnReference Column="Act1013"/></ActionColumn><RelOp NodeId="4" PhysicalOp="Assert" LogicalOp="Assert" EstimateRows="10000" EstimateIO="0" EstimateCPU="0.0028" AvgRowSize="218" EstimatedTotalSubtreeCost="15.3158" Parallel="0" EstimateRebinds="0" EstimateRewinds="0" EstimatedExecutionMode="Row"><OutputList><ColumnReference Column="Uniq1008"/><ColumnReference Database="[t964edd76a1e449668c787ad868d7c5f8_FlagstarQA]" Schema="[dbo]" Table="[_History529]" Column="_Start"/><ColumnReference Database="[t964edd76a1e449668c787ad868d7c5f8_FlagstarQA]" Schema="[dbo]" Table="[_History529]" Column="_End"/><ColumnReference Database="[t964edd76a1e449668c787ad868d7c5f8_FlagstarQA]" Schema="[dbo]" Table="[_History529]" Column="LoanID"/><ColumnReference Database="[t964edd76a1e449668c787ad868d7c5f8_FlagstarQA]" Schema="[dbo]" Table="[_History529]" Column="FundedDate"/><ColumnReference Database="[t964edd76a1e449668c787ad868d7c5f8_FlagstarQA]" Schema="[dbo]" Table="[_History529]" Column="MortgageSequenceNo"/><ColumnReference Database="[t964edd76a1e449668c787ad868d7c5f8_FlagstarQA]" Schema="[dbo]" Table="[_History529]" Column="FundType"/><ColumnReference Database="[t964edd76a1e449668c787ad868d7c5f8_FlagstarQA]" Schema="[dbo]" Table="[_History529]" Column="ProductID"/><ColumnReference Database="[t964edd76a1e449668c787ad868d7c5f8_FlagstarQA]" Schema="[dbo]" Table="[_History529]" Column="RateSheetTierID"/><ColumnReference Column="_End_OLD"/><ColumnReference Column="Uniq1008_OLD"/></OutputList><Assert StartupExpression="0"><RelOp NodeId="5" PhysicalOp="Compute Scalar" LogicalOp="Compute Scalar" EstimateRows="10000" EstimateIO="0" EstimateCPU="0.001" AvgRowSize="222" EstimatedTotalSubtreeCost="15.313" Parallel="0" EstimateRebinds="0" EstimateRewinds="0" EstimatedExecutionMode="Row"><OutputList><ColumnReference Column="Uniq1008"/><ColumnReference Database="[t964edd76a1e449668c787ad868d7c5f8_FlagstarQA]" Schema="[dbo]" Table="[_History529]" Column="_Start"/><ColumnReference Database="[t964edd76a1e449668c787ad868d7c5f8_FlagstarQA]" Schema="[dbo]" Table="[_History529]" Column="_End"/><ColumnReference Database="[t964edd76a1e449668c787ad868d7c5f8_FlagstarQA]" Schema="[dbo]" Table="[_History529]" Column="LoanID"/><ColumnReference Database="[t964edd76a1e449668c787ad868d7c5f8_FlagstarQA]" Schema="[dbo]" Table="[_History529]" Column="FundedDate"/><ColumnReference Database="[t964edd76a1e449668c787ad868d7c5f8_FlagstarQA]" Schema="[dbo]" Table="[_History529]" Column="MortgageSequenceNo"/><ColumnReference Database="[t964edd76a1e449668c787ad868d7c5f8_FlagstarQA]" Schema="[dbo]" Table="[_History529]" Column="FundType"/><ColumnReference Database="[t964edd76a1e449668c787ad868d7c5f8_FlagstarQA]" Schema="[dbo]" Table="[_History529]" Column="ProductID"/><ColumnReference Database="[t964edd76a1e449668c787ad868d7c5f8_FlagstarQA]" Schema="[dbo]" Table="[_History529]" Column="RateSheetTierID"/><ColumnReference Column="_End_OLD"/><ColumnReference Column="Uniq1008_OLD"/><ColumnReference Column="Expr1014"/></OutputList><ComputeScalar><DefinedValues><DefinedValue><ColumnReference Column="Expr1014"/><ScalarOperator ScalarString="CASE WHEN [t964edd76a1e449668c787ad868d7c5f8_FlagstarQA].[dbo].[_History529].[_Start]&gt;[t964edd76a1e449668c787ad868d7c5f8_FlagstarQA].[dbo].[_History529].[_End] THEN (0) ELSE NULL END"><IF><Condition><ScalarOperator><Compare CompareOp="GT"><ScalarOperator><Identifier><ColumnReference Database="[t964edd76a1e449668c787ad868d7c5f8_FlagstarQA]" Schema="[dbo]" Table="[_History529]" Column="_Start"/></Identifier></ScalarOperator><ScalarOperator><Identifier><ColumnReference Database="[t964edd76a1e449668c787ad868d7c5f8_FlagstarQA]" Schema="[dbo]" Table="[_History529]" Column="_End"/></Identifier></ScalarOperator></Compare></ScalarOperator></Condition><Then><ScalarOperator><Const ConstValue="(0)"/></ScalarOperator></Then><Else><ScalarOperator><Const ConstValue="NULL"/></ScalarOperator></Else></IF></ScalarOperator></DefinedValue></DefinedValues><RelOp NodeId="6" PhysicalOp="Clustered Index Update" LogicalOp="Update" EstimateRows="10000" EstimateIO="1.4218" EstimateCPU="0.03" AvgRowSize="218" EstimatedTotalSubtreeCost="15.312" Parallel="0" EstimateRebinds="0" EstimateRewinds="0" EstimatedExecutionMode="Row"><OutputList><ColumnReference Column="Uniq1008"/><ColumnReference Database="[t964edd76a1e449668c787ad868d7c5f8_FlagstarQA]" Schema="[dbo]" Table="[_History529]" Column="_Start"/><ColumnReference Database="[t964edd76a1e449668c787ad868d7c5f8_FlagstarQA]" Schema="[dbo]" Table="[_History529]" Column="_End"/><ColumnReference Database="[t964edd76a1e449668c787ad868d7c5f8_FlagstarQA]" Schema="[dbo]" Table="[_History529]" Column="LoanID"/><ColumnReference Database="[t964edd76a1e449668c787ad868d7c5f8_FlagstarQA]" Schema="[dbo]" Table="[_History529]" Column="FundedDate"/><ColumnReference Database="[t964edd76a1e449668c787ad868d7c5f8_FlagstarQA]" Schema="[dbo]" Table="[_History529]" Column="MortgageSequenceNo"/><ColumnReference Database="[t964edd76a1e449668c787ad868d7c5f8_FlagstarQA]" Schema="[dbo]" Table="[_History529]" Column="FundType"/><ColumnReference Database="[t964edd76a1e449668c787ad868d7c5f8_FlagstarQA]" Schema="[dbo]" Table="[_History529]" Column="ProductID"/><ColumnReference Database="[t964edd76a1e449668c787ad868d7c5f8_FlagstarQA]" Schema="[dbo]" Table="[_History529]" Column="RateSheetTierID"/><ColumnReference Column="_End_OLD"/><ColumnReference Column="Uniq1008_OLD"/></OutputList><Update DMLRequestSort="1"><Object Database="[t964edd76a1e449668c787ad868d7c5f8_FlagstarQA]" Schema="[dbo]" Table="[_History529]" Index="[IX_Revision__History529]" IndexKind="Clustered" Storage="RowStore"/><Object Database="[t964edd76a1e449668c787ad868d7c5f8_FlagstarQA]" Schema="[dbo]" Table="[_History529]" Index="[IX_Start__History529]" IndexKind="NonClustered" Storage="RowStore"/><Object Database="[t964edd76a1e449668c787ad868d7c5f8_FlagstarQA]" Schema="[dbo]" Table="[_History529]" Index="[IX_End__History529]" IndexKind="NonClustered" Storage="RowStore"/><SetPredicate><ScalarOperator ScalarString="[t964edd76a1e449668c787ad868d7c5f8_FlagstarQA].[dbo].[_History529].[_End] = [tempdb].[dbo].[#HistoryActiveRevision].[RevisionID]"><ScalarExpressionList><ScalarOperator><MultipleAssign><Assign><ColumnReference Database="[t964edd76a1e449668c787ad868d7c5f8_FlagstarQA]" Schema="[dbo]" Table="[_History529]" Column="_End"/><ScalarOperator><Identifier><ColumnReference Database="[tempdb]" Schema="[dbo]" Table="[#HistoryActiveRevision]" Column="RevisionID"/></Identifier></ScalarOperator></Assign></MultipleAssign></ScalarOperator></ScalarExpressionList></ScalarOperator></SetPredicate><RelOp NodeId="8" PhysicalOp="Sort" LogicalOp="Sort" EstimateRows="1476.66" EstimateIO="0.0112613" EstimateCPU="0.0243524" AvgRowSize="23" EstimatedTotalSubtreeCost="13.8602" Parallel="0" EstimateRebinds="0" EstimateRewinds="0" EstimatedExecutionMode="Row"><OutputList><ColumnReference Column="Uniq1001"/><ColumnReference Database="[t964edd76a1e449668c787ad868d7c5f8_FlagstarQA]" Schema="[dbo]" Table="[_History529]" Column="_Start"/><ColumnReference Database="[t964edd76a1e449668c787ad868d7c5f8_FlagstarQA]" Schema="[dbo]" Table="[_History529]" Column="_End"/><ColumnReference Database="[tempdb]" Schema="[dbo]" Table="[#HistoryActiveRevision]" Column="RevisionID"/></OutputList><MemoryFractions Input="0.123223" Output="1"/><Sort Distinct="0"><OrderBy><OrderByColumn Ascending="1"><ColumnReference Database="[t964edd76a1e449668c787ad868d7c5f8_FlagstarQA]" Schema="[dbo]" Table="[_History529]" Column="_Start"/></OrderByColumn><OrderByColumn Ascending="1"><ColumnReference Column="Uniq1001"/></OrderByColumn></OrderBy><RelOp NodeId="9" PhysicalOp="Hash Match" LogicalOp="Inner Join" EstimateRows="1476.66" EstimateIO="0" EstimateCPU="0.637836" AvgRowSize="23" EstimatedTotalSubtreeCost="13.8246" Parallel="0" EstimateRebinds="0" EstimateRewinds="0" EstimatedExecutionMode="Row"><OutputList><ColumnReference Column="Uniq1001"/><ColumnReference Database="[t964edd76a1e449668c787ad868d7c5f8_FlagstarQA]" Schema="[dbo]" Table="[_History529]" Column="_Start"/><ColumnReference Database="[t964edd76a1e449668c787ad868d7c5f8_FlagstarQA]" Schema="[dbo]" Table="[_History529]" Column="_End"/><ColumnReference Database="[tempdb]" Schema="[dbo]" Table="[#HistoryActiveRevision]" Column="RevisionID"/></OutputList><MemoryFractions Input="0.644599" Output="0.876777"/><Hash><DefinedValues/><HashKeysBuild><ColumnReference Database="[t964edd76a1e449668c787ad868d7c5f8_FlagstarQA]" Schema="[dbo]" Table="[_History529]" Column="LoanID"/><ColumnReference Database="[t964edd76a1e449668c787ad868d7c5f8_FlagstarQA]" Schema="[dbo]" Table="[_History529]" Column="FundedDate"/><ColumnReference Database="[t964edd76a1e449668c787ad868d7c5f8_FlagstarQA]" Schema="[dbo]" Table="[_History529]" Column="MortgageSequenceNo"/><ColumnReference Database="[t964edd76a1e449668c787ad868d7c5f8_FlagstarQA]" Schema="[dbo]" Table="[_History529]" Column="FundType"/><ColumnReference Database="[t964edd76a1e449668c787ad868d7c5f8_FlagstarQA]" Schema="[dbo]" Table="[_History529]" Column="ProductID"/><ColumnReference Database="[t964edd76a1e449668c787ad868d7c5f8_FlagstarQA]" Schema="[dbo]" Table="[_History529]" Column="RateSheetTierID"/></HashKeysBuild><HashKeysProbe><ColumnReference Database="[t964edd76a1e449668c787ad868d7c5f8_FlagstarQA]" Schema="[dbo]" Table="[LoanData]" Column="LoanID"/><ColumnReference Database="[t964edd76a1e449668c787ad868d7c5f8_FlagstarQA]" Schema="[dbo]" Table="[LoanData]" Column="FundedDate"/><ColumnReference Database="[t964edd76a1e449668c787ad868d7c5f8_FlagstarQA]" Schema="[dbo]" Table="[LoanData]" Column="MortgageSequenceNo"/><ColumnReference Database="[t964edd76a1e449668c787ad868d7c5f8_FlagstarQA]" Schema="[dbo]" Table="[LoanData]" Column="FundType"/><ColumnReference Database="[t964edd76a1e449668c787ad868d7c5f8_FlagstarQA]" Schema="[dbo]" Table="[LoanData]" Column="ProductID"/><ColumnReference Database="[t964edd76a1e449668c787ad868d7c5f8_FlagstarQA]" Schema="[dbo]" Table="[LoanData]" Column="RateSheetTierID"/></HashKeysProbe><ProbeResidual><ScalarOperator ScalarString="[t964edd76a1e449668c787ad868d7c5f8_FlagstarQA].[dbo].[LoanData].[LoanID]=[t964edd76a1e449668c787ad868d7c5f8_FlagstarQA].[dbo].[_History529].[LoanID] AND [t964edd76a1e449668c787ad868d7c5f8_FlagstarQA].[dbo].[LoanData].[FundedDate]=[t964edd76a1e449668c787ad868d7c5f8_FlagstarQA].[dbo].[_History529].[FundedDate] AND [t964edd76a1e449668c787ad868d7c5f8_FlagstarQA].[dbo].[LoanData].[MortgageSequenceNo]=[t964edd76a1e449668c787ad868d7c5f8_FlagstarQA].[dbo].[_History529].[MortgageSequenceNo] AND [t964edd76a1e449668c787ad868d7c5f8_FlagstarQA].[dbo].[LoanData].[FundType]=[t964edd76a1e449668c787ad868d7c5f8_FlagstarQA].[dbo].[_History529].[FundType] AND [t964edd76a1e449668c787ad868d7c5f8_FlagstarQA].[dbo].[LoanData].[ProductID]=[t964edd76a1e449668c787ad868d7c5f8_FlagstarQA].[dbo].[_History529].[ProductID] AND [t964edd76a1e449668c787ad868d7c5f8_FlagstarQA].[dbo].[LoanData].[RateSheetTierID]=[t964edd76a1e449668c787ad868d7c5f8_FlagstarQA].[dbo].[_History529].[RateSheetTierID]"><Logical Operation="AND"><ScalarOperator><Compare CompareOp="EQ"><ScalarOperator><Identifier><ColumnReference Database="[t964edd76a1e449668c787ad868d7c5f8_FlagstarQA]" Schema="[dbo]" Table="[LoanData]" Column="LoanID"/></Identifier></ScalarOperator><ScalarOperator><Identifier><ColumnReference Database="[t964edd76a1e449668c787ad868d7c5f8_FlagstarQA]" Schema="[dbo]" Table="[_History529]" Column="LoanID"/></Identifier></ScalarOperator></Compare></ScalarOperator><ScalarOperator><Compare CompareOp="EQ"><ScalarOperator><Identifier><ColumnReference Database="[t964edd76a1e449668c787ad868d7c5f8_FlagstarQA]" Schema="[dbo]" Table="[LoanData]" Column="FundedDate"/></Identifier></ScalarOperator><ScalarOperator><Identifier><ColumnReference Database="[t964edd76a1e449668c787ad868d7c5f8_FlagstarQA]" Schema="[dbo]" Table="[_History529]" Column="FundedDate"/></Identifier></ScalarOperator></Compare></ScalarOperator><ScalarOperator><Compare CompareOp="EQ"><ScalarOperator><Identifier><ColumnReference Database="[t964edd76a1e449668c787ad868d7c5f8_FlagstarQA]" Schema="[dbo]" Table="[LoanData]" Column="MortgageSequenceNo"/></Identifier></ScalarOperator><ScalarOperator><Identifier><ColumnReference Database="[t964edd76a1e449668c787ad868d7c5f8_FlagstarQA]" Schema="[dbo]" Table="[_History529]" Column="MortgageSequenceNo"/></Identifier></ScalarOperator></Compare></ScalarOperator><ScalarOperator><Compare CompareOp="EQ"><ScalarOperator><Identifier><ColumnReference Database="[t964edd76a1e449668c787ad868d7c5f8_FlagstarQA]" Schema="[dbo]" Table="[LoanData]" Column="FundType"/></Identifier></ScalarOperator><ScalarOperator><Identifier><ColumnReference Database="[t964edd76a1e449668c787ad868d7c5f8_FlagstarQA]" Schema="[dbo]" Table="[_History529]" Column="FundType"/></Identifier></ScalarOperator></Compare></ScalarOperator><ScalarOperator><Compare CompareOp="EQ"><ScalarOperator><Identifier><ColumnReference Database="[t964edd76a1e449668c787ad868d7c5f8_FlagstarQA]" Schema="[dbo]" Table="[LoanData]" Column="ProductID"/></Identifier></ScalarOperator><ScalarOperator><Identifier><ColumnReference Database="[t964edd76a1e449668c787ad868d7c5f8_FlagstarQA]" Schema="[dbo]" Table="[_History529]" Column="ProductID"/></Identifier></ScalarOperator></Compare></ScalarOperator><ScalarOperator><Compare CompareOp="EQ"><ScalarOperator><Identifier><ColumnReference Database="[t964edd76a1e449668c787ad868d7c5f8_FlagstarQA]" Schema="[dbo]" Table="[LoanData]" Column="RateSheetTierID"/></Identifier></ScalarOperator><ScalarOperator><Identifier><ColumnReference Database="[t964edd76a1e449668c787ad868d7c5f8_FlagstarQA]" Schema="[dbo]" Table="[_History529]" Column="RateSheetTierID"/></Identifier></ScalarOperator></Compare></ScalarOperator></Logical></ScalarOperator></ProbeResidual><RelOp NodeId="10" PhysicalOp="Hash Match" LogicalOp="Aggregate" EstimateRows="1476.66" EstimateIO="0" EstimateCPU="3.7116" AvgRowSize="214" EstimatedTotalSubtreeCost="13.008" Parallel="0" EstimateRebinds="0" EstimateRewinds="0" EstimatedExecutionMode="Row"><OutputList><ColumnReference Column="Uniq1001"/><ColumnReference Database="[t964edd76a1e449668c787ad868d7c5f8_FlagstarQA]" Schema="[dbo]" Table="[_History529]" Column="_Start"/><ColumnReference Database="[t964edd76a1e449668c787ad868d7c5f8_FlagstarQA]" Schema="[dbo]" Table="[_History529]" Column="_End"/><ColumnReference Database="[t964edd76a1e449668c787ad868d7c5f8_FlagstarQA]" Schema="[dbo]" Table="[_History529]" Column="LoanID"/><ColumnReference Database="[t964edd76a1e449668c787ad868d7c5f8_FlagstarQA]" Schema="[dbo]" Table="[_History529]" Column="FundedDate"/><ColumnReference Database="[t964edd76a1e449668c787ad868d7c5f8_FlagstarQA]" Schema="[dbo]" Table="[_History529]" Column="MortgageSequenceNo"/><ColumnReference Database="[t964edd76a1e449668c787ad868d7c5f8_FlagstarQA]" Schema="[dbo]" Table="[_History529]" Column="FundType"/><ColumnReference Database="[t964edd76a1e449668c787ad868d7c5f8_FlagstarQA]" Schema="[dbo]" Table="[_History529]" Column="ProductID"/><ColumnReference Database="[t964edd76a1e449668c787ad868d7c5f8_FlagstarQA]" Schema="[dbo]" Table="[_History529]" Column="RateSheetTierID"/><ColumnReference Database="[tempdb]" Schema="[dbo]" Table="[#HistoryActiveRevision]" Column="RevisionID"/></OutputList><MemoryFractions Input="1" Output="0.355401"/><Hash><DefinedValues><DefinedValue><ColumnReference Database="[t964edd76a1e449668c787ad868d7c5f8_FlagstarQA]" Schema="[dbo]" Table="[_History529]" Column="LoanID"/><ScalarOperator ScalarString="ANY([t964edd76a1e449668c787ad868d7c5f8_FlagstarQA].[dbo].[_History529].[LoanID])"><Aggregate Distinct="0" AggType="ANY"><ScalarOperator><Identifier><ColumnReference Database="[t964edd76a1e449668c787ad868d7c5f8_FlagstarQA]" Schema="[dbo]" Table="[_History529]" Column="LoanID"/></Identifier></ScalarOperator></Aggregate></ScalarOperator></DefinedValue><DefinedValue><ColumnReference Database="[t964edd76a1e449668c787ad868d7c5f8_FlagstarQA]" Schema="[dbo]" Table="[_History529]" Column="FundedDate"/><ScalarOperator ScalarString="ANY([t964edd76a1e449668c787ad868d7c5f8_FlagstarQA].[dbo].[_History529].[FundedDate])"><Aggregate Distinct="0" AggType="ANY"><ScalarOperator><Identifier><ColumnReference Database="[t964edd76a1e449668c787ad868d7c5f8_FlagstarQA]" Schema="[dbo]" Table="[_History529]" Column="FundedDate"/></Identifier></ScalarOperator></Aggregate></ScalarOperator></DefinedValue><DefinedValue><ColumnReference Database="[t964edd76a1e449668c787ad868d7c5f8_FlagstarQA]" Schema="[dbo]" Table="[_History529]" Column="MortgageSequenceNo"/><ScalarOperator ScalarString="ANY([t964edd76a1e449668c787ad868d7c5f8_FlagstarQA].[dbo].[_History529].[MortgageSequenceNo])"><Aggregate Distinct="0" AggType="ANY"><ScalarOperator><Identifier><ColumnReference Database="[t964edd76a1e449668c787ad868d7c5f8_FlagstarQA]" Schema="[dbo]" Table="[_History529]" Column="MortgageSequenceNo"/></Identifier></ScalarOperator></Aggregate></ScalarOperator></DefinedValue><DefinedValue><ColumnReference Database="[t964edd76a1e449668c787ad868d7c5f8_FlagstarQA]" Schema="[dbo]" Table="[_History529]" Column="FundType"/><ScalarOperator ScalarString="ANY([t964edd76a1e449668c787ad868d7c5f8_FlagstarQA].[dbo].[_History529].[FundType])"><Aggregate Distinct="0" AggType="ANY"><ScalarOperator><Identifier><ColumnReference Database="[t964edd76a1e449668c787ad868d7c5f8_FlagstarQA]" Schema="[dbo]" Table="[_History529]" Column="FundType"/></Identifier></ScalarOperator></Aggregate></ScalarOperator></DefinedValue><DefinedValue><ColumnReference Database="[t964edd76a1e449668c787ad868d7c5f8_FlagstarQA]" Schema="[dbo]" Table="[_History529]" Column="ProductID"/><ScalarOperator ScalarString="ANY([t964edd76a1e449668c787ad868d7c5f8_FlagstarQA].[dbo].[_History529].[ProductID])"><Aggregate Distinct="0" AggType="ANY"><ScalarOperator><Identifier><ColumnReference Database="[t964edd76a1e449668c787ad868d7c5f8_FlagstarQA]" Schema="[dbo]" Table="[_History529]" Column="ProductID"/></Identifier></ScalarOperator></Aggregate></ScalarOperator></DefinedValue><DefinedValue><ColumnReference Database="[t964edd76a1e449668c787ad868d7c5f8_FlagstarQA]" Schema="[dbo]" Table="[_History529]" Column="RateSheetTierID"/><ScalarOperator ScalarString="ANY([t964edd76a1e449668c787ad868d7c5f8_FlagstarQA].[dbo].[_History529].[RateSheetTierID])"><Aggregate Distinct="0" AggType="ANY"><ScalarOperator><Identifier><ColumnReference Database="[t964edd76a1e449668c787ad868d7c5f8_FlagstarQA]" Schema="[dbo]" Table="[_History529]" Column="RateSheetTierID"/></Identifier></ScalarOperator></Aggregate></ScalarOperator></DefinedValue><DefinedValue><ColumnReference Database="[t964edd76a1e449668c787ad868d7c5f8_FlagstarQA]" Schema="[dbo]" Table="[_History529]" Column="_End"/><ScalarOperator ScalarString="ANY([t964edd76a1e449668c787ad868d7c5f8_FlagstarQA].[dbo].[_History529].[_End])"><Aggregate Distinct="0" AggType="ANY"><ScalarOperator><Identifier><ColumnReference Database="[t964edd76a1e449668c787ad868d7c5f8_FlagstarQA]" Schema="[dbo]" Table="[_History529]" Column="_End"/></Identifier></ScalarOperator></Aggregate></ScalarOperator></DefinedValue><DefinedValue><ColumnReference Database="[tempdb]" Schema="[dbo]" Table="[#HistoryActiveRevision]" Column="RevisionID"/><ScalarOperator ScalarString="ANY([tempdb].[dbo].[#HistoryActiveRevision].[RevisionID])"><Aggregate Distinct="0" AggType="ANY"><ScalarOperator><Identifier><ColumnReference Database="[tempdb]" Schema="[dbo]" Table="[#HistoryActiveRevision]" Column="RevisionID"/></Identifier></ScalarOperator></Aggregate></ScalarOperator></DefinedValue></DefinedValues><HashKeysBuild><ColumnReference Database="[t964edd76a1e449668c787ad868d7c5f8_FlagstarQA]" Schema="[dbo]" Table="[_History529]" Column="_Start"/><ColumnReference Column="Uniq1001"/></HashKeysBuild><BuildResidual><ScalarOperator ScalarString="[t964edd76a1e449668c787ad868d7c5f8_FlagstarQA].[dbo].[_History529].[_Start] = [t964edd76a1e449668c787ad868d7c5f8_FlagstarQA].[dbo].[_History529].[_Start] AND [Uniq1001] = [Uniq1001]"><Logical Operation="AND"><ScalarOperator><Compare CompareOp="IS"><ScalarOperator><Identifier><ColumnReference Database="[t964edd76a1e449668c787ad868d7c5f8_FlagstarQA]" Schema="[dbo]" Table="[_History529]" Column="_Start"/></Identifier></ScalarOperator><ScalarOperator><Identifier><ColumnReference Database="[t964edd76a1e449668c787ad868d7c5f8_FlagstarQA]" Schema="[dbo]" Table="[_History529]" Column="_Start"/></Identifier></ScalarOperator></Compare></ScalarOperator><ScalarOperator><Compare CompareOp="IS"><ScalarOperator><Identifier><ColumnReference Column="Uniq1001"/></Identifier></ScalarOperator><ScalarOperator><Identifier><ColumnReference Column="Uniq1001"/></Identifier></ScalarOperator></Compare></ScalarOperator></Logical></ScalarOperator></BuildResidual><RelOp NodeId="11" PhysicalOp="Nested Loops" LogicalOp="Inner Join" EstimateRows="482381" EstimateIO="0" EstimateCPU="2.01635" AvgRowSize="214" EstimatedTotalSubtreeCost="9.29638" Parallel="0" EstimateRebinds="0" EstimateRewinds="0" EstimatedExecutionMode="Row"><OutputList><ColumnReference Column="Uniq1001"/><ColumnReference Database="[t964edd76a1e449668c787ad868d7c5f8_FlagstarQA]" Schema="[dbo]" Table="[_History529]" Column="_Start"/><ColumnReference Database="[t964edd76a1e449668c787ad868d7c5f8_FlagstarQA]" Schema="[dbo]" Table="[_History529]" Column="_End"/><ColumnReference Database="[t964edd76a1e449668c787ad868d7c5f8_FlagstarQA]" Schema="[dbo]" Table="[_History529]" Column="LoanID"/><ColumnReference Database="[t964edd76a1e449668c787ad868d7c5f8_FlagstarQA]" Schema="[dbo]" Table="[_History529]" Column="FundedDate"/><ColumnReference Database="[t964edd76a1e449668c787ad868d7c5f8_FlagstarQA]" Schema="[dbo]" Table="[_History529]" Column="MortgageSequenceNo"/><ColumnReference Database="[t964edd76a1e449668c787ad868d7c5f8_FlagstarQA]" Schema="[dbo]" Table="[_History529]" Column="FundType"/><ColumnReference Database="[t964edd76a1e449668c787ad868d7c5f8_FlagstarQA]" Schema="[dbo]" Table="[_History529]" Column="ProductID"/><ColumnReference Database="[t964edd76a1e449668c787ad868d7c5f8_FlagstarQA]" Schema="[dbo]" Table="[_History529]" Column="RateSheetTierID"/><ColumnReference Database="[tempdb]" Schema="[dbo]" Table="[#HistoryActiveRevision]" Column="RevisionID"/></OutputList><NestedLoops Optimized="0"><RelOp NodeId="12" PhysicalOp="Clustered Index Scan" LogicalOp="Clustered Index Scan" EstimateRows="1" EstimateIO="0.003125" EstimateCPU="0.0001581" AvgRowSize="11" EstimatedTotalSubtreeCost="0.0032831" TableCardinality="1" Parallel="0" EstimateRebinds="0" EstimateRewinds="0" EstimatedExecutionMode="Row"><OutputList><ColumnReference Database="[tempdb]" Schema="[dbo]" Table="[#HistoryActiveRevision]" Column="RevisionID"/></OutputList><IndexScan Ordered="0" ForcedIndex="0" ForceScan="0" NoExpandHint="0" Storage="RowStore"><DefinedValues><DefinedValue><ColumnReference Database="[tempdb]" Schema="[dbo]" Table="[#HistoryActiveRevision]" Column="RevisionID"/></DefinedValue></DefinedValues><Object Database="[tempdb]" Schema="[dbo]" Table="[#HistoryActiveRevision]" Index="[PK__#History__B4B1E3F1C2BAD117]" IndexKind="Clustered" Storage="RowStore"/></IndexScan></RelOp><RelOp NodeId="13" PhysicalOp="Clustered Index Seek" LogicalOp="Clustered Index Seek" EstimateRows="482381" EstimateIO="6.74597" EstimateCPU="0.530776" AvgRowSize="210" EstimatedTotalSubtreeCost="7.27674" TableCardinality="5.40733e+006" Parallel="0" EstimateRebinds="0" EstimateRewinds="0" EstimatedExecutionMode="Row"><OutputList><ColumnReference Column="Uniq1001"/><ColumnReference Database="[t964edd76a1e449668c787ad868d7c5f8_FlagstarQA]" Schema="[dbo]" Table="[_History529]" Column="_Start"/><ColumnReference Database="[t964edd76a1e449668c787ad868d7c5f8_FlagstarQA]" Schema="[dbo]" Table="[_History529]" Column="_End"/><ColumnReference Database="[t964edd76a1e449668c787ad868d7c5f8_FlagstarQA]" Schema="[dbo]" Table="[_History529]" Column="LoanID"/><ColumnReference Database="[t964edd76a1e449668c787ad868d7c5f8_FlagstarQA]" Schema="[dbo]" Table="[_History529]" Column="FundedDate"/><ColumnReference Database="[t964edd76a1e449668c787ad868d7c5f8_FlagstarQA]" Schema="[dbo]" Table="[_History529]" Column="MortgageSequenceNo"/><ColumnReference Database="[t964edd76a1e449668c787ad868d7c5f8_FlagstarQA]" Schema="[dbo]" Table="[_History529]" Column="FundType"/><ColumnReference Database="[t964edd76a1e449668c787ad868d7c5f8_FlagstarQA]" Schema="[dbo]" Table="[_History529]" Column="ProductID"/><ColumnReference Database="[t964edd76a1e449668c787ad868d7c5f8_FlagstarQA]" Schema="[dbo]" Table="[_History529]" Column="RateSheetTierID"/></OutputList><IndexScan Ordered="1" ScanDirection="FORWARD" ForcedIndex="0" ForceSeek="0" ForceScan="0" NoExpandHint="0" Storage="RowStore"><DefinedValues><DefinedValue><ColumnReference Column="Uniq1001"/></DefinedValue><DefinedValue><ColumnReference Database="[t964edd76a1e449668c787ad868d7c5f8_FlagstarQA]" Schema="[dbo]" Table="[_History529]" Column="_Start"/></DefinedValue><DefinedValue><ColumnReference Database="[t964edd76a1e449668c787ad868d7c5f8_FlagstarQA]" Schema="[dbo]" Table="[_History529]" Column="_End"/></DefinedValue><DefinedValue><ColumnReference Database="[t964edd76a1e449668c787ad868d7c5f8_FlagstarQA]" Schema="[dbo]" Table="[_History529]" Column="LoanID"/></DefinedValue><DefinedValue><ColumnReference Database="[t964edd76a1e449668c787ad868d7c5f8_FlagstarQA]" Schema="[dbo]" Table="[_History529]" Column="FundedDate"/></DefinedValue><DefinedValue><ColumnReference Database="[t964edd76a1e449668c787ad868d7c5f8_FlagstarQA]" Schema="[dbo]" Table="[_History529]" Column="MortgageSequenceNo"/></DefinedValue><DefinedValue><ColumnReference Database="[t964edd76a1e449668c787ad868d7c5f8_FlagstarQA]" Schema="[dbo]" Table="[_History529]" Column="FundType"/></DefinedValue><DefinedValue><ColumnReference Database="[t964edd76a1e449668c787ad868d7c5f8_FlagstarQA]" Schema="[dbo]" Table="[_History529]" Column="ProductID"/></DefinedValue><DefinedValue><ColumnReference Database="[t964edd76a1e449668c787ad868d7c5f8_FlagstarQA]" Schema="[dbo]" Table="[_History529]" Column="RateSheetTierID"/></DefinedValue></DefinedValues><Object Database="[t964edd76a1e449668c787ad868d7c5f8_FlagstarQA]" Schema="[dbo]" Table="[_History529]" Index="[IX_Revision__History529]" IndexKind="Clustered" Storage="RowStore"/><SeekPredicates><SeekPredicateNew><SeekKeys><Prefix ScanType="EQ"><RangeColumns><ColumnReference Database="[t964edd76a1e449668c787ad868d7c5f8_FlagstarQA]" Schema="[dbo]" Table="[_History529]" Column="_End"/></RangeColumns><RangeExpressions><ScalarOperator ScalarString="NULL"><Const ConstValue="NULL"/></ScalarOperator></RangeExpressions></Prefix></SeekKeys></SeekPredicateNew></SeekPredicates></IndexScan></RelOp></NestedLoops></RelOp></Hash></RelOp><RelOp NodeId="31" PhysicalOp="Deleted Scan" LogicalOp="Deleted Scan" EstimateRows="10000" EstimateIO="0.167648" EstimateCPU="0.0110785" AvgRowSize="522" EstimatedTotalSubtreeCost="0.178726" TableCardinality="10000" Parallel="0" EstimateRebinds="0" EstimateRewinds="0" EstimatedExecutionMode="Row"><OutputList><ColumnReference Database="[t964edd76a1e449668c787ad868d7c5f8_FlagstarQA]" Schema="[dbo]" Table="[LoanData]" Column="LoanID"/><ColumnReference Database="[t964edd76a1e449668c787ad868d7c5f8_FlagstarQA]" Schema="[dbo]" Table="[LoanData]" Column="FundedDate"/><ColumnReference Database="[t964edd76a1e449668c787ad868d7c5f8_FlagstarQA]" Schema="[dbo]" Table="[LoanData]" Column="MortgageSequenceNo"/><ColumnReference Database="[t964edd76a1e449668c787ad868d7c5f8_FlagstarQA]" Schema="[dbo]" Table="[LoanData]" Column="FundType"/><ColumnReference Database="[t964edd76a1e449668c787ad868d7c5f8_FlagstarQA]" Schema="[dbo]" Table="[LoanData]" Column="ProductID"/><ColumnReference Database="[t964edd76a1e449668c787ad868d7c5f8_FlagstarQA]" Schema="[dbo]" Table="[LoanData]" Column="RateSheetTierID"/></OutputList><DeletedScan><Object Database="[t964edd76a1e449668c787ad868d7c5f8_FlagstarQA]" Schema="[dbo]" Table="[LoanData]" Index="[LoanData_pkey]" IndexKind="Clustered" Storage="RowStore"/></DeletedScan></RelOp></Hash></RelOp></Sort></RelOp></Update></RelOp></ComputeScalar></RelOp><Predicate><ScalarOperator ScalarString="[Expr1014]"><Identifier><ColumnReference Column="Expr1014"/></Identifier></ScalarOperator></Predicate></Assert></RelOp></Split></RelOp></Update></RelOp></QueryPlan></StmtSimple></Statements></Batch></BatchSequence></ShowPlanXML>