<ShowPlanXML xmlns="http://schemas.microsoft.com/sqlserver/2004/07/showplan" Version="1.480" Build="12.0.6108.1"><BatchSequence><Batch><Statements><StmtSimple StatementText="SELECT * FROM (SELECT [_DS30].[CreditWeekDateString] AS [CreditWeekDateString],[_DS30].[DueDate] AS [DueDate],[_DS30].[TransCode] AS [TransCode],[_DS30].[ProducerLegacyID] AS [ProducerLegacyID],[_DS30].[ProducerName] AS [ProducerName],[_DS30].[Premium] AS [Premium],[_DS30].[GDCRate] AS [GDCRate],[_DS30].[SplitPct] AS [SplitPct],[_DS30].[GDC] AS [GDC],[_DS30].[PayoutRate] AS [PayoutRate],[_DS30].[CommissionRate] AS [CommissionRate],[_DS30].[GDCPayout] AS [GDCPayout],[_DS30].[Commission] AS [Commission],[_DS30].[PolicyTranType] AS [PolicyTranType],[_DS30].[ProductCarrierCode] AS [ProductCarrierCode],[_DS30].[ProductCarrierName] AS [ProductCarrierName],[_DS30].[Suffix] AS [Suffix],[_DS30].[PolicyNumber] AS [PolicyNumber],[_DS30].[ClientName] AS [ClientName],ROW_NUMBER() OVER ( ORDER BY [_DS30].[CreditWeekDateString] ASC) AS [row] FROM (SELECT [_DS30].[ProducerExtPartyID],[_DS30].[PolicyNumber],[_I1].[SecondaryProperty] AS [_Column1],[_DS30].[CreditWeekDateString],[_DS30].[DueDate],[_DS30].[TransCode],[_DS30].[ProducerLegacyID],[_DS30].[ProducerName],[_DS30].[Premium],[_DS30].[GDCRate],[_DS30].[SplitPct],[_DS30].[GDC],[_DS30].[PayoutRate],[_DS30].[CommissionRate],[_DS30].[GDCPayout],[_DS30].[Commission],[_DS30].[PolicyTranType],[_DS30].[ProductCarrierCode],[_DS30].[ProductCarrierName],[_DS30].[Suffix],[_DS30].[ClientName] FROM (SELECT [_Result231].[ExternalPartyID] AS [ProducerExtPartyID],[_Result231].[Name_] AS [Weeks],[_Result231].[SequenceNum] AS [SequenceNum],[_Result231].[AttributeId] AS [AttributeId],[_Result231].[ParentNodeExtID] AS [ParentExtPartyID],[_Result231].[ContractCode] AS [ProducerContractCode],[_Result231].[ProductCategory] AS [ProductCategory],[_Result231].[TaxId] AS [ProducerSSN],[_Result231].[ContractTypeID] AS [ContractType],[_Result231].[FullName] AS [ProducerName],[_Result231].[Weeks] AS [OriginalCreditWeek],[_Result231].[Value_] AS [Payout],[_E7].[PolicyNumber] AS [PolicyNumber],[_E7].[UDCUSIP] AS [Cusip],[_E7].[GroupName] AS [GroupName],[_E7].[GroupIdentifier] AS [GroupID],[_E7].[UDPolicySuffix] AS [Suffix],[_E7].[UDInsuredFullName] AS [ClientName],[_E7].[CommPremAmt] AS [Premium],[_E7].[PolicyPremDueDate] AS [DueDate],[_E7].[ProdManufacturerCd] AS [ProductCarrierCode],[_E8].[ManufacturerDesc] AS [ProductCarrierName],[_E6].[UDPolicyTranType] AS [PolicyTranType],[_E6].[UDLegacyProducerId] AS [ProducerLegacyID],[_E6].[UDTransCode] AS [TransCode],[_E6].[UDPreCalcPayoutRate] AS [CommissionRate],[_E6].[UDGDCPct] AS [GDCRate],[_E6].[SharePercent] AS [SplitPct],[_E1].[Value_] AS [GDC],[_E2].[Value_] AS [PayoutRate],[_E4].[Value_] AS [Commission],[_E3].[Value_] AS [GDCPayout],[_E5].[DateString] AS [CreditWeekDateString] FROM (SELECT [_Result231].[SequenceNum],[_Result231].[Weeks],[_I3].[Starting_] AS [_Column3],[_Result231].[ExternalPartyID],[_Result231].[Name_],[_Result231].[AttributeId],[_Result231].[ParentNodeExtID],[_Result231].[ContractCode],[_Result231].[ProductCategory],[_Result231].[TaxId],[_Result231].[ContractTypeID],[_Result231].[FullName],[_Result231].[Value_] FROM [_Result231] [_Result231] LEFT JOIN [Time_] [_I3] ON ([_Result231].[Weeks] = [_I3].[Name_]) AND ([_I3].[TimeID_] = N'T002') AND ([_I3].[Level_] = N'Weeks')) [_Result231] LEFT JOIN (SELECT [_E1].[SequenceNum],[_E1].[Weeks],[_E1].[Value_] FROM [_Result235] [_E1]) [_E1] ON ([_E1].[SequenceNum] = [_Result231].[SequenceNum]) AND ([_E1].[Weeks] = [_Result231].[Weeks]) LEFT JOIN (SELECT [_E2].[SequenceNum],[_E2].[Weeks],[_E2].[Value_] FROM [_Result166] [_E2]) [_E2] ON ([_E2].[SequenceNum] = [_Result231].[SequenceNum]) AND ([_E2].[Weeks] = [_Result231].[Weeks]) LEFT JOIN (SELECT [_I1].[Component] AS [_Column1],[_E3].[SequenceNum],[_E3].[Weeks],[_E3].[Value_] FROM [_Result224] [_E3] LEFT JOIN [valAttribute] [_I1] ON ([_E3].[AttributeId] = [_I1].[AttributeId])) [_E3] ON (([_E3].[_Column1] = N'GDCP') OR ([_E3].[_Column1] = N'GDCV')) AND ([_E3].[SequenceNum] = [_Result231].[SequenceNum]) AND ([_E3].[Weeks] = [_Result231].[Weeks]) LEFT JOIN (SELECT [_I" StatementId="1" StatementCompId="1" StatementType="SELECT" RetrievedFromCache="true" StatementSubTreeCost="946.935" StatementEstRows="1" StatementOptmLevel="FULL" QueryHash="0xEFF22573313112CA" QueryPlanHash="0xFC9F8B120801D4B6" StatementOptmEarlyAbortReason="TimeOut" CardinalityEstimationModelVersion="70"><StatementSetOptions QUOTED_IDENTIFIER="true" ARITHABORT="false" CONCAT_NULL_YIELDS_NULL="true" ANSI_NULLS="true" ANSI_PADDING="true" ANSI_WARNINGS="true" NUMERIC_ROUNDABORT="false"/><QueryPlan CachedPlanSize="640" CompileTime="4416" CompileCPU="4415" CompileMemory="87136"><ThreadStat Branches="5"/><MemoryGrantInfo SerialRequiredMemory="8704" SerialDesiredMemory="12700408"/><OptimizerHardwareDependentProperties EstimatedAvailableMemoryGrant="1048192" EstimatedPagesCached="1572288" EstimatedAvailableDegreeOfParallelism="12" MaxCompileMemory="27920856"/><TraceFlags IsCompileTime="1"><TraceFlag Value="8048" Scope="Global"/></TraceFlags><RelOp NodeId="0" PhysicalOp="Filter" LogicalOp="Filter" EstimateRows="1" EstimateIO="0" EstimateCPU="8.8e-007" AvgRowSize="1078" EstimatedTotalSubtreeCost="946.935" Parallel="0" EstimateRebinds="0" EstimateRewinds="0" EstimatedExecutionMode="Row"><OutputList><ColumnReference Database="[tfdc54403141a4ea899e7e961e16895f6_MLUSID2015Prod]" Schema="[dbo]" Table="[_Result231]" Alias="[_Result231]" Column="FullName"/><ColumnReference Column="Expr1007"/><ColumnReference Column="Expr1012"/><ColumnReference Column="Expr1019"/><ColumnReference Column="Expr1026"/><ColumnReference Column="Expr1029"/><ColumnReference Column="Expr1033"/><ColumnReference Column="Expr1034"/><ColumnReference Column="Expr1035"/><ColumnReference Column="Expr1036"/><ColumnReference Column="Expr1037"/><ColumnReference Column="Expr1038"/><ColumnReference Column="Expr1041"/><ColumnReference Column="Expr1042"/><ColumnReference Column="Expr1046"/><ColumnReference Column="Expr1047"/><ColumnReference Column="Expr1048"/><ColumnReference Column="Expr1049"/><ColumnReference Column="Expr1052"/><ColumnReference Column="Expr1059"/></OutputList><Filter StartupExpression="0"><RelOp NodeId="1" PhysicalOp="Top" LogicalOp="Top" EstimateRows="1" EstimateIO="0" EstimateCPU="1e-007" AvgRowSize="1078" EstimatedTotalSubtreeCost="946.935" Parallel="0" EstimateRebinds="0" EstimateRewinds="0" EstimatedExecutionMode="Row"><OutputList><ColumnReference Database="[tfdc54403141a4ea899e7e961e16895f6_MLUSID2015Prod]" Schema="[dbo]" Table="[_Result231]" Alias="[_Result231]" Column="FullName"/><ColumnReference Column="Expr1007"/><ColumnReference Column="Expr1012"/><ColumnReference Column="Expr1019"/><ColumnReference Column="Expr1026"/><ColumnReference Column="Expr1029"/><ColumnReference Column="Expr1033"/><ColumnReference Column="Expr1034"/><ColumnReference Column="Expr1035"/><ColumnReference Column="Expr1036"/><ColumnReference Column="Expr1037"/><ColumnReference Column="Expr1038"/><ColumnReference Column="Expr1041"/><ColumnReference Column="Expr1042"/><ColumnReference Column="Expr1046"/><ColumnReference Column="Expr1047"/><ColumnReference Column="Expr1048"/><ColumnReference Column="Expr1049"/><ColumnReference Column="Expr1052"/><ColumnReference Column="Expr1059"/></OutputList><Top RowCount="0" IsPercent="0" WithTies="0"><TopExpression><ScalarOperator ScalarString="CASE WHEN (101) IS NULL OR (101)&lt;(0) THEN (0) ELSE (101) END"><IF><Condition><ScalarOperator><Logical Operation="OR"><ScalarOperator><Compare CompareOp="IS"><ScalarOperator><Const ConstValue="(101)"/></ScalarOperator><ScalarOperator><Const ConstValue="NULL"/></ScalarOperator></Compare></ScalarOperator><ScalarOperator><Compare CompareOp="LT"><ScalarOperator><Const ConstValue="(101)"/></ScalarOperator><ScalarOperator><Const ConstValue="(0)"/></ScalarOperator></Compare></ScalarOperator></Logical></ScalarOperator></Condition><Then><ScalarOperator><Const ConstValue="(0)"/></ScalarOperator></Then><Else><ScalarOperator><Const ConstValue="(101)"/></ScalarOperator></Else></IF></ScalarOperator></TopExpression><RelOp NodeId="2" PhysicalOp="Sequence Project" LogicalOp="Compute Scalar" EstimateRows="1" EstimateIO="0" EstimateCPU="8e-008" AvgRowSize="1078" EstimatedTotalSubtreeCost="946.935" Parallel="0" EstimateRebinds="0" EstimateRewinds="0" EstimatedExecutionMode="Row"><OutputList><ColumnReference Database="[tfdc54403141a4ea899e7e961e16895f6_MLUSID2015Prod]" Schema="[dbo]" Table="[_Result231]" Alias="[_Result231]" Column="FullName"/><ColumnReference Column="Expr1007"/><ColumnReference Column="Expr1012"/><ColumnReference Column="Expr1019"/><ColumnReference Column="Expr1026"/><ColumnReference Column="Expr1029"/><ColumnReference Column="Expr1033"/><ColumnReference Column="Expr1034"/><ColumnReference Column="Expr1035"/><ColumnReference Column="Expr1036"/><ColumnReference Column="Expr1037"/><ColumnReference Column="Expr1038"/><ColumnReference Column="Expr1041"/><ColumnReference Column="Expr1042"/><ColumnReference Column="Expr1046"/><ColumnReference Column="Expr1047"/><ColumnReference Column="Expr1048"/><ColumnReference Column="Expr1049"/><ColumnReference Column="Expr1052"/><ColumnReference Column="Expr1059"/></OutputList><SequenceProject><DefinedValues><DefinedValue><ColumnReference Column="Expr1059"/><ScalarOperator ScalarString="row_number"><Sequence FunctionName="row_number"/></ScalarOperator></DefinedValue></DefinedValues><RelOp NodeId="3" PhysicalOp="Segment" LogicalOp="Segment" EstimateRows="1" EstimateIO="0" EstimateCPU="2e-008" AvgRowSize="1078" EstimatedTotalSubtreeCost="946.935" Parallel="0" EstimateRebinds="0" EstimateRewinds="0" EstimatedExecutionMode="Row"><OutputList><ColumnReference Database="[tfdc54403141a4ea899e7e961e16895f6_MLUSID2015Prod]" Schema="[dbo]" Table="[_Result231]" Alias="[_Result231]" Column="FullName"/><ColumnReference Column="Expr1007"/><ColumnReference Column="Expr1012"/><ColumnReference Column="Expr1019"/><ColumnReference Column="Expr1026"/><ColumnReference Database="[tfdc54403141a4ea899e7e961e16895f6_MLUSID2015Prod]" Schema="[dbo]" Table="[valDateString]" Alias="[_E5]" Column="DateString"/><ColumnReference Column="Expr1029"/><ColumnReference Column="Expr1033"/><ColumnReference Column="Expr1034"/><ColumnReference Column="Expr1035"/><ColumnReference Column="Expr1036"/><ColumnReference Column="Expr1037"/><ColumnReference Column="Expr1038"/><ColumnReference Column="Expr1041"/><ColumnReference Column="Expr1042"/><ColumnReference Column="Expr1046"/><ColumnReference Column="Expr1047"/><ColumnReference Column="Expr1048"/><ColumnReference Column="Expr1049"/><ColumnReference Column="Expr1052"/><ColumnReference Column="Segment1069"/></OutputList><Segment><GroupBy/><SegmentColumn><ColumnReference Column="Segment1069"/></SegmentColumn><RelOp NodeId="4" PhysicalOp="Parallelism" LogicalOp="Gather Streams" EstimateRows="1" EstimateIO="0" EstimateCPU="0.02862" AvgRowSize="1091" EstimatedTotalSubtreeCost="946.935" Parallel="1" EstimateRebinds="0" EstimateRewinds="0" EstimatedExecutionMode="Row"><OutputList><ColumnReference Database="[tfdc54403141a4ea899e7e961e16895f6_MLUSID2015Prod]" Schema="[dbo]" Table="[_Result231]" Alias="[_Result231]" Column="FullName"/><ColumnReference Column="Expr1007"/><ColumnReference Column="Expr1012"/><ColumnReference Column="Expr1019"/><ColumnReference Column="Expr1026"/><ColumnReference Database="[tfdc54403141a4ea899e7e961e16895f6_MLUSID2015Prod]" Schema="[dbo]" Table="[valDateString]" Alias="[_E5]" Column="DateString"/><ColumnReference Column="Expr1029"/><ColumnReference Column="Expr1033"/><ColumnReference Column="Expr1034"/><ColumnReference Column="Expr1035"/><ColumnReference Column="Expr1036"/><ColumnReference Column="Expr1037"/><ColumnReference Column="Expr1038"/><ColumnReference Column="Expr1041"/><ColumnReference Column="Expr1042"/><ColumnReference Column="Expr1046"/><ColumnReference Column="Expr1047"/><ColumnReference Column="Expr1048"/><ColumnReference Column="Expr1049"/><ColumnReference Column="Expr1052"/></OutputList><Parallelism><OrderBy><OrderByColumn Ascending="1"><ColumnReference Database="[tfdc54403141a4ea899e7e961e16895f6_MLUSID2015Prod]" Schema="[dbo]" Table="[valDateString]" Alias="[_E5]" Column="DateString"/></OrderByColumn></OrderBy><RelOp NodeId="5" PhysicalOp="Nested Loops" LogicalOp="Left Outer Join" EstimateRows="1" EstimateIO="0" EstimateCPU="3.48333e-007" AvgRowSize="1091" EstimatedTotalSubtreeCost="946.907" Parallel="1" EstimateRebinds="0" EstimateRewinds="0" EstimatedExecutionMode="Row"><OutputList><ColumnReference Database="[tfdc54403141a4ea899e7e961e16895f6_MLUSID2015Prod]" Schema="[dbo]" Table="[_Result231]" Alias="[_Result231]" Column="FullName"/><ColumnReference Column="Expr1007"/><ColumnReference Column="Expr1012"/><ColumnReference Column="Expr1019"/><ColumnReference Column="Expr1026"/><ColumnReference Database="[tfdc54403141a4ea899e7e961e16895f6_MLUSID2015Prod]" Schema="[dbo]" Table="[valDateString]" Alias="[_E5]" Column="DateString"/><ColumnReference Column="Expr1029"/><ColumnReference Column="Expr1033"/><ColumnReference Column="Expr1034"/><ColumnReference Column="Expr1035"/><ColumnReference Column="Expr1036"/><ColumnReference Column="Expr1037"/><ColumnReference Column="Expr1038"/><ColumnReference Column="Expr1041"/><ColumnReference Column="Expr1042"/><ColumnReference Column="Expr1046"/><ColumnReference Column="Expr1047"/><ColumnReference Column="Expr1048"/><ColumnReference Column="Expr1049"/><ColumnReference Column="Expr1052"/></OutputList><NestedLoops Optimized="0"><OuterReferences><ColumnReference Database="[tfdc54403141a4ea899e7e961e16895f6_MLUSID2015Prod]" Schema="[dbo]" Table="[InsurancePolicyActivityTransaction]" Alias="[_E7]" Column="ProdManufacturerCd"/></OuterReferences><RelOp NodeId="6" PhysicalOp="Sort" LogicalOp="Sort" EstimateRows="1" EstimateIO="0.000938438" EstimateCPU="8.41642e-006" AvgRowSize="997" EstimatedTotalSubtreeCost="946.903" Parallel="1" EstimateRebinds="0" EstimateRewinds="0" EstimatedExecutionMode="Row"><OutputList><ColumnReference Database="[tfdc54403141a4ea899e7e961e16895f6_MLUSID2015Prod]" Schema="[dbo]" Table="[_Result231]" Alias="[_Result231]" Column="FullName"/><ColumnReference Column="Expr1007"/><ColumnReference Column="Expr1012"/><ColumnReference Column="Expr1019"/><ColumnReference Column="Expr1026"/><ColumnReference Database="[tfdc54403141a4ea899e7e961e16895f6_MLUSID2015Prod]" Schema="[dbo]" Table="[valDateString]" Alias="[_E5]" Column="DateString"/><ColumnReference Column="Expr1029"/><ColumnReference Column="Expr1033"/><ColumnReference Column="Expr1034"/><ColumnReference Column="Expr1035"/><ColumnReference Column="Expr1036"/><ColumnReference Column="Expr1037"/><ColumnReference Column="Expr1038"/><ColumnReference Database="[tfdc54403141a4ea899e7e961e16895f6_MLUSID2015Prod]" Schema="[dbo]" Table="[InsurancePolicyActivityTransaction]" Alias="[_E7]" Column="ProdManufacturerCd"/><ColumnReference Column="Expr1041"/><ColumnReference Column="Expr1042"/><ColumnReference Column="Expr1046"/><ColumnReference Column="Expr1047"/><ColumnReference Column="Expr1048"/><ColumnReference Column="Expr1049"/></OutputList><MemoryFractions Input="2.52133e-006" Output="1"/><Sort Distinct="0"><OrderBy><OrderByColumn Ascending="1"><ColumnReference Database="[tfdc54403141a4ea899e7e961e16895f6_MLUSID2015Prod]" Schema="[dbo]" Table="[valDateString]" Alias="[_E5]" Column="DateString"/></OrderByColumn></OrderBy><RelOp NodeId="7" PhysicalOp="Nested Loops" LogicalOp="Inner Join" EstimateRows="1" EstimateIO="0" EstimateCPU="3.48333e-007" AvgRowSize="997" EstimatedTotalSubtreeCost="946.903" Parallel="1" EstimateRebinds="0" EstimateRewinds="0" EstimatedExecutionMode="Row"><OutputList><ColumnReference Database="[tfdc54403141a4ea899e7e961e16895f6_MLUSID2015Prod]" Schema="[dbo]" Table="[_Result231]" Alias="[_Result231]" Column="FullName"/><ColumnReference Column="Expr1007"/><ColumnReference Column="Expr1012"/><ColumnReference Column="Expr1019"/><ColumnReference Column="Expr1026"/><ColumnReference Database="[tfdc54403141a4ea899e7e961e16895f6_MLUSID2015Prod]" Schema="[dbo]" Table="[valDateString]" Alias="[_E5]" Column="DateString"/><ColumnReference Column="Expr1029"/><ColumnReference Column="Expr1033"/><ColumnReference Column="Expr1034"/><ColumnReference Column="Expr1035"/><ColumnReference Column="Expr1036"/><ColumnReference Column="Expr1037"/><ColumnReference Column="Expr1038"/><ColumnReference Database="[tfdc54403141a4ea899e7e961e16895f6_MLUSID2015Prod]" Schema="[dbo]" Table="[InsurancePolicyActivityTransaction]" Alias="[_E7]" Column="ProdManufacturerCd"/><ColumnReference Column="Expr1041"/><ColumnReference Column="Expr1042"/><ColumnReference Column="Expr1046"/><ColumnReference Column="Expr1047"/><ColumnReference Column="Expr1048"/><ColumnReference Column="Expr1049"/></OutputList><NestedLoops Optimized="0"><Predicate><ScalarOperator ScalarString="[tfdc54403141a4ea899e7e961e16895f6_MLUSID2015Prod].[dbo].[cfgSystemParameter].[DateValue] as [_E1].[DateValue]&gt;=[tfdc54403141a4ea899e7e961e16895f6_MLUSID2015Prod].[dbo].[PayeeAssociation].[RecordEffectiveDate] as [PayeeAssociation].[RecordEffectiveDate] AND [tfdc54403141a4ea899e7e961e16895f6_MLUSID2015Prod].[dbo].[cfgSystemParameter].[DateValue] as [_E1].[DateValue]&lt;=[tfdc54403141a4ea899e7e961e16895f6_MLUSID2015Prod].[dbo].[PayeeAssociation].[RecordExpirationDate] as [PayeeAssociation].[RecordExpirationDate]"><Logical Operation="AND"><ScalarOperator><Compare CompareOp="GE"><ScalarOperator><Identifier><ColumnReference Database="[tfdc54403141a4ea899e7e961e16895f6_MLUSID2015Prod]" Schema="[dbo]" Table="[cfgSystemParameter]" Alias="[_E1]" Column="DateValue"/></Identifier></ScalarOperator><ScalarOperator><Identifier><ColumnReference Database="[tfdc54403141a4ea899e7e961e16895f6_MLUSID2015Prod]" Schema="[dbo]" Table="[PayeeAssociation]" Alias="[PayeeAssociation]" Column="RecordEffectiveDate"/></Identifier></ScalarOperator></Compare></ScalarOperator><ScalarOperator><Compare CompareOp="LE"><ScalarOperator><Identifier><ColumnReference Database="[tfdc54403141a4ea899e7e961e16895f6_MLUSID2015Prod]" Schema="[dbo]" Table="[cfgSystemParameter]" Alias="[_E1]" Column="DateValue"/></Identifier></ScalarOperator><ScalarOperator><Identifier><ColumnReference Database="[tfdc54403141a4ea899e7e961e16895f6_MLUSID2015Prod]" Schema="[dbo]" Table="[PayeeAssociation]" Alias="[PayeeAssociation]" Column="RecordExpirationDate"/></Identifier></ScalarOperator></Compare></ScalarOperator></Logical></ScalarOperator></Predicate><RelOp NodeId="8" PhysicalOp="Nested Loops" LogicalOp="Inner Join" EstimateRows="1" EstimateIO="0" EstimateCPU="2.43477e-006" AvgRowSize="1003" EstimatedTotalSubtreeCost="946.899" Parallel="1" EstimateRebinds="0" EstimateRewinds="0" EstimatedExecutionMode="Row"><OutputList><ColumnReference Database="[tfdc54403141a4ea899e7e961e16895f6_MLUSID2015Prod]" Schema="[dbo]" Table="[_Result231]" Alias="[_Result231]" Column="FullName"/><ColumnReference Column="Expr1007"/><ColumnReference Column="Expr1012"/><ColumnReference Column="Expr1019"/><ColumnReference Column="Expr1026"/><ColumnReference Database="[tfdc54403141a4ea899e7e961e16895f6_MLUSID2015Prod]" Schema="[dbo]" Table="[valDateString]" Alias="[_E5]" Column="DateString"/><ColumnReference Column="Expr1029"/><ColumnReference Column="Expr1033"/><ColumnReference Column="Expr1034"/><ColumnReference Column="Expr1035"/><ColumnReference Column="Expr1036"/><ColumnReference Column="Expr1037"/><ColumnReference Column="Expr1038"/><ColumnReference Database="[tfdc54403141a4ea899e7e961e16895f6_MLUSID2015Prod]" Schema="[dbo]" Table="[InsurancePolicyActivityTransaction]" Alias="[_E7]" Column="ProdManufacturerCd"/><ColumnReference Column="Expr1041"/><ColumnReference Column="Expr1042"/><ColumnReference Column="Expr1046"/><ColumnReference Column="Expr1047"/><ColumnReference Column="Expr1048"/><ColumnReference Column="Expr1049"/><ColumnReference Database="[tfdc54403141a4ea899e7e961e16895f6_MLUSID2015Prod]" Schema="[dbo]" Table="[PayeeAssociation]" Alias="[PayeeAssociation]" Column="RecordEffectiveDate"/><ColumnReference Database="[tfdc54403141a4ea899e7e961e16895f6_MLUSID2015Prod]" Schema="[dbo]" Table="[PayeeAssociation]" Alias="[PayeeAssociation]" Column="RecordExpirationDate"/></OutputList><NestedLoops Optimized="0"><OuterReferences><ColumnReference Database="[tfdc54403141a4ea899e7e961e16895f6_MLUSID2015Prod]" Schema="[dbo]" Table="[_Result231]" Alias="[_Result231]" Column="AttributeId"/></OuterReferences><RelOp NodeId="9" PhysicalOp="Compute Scalar" LogicalOp="Compute Scalar" EstimateRows="6.98977" EstimateIO="0" EstimateCPU="1.22111e-007" AvgRowSize="1041" EstimatedTotalSubtreeCost="946.895" Parallel="1" EstimateRebinds="0" EstimateRewinds="0" EstimatedExecutionMode="Row"><OutputList><ColumnReference Database="[tfdc54403141a4ea899e7e961e16895f6_MLUSID2015Prod]" Schema="[dbo]" Table="[_Result231]" Alias="[_Result231]" Column="AttributeId"/><ColumnReference Database="[tfdc54403141a4ea899e7e961e16895f6_MLUSID2015Prod]" Schema="[dbo]" Table="[_Result231]" Alias="[_Result231]" Column="FullName"/><ColumnReference Column="Expr1007"/><ColumnReference Column="Expr1012"/><ColumnReference Column="Expr1019"/><ColumnReference Column="Expr1026"/><ColumnReference Database="[tfdc54403141a4ea899e7e961e16895f6_MLUSID2015Prod]" Schema="[dbo]" Table="[valDateString]" Alias="[_E5]" Column="DateString"/><ColumnReference Column="Expr1029"/><ColumnReference Column="Expr1033"/><ColumnReference Column="Expr1034"/><ColumnReference Column="Expr1035"/><ColumnReference Column="Expr1036"/><ColumnReference Column="Expr1037"/><ColumnReference Column="Expr1038"/><ColumnReference Database="[tfdc54403141a4ea899e7e961e16895f6_MLUSID2015Prod]" Schema="[dbo]" Table="[InsurancePolicyActivityTransaction]" Alias="[_E7]" Column="ProdManufacturerCd"/><ColumnReference Column="Expr1041"/><ColumnReference Column="Expr1042"/><ColumnReference Column="Expr1046"/><ColumnReference Column="Expr1047"/><ColumnReference Column="Expr1048"/><ColumnReference Column="Expr1049"/><ColumnReference Database="[tfdc54403141a4ea899e7e961e16895f6_MLUSID2015Prod]" Schema="[dbo]" Table="[PayeeAssociation]" Alias="[PayeeAssociation]" Column="RecordEffectiveDate"/><ColumnReference Database="[tfdc54403141a4ea899e7e961e16895f6_MLUSID2015Prod]" Schema="[dbo]" Table="[PayeeAssociation]" Alias="[PayeeAssociation]" Column="RecordExpirationDate"/></OutputList><ComputeScalar><DefinedValues><DefinedValue><ColumnReference Column="Expr1041"/><ScalarOperator ScalarString="[tfdc54403141a4ea899e7e961e16895f6_MLUSID2015Prod].[dbo].[InsurancePolicyActivityTransaction].[ProdManufacturerCd] as [_E7].[ProdManufacturerCd]"><Identifier><ColumnReference Database="[tfdc54403141a4ea899e7e961e16895f6_MLUSID2015Prod]" Schema="[dbo]" Table="[InsurancePolicyActivityTransaction]" Alias="[_E7]" Column="ProdManufacturerCd"/></Identifier></ScalarOperator></DefinedValue><DefinedValue><ColumnReference Column="Expr1042"/><ScalarOperator ScalarString="[tfdc54403141a4ea899e7e961e16895f6_MLUSID2015Prod].[dbo].[InsurancePolicyActivityTransaction].[PolicyNumber] as [_E7].[PolicyNumber]"><Identifier><ColumnReference Database="[tfdc54403141a4ea899e7e961e16895f6_MLUSID2015Prod]" Schema="[dbo]" Table="[InsurancePolicyActivityTransaction]" Alias="[_E7]" Column="PolicyNumber"/></Identifier></ScalarOperator></DefinedValue><DefinedValue><ColumnReference Column="Expr1046"/><ScalarOperator ScalarString="[tfdc54403141a4ea899e7e961e16895f6_MLUSID2015Prod].[dbo].[InsurancePolicyActivityTransaction].[UDPolicySuffix] as [_E7].[UDPolicySuffix]"><Identifier><ColumnReference Database="[tfdc54403141a4ea899e7e961e16895f6_MLUSID2015Prod]" Schema="[dbo]" Table="[InsurancePolicyActivityTransaction]" Alias="[_E7]" Column="UDPolicySuffix"/></Identifier></ScalarOperator></DefinedValue><DefinedValue><ColumnReference Column="Expr1047"/><ScalarOperator ScalarString="[tfdc54403141a4ea899e7e961e16895f6_MLUSID2015Prod].[dbo].[InsurancePolicyActivityTransaction].[UDInsuredFullName] as [_E7].[UDInsuredFullName]"><Identifier><ColumnReference Database="[tfdc54403141a4ea899e7e961e16895f6_MLUSID2015Prod]" Schema="[dbo]" Table="[InsurancePolicyActivityTransaction]" Alias="[_E7]" Column="UDInsuredFullName"/></Identifier></ScalarOperator></DefinedValue><DefinedValue><ColumnReference Column="Expr1048"/><ScalarOperator ScalarString="[tfdc54403141a4ea899e7e961e16895f6_MLUSID2015Prod].[dbo].[InsurancePolicyActivityTransaction].[CommPremAmt] as [_E7].[CommPremAmt]"><Identifier><ColumnReference Database="[tfdc54403141a4ea899e7e961e16895f6_MLUSID2015Prod]" Schema="[dbo]" Table="[InsurancePolicyActivityTransaction]" Alias="[_E7]" Column="CommPremAmt"/></Identifier></ScalarOperator></DefinedValue><DefinedValue><ColumnReference Column="Expr1049"/><ScalarOperator ScalarString="[tfdc54403141a4ea899e7e961e16895f6_MLUSID2015Prod].[dbo].[InsurancePolicyActivityTransaction].[PolicyPremDueDate] as [_E7].[PolicyPremDueDate]"><Identifier><ColumnReference Database="[tfdc54403141a4ea899e7e961e16895f6_MLUSID2015Prod]" Schema="[dbo]" Table="[InsurancePolicyActivityTransaction]" Alias="[_E7]" Column="PolicyPremDueDate"/></Identifier></ScalarOperator></DefinedValue></DefinedValues><RelOp NodeId="10" PhysicalOp="Nested Loops" LogicalOp="Inner Join" EstimateRows="14.6533" EstimateIO="0" EstimateCPU="0.00108141" AvgRowSize="856" EstimatedTotalSubtreeCost="946.895" Parallel="1" EstimateRebinds="0" EstimateRewinds="0" EstimatedExecutionMode="Row"><OutputList><ColumnReference Database="[tfdc54403141a4ea899e7e961e16895f6_MLUSID2015Prod]" Schema="[dbo]" Table="[_Result231]" Alias="[_Result231]" Column="AttributeId"/><ColumnReference Database="[tfdc54403141a4ea899e7e961e16895f6_MLUSID2015Prod]" Schema="[dbo]" Table="[_Result231]" Alias="[_Result231]" Column="FullName"/><ColumnReference Column="Expr1007"/><ColumnReference Column="Expr1012"/><ColumnReference Column="Expr1019"/><ColumnReference Column="Expr1026"/><ColumnReference Database="[tfdc54403141a4ea899e7e961e16895f6_MLUSID2015Prod]" Schema="[dbo]" Table="[valDateString]" Alias="[_E5]" Column="DateString"/><ColumnReference Column="Expr1029"/><ColumnReference Column="Expr1033"/><ColumnReference Column="Expr1034"/><ColumnReference Column="Expr1035"/><ColumnReference Column="Expr1036"/><ColumnReference Column="Expr1037"/><ColumnReference Column="Expr1038"/><ColumnReference Database="[tfdc54403141a4ea899e7e961e16895f6_MLUSID2015Prod]" Schema="[dbo]" Table="[InsurancePolicyActivityTransaction]" Alias="[_E7]" Column="PolicyNumber"/><ColumnReference Database="[tfdc54403141a4ea899e7e961e16895f6_MLUSID2015Prod]" Schema="[dbo]" Table="[InsurancePolicyActivityTransaction]" Alias="[_E7]" Column="ProdManufacturerCd"/><ColumnReference Database="[tfdc54403141a4ea899e7e961e16895f6_MLUSID2015Prod]" Schema="[dbo]" Table="[InsurancePolicyActivityTransaction]" Alias="[_E7]" Column="CommPremAmt"/><ColumnReference Database="[tfdc54403141a4ea899e7e961e16895f6_MLUSID2015Prod]" Schema="[dbo]" Table="[InsurancePolicyActivityTransaction]" Alias="[_E7]" Column="PolicyPremDueDate"/><ColumnReference Database="[tfdc54403141a4ea899e7e961e16895f6_MLUSID2015Prod]" Schema="[dbo]" Table="[InsurancePolicyActivityTransaction]" Alias="[_E7]" Column="UDInsuredFullName"/><ColumnReference Database="[tfdc54403141a4ea899e7e961e16895f6_MLUSID2015Prod]" Schema="[dbo]" Table="[InsurancePolicyActivityTransaction]" Alias="[_E7]" Column="UDPolicySuffix"/><ColumnReference Database="[tfdc54403141a4ea899e7e961e16895f6_MLUSID2015Prod]" Schema="[dbo]" Table="[PayeeAssociation]" Alias="[PayeeAssociation]" Column="RecordEffectiveDate"/><ColumnReference Database="[tfdc54403141a4ea899e7e961e16895f6_MLUSID2015Prod]" Schema="[dbo]" Table="[PayeeAssociation]" Alias="[PayeeAssociation]" Column="RecordExpirationDate"/></OutputList><NestedLoops Optimized="0" WithUnorderedPrefetch="1"><OuterReferences><ColumnReference Database="[tfdc54403141a4ea899e7e961e16895f6_MLUSID2015Prod]" Schema="[dbo]" Table="[InsurancePolicyActivityTransactionAssociation]" Alias="[_E6]" Column="PolicyActivityTransID"/><ColumnReference Column="Expr1068"/></OuterReferences><RelOp NodeId="12" PhysicalOp="Hash Match" LogicalOp="Inner Join" EstimateRows="3104.54" EstimateIO="0" EstimateCPU="8.59697" AvgRowSize="630" EstimatedTotalSubtreeCost="936.819" Parallel="1" EstimateRebinds="0" EstimateRewinds="0" EstimatedExecutionMode="Row"><OutputList><ColumnReference Database="[tfdc54403141a4ea899e7e961e16895f6_MLUSID2015Prod]" Schema="[dbo]" Table="[_Result231]" Alias="[_Result231]" Column="AttributeId"/><ColumnReference Database="[tfdc54403141a4ea899e7e961e16895f6_MLUSID2015Prod]" Schema="[dbo]" Table="[_Result231]" Alias="[_Result231]" Column="FullName"/><ColumnReference Column="Expr1007"/><ColumnReference Column="Expr1012"/><ColumnReference Column="Expr1019"/><ColumnReference Column="Expr1026"/><ColumnReference Database="[tfdc54403141a4ea899e7e961e16895f6_MLUSID2015Prod]" Schema="[dbo]" Table="[valDateString]" Alias="[_E5]" Column="DateString"/><ColumnReference Column="Expr1029"/><ColumnReference Database="[tfdc54403141a4ea899e7e961e16895f6_MLUSID2015Prod]" Schema="[dbo]" Table="[InsurancePolicyActivityTransactionAssociation]" Alias="[_E6]" Column="PolicyActivityTransID"/><ColumnReference Column="Expr1033"/><ColumnReference Column="Expr1034"/><ColumnReference Column="Expr1035"/><ColumnReference Column="Expr1036"/><ColumnReference Column="Expr1037"/><ColumnReference Column="Expr1038"/><ColumnReference Database="[tfdc54403141a4ea899e7e961e16895f6_MLUSID2015Prod]" Schema="[dbo]" Table="[PayeeAssociation]" Alias="[PayeeAssociation]" Column="RecordEffectiveDate"/><ColumnReference Database="[tfdc54403141a4ea899e7e961e16895f6_MLUSID2015Prod]" Schema="[dbo]" Table="[PayeeAssociation]" Alias="[PayeeAssociation]" Column="RecordExpirationDate"/></OutputList><MemoryFractions Input="6.93368e-005" Output="6.93366e-005"/><Hash><DefinedValues/><HashKeysBuild><ColumnReference Database="[tfdc54403141a4ea899e7e961e16895f6_MLUSID2015Prod]" Schema="[dbo]" Table="[_Result288]" Alias="[_Result288]" Column="ExternalPartyId2"/></HashKeysBuild><HashKeysProbe><ColumnReference Database="[tfdc54403141a4ea899e7e961e16895f6_MLUSID2015Prod]" Schema="[dbo]" Table="[_Result231]" Alias="[_Result231]" Column="ExternalPartyID"/></HashKeysProbe><ProbeResidual><ScalarOperator ScalarString="[tfdc54403141a4ea899e7e961e16895f6_MLUSID2015Prod].[dbo].[_Result288].[ExternalPartyId2] as [_Result288].[ExternalPartyId2]=[tfdc54403141a4ea899e7e961e16895f6_MLUSID2015Prod].[dbo].[_Result231].[ExternalPartyID] as [_Result231].[ExternalPartyID]"><Compare CompareOp="EQ"><ScalarOperator><Identifier><ColumnReference Database="[tfdc54403141a4ea899e7e961e16895f6_MLUSID2015Prod]" Schema="[dbo]" Table="[_Result288]" Alias="[_Result288]" Column="ExternalPartyId2"/></Identifier></ScalarOperator><ScalarOperator><Identifier><ColumnReference Database="[tfdc54403141a4ea899e7e961e16895f6_MLUSID2015Prod]" Schema="[dbo]" Table="[_Result231]" Alias="[_Result231]" Column="ExternalPartyID"/></Identifier></ScalarOperator></Compare></ScalarOperator></ProbeResidual><RelOp NodeId="14" PhysicalOp="Parallelism" LogicalOp="Distribute Streams" EstimateRows="6.98977" EstimateIO="0" EstimateCPU="0.028528" AvgRowSize="28" EstimatedTotalSubtreeCost="0.0788918" Parallel="1" EstimateRebinds="0" EstimateRewinds="0" EstimatedExecutionMode="Row"><OutputList><ColumnReference Database="[tfdc54403141a4ea899e7e961e16895f6_MLUSID2015Prod]" Schema="[dbo]" Table="[_Result288]" Alias="[_Result288]" Column="ExternalPartyId2"/><ColumnReference Database="[tfdc54403141a4ea899e7e961e16895f6_MLUSID2015Prod]" Schema="[dbo]" Table="[PayeeAssociation]" Alias="[PayeeAssociation]" Column="RecordEffectiveDate"/><ColumnReference Database="[tfdc54403141a4ea899e7e961e16895f6_MLUSID2015Prod]" Schema="[dbo]" Table="[PayeeAssociation]" Alias="[PayeeAssociation]" Column="RecordExpirationDate"/></OutputList><Parallelism PartitioningType="Broadcast"><RelOp NodeId="15" PhysicalOp="Nested Loops" LogicalOp="Inner Join" EstimateRows="6.98977" EstimateIO="0" EstimateCPU="2.92172e-005" AvgRowSize="28" EstimatedTotalSubtreeCost="0.0503638" Parallel="0" EstimateRebinds="0" EstimateRewinds="0" EstimatedExecutionMode="Row"><OutputList><ColumnReference Database="[tfdc54403141a4ea899e7e961e16895f6_MLUSID2015Prod]" Schema="[dbo]" Table="[_Result288]" Alias="[_Result288]" Column="ExternalPartyId2"/><ColumnReference Database="[tfdc54403141a4ea899e7e961e16895f6_MLUSID2015Prod]" Schema="[dbo]" Table="[PayeeAssociation]" Alias="[PayeeAssociation]" Column="RecordEffectiveDate"/><ColumnReference Database="[tfdc54403141a4ea899e7e961e16895f6_MLUSID2015Prod]" Schema="[dbo]" Table="[PayeeAssociation]" Alias="[PayeeAssociation]" Column="RecordExpirationDate"/></OutputList><NestedLoops Optimized="0"><OuterReferences><ColumnReference Database="[tfdc54403141a4ea899e7e961e16895f6_MLUSID2015Prod]" Schema="[dbo]" Table="[PayeeAssociation]" Alias="[PayeeAssociation]" Column="ExternalPartyId"/></OuterReferences><RelOp NodeId="16" PhysicalOp="Parallelism" LogicalOp="Gather Streams" EstimateRows="1" EstimateIO="0" EstimateCPU="0.028504" AvgRowSize="28" EstimatedTotalSubtreeCost="0.0470415" Parallel="1" EstimateRebinds="0" EstimateRewinds="0" EstimatedExecutionMode="Row"><OutputList><ColumnReference Database="[tfdc54403141a4ea899e7e961e16895f6_MLUSID2015Prod]" Schema="[dbo]" Table="[PayeeAssociation]" Alias="[PayeeAssociation]" Column="ExternalPartyId"/><ColumnReference Database="[tfdc54403141a4ea899e7e961e16895f6_MLUSID2015Prod]" Schema="[dbo]" Table="[PayeeAssociation]" Alias="[PayeeAssociation]" Column="RecordEffectiveDate"/><ColumnReference Database="[tfdc54403141a4ea899e7e961e16895f6_MLUSID2015Prod]" Schema="[dbo]" Table="[PayeeAssociation]" Alias="[PayeeAssociation]" Column="RecordExpirationDate"/></OutputList><Parallelism><RelOp NodeId="17" PhysicalOp="Clustered Index Scan" LogicalOp="Clustered Index Scan" EstimateRows="1" EstimateIO="0.0179398" EstimateCPU="0.000420083" AvgRowSize="41" EstimatedTotalSubtreeCost="0.0183599" TableCardinality="4440" Parallel="1" EstimateRebinds="0" EstimateRewinds="0" EstimatedExecutionMode="Row"><OutputList><ColumnReference Database="[tfdc54403141a4ea899e7e961e16895f6_MLUSID2015Prod]" Schema="[dbo]" Table="[PayeeAssociation]" Alias="[PayeeAssociation]" Column="ExternalPartyId"/><ColumnReference Database="[tfdc54403141a4ea899e7e961e16895f6_MLUSID2015Prod]" Schema="[dbo]" Table="[PayeeAssociation]" Alias="[PayeeAssociation]" Column="RecordEffectiveDate"/><ColumnReference Database="[tfdc54403141a4ea899e7e961e16895f6_MLUSID2015Prod]" Schema="[dbo]" Table="[PayeeAssociation]" Alias="[PayeeAssociation]" Column="RecordExpirationDate"/></OutputList><IndexScan Ordered="0" ForcedIndex="0" ForceScan="0" NoExpandHint="0" Storage="RowStore"><DefinedValues><DefinedValue><ColumnReference Database="[tfdc54403141a4ea899e7e961e16895f6_MLUSID2015Prod]" Schema="[dbo]" Table="[PayeeAssociation]" Alias="[PayeeAssociation]" Column="ExternalPartyId"/></DefinedValue><DefinedValue><ColumnReference Database="[tfdc54403141a4ea899e7e961e16895f6_MLUSID2015Prod]" Schema="[dbo]" Table="[PayeeAssociation]" Alias="[PayeeAssociation]" Column="RecordEffectiveDate"/></DefinedValue><DefinedValue><ColumnReference Database="[tfdc54403141a4ea899e7e961e16895f6_MLUSID2015Prod]" Schema="[dbo]" Table="[PayeeAssociation]" Alias="[PayeeAssociation]" Column="RecordExpirationDate"/></DefinedValue></DefinedValues><Object Database="[tfdc54403141a4ea899e7e961e16895f6_MLUSID2015Prod]" Schema="[dbo]" Table="[PayeeAssociation]" Index="[PayeeAssociation_pkey]" Alias="[PayeeAssociation]" IndexKind="Clustered" Storage="RowStore"/><Predicate><ScalarOperator ScalarString="[tfdc54403141a4ea899e7e961e16895f6_MLUSID2015Prod].[dbo].[PayeeAssociation].[PayeeId] as [PayeeAssociation].[PayeeId]=N'914329'"><Compare CompareOp="EQ"><ScalarOperator><Identifier><ColumnReference Database="[tfdc54403141a4ea899e7e961e16895f6_MLUSID2015Prod]" Schema="[dbo]" Table="[PayeeAssociation]" Alias="[PayeeAssociation]" Column="PayeeId"/></Identifier></ScalarOperator><ScalarOperator><Const ConstValue="N'914329'"/></ScalarOperator></Compare></ScalarOperator></Predicate></IndexScan></RelOp></Parallelism></RelOp><RelOp NodeId="18" PhysicalOp="Clustered Index Seek" LogicalOp="Clustered Index Seek" EstimateRows="6.98977" EstimateIO="0.003125" EstimateCPU="0.000164689" AvgRowSize="55" EstimatedTotalSubtreeCost="0.00328969" TableCardinality="109313" Parallel="0" EstimateRebinds="0" EstimateRewinds="0" EstimatedExecutionMode="Row"><OutputList><ColumnReference Database="[tfdc54403141a4ea899e7e961e16895f6_MLUSID2015Prod]" Schema="[dbo]" Table="[_Result288]" Alias="[_Result288]" Column="ExternalPartyId2"/></OutputList><IndexScan Ordered="1" ScanDirection="FORWARD" ForcedIndex="0" ForceSeek="0" ForceScan="0" NoExpandHint="0" Storage="RowStore"><DefinedValues><DefinedValue><ColumnReference Database="[tfdc54403141a4ea899e7e961e16895f6_MLUSID2015Prod]" Schema="[dbo]" Table="[_Result288]" Alias="[_Result288]" Column="ExternalPartyId2"/></DefinedValue></DefinedValues><Object Database="[tfdc54403141a4ea899e7e961e16895f6_MLUSID2015Prod]" Schema="[dbo]" Table="[_Result288]" Index="[_Result288_pkey]" Alias="[_Result288]" IndexKind="Clustered" Storage="RowStore"/><SeekPredicates><SeekPredicateNew><SeekKeys><Prefix ScanType="EQ"><RangeColumns><ColumnReference Database="[tfdc54403141a4ea899e7e961e16895f6_MLUSID2015Prod]" Schema="[dbo]" Table="[_Result288]" Alias="[_Result288]" Column="ExternalPartyId"/></RangeColumns><RangeExpressions><ScalarOperator ScalarString="[tfdc54403141a4ea899e7e961e16895f6_MLUSID2015Prod].[dbo].[PayeeAssociation].[ExternalPartyId] as [PayeeAssociation].[ExternalPartyId]"><Identifier><ColumnReference Database="[tfdc54403141a4ea899e7e961e16895f6_MLUSID2015Prod]" Schema="[dbo]" Table="[PayeeAssociation]" Alias="[PayeeAssociation]" Column="ExternalPartyId"/></Identifier></ScalarOperator></RangeExpressions></Prefix></SeekKeys></SeekPredicateNew></SeekPredicates><Predicate><ScalarOperator ScalarString="[tfdc54403141a4ea899e7e961e16895f6_MLUSID2015Prod].[dbo].[_Result288].[NodeTypeID2] as [_Result288].[NodeTypeID2]=N'PRODUCERCONTRACT'"><Compare CompareOp="EQ"><ScalarOperator><Identifier><ColumnReference Database="[tfdc54403141a4ea899e7e961e16895f6_MLUSID2015Prod]" Schema="[dbo]" Table="[_Result288]" Alias="[_Result288]" Column="NodeTypeID2"/></Identifier></ScalarOperator><ScalarOperator><Const ConstValue="N'PRODUCERCONTRACT'"/></ScalarOperator></Compare></ScalarOperator></Predicate></IndexScan></RelOp></NestedLoops></RelOp></Parallelism></RelOp><RelOp NodeId="19" PhysicalOp="Hash Match" LogicalOp="Right Outer Join" EstimateRows="1.41629e+007" EstimateIO="0" EstimateCPU="34.3457" AvgRowSize="636" EstimatedTotalSubtreeCost="928.143" Parallel="1" EstimateRebinds="0" EstimateRewinds="0" EstimatedExecutionMode="Row"><OutputList><ColumnReference Database="[tfdc54403141a4ea899e7e961e16895f6_MLUSID2015Prod]" Schema="[dbo]" Table="[_Result231]" Alias="[_Result231]" Column="ExternalPartyID"/><ColumnReference Database="[tfdc54403141a4ea899e7e961e16895f6_MLUSID2015Prod]" Schema="[dbo]" Table="[_Result231]" Alias="[_Result231]" Column="AttributeId"/><ColumnReference Database="[tfdc54403141a4ea899e7e961e16895f6_MLUSID2015Prod]" Schema="[dbo]" Table="[_Result231]" Alias="[_Result231]" Column="FullName"/><ColumnReference Column="Expr1007"/><ColumnReference Column="Expr1012"/><ColumnReference Column="Expr1019"/><ColumnReference Column="Expr1026"/><ColumnReference Database="[tfdc54403141a4ea899e7e961e16895f6_MLUSID2015Prod]" Schema="[dbo]" Table="[valDateString]" Alias="[_E5]" Column="DateString"/><ColumnReference Column="Expr1029"/><ColumnReference Database="[tfdc54403141a4ea899e7e961e16895f6_MLUSID2015Prod]" Schema="[dbo]" Table="[InsurancePolicyActivityTransactionAssociation]" Alias="[_E6]" Column="PolicyActivityTransID"/><ColumnReference Column="Expr1033"/><ColumnReference Column="Expr1034"/><ColumnReference Column="Expr1035"/><ColumnReference Column="Expr1036"/><ColumnReference Column="Expr1037"/><ColumnReference Column="Expr1038"/></OutputList><MemoryFractions Input="0.00629137" Output="0.00629135"/><Hash><DefinedValues/><HashKeysBuild><ColumnReference Database="[tfdc54403141a4ea899e7e961e16895f6_MLUSID2015Prod]" Schema="[dbo]" Table="[valDateString]" Alias="[_E5]" Column="Date"/></HashKeysBuild><HashKeysProbe><ColumnReference Database="[tfdc54403141a4ea899e7e961e16895f6_MLUSID2015Prod]" Schema="[dbo]" Table="[Time_]" Alias="[_I3]" Column="Starting_"/></HashKeysProbe><ProbeResidual><ScalarOperator ScalarString="[tfdc54403141a4ea899e7e961e16895f6_MLUSID2015Prod].[dbo].[valDateString].[Date] as [_E5].[Date]=[tfdc54403141a4ea899e7e961e16895f6_MLUSID2015Prod].[dbo].[Time_].[Starting_] as [_I3].[Starting_]"><Compare CompareOp="EQ"><ScalarOperator><Identifier><ColumnReference Database="[tfdc54403141a4ea899e7e961e16895f6_MLUSID2015Prod]" Schema="[dbo]" Table="[valDateString]" Alias="[_E5]" Column="Date"/></Identifier></ScalarOperator><ScalarOperator><Identifier><ColumnReference Database="[tfdc54403141a4ea899e7e961e16895f6_MLUSID2015Prod]" Schema="[dbo]" Table="[Time_]" Alias="[_I3]" Column="Starting_"/></Identifier></ScalarOperator></Compare></ScalarOperator></ProbeResidual><RelOp NodeId="20" PhysicalOp="Compute Scalar" LogicalOp="Compute Scalar" EstimateRows="18597" EstimateIO="0" EstimateCPU="0.000154975" AvgRowSize="135" EstimatedTotalSubtreeCost="0.112828" Parallel="1" EstimateRebinds="0" EstimateRewinds="0" EstimatedExecutionMode="Row"><OutputList><ColumnReference Database="[tfdc54403141a4ea899e7e961e16895f6_MLUSID2015Prod]" Schema="[dbo]" Table="[valDateString]" Alias="[_E5]" Column="Date"/><ColumnReference Database="[tfdc54403141a4ea899e7e961e16895f6_MLUSID2015Prod]" Schema="[dbo]" Table="[valDateString]" Alias="[_E5]" Column="DateString"/><ColumnReference Column="Expr1029"/></OutputList><ComputeScalar><DefinedValues><DefinedValue><ColumnReference Column="Expr1029"/><ScalarOperator ScalarString="[tfdc54403141a4ea899e7e961e16895f6_MLUSID2015Prod].[dbo].[valDateString].[DateString] as [_E5].[DateString]"><Identifier><ColumnReference Database="[tfdc54403141a4ea899e7e961e16895f6_MLUSID2015Prod]" Schema="[dbo]" Table="[valDateString]" Alias="[_E5]" Column="DateString"/></Identifier></ScalarOperator></DefinedValue></DefinedValues><RelOp NodeId="21" PhysicalOp="Parallelism" LogicalOp="Repartition Streams" EstimateRows="18597" EstimateIO="0" EstimateCPU="0.0352379" AvgRowSize="33" EstimatedTotalSubtreeCost="0.112673" Parallel="1" EstimateRebinds="0" EstimateRewinds="0" EstimatedExecutionMode="Row"><OutputList><ColumnReference Database="[tfdc54403141a4ea899e7e961e16895f6_MLUSID2015Prod]" Schema="[dbo]" Table="[valDateString]" Alias="[_E5]" Column="Date"/><ColumnReference Database="[tfdc54403141a4ea899e7e961e16895f6_MLUSID2015Prod]" Schema="[dbo]" Table="[valDateString]" Alias="[_E5]" Column="DateString"/></OutputList><Parallelism PartitioningType="Hash"><PartitionColumns><ColumnReference Database="[tfdc54403141a4ea899e7e961e16895f6_MLUSID2015Prod]" Schema="[dbo]" Table="[valDateString]" Alias="[_E5]" Column="Date"/></PartitionColumns><RelOp NodeId="22" PhysicalOp="Clustered Index Scan" LogicalOp="Clustered Index Scan" EstimateRows="18597" EstimateIO="0.0757176" EstimateCPU="0.00171781" AvgRowSize="33" EstimatedTotalSubtreeCost="0.0774354" TableCardinality="18597" Parallel="1" EstimateRebinds="0" EstimateRewinds="0" EstimatedExecutionMode="Row"><OutputList><ColumnReference Database="[tfdc54403141a4ea899e7e961e16895f6_MLUSID2015Prod]" Schema="[dbo]" Table="[valDateString]" Alias="[_E5]" Column="Date"/><ColumnReference Database="[tfdc54403141a4ea899e7e961e16895f6_MLUSID2015Prod]" Schema="[dbo]" Table="[valDateString]" Alias="[_E5]" Column="DateString"/></OutputList><IndexScan Ordered="0" ForcedIndex="0" ForceScan="0" NoExpandHint="0" Storage="RowStore"><DefinedValues><DefinedValue><ColumnReference Database="[tfdc54403141a4ea899e7e961e16895f6_MLUSID2015Prod]" Schema="[dbo]" Table="[valDateString]" Alias="[_E5]" Column="Date"/></DefinedValue><DefinedValue><ColumnReference Database="[tfdc54403141a4ea899e7e961e16895f6_MLUSID2015Prod]" Schema="[dbo]" Table="[valDateString]" Alias="[_E5]" Column="DateString"/></DefinedValue></DefinedValues><Object Database="[tfdc54403141a4ea899e7e961e16895f6_MLUSID2015Prod]" Schema="[dbo]" Table="[valDateString]" Index="[valDateString_pkey]" Alias="[_E5]" IndexKind="Clustered" Storage="RowStore"/></IndexScan></RelOp></Parallelism></RelOp></ComputeScalar></RelOp><RelOp NodeId="26" PhysicalOp="Parallelism" LogicalOp="Repartition Streams" EstimateRows="1.41629e+007" EstimateIO="0" EstimateCPU="51.9046" AvgRowSize="516" EstimatedTotalSubtreeCost="893.685" Parallel="1" EstimateRebinds="0" EstimateRewinds="0" EstimatedExecutionMode="Row"><OutputList><ColumnReference Database="[tfdc54403141a4ea899e7e961e16895f6_MLUSID2015Prod]" Schema="[dbo]" Table="[_Result231]" Alias="[_Result231]" Column="ExternalPartyID"/><ColumnReference Database="[tfdc54403141a4ea899e7e961e16895f6_MLUSID2015Prod]" Schema="[dbo]" Table="[_Result231]" Alias="[_Result231]" Column="AttributeId"/><ColumnReference Database="[tfdc54403141a4ea899e7e961e16895f6_MLUSID2015Prod]" Schema="[dbo]" Table="[_Result231]" Alias="[_Result231]" Column="FullName"/><ColumnReference Database="[tfdc54403141a4ea899e7e961e16895f6_MLUSID2015Prod]" Schema="[dbo]" Table="[Time_]" Alias="[_I3]" Column="Starting_"/><ColumnReference Column="Expr1007"/><ColumnReference Column="Expr1012"/><ColumnReference Column="Expr1019"/><ColumnReference Column="Expr1026"/><ColumnReference Database="[tfdc54403141a4ea899e7e961e16895f6_MLUSID2015Prod]" Schema="[dbo]" Table="[InsurancePolicyActivityTransactionAssociation]" Alias="[_E6]" Column="PolicyActivityTransID"/><ColumnReference Column="Expr1033"/><ColumnReference Column="Expr1034"/><ColumnReference Column="Expr1035"/><ColumnReference Column="Expr1036"/><ColumnReference Column="Expr1037"/><ColumnReference Column="Expr1038"/></OutputList><Parallelism PartitioningType="Hash"><PartitionColumns><ColumnReference Database="[tfdc54403141a4ea899e7e961e16895f6_MLUSID2015Prod]" Schema="[dbo]" Table="[Time_]" Alias="[_I3]" Column="Starting_"/></PartitionColumns><RelOp NodeId="27" PhysicalOp="Hash Match" LogicalOp="Right Outer Join" EstimateRows="1.41629e+007" EstimateIO="0" EstimateCPU="92.325" AvgRowSize="516" EstimatedTotalSubtreeCost="841.78" Parallel="1" EstimateRebinds="0" EstimateRewinds="0" EstimatedExecutionMode="Row"><OutputList><ColumnReference Database="[tfdc54403141a4ea899e7e961e16895f6_MLUSID2015Prod]" Schema="[dbo]" Table="[_Result231]" Alias="[_Result231]" Column="ExternalPartyID"/><ColumnReference Database="[tfdc54403141a4ea899e7e961e16895f6_MLUSID2015Prod]" Schema="[dbo]" Table="[_Result231]" Alias="[_Result231]" Column="AttributeId"/><ColumnReference Database="[tfdc54403141a4ea899e7e961e16895f6_MLUSID2015Prod]" Schema="[dbo]" Table="[_Result231]" Alias="[_Result231]" Column="FullName"/><ColumnReference Database="[tfdc54403141a4ea899e7e961e16895f6_MLUSID2015Prod]" Schema="[dbo]" Table="[Time_]" Alias="[_I3]" Column="Starting_"/><ColumnReference Column="Expr1007"/><ColumnReference Column="Expr1012"/><ColumnReference Column="Expr1019"/><ColumnReference Column="Expr1026"/><ColumnReference Database="[tfdc54403141a4ea899e7e961e16895f6_MLUSID2015Prod]" Schema="[dbo]" Table="[InsurancePolicyActivityTransactionAssociation]" Alias="[_E6]" Column="PolicyActivityTransID"/><ColumnReference Column="Expr1033"/><ColumnReference Column="Expr1034"/><ColumnReference Column="Expr1035"/><ColumnReference Column="Expr1036"/><ColumnReference Column="Expr1037"/><ColumnReference Column="Expr1038"/></OutputList><MemoryFractions Input="0.208758" Output="0.208757"/><Hash><DefinedValues/><HashKeysBuild><ColumnReference Database="[tfdc54403141a4ea899e7e961e16895f6_MLUSID2015Prod]" Schema="[dbo]" Table="[_Result224]" Alias="[_E4]" Column="SequenceNum"/><ColumnReference Database="[tfdc54403141a4ea899e7e961e16895f6_MLUSID2015Prod]" Schema="[dbo]" Table="[_Result224]" Alias="[_E4]" Column="Weeks"/></HashKeysBuild><HashKeysProbe><ColumnReference Database="[tfdc54403141a4ea899e7e961e16895f6_MLUSID2015Prod]" Schema="[dbo]" Table="[_Result231]" Alias="[_Result231]" Column="SequenceNum"/><ColumnReference Database="[tfdc54403141a4ea899e7e961e16895f6_MLUSID2015Prod]" Schema="[dbo]" Table="[_Result231]" Alias="[_Result231]" Column="Weeks"/></HashKeysProbe><ProbeResidual><ScalarOperator ScalarString="[tfdc54403141a4ea899e7e961e16895f6_MLUSID2015Prod].[dbo].[_Result231].[SequenceNum] as [_Result231].[SequenceNum]=[tfdc54403141a4ea899e7e961e16895f6_MLUSID2015Prod].[dbo].[_Result224].[SequenceNum] as [_E4].[SequenceNum] AND [tfdc54403141a4ea899e7e961e16895f6_MLUSID2015Prod].[dbo].[_Result231].[Weeks] as [_Result231].[Weeks]=[tfdc54403141a4ea899e7e961e16895f6_MLUSID2015Prod].[dbo].[_Result224].[Weeks] as [_E4].[Weeks]"><Logical Operation="AND"><ScalarOperator><Compare CompareOp="EQ"><ScalarOperator><Identifier><ColumnReference Database="[tfdc54403141a4ea899e7e961e16895f6_MLUSID2015Prod]" Schema="[dbo]" Table="[_Result231]" Alias="[_Result231]" Column="SequenceNum"/></Identifier></ScalarOperator><ScalarOperator><Identifier><ColumnReference Database="[tfdc54403141a4ea899e7e961e16895f6_MLUSID2015Prod]" Schema="[dbo]" Table="[_Result224]" Alias="[_E4]" Column="SequenceNum"/></Identifier></ScalarOperator></Compare></ScalarOperator><ScalarOperator><Compare CompareOp="EQ"><ScalarOperator><Identifier><ColumnReference Database="[tfdc54403141a4ea899e7e961e16895f6_MLUSID2015Prod]" Schema="[dbo]" Table="[_Result231]" Alias="[_Result231]" Column="Weeks"/></Identifier></ScalarOperator><ScalarOperator><Identifier><ColumnReference Database="[tfdc54403141a4ea899e7e961e16895f6_MLUSID2015Prod]" Schema="[dbo]" Table="[_Result224]" Alias="[_E4]" Column="Weeks"/></Identifier></ScalarOperator></Compare></ScalarOperator></Logical></ScalarOperator></ProbeResidual><RelOp NodeId="28" PhysicalOp="Compute Scalar" LogicalOp="Compute Scalar" EstimateRows="5.40531e+006" EstimateIO="0" EstimateCPU="0.0450443" AvgRowSize="71" EstimatedTotalSubtreeCost="35.6802" Parallel="1" EstimateRebinds="0" EstimateRewinds="0" EstimatedExecutionMode="Row"><OutputList><ColumnReference Database="[tfdc54403141a4ea899e7e961e16895f6_MLUSID2015Prod]" Schema="[dbo]" Table="[_Result224]" Alias="[_E4]" Column="SequenceNum"/><ColumnReference Database="[tfdc54403141a4ea899e7e961e16895f6_MLUSID2015Prod]" Schema="[dbo]" Table="[_Result224]" Alias="[_E4]" Column="Weeks"/><ColumnReference Column="Expr1026"/></OutputList><ComputeScalar><DefinedValues><DefinedValue><ColumnReference Column="Expr1026"/><ScalarOperator ScalarString="[tfdc54403141a4ea899e7e961e16895f6_MLUSID2015Prod].[dbo].[_Result224].[Value_] as [_E4].[Value_]"><Identifier><ColumnReference Database="[tfdc54403141a4ea899e7e961e16895f6_MLUSID2015Prod]" Schema="[dbo]" Table="[_Result224]" Alias="[_E4]" Column="Value_"/></Identifier></ScalarOperator></DefinedValue></DefinedValues><RelOp NodeId="29" PhysicalOp="Parallelism" LogicalOp="Repartition Streams" EstimateRows="5.40531e+006" EstimateIO="0" EstimateCPU="7.86856" AvgRowSize="71" EstimatedTotalSubtreeCost="35.6351" Parallel="1" EstimateRebinds="0" EstimateRewinds="0" EstimatedExecutionMode="Row"><OutputList><ColumnReference Database="[tfdc54403141a4ea899e7e961e16895f6_MLUSID2015Prod]" Schema="[dbo]" Table="[_Result224]" Alias="[_E4]" Column="SequenceNum"/><ColumnReference Database="[tfdc54403141a4ea899e7e961e16895f6_MLUSID2015Prod]" Schema="[dbo]" Table="[_Result224]" Alias="[_E4]" Column="Weeks"/><ColumnReference Database="[tfdc54403141a4ea899e7e961e16895f6_MLUSID2015Prod]" Schema="[dbo]" Table="[_Result224]" Alias="[_E4]" Column="Value_"/></OutputList><Parallelism PartitioningType="Hash"><PartitionColumns><ColumnReference Database="[tfdc54403141a4ea899e7e961e16895f6_MLUSID2015Prod]" Schema="[dbo]" Table="[_Result224]" Alias="[_E4]" Column="SequenceNum"/><ColumnReference Database="[tfdc54403141a4ea899e7e961e16895f6_MLUSID2015Prod]" Schema="[dbo]" Table="[_Result224]" Alias="[_E4]" Column="Weeks"/></PartitionColumns><RelOp NodeId="30" PhysicalOp="Nested Loops" LogicalOp="Inner Join" EstimateRows="5.40531e+006" EstimateIO="0" EstimateCPU="1.88285" AvgRowSize="71" EstimatedTotalSubtreeCost="27.7665" Parallel="1" EstimateRebinds="0" EstimateRewinds="0" EstimatedExecutionMode="Row"><OutputList><ColumnReference Database="[tfdc54403141a4ea899e7e961e16895f6_MLUSID2015Prod]" Schema="[dbo]" Table="[_Result224]" Alias="[_E4]" Column="SequenceNum"/><ColumnReference Database="[tfdc54403141a4ea899e7e961e16895f6_MLUSID2015Prod]" Schema="[dbo]" Table="[_Result224]" Alias="[_E4]" Column="Weeks"/><ColumnReference Database="[tfdc54403141a4ea899e7e961e16895f6_MLUSID2015Prod]" Schema="[dbo]" Table="[_Result224]" Alias="[_E4]" Column="Value_"/></OutputList><NestedLoops Optimized="0"><OuterReferences><ColumnReference Database="[tfdc54403141a4ea899e7e961e16895f6_MLUSID2015Prod]" Schema="[dbo]" Table="[valAttribute]" Alias="[_I2]" Column="AttributeId"/></OuterReferences><RelOp NodeId="31" PhysicalOp="Parallelism" LogicalOp="Distribute Streams" EstimateRows="10" EstimateIO="0" EstimateCPU="0.0285581" AvgRowSize="61" EstimatedTotalSubtreeCost="0.0319215" Parallel="1" EstimateRebinds="0" EstimateRewinds="0" EstimatedExecutionMode="Row"><OutputList><ColumnReference Database="[tfdc54403141a4ea899e7e961e16895f6_MLUSID2015Prod]" Schema="[dbo]" Table="[valAttribute]" Alias="[_I2]" Column="AttributeId"/></OutputList><Parallelism PartitioningType="RoundRobin"><RelOp NodeId="32" PhysicalOp="Clustered Index Scan" LogicalOp="Clustered Index Scan" EstimateRows="10" EstimateIO="0.003125" EstimateCPU="0.0002384" AvgRowSize="61" EstimatedTotalSubtreeCost="0.0033634" TableCardinality="74" Parallel="0" EstimateRebinds="0" EstimateRewinds="0" EstimatedExecutionMode="Row"><OutputList><ColumnReference Database="[tfdc54403141a4ea899e7e961e16895f6_MLUSID2015Prod]" Schema="[dbo]" Table="[valAttribute]" Alias="[_I2]" Column="AttributeId"/></OutputList><IndexScan Ordered="0" ForcedIndex="0" ForceScan="0" NoExpandHint="0" Storage="RowStore"><DefinedValues><DefinedValue><ColumnReference Database="[tfdc54403141a4ea899e7e961e16895f6_MLUSID2015Prod]" Schema="[dbo]" Table="[valAttribute]" Alias="[_I2]" Column="AttributeId"/></DefinedValue></DefinedValues><Object Database="[tfdc54403141a4ea899e7e961e16895f6_MLUSID2015Prod]" Schema="[dbo]" Table="[valAttribute]" Index="[valAttribute_pkey]" Alias="[_I2]" IndexKind="Clustered" Storage="RowStore"/><Predicate><ScalarOperator ScalarString="[tfdc54403141a4ea899e7e961e16895f6_MLUSID2015Prod].[dbo].[valAttribute].[Component] as [_I2].[Component]=N'COMM'"><Compare CompareOp="EQ"><ScalarOperator><Identifier><ColumnReference Database="[tfdc54403141a4ea899e7e961e16895f6_MLUSID2015Prod]" Schema="[dbo]" Table="[valAttribute]" Alias="[_I2]" Column="Component"/></Identifier></ScalarOperator><ScalarOperator><Const ConstValue="N'COMM'"/></ScalarOperator></Compare></ScalarOperator></Predicate></IndexScan></RelOp></Parallelism></RelOp><RelOp NodeId="33" PhysicalOp="Clustered Index Seek" LogicalOp="Clustered Index Seek" EstimateRows="540531" EstimateIO="2.139" EstimateCPU="0.660367" AvgRowSize="71" EstimatedTotalSubtreeCost="25.8514" TableCardinality="8.1595e+006" Parallel="1" Partitioned="1" EstimateRebinds="9" EstimateRewinds="0" EstimatedExecutionMode="Row"><OutputList><ColumnReference Database="[tfdc54403141a4ea899e7e961e16895f6_MLUSID2015Prod]" Schema="[dbo]" Table="[_Result224]" Alias="[_E4]" Column="SequenceNum"/><ColumnReference Database="[tfdc54403141a4ea899e7e961e16895f6_MLUSID2015Prod]" Schema="[dbo]" Table="[_Result224]" Alias="[_E4]" Column="Weeks"/><ColumnReference Database="[tfdc54403141a4ea899e7e961e16895f6_MLUSID2015Prod]" Schema="[dbo]" Table="[_Result224]" Alias="[_E4]" Column="Value_"/></OutputList><IndexScan Ordered="1" ScanDirection="FORWARD" ForcedIndex="0" ForceSeek="0" ForceScan="0" NoExpandHint="0" Storage="RowStore"><DefinedValues><DefinedValue><ColumnReference Database="[tfdc54403141a4ea899e7e961e16895f6_MLUSID2015Prod]" Schema="[dbo]" Table="[_Result224]" Alias="[_E4]" Column="SequenceNum"/></DefinedValue><DefinedValue><ColumnReference Database="[tfdc54403141a4ea899e7e961e16895f6_MLUSID2015Prod]" Schema="[dbo]" Table="[_Result224]" Alias="[_E4]" Column="Weeks"/></DefinedValue><DefinedValue><ColumnReference Database="[tfdc54403141a4ea899e7e961e16895f6_MLUSID2015Prod]" Schema="[dbo]" Table="[_Result224]" Alias="[_E4]" Column="Value_"/></DefinedValue></DefinedValues><Object Database="[tfdc54403141a4ea899e7e961e16895f6_MLUSID2015Prod]" Schema="[dbo]" Table="[_Result224]" Index="[_Result224_pkey]" Alias="[_E4]" IndexKind="Clustered" Storage="RowStore"/><SeekPredicates><SeekPredicateNew><SeekKeys><StartRange ScanType="GE"><RangeColumns><ColumnReference Column="PtnId1020"/></RangeColumns><RangeExpressions><ScalarOperator ScalarString="(1)"><Const ConstValue="(1)"/></ScalarOperator></RangeExpressions></StartRange><EndRange ScanType="LE"><RangeColumns><ColumnReference Column="PtnId1020"/></RangeColumns><RangeExpressions><ScalarOperator ScalarString="(419)"><Const ConstValue="(419)"/></ScalarOperator></RangeExpressions></EndRange></SeekKeys><SeekKeys><Prefix ScanType="EQ"><RangeColumns><ColumnReference Database="[tfdc54403141a4ea899e7e961e16895f6_MLUSID2015Prod]" Schema="[dbo]" Table="[_Result224]" Alias="[_E4]" Column="AttributeId"/></RangeColumns><RangeExpressions><ScalarOperator ScalarString="[tfdc54403141a4ea899e7e961e16895f6_MLUSID2015Prod].[dbo].[valAttribute].[AttributeId] as [_I2].[AttributeId]"><Identifier><ColumnReference Database="[tfdc54403141a4ea899e7e961e16895f6_MLUSID2015Prod]" Schema="[dbo]" Table="[valAttribute]" Alias="[_I2]" Column="AttributeId"/></Identifier></ScalarOperator></RangeExpressions></Prefix></SeekKeys></SeekPredicateNew></SeekPredicates></IndexScan></RelOp></NestedLoops></RelOp></Parallelism></RelOp></ComputeScalar></RelOp><RelOp NodeId="37" PhysicalOp="Hash Match" LogicalOp="Right Outer Join" EstimateRows="9.71072e+006" EstimateIO="0" EstimateCPU="122.153" AvgRowSize="552" EstimatedTotalSubtreeCost="713.775" Parallel="1" EstimateRebinds="0" EstimateRewinds="0" EstimatedExecutionMode="Row"><OutputList><ColumnReference Database="[tfdc54403141a4ea899e7e961e16895f6_MLUSID2015Prod]" Schema="[dbo]" Table="[_Result231]" Alias="[_Result231]" Column="ExternalPartyID"/><ColumnReference Database="[tfdc54403141a4ea899e7e961e16895f6_MLUSID2015Prod]" Schema="[dbo]" Table="[_Result231]" Alias="[_Result231]" Column="AttributeId"/><ColumnReference Database="[tfdc54403141a4ea899e7e961e16895f6_MLUSID2015Prod]" Schema="[dbo]" Table="[_Result231]" Alias="[_Result231]" Column="SequenceNum"/><ColumnReference Database="[tfdc54403141a4ea899e7e961e16895f6_MLUSID2015Prod]" Schema="[dbo]" Table="[_Result231]" Alias="[_Result231]" Column="FullName"/><ColumnReference Database="[tfdc54403141a4ea899e7e961e16895f6_MLUSID2015Prod]" Schema="[dbo]" Table="[_Result231]" Alias="[_Result231]" Column="Weeks"/><ColumnReference Database="[tfdc54403141a4ea899e7e961e16895f6_MLUSID2015Prod]" Schema="[dbo]" Table="[Time_]" Alias="[_I3]" Column="Starting_"/><ColumnReference Column="Expr1007"/><ColumnReference Column="Expr1012"/><ColumnReference Column="Expr1019"/><ColumnReference Database="[tfdc54403141a4ea899e7e961e16895f6_MLUSID2015Prod]" Schema="[dbo]" Table="[InsurancePolicyActivityTransactionAssociation]" Alias="[_E6]" Column="PolicyActivityTransID"/><ColumnReference Column="Expr1033"/><ColumnReference Column="Expr1034"/><ColumnReference Column="Expr1035"/><ColumnReference Column="Expr1036"/><ColumnReference Column="Expr1037"/><ColumnReference Column="Expr1038"/></OutputList><MemoryFractions Input="0.21422" Output="0.21422"/><Hash><DefinedValues/><HashKeysBuild><ColumnReference Database="[tfdc54403141a4ea899e7e961e16895f6_MLUSID2015Prod]" Schema="[dbo]" Table="[_Result224]" Alias="[_E3]" Column="SequenceNum"/><ColumnReference Database="[tfdc54403141a4ea899e7e961e16895f6_MLUSID2015Prod]" Schema="[dbo]" Table="[_Result224]" Alias="[_E3]" Column="Weeks"/></HashKeysBuild><HashKeysProbe><ColumnReference Database="[tfdc54403141a4ea899e7e961e16895f6_MLUSID2015Prod]" Schema="[dbo]" Table="[_Result231]" Alias="[_Result231]" Column="SequenceNum"/><ColumnReference Database="[tfdc54403141a4ea899e7e961e16895f6_MLUSID2015Prod]" Schema="[dbo]" Table="[_Result231]" Alias="[_Result231]" Column="Weeks"/></HashKeysProbe><ProbeResidual><ScalarOperator ScalarString="[tfdc54403141a4ea899e7e961e16895f6_MLUSID2015Prod].[dbo].[_Result231].[SequenceNum] as [_Result231].[SequenceNum]=[tfdc54403141a4ea899e7e961e16895f6_MLUSID2015Prod].[dbo].[_Result224].[SequenceNum] as [_E3].[SequenceNum] AND [tfdc54403141a4ea899e7e961e16895f6_MLUSID2015Prod].[dbo].[_Result231].[Weeks] as [_Result231].[Weeks]=[tfdc54403141a4ea899e7e961e16895f6_MLUSID2015Prod].[dbo].[_Result224].[Weeks] as [_E3].[Weeks]"><Logical Operation="AND"><ScalarOperator><Compare CompareOp="EQ"><ScalarOperator><Identifier><ColumnReference Database="[tfdc54403141a4ea899e7e961e16895f6_MLUSID2015Prod]" Schema="[dbo]" Table="[_Result231]" Alias="[_Result231]" Column="SequenceNum"/></Identifier></ScalarOperator><ScalarOperator><Identifier><ColumnReference Database="[tfdc54403141a4ea899e7e961e16895f6_MLUSID2015Prod]" Schema="[dbo]" Table="[_Result224]" Alias="[_E3]" Column="SequenceNum"/></Identifier></ScalarOperator></Compare></ScalarOperator><ScalarOperator><Compare CompareOp="EQ"><ScalarOperator><Identifier><ColumnReference Database="[tfdc54403141a4ea899e7e961e16895f6_MLUSID2015Prod]" Schema="[dbo]" Table="[_Result231]" Alias="[_Result231]" Column="Weeks"/></Identifier></ScalarOperator><ScalarOperator><Identifier><ColumnReference Database="[tfdc54403141a4ea899e7e961e16895f6_MLUSID2015Prod]" Schema="[dbo]" Table="[_Result224]" Alias="[_E3]" Column="Weeks"/></Identifier></ScalarOperator></Compare></ScalarOperator></Logical></ScalarOperator></ProbeResidual><RelOp NodeId="38" PhysicalOp="Parallelism" LogicalOp="Repartition Streams" EstimateRows="8.1595e+006" EstimateIO="0" EstimateCPU="11.8633" AvgRowSize="71" EstimatedTotalSubtreeCost="67.6585" Parallel="1" EstimateRebinds="0" EstimateRewinds="0" EstimatedExecutionMode="Row"><OutputList><ColumnReference Database="[tfdc54403141a4ea899e7e961e16895f6_MLUSID2015Prod]" Schema="[dbo]" Table="[_Result224]" Alias="[_E3]" Column="SequenceNum"/><ColumnReference Database="[tfdc54403141a4ea899e7e961e16895f6_MLUSID2015Prod]" Schema="[dbo]" Table="[_Result224]" Alias="[_E3]" Column="Weeks"/><ColumnReference Column="Expr1019"/></OutputList><Parallelism PartitioningType="Hash"><PartitionColumns><ColumnReference Database="[tfdc54403141a4ea899e7e961e16895f6_MLUSID2015Prod]" Schema="[dbo]" Table="[_Result224]" Alias="[_E3]" Column="SequenceNum"/><ColumnReference Database="[tfdc54403141a4ea899e7e961e16895f6_MLUSID2015Prod]" Schema="[dbo]" Table="[_Result224]" Alias="[_E3]" Column="Weeks"/></PartitionColumns><RelOp NodeId="39" PhysicalOp="Hash Match" LogicalOp="Inner Join" EstimateRows="8.1595e+006" EstimateIO="0" EstimateCPU="36.6795" AvgRowSize="71" EstimatedTotalSubtreeCost="55.7951" Parallel="1" EstimateRebinds="0" EstimateRewinds="0" EstimatedExecutionMode="Row"><OutputList><ColumnReference Database="[tfdc54403141a4ea899e7e961e16895f6_MLUSID2015Prod]" Schema="[dbo]" Table="[_Result224]" Alias="[_E3]" Column="SequenceNum"/><ColumnReference Database="[tfdc54403141a4ea899e7e961e16895f6_MLUSID2015Prod]" Schema="[dbo]" Table="[_Result224]" Alias="[_E3]" Column="Weeks"/><ColumnReference Column="Expr1019"/></OutputList><MemoryFractions Input="0.784881" Output="0.570661"/><Hash><DefinedValues/><HashKeysBuild><ColumnReference Database="[tfdc54403141a4ea899e7e961e16895f6_MLUSID2015Prod]" Schema="[dbo]" Table="[valAttribute]" Alias="[_I1]" Column="AttributeId"/></HashKeysBuild><HashKeysProbe><ColumnReference Database="[tfdc54403141a4ea899e7e961e16895f6_MLUSID2015Prod]" Schema="[dbo]" Table="[_Result224]" Alias="[_E3]" Column="AttributeId"/></HashKeysProbe><ProbeResidual><ScalarOperator ScalarString="[tfdc54403141a4ea899e7e961e16895f6_MLUSID2015Prod].[dbo].[valAttribute].[AttributeId] as [_I1].[AttributeId]=[tfdc54403141a4ea899e7e961e16895f6_MLUSID2015Prod].[dbo].[_Result224].[AttributeId] as [_E3].[AttributeId]"><Compare CompareOp="EQ"><ScalarOperator><Identifier><ColumnReference Database="[tfdc54403141a4ea899e7e961e16895f6_MLUSID2015Prod]" Schema="[dbo]" Table="[valAttribute]" Alias="[_I1]" Column="AttributeId"/></Identifier></ScalarOperator><ScalarOperator><Identifier><ColumnReference Database="[tfdc54403141a4ea899e7e961e16895f6_MLUSID2015Prod]" Schema="[dbo]" Table="[_Result224]" Alias="[_E3]" Column="AttributeId"/></Identifier></ScalarOperator></Compare></ScalarOperator></ProbeResidual><RelOp NodeId="40" PhysicalOp="Parallelism" LogicalOp="Distribute Streams" EstimateRows="33" EstimateIO="0" EstimateCPU="0.0286552" AvgRowSize="52" EstimatedTotalSubtreeCost="0.0320837" Parallel="1" EstimateRebinds="0" EstimateRewinds="0" EstimatedExecutionMode="Row"><OutputList><ColumnReference Database="[tfdc54403141a4ea899e7e961e16895f6_MLUSID2015Prod]" Schema="[dbo]" Table="[valAttribute]" Alias="[_I1]" Column="AttributeId"/></OutputList><Parallelism PartitioningType="Broadcast"><RelOp NodeId="41" PhysicalOp="Clustered Index Scan" LogicalOp="Clustered Index Scan" EstimateRows="33" EstimateIO="0.003125" EstimateCPU="0.0002384" AvgRowSize="61" EstimatedTotalSubtreeCost="0.0033634" TableCardinality="74" Parallel="0" EstimateRebinds="0" EstimateRewinds="0" EstimatedExecutionMode="Row"><OutputList><ColumnReference Database="[tfdc54403141a4ea899e7e961e16895f6_MLUSID2015Prod]" Schema="[dbo]" Table="[valAttribute]" Alias="[_I1]" Column="AttributeId"/></OutputList><IndexScan Ordered="0" ForcedIndex="0" ForceScan="0" NoExpandHint="0" Storage="RowStore"><DefinedValues><DefinedValue><ColumnReference Database="[tfdc54403141a4ea899e7e961e16895f6_MLUSID2015Prod]" Schema="[dbo]" Table="[valAttribute]" Alias="[_I1]" Column="AttributeId"/></DefinedValue></DefinedValues><Object Database="[tfdc54403141a4ea899e7e961e16895f6_MLUSID2015Prod]" Schema="[dbo]" Table="[valAttribute]" Index="[valAttribute_pkey]" Alias="[_I1]" TableReferenceId="1" IndexKind="Clustered" Storage="RowStore"/><Predicate><ScalarOperator ScalarString="[tfdc54403141a4ea899e7e961e16895f6_MLUSID2015Prod].[dbo].[valAttribute].[Component] as [_I1].[Component]=N'GDCP' OR [tfdc54403141a4ea899e7e961e16895f6_MLUSID2015Prod].[dbo].[valAttribute].[Component] as [_I1].[Component]=N'GDCV'"><Logical Operation="OR"><ScalarOperator><Compare CompareOp="EQ"><ScalarOperator><Identifier><ColumnReference Database="[tfdc54403141a4ea899e7e961e16895f6_MLUSID2015Prod]" Schema="[dbo]" Table="[valAttribute]" Alias="[_I1]" Column="Component"/></Identifier></ScalarOperator><ScalarOperator><Const ConstValue="N'GDCP'"/></ScalarOperator></Compare></ScalarOperator><ScalarOperator><Compare CompareOp="EQ"><ScalarOperator><Identifier><ColumnReference Database="[tfdc54403141a4ea899e7e961e16895f6_MLUSID2015Prod]" Schema="[dbo]" Table="[valAttribute]" Alias="[_I1]" Column="Component"/></Identifier></ScalarOperator><ScalarOperator><Const ConstValue="N'GDCV'"/></ScalarOperator></Compare></ScalarOperator></Logical></ScalarOperator></Predicate></IndexScan></RelOp></Parallelism></RelOp><RelOp NodeId="42" PhysicalOp="Compute Scalar" LogicalOp="Compute Scalar" EstimateRows="8.1595e+006" EstimateIO="0" EstimateCPU="0.0679958" AvgRowSize="109" EstimatedTotalSubtreeCost="19.0836" Parallel="1" EstimateRebinds="0" EstimateRewinds="0" EstimatedExecutionMode="Row"><OutputList><ColumnReference Database="[tfdc54403141a4ea899e7e961e16895f6_MLUSID2015Prod]" Schema="[dbo]" Table="[_Result224]" Alias="[_E3]" Column="AttributeId"/><ColumnReference Database="[tfdc54403141a4ea899e7e961e16895f6_MLUSID2015Prod]" Schema="[dbo]" Table="[_Result224]" Alias="[_E3]" Column="SequenceNum"/><ColumnReference Database="[tfdc54403141a4ea899e7e961e16895f6_MLUSID2015Prod]" Schema="[dbo]" Table="[_Result224]" Alias="[_E3]" Column="Weeks"/><ColumnReference Column="Expr1019"/></OutputList><ComputeScalar><DefinedValues><DefinedValue><ColumnReference Column="Expr1019"/><ScalarOperator ScalarString="[tfdc54403141a4ea899e7e961e16895f6_MLUSID2015Prod].[dbo].[_Result224].[Value_] as [_E3].[Value_]"><Identifier><ColumnReference Database="[tfdc54403141a4ea899e7e961e16895f6_MLUSID2015Prod]" Schema="[dbo]" Table="[_Result224]" Alias="[_E3]" Column="Value_"/></Identifier></ScalarOperator></DefinedValue></DefinedValues><RelOp NodeId="43" PhysicalOp="Clustered Index Scan" LogicalOp="Clustered Index Scan" EstimateRows="8.1595e+006" EstimateIO="18.202" EstimateCPU="0.813593" AvgRowSize="109" EstimatedTotalSubtreeCost="19.0156" TableCardinality="8.1595e+006" Parallel="1" Partitioned="1" EstimateRebinds="0" EstimateRewinds="0" EstimatedExecutionMode="Row"><OutputList><ColumnReference Database="[tfdc54403141a4ea899e7e961e16895f6_MLUSID2015Prod]" Schema="[dbo]" Table="[_Result224]" Alias="[_E3]" Column="AttributeId"/><ColumnReference Database="[tfdc54403141a4ea899e7e961e16895f6_MLUSID2015Prod]" Schema="[dbo]" Table="[_Result224]" Alias="[_E3]" Column="SequenceNum"/><ColumnReference Database="[tfdc54403141a4ea899e7e961e16895f6_MLUSID2015Prod]" Schema="[dbo]" Table="[_Result224]" Alias="[_E3]" Column="Weeks"/><ColumnReference Database="[tfdc54403141a4ea899e7e961e16895f6_MLUSID2015Prod]" Schema="[dbo]" Table="[_Result224]" Alias="[_E3]" Column="Value_"/></OutputList><IndexScan Ordered="0" ForcedIndex="0" ForceScan="0" NoExpandHint="0" Storage="RowStore"><DefinedValues><DefinedValue><ColumnReference Database="[tfdc54403141a4ea899e7e961e16895f6_MLUSID2015Prod]" Schema="[dbo]" Table="[_Result224]" Alias="[_E3]" Column="AttributeId"/></DefinedValue><DefinedValue><ColumnReference Database="[tfdc54403141a4ea899e7e961e16895f6_MLUSID2015Prod]" Schema="[dbo]" Table="[_Result224]" Alias="[_E3]" Column="SequenceNum"/></DefinedValue><DefinedValue><ColumnReference Database="[tfdc54403141a4ea899e7e961e16895f6_MLUSID2015Prod]" Schema="[dbo]" Table="[_Result224]" Alias="[_E3]" Column="Weeks"/></DefinedValue><DefinedValue><ColumnReference Database="[tfdc54403141a4ea899e7e961e16895f6_MLUSID2015Prod]" Schema="[dbo]" Table="[_Result224]" Alias="[_E3]" Column="Value_"/></DefinedValue></DefinedValues><Object Database="[tfdc54403141a4ea899e7e961e16895f6_MLUSID2015Prod]" Schema="[dbo]" Table="[_Result224]" Index="[_Result224_pkey]" Alias="[_E3]" IndexKind="Clustered" Storage="RowStore"/></IndexScan></RelOp></ComputeScalar></RelOp></Hash></RelOp></Parallelism></RelOp><RelOp NodeId="48" PhysicalOp="Hash Match" LogicalOp="Right Outer Join" EstimateRows="6.65264e+006" EstimateIO="0" EstimateCPU="24.1375" AvgRowSize="539" EstimatedTotalSubtreeCost="523.964" Parallel="1" EstimateRebinds="0" EstimateRewinds="0" EstimatedExecutionMode="Row"><OutputList><ColumnReference Database="[tfdc54403141a4ea899e7e961e16895f6_MLUSID2015Prod]" Schema="[dbo]" Table="[_Result231]" Alias="[_Result231]" Column="ExternalPartyID"/><ColumnReference Database="[tfdc54403141a4ea899e7e961e16895f6_MLUSID2015Prod]" Schema="[dbo]" Table="[_Result231]" Alias="[_Result231]" Column="AttributeId"/><ColumnReference Database="[tfdc54403141a4ea899e7e961e16895f6_MLUSID2015Prod]" Schema="[dbo]" Table="[_Result231]" Alias="[_Result231]" Column="SequenceNum"/><ColumnReference Database="[tfdc54403141a4ea899e7e961e16895f6_MLUSID2015Prod]" Schema="[dbo]" Table="[_Result231]" Alias="[_Result231]" Column="FullName"/><ColumnReference Database="[tfdc54403141a4ea899e7e961e16895f6_MLUSID2015Prod]" Schema="[dbo]" Table="[_Result231]" Alias="[_Result231]" Column="Weeks"/><ColumnReference Database="[tfdc54403141a4ea899e7e961e16895f6_MLUSID2015Prod]" Schema="[dbo]" Table="[Time_]" Alias="[_I3]" Column="Starting_"/><ColumnReference Column="Expr1007"/><ColumnReference Column="Expr1012"/><ColumnReference Database="[tfdc54403141a4ea899e7e961e16895f6_MLUSID2015Prod]" Schema="[dbo]" Table="[InsurancePolicyActivityTransactionAssociation]" Alias="[_E6]" Column="PolicyActivityTransID"/><ColumnReference Column="Expr1033"/><ColumnReference Column="Expr1034"/><ColumnReference Column="Expr1035"/><ColumnReference Column="Expr1036"/><ColumnReference Column="Expr1037"/><ColumnReference Column="Expr1038"/></OutputList><MemoryFractions Input="0.0588153" Output="0.0588151"/><Hash><DefinedValues/><HashKeysBuild><ColumnReference Database="[tfdc54403141a4ea899e7e961e16895f6_MLUSID2015Prod]" Schema="[dbo]" Table="[_Result166]" Alias="[_E2]" Column="SequenceNum"/><ColumnReference Database="[tfdc54403141a4ea899e7e961e16895f6_MLUSID2015Prod]" Schema="[dbo]" Table="[_Result166]" Alias="[_E2]" Column="Weeks"/></HashKeysBuild><HashKeysProbe><ColumnReference Database="[tfdc54403141a4ea899e7e961e16895f6_MLUSID2015Prod]" Schema="[dbo]" Table="[_Result231]" Alias="[_Result231]" Column="SequenceNum"/><ColumnReference Database="[tfdc54403141a4ea899e7e961e16895f6_MLUSID2015Prod]" Schema="[dbo]" Table="[_Result231]" Alias="[_Result231]" Column="Weeks"/></HashKeysProbe><ProbeResidual><ScalarOperator ScalarString="[tfdc54403141a4ea899e7e961e16895f6_MLUSID2015Prod].[dbo].[_Result166].[SequenceNum] as [_E2].[SequenceNum]=[tfdc54403141a4ea899e7e961e16895f6_MLUSID2015Prod].[dbo].[_Result231].[SequenceNum] as [_Result231].[SequenceNum] AND [tfdc54403141a4ea899e7e961e16895f6_MLUSID2015Prod].[dbo].[_Result166].[Weeks] as [_E2].[Weeks]=[tfdc54403141a4ea899e7e961e16895f6_MLUSID2015Prod].[dbo].[_Result231].[Weeks] as [_Result231].[Weeks]"><Logical Operation="AND"><ScalarOperator><Compare CompareOp="EQ"><ScalarOperator><Identifier><ColumnReference Database="[tfdc54403141a4ea899e7e961e16895f6_MLUSID2015Prod]" Schema="[dbo]" Table="[_Result166]" Alias="[_E2]" Column="SequenceNum"/></Identifier></ScalarOperator><ScalarOperator><Identifier><ColumnReference Database="[tfdc54403141a4ea899e7e961e16895f6_MLUSID2015Prod]" Schema="[dbo]" Table="[_Result231]" Alias="[_Result231]" Column="SequenceNum"/></Identifier></ScalarOperator></Compare></ScalarOperator><ScalarOperator><Compare CompareOp="EQ"><ScalarOperator><Identifier><ColumnReference Database="[tfdc54403141a4ea899e7e961e16895f6_MLUSID2015Prod]" Schema="[dbo]" Table="[_Result166]" Alias="[_E2]" Column="Weeks"/></Identifier></ScalarOperator><ScalarOperator><Identifier><ColumnReference Database="[tfdc54403141a4ea899e7e961e16895f6_MLUSID2015Prod]" Schema="[dbo]" Table="[_Result231]" Alias="[_Result231]" Column="Weeks"/></Identifier></ScalarOperator></Compare></ScalarOperator></Logical></ScalarOperator></ProbeResidual><RelOp NodeId="49" PhysicalOp="Compute Scalar" LogicalOp="Compute Scalar" EstimateRows="1.00017e+006" EstimateIO="0" EstimateCPU="0.00833478" AvgRowSize="71" EstimatedTotalSubtreeCost="4.88904" Parallel="1" EstimateRebinds="0" EstimateRewinds="0" EstimatedExecutionMode="Row"><OutputList><ColumnReference Database="[tfdc54403141a4ea899e7e961e16895f6_MLUSID2015Prod]" Schema="[dbo]" Table="[_Result166]" Alias="[_E2]" Column="SequenceNum"/><ColumnReference Database="[tfdc54403141a4ea899e7e961e16895f6_MLUSID2015Prod]" Schema="[dbo]" Table="[_Result166]" Alias="[_E2]" Column="Weeks"/><ColumnReference Column="Expr1012"/></OutputList><ComputeScalar><DefinedValues><DefinedValue><ColumnReference Column="Expr1012"/><ScalarOperator ScalarString="[tfdc54403141a4ea899e7e961e16895f6_MLUSID2015Prod].[dbo].[_Result166].[Value_] as [_E2].[Value_]"><Identifier><ColumnReference Database="[tfdc54403141a4ea899e7e961e16895f6_MLUSID2015Prod]" Schema="[dbo]" Table="[_Result166]" Alias="[_E2]" Column="Value_"/></Identifier></ScalarOperator></DefinedValue></DefinedValues><RelOp NodeId="50" PhysicalOp="Parallelism" LogicalOp="Repartition Streams" EstimateRows="1.00017e+006" EstimateIO="0" EstimateCPU="1.47919" AvgRowSize="71" EstimatedTotalSubtreeCost="4.8807" Parallel="1" EstimateRebinds="0" EstimateRewinds="0" EstimatedExecutionMode="Row"><OutputList><ColumnReference Database="[tfdc54403141a4ea899e7e961e16895f6_MLUSID2015Prod]" Schema="[dbo]" Table="[_Result166]" Alias="[_E2]" Column="SequenceNum"/><ColumnReference Database="[tfdc54403141a4ea899e7e961e16895f6_MLUSID2015Prod]" Schema="[dbo]" Table="[_Result166]" Alias="[_E2]" Column="Weeks"/><ColumnReference Database="[tfdc54403141a4ea899e7e961e16895f6_MLUSID2015Prod]" Schema="[dbo]" Table="[_Result166]" Alias="[_E2]" Column="Value_"/></OutputList><Parallelism PartitioningType="Hash"><PartitionColumns><ColumnReference Database="[tfdc54403141a4ea899e7e961e16895f6_MLUSID2015Prod]" Schema="[dbo]" Table="[_Result166]" Alias="[_E2]" Column="SequenceNum"/><ColumnReference Database="[tfdc54403141a4ea899e7e961e16895f6_MLUSID2015Prod]" Schema="[dbo]" Table="[_Result166]" Alias="[_E2]" Column="Weeks"/></PartitionColumns><RelOp NodeId="51" PhysicalOp="Clustered Index Scan" LogicalOp="Clustered Index Scan" EstimateRows="1.00017e+006" EstimateIO="3.24419" EstimateCPU="0.157322" AvgRowSize="71" EstimatedTotalSubtreeCost="3.40151" TableCardinality="1.00017e+006" Parallel="1" Partitioned="1" EstimateRebinds="0" EstimateRewinds="0" EstimatedExecutionMode="Row"><OutputList><ColumnReference Database="[tfdc54403141a4ea899e7e961e16895f6_MLUSID2015Prod]" Schema="[dbo]" Table="[_Result166]" Alias="[_E2]" Column="SequenceNum"/><ColumnReference Database="[tfdc54403141a4ea899e7e961e16895f6_MLUSID2015Prod]" Schema="[dbo]" Table="[_Result166]" Alias="[_E2]" Column="Weeks"/><ColumnReference Database="[tfdc54403141a4ea899e7e961e16895f6_MLUSID2015Prod]" Schema="[dbo]" Table="[_Result166]" Alias="[_E2]" Column="Value_"/></OutputList><IndexScan Ordered="0" ForcedIndex="0" ForceScan="0" NoExpandHint="0" Storage="RowStore"><DefinedValues><DefinedValue><ColumnReference Database="[tfdc54403141a4ea899e7e961e16895f6_MLUSID2015Prod]" Schema="[dbo]" Table="[_Result166]" Alias="[_E2]" Column="SequenceNum"/></DefinedValue><DefinedValue><ColumnReference Database="[tfdc54403141a4ea899e7e961e16895f6_MLUSID2015Prod]" Schema="[dbo]" Table="[_Result166]" Alias="[_E2]" Column="Weeks"/></DefinedValue><DefinedValue><ColumnReference Database="[tfdc54403141a4ea899e7e961e16895f6_MLUSID2015Prod]" Schema="[dbo]" Table="[_Result166]" Alias="[_E2]" Column="Value_"/></DefinedValue></DefinedValues><Object Database="[tfdc54403141a4ea899e7e961e16895f6_MLUSID2015Prod]" Schema="[dbo]" Table="[_Result166]" Index="[_Result166_pkey]" Alias="[_E2]" IndexKind="Clustered" Storage="RowStore"/></IndexScan></RelOp></Parallelism></RelOp></ComputeScalar></RelOp><RelOp NodeId="55" PhysicalOp="Hash Match" LogicalOp="Right Outer Join" EstimateRows="6.65264e+006" EstimateIO="0" EstimateCPU="81.4086" AvgRowSize="526" EstimatedTotalSubtreeCost="494.937" Parallel="1" EstimateRebinds="0" EstimateRewinds="0" EstimatedExecutionMode="Row"><OutputList><ColumnReference Database="[tfdc54403141a4ea899e7e961e16895f6_MLUSID2015Prod]" Schema="[dbo]" Table="[_Result231]" Alias="[_Result231]" Column="ExternalPartyID"/><ColumnReference Database="[tfdc54403141a4ea899e7e961e16895f6_MLUSID2015Prod]" Schema="[dbo]" Table="[_Result231]" Alias="[_Result231]" Column="AttributeId"/><ColumnReference Database="[tfdc54403141a4ea899e7e961e16895f6_MLUSID2015Prod]" Schema="[dbo]" Table="[_Result231]" Alias="[_Result231]" Column="SequenceNum"/><ColumnReference Database="[tfdc54403141a4ea899e7e961e16895f6_MLUSID2015Prod]" Schema="[dbo]" Table="[_Result231]" Alias="[_Result231]" Column="FullName"/><ColumnReference Database="[tfdc54403141a4ea899e7e961e16895f6_MLUSID2015Prod]" Schema="[dbo]" Table="[_Result231]" Alias="[_Result231]" Column="Weeks"/><ColumnReference Database="[tfdc54403141a4ea899e7e961e16895f6_MLUSID2015Prod]" Schema="[dbo]" Table="[Time_]" Alias="[_I3]" Column="Starting_"/><ColumnReference Column="Expr1007"/><ColumnReference Database="[tfdc54403141a4ea899e7e961e16895f6_MLUSID2015Prod]" Schema="[dbo]" Table="[InsurancePolicyActivityTransactionAssociation]" Alias="[_E6]" Column="PolicyActivityTransID"/><ColumnReference Column="Expr1033"/><ColumnReference Column="Expr1034"/><ColumnReference Column="Expr1035"/><ColumnReference Column="Expr1036"/><ColumnReference Column="Expr1037"/><ColumnReference Column="Expr1038"/></OutputList><MemoryFractions Input="0.178844" Output="0.178844"/><Hash><DefinedValues/><HashKeysBuild><ColumnReference Database="[tfdc54403141a4ea899e7e961e16895f6_MLUSID2015Prod]" Schema="[dbo]" Table="[_Result235]" Alias="[_E1]" Column="SequenceNum"/><ColumnReference Database="[tfdc54403141a4ea899e7e961e16895f6_MLUSID2015Prod]" Schema="[dbo]" Table="[_Result235]" Alias="[_E1]" Column="Weeks"/></HashKeysBuild><HashKeysProbe><ColumnReference Database="[tfdc54403141a4ea899e7e961e16895f6_MLUSID2015Prod]" Schema="[dbo]" Table="[_Result231]" Alias="[_Result231]" Column="SequenceNum"/><ColumnReference Database="[tfdc54403141a4ea899e7e961e16895f6_MLUSID2015Prod]" Schema="[dbo]" Table="[_Result231]" Alias="[_Result231]" Column="Weeks"/></HashKeysProbe><ProbeResidual><ScalarOperator ScalarString="[tfdc54403141a4ea899e7e961e16895f6_MLUSID2015Prod].[dbo].[_Result235].[SequenceNum] as [_E1].[SequenceNum]=[tfdc54403141a4ea899e7e961e16895f6_MLUSID2015Prod].[dbo].[_Result231].[SequenceNum] as [_Result231].[SequenceNum] AND [tfdc54403141a4ea899e7e961e16895f6_MLUSID2015Prod].[dbo].[_Result235].[Weeks] as [_E1].[Weeks]=[tfdc54403141a4ea899e7e961e16895f6_MLUSID2015Prod].[dbo].[_Result231].[Weeks] as [_Result231].[Weeks]"><Logical Operation="AND"><ScalarOperator><Compare CompareOp="EQ"><ScalarOperator><Identifier><ColumnReference Database="[tfdc54403141a4ea899e7e961e16895f6_MLUSID2015Prod]" Schema="[dbo]" Table="[_Result235]" Alias="[_E1]" Column="SequenceNum"/></Identifier></ScalarOperator><ScalarOperator><Identifier><ColumnReference Database="[tfdc54403141a4ea899e7e961e16895f6_MLUSID2015Prod]" Schema="[dbo]" Table="[_Result231]" Alias="[_Result231]" Column="SequenceNum"/></Identifier></ScalarOperator></Compare></ScalarOperator><ScalarOperator><Compare CompareOp="EQ"><ScalarOperator><Identifier><ColumnReference Database="[tfdc54403141a4ea899e7e961e16895f6_MLUSID2015Prod]" Schema="[dbo]" Table="[_Result235]" Alias="[_E1]" Column="Weeks"/></Identifier></ScalarOperator><ScalarOperator><Identifier><ColumnReference Database="[tfdc54403141a4ea899e7e961e16895f6_MLUSID2015Prod]" Schema="[dbo]" Table="[_Result231]" Alias="[_Result231]" Column="Weeks"/></Identifier></ScalarOperator></Compare></ScalarOperator></Logical></ScalarOperator></ProbeResidual><RelOp NodeId="56" PhysicalOp="Compute Scalar" LogicalOp="Compute Scalar" EstimateRows="5.3342e+006" EstimateIO="0" EstimateCPU="0.0444517" AvgRowSize="71" EstimatedTotalSubtreeCost="16.2035" Parallel="1" EstimateRebinds="0" EstimateRewinds="0" EstimatedExecutionMode="Row"><OutputList><ColumnReference Database="[tfdc54403141a4ea899e7e961e16895f6_MLUSID2015Prod]" Schema="[dbo]" Table="[_Result235]" Alias="[_E1]" Column="SequenceNum"/><ColumnReference Database="[tfdc54403141a4ea899e7e961e16895f6_MLUSID2015Prod]" Schema="[dbo]" Table="[_Result235]" Alias="[_E1]" Column="Weeks"/><ColumnReference Column="Expr1007"/></OutputList><ComputeScalar><DefinedValues><DefinedValue><ColumnReference Column="Expr1007"/><ScalarOperator ScalarString="[tfdc54403141a4ea899e7e961e16895f6_MLUSID2015Prod].[dbo].[_Result235].[Value_] as [_E1].[Value_]"><Identifier><ColumnReference Database="[tfdc54403141a4ea899e7e961e16895f6_MLUSID2015Prod]" Schema="[dbo]" Table="[_Result235]" Alias="[_E1]" Column="Value_"/></Identifier></ScalarOperator></DefinedValue></DefinedValues><RelOp NodeId="57" PhysicalOp="Parallelism" LogicalOp="Repartition Streams" EstimateRows="5.3342e+006" EstimateIO="0" EstimateCPU="7.76542" AvgRowSize="71" EstimatedTotalSubtreeCost="16.159" Parallel="1" EstimateRebinds="0" EstimateRewinds="0" EstimatedExecutionMode="Row"><OutputList><ColumnReference Database="[tfdc54403141a4ea899e7e961e16895f6_MLUSID2015Prod]" Schema="[dbo]" Table="[_Result235]" Alias="[_E1]" Column="SequenceNum"/><ColumnReference Database="[tfdc54403141a4ea899e7e961e16895f6_MLUSID2015Prod]" Schema="[dbo]" Table="[_Result235]" Alias="[_E1]" Column="Weeks"/><ColumnReference Database="[tfdc54403141a4ea899e7e961e16895f6_MLUSID2015Prod]" Schema="[dbo]" Table="[_Result235]" Alias="[_E1]" Column="Value_"/></OutputList><Parallelism PartitioningType="Hash"><PartitionColumns><ColumnReference Database="[tfdc54403141a4ea899e7e961e16895f6_MLUSID2015Prod]" Schema="[dbo]" Table="[_Result235]" Alias="[_E1]" Column="SequenceNum"/><ColumnReference Database="[tfdc54403141a4ea899e7e961e16895f6_MLUSID2015Prod]" Schema="[dbo]" Table="[_Result235]" Alias="[_E1]" Column="Weeks"/></PartitionColumns><RelOp NodeId="58" PhysicalOp="Clustered Index Scan" LogicalOp="Clustered Index Scan" EstimateRows="5.3342e+006" EstimateIO="7.839" EstimateCPU="0.554607" AvgRowSize="71" EstimatedTotalSubtreeCost="8.39361" TableCardinality="5.3342e+006" Parallel="1" Partitioned="1" EstimateRebinds="0" EstimateRewinds="0" EstimatedExecutionMode="Row"><OutputList><ColumnReference Database="[tfdc54403141a4ea899e7e961e16895f6_MLUSID2015Prod]" Schema="[dbo]" Table="[_Result235]" Alias="[_E1]" Column="SequenceNum"/><ColumnReference Database="[tfdc54403141a4ea899e7e961e16895f6_MLUSID2015Prod]" Schema="[dbo]" Table="[_Result235]" Alias="[_E1]" Column="Weeks"/><ColumnReference Database="[tfdc54403141a4ea899e7e961e16895f6_MLUSID2015Prod]" Schema="[dbo]" Table="[_Result235]" Alias="[_E1]" Column="Value_"/></OutputList><IndexScan Ordered="0" ForcedIndex="0" ForceScan="0" NoExpandHint="0" Storage="RowStore"><DefinedValues><DefinedValue><ColumnReference Database="[tfdc54403141a4ea899e7e961e16895f6_MLUSID2015Prod]" Schema="[dbo]" Table="[_Result235]" Alias="[_E1]" Column="SequenceNum"/></DefinedValue><DefinedValue><ColumnReference Database="[tfdc54403141a4ea899e7e961e16895f6_MLUSID2015Prod]" Schema="[dbo]" Table="[_Result235]" Alias="[_E1]" Column="Weeks"/></DefinedValue><DefinedValue><ColumnReference Database="[tfdc54403141a4ea899e7e961e16895f6_MLUSID2015Prod]" Schema="[dbo]" Table="[_Result235]" Alias="[_E1]" Column="Value_"/></DefinedValue></DefinedValues><Object Database="[tfdc54403141a4ea899e7e961e16895f6_MLUSID2015Prod]" Schema="[dbo]" Table="[_Result235]" Index="[_Result235_pkey]" Alias="[_E1]" IndexKind="Clustered" Storage="RowStore"/></IndexScan></RelOp></Parallelism></RelOp></ComputeScalar></RelOp><RelOp NodeId="62" PhysicalOp="Parallelism" LogicalOp="Repartition Streams" EstimateRows="6.65264e+006" EstimateIO="0" EstimateCPU="1.97714" AvgRowSize="513" EstimatedTotalSubtreeCost="397.325" Parallel="1" EstimateRebinds="0" EstimateRewinds="0" EstimatedExecutionMode="Row"><OutputList><ColumnReference Database="[tfdc54403141a4ea899e7e961e16895f6_MLUSID2015Prod]" Schema="[dbo]" Table="[_Result231]" Alias="[_Result231]" Column="ExternalPartyID"/><ColumnReference Database="[tfdc54403141a4ea899e7e961e16895f6_MLUSID2015Prod]" Schema="[dbo]" Table="[_Result231]" Alias="[_Result231]" Column="AttributeId"/><ColumnReference Database="[tfdc54403141a4ea899e7e961e16895f6_MLUSID2015Prod]" Schema="[dbo]" Table="[_Result231]" Alias="[_Result231]" Column="SequenceNum"/><ColumnReference Database="[tfdc54403141a4ea899e7e961e16895f6_MLUSID2015Prod]" Schema="[dbo]" Table="[_Result231]" Alias="[_Result231]" Column="FullName"/><ColumnReference Database="[tfdc54403141a4ea899e7e961e16895f6_MLUSID2015Prod]" Schema="[dbo]" Table="[_Result231]" Alias="[_Result231]" Column="Weeks"/><ColumnReference Database="[tfdc54403141a4ea899e7e961e16895f6_MLUSID2015Prod]" Schema="[dbo]" Table="[Time_]" Alias="[_I3]" Column="Starting_"/><ColumnReference Database="[tfdc54403141a4ea899e7e961e16895f6_MLUSID2015Prod]" Schema="[dbo]" Table="[InsurancePolicyActivityTransactionAssociation]" Alias="[_E6]" Column="PolicyActivityTransID"/><ColumnReference Column="Expr1033"/><ColumnReference Column="Expr1034"/><ColumnReference Column="Expr1035"/><ColumnReference Column="Expr1036"/><ColumnReference Column="Expr1037"/><ColumnReference Column="Expr1038"/></OutputList><Parallelism PartitioningType="Hash"><PartitionColumns><ColumnReference Database="[tfdc54403141a4ea899e7e961e16895f6_MLUSID2015Prod]" Schema="[dbo]" Table="[_Result231]" Alias="[_Result231]" Column="SequenceNum"/><ColumnReference Database="[tfdc54403141a4ea899e7e961e16895f6_MLUSID2015Prod]" Schema="[dbo]" Table="[_Result231]" Alias="[_Result231]" Column="Weeks"/></PartitionColumns><RelOp NodeId="63" PhysicalOp="Hash Match" LogicalOp="Right Outer Join" EstimateRows="6.65264e+006" EstimateIO="0" EstimateCPU="12.9823" AvgRowSize="513" EstimatedTotalSubtreeCost="395.348" Parallel="1" EstimateRebinds="0" EstimateRewinds="0" EstimatedExecutionMode="Row"><OutputList><ColumnReference Database="[tfdc54403141a4ea899e7e961e16895f6_MLUSID2015Prod]" Schema="[dbo]" Table="[_Result231]" Alias="[_Result231]" Column="ExternalPartyID"/><ColumnReference Database="[tfdc54403141a4ea899e7e961e16895f6_MLUSID2015Prod]" Schema="[dbo]" Table="[_Result231]" Alias="[_Result231]" Column="AttributeId"/><ColumnReference Database="[tfdc54403141a4ea899e7e961e16895f6_MLUSID2015Prod]" Schema="[dbo]" Table="[_Result231]" Alias="[_Result231]" Column="SequenceNum"/><ColumnReference Database="[tfdc54403141a4ea899e7e961e16895f6_MLUSID2015Prod]" Schema="[dbo]" Table="[_Result231]" Alias="[_Result231]" Column="FullName"/><ColumnReference Database="[tfdc54403141a4ea899e7e961e16895f6_MLUSID2015Prod]" Schema="[dbo]" Table="[_Result231]" Alias="[_Result231]" Column="Weeks"/><ColumnReference Database="[tfdc54403141a4ea899e7e961e16895f6_MLUSID2015Prod]" Schema="[dbo]" Table="[Time_]" Alias="[_I3]" Column="Starting_"/><ColumnReference Database="[tfdc54403141a4ea899e7e961e16895f6_MLUSID2015Prod]" Schema="[dbo]" Table="[InsurancePolicyActivityTransactionAssociation]" Alias="[_E6]" Column="PolicyActivityTransID"/><ColumnReference Column="Expr1033"/><ColumnReference Column="Expr1034"/><ColumnReference Column="Expr1035"/><ColumnReference Column="Expr1036"/><ColumnReference Column="Expr1037"/><ColumnReference Column="Expr1038"/></OutputList><MemoryFractions Input="0.000284911" Output="0.000284911"/><Hash><DefinedValues/><HashKeysBuild><ColumnReference Database="[tfdc54403141a4ea899e7e961e16895f6_MLUSID2015Prod]" Schema="[dbo]" Table="[Time_]" Alias="[_I3]" Column="Name_"/></HashKeysBuild><HashKeysProbe><ColumnReference Database="[tfdc54403141a4ea899e7e961e16895f6_MLUSID2015Prod]" Schema="[dbo]" Table="[_Result231]" Alias="[_Result231]" Column="Weeks"/></HashKeysProbe><ProbeResidual><ScalarOperator ScalarString="[tfdc54403141a4ea899e7e961e16895f6_MLUSID2015Prod].[dbo].[_Result231].[Weeks] as [_Result231].[Weeks]=[tfdc54403141a4ea899e7e961e16895f6_MLUSID2015Prod].[dbo].[Time_].[Name_] as [_I3].[Name_]"><Compare CompareOp="EQ"><ScalarOperator><Identifier><ColumnReference Database="[tfdc54403141a4ea899e7e961e16895f6_MLUSID2015Prod]" Schema="[dbo]" Table="[_Result231]" Alias="[_Result231]" Column="Weeks"/></Identifier></ScalarOperator><ScalarOperator><Identifier><ColumnReference Database="[tfdc54403141a4ea899e7e961e16895f6_MLUSID2015Prod]" Schema="[dbo]" Table="[Time_]" Alias="[_I3]" Column="Name_"/></Identifier></ScalarOperator></Compare></ScalarOperator></ProbeResidual><RelOp NodeId="64" PhysicalOp="Parallelism" LogicalOp="Repartition Streams" EstimateRows="452.156" EstimateIO="0" EstimateCPU="0.0288667" AvgRowSize="40" EstimatedTotalSubtreeCost="0.0333404" Parallel="1" EstimateRebinds="0" EstimateRewinds="0" EstimatedExecutionMode="Row"><OutputList><ColumnReference Database="[tfdc54403141a4ea899e7e961e16895f6_MLUSID2015Prod]" Schema="[dbo]" Table="[Time_]" Alias="[_I3]" Column="Name_"/><ColumnReference Database="[tfdc54403141a4ea899e7e961e16895f6_MLUSID2015Prod]" Schema="[dbo]" Table="[Time_]" Alias="[_I3]" Column="Starting_"/></OutputList><Parallelism PartitioningType="Hash"><PartitionColumns><ColumnReference Database="[tfdc54403141a4ea899e7e961e16895f6_MLUSID2015Prod]" Schema="[dbo]" Table="[Time_]" Alias="[_I3]" Column="Name_"/></PartitionColumns><RelOp NodeId="65" PhysicalOp="Clustered Index Seek" LogicalOp="Clustered Index Seek" EstimateRows="452.156" EstimateIO="0.00438743" EstimateCPU="6.405e-005" AvgRowSize="52" EstimatedTotalSubtreeCost="0.00445148" TableCardinality="1028" Parallel="1" EstimateRebinds="0" EstimateRewinds="0" EstimatedExecutionMode="Row"><OutputList><ColumnReference Database="[tfdc54403141a4ea899e7e961e16895f6_MLUSID2015Prod]" Schema="[dbo]" Table="[Time_]" Alias="[_I3]" Column="Name_"/><ColumnReference Database="[tfdc54403141a4ea899e7e961e16895f6_MLUSID2015Prod]" Schema="[dbo]" Table="[Time_]" Alias="[_I3]" Column="Starting_"/></OutputList><IndexScan Ordered="1" ScanDirection="FORWARD" ForcedIndex="0" ForceSeek="0" ForceScan="0" NoExpandHint="0" Storage="RowStore"><DefinedValues><DefinedValue><ColumnReference Database="[tfdc54403141a4ea899e7e961e16895f6_MLUSID2015Prod]" Schema="[dbo]" Table="[Time_]" Alias="[_I3]" Column="Name_"/></DefinedValue><DefinedValue><ColumnReference Database="[tfdc54403141a4ea899e7e961e16895f6_MLUSID2015Prod]" Schema="[dbo]" Table="[Time_]" Alias="[_I3]" Column="Starting_"/></DefinedValue></DefinedValues><Object Database="[tfdc54403141a4ea899e7e961e16895f6_MLUSID2015Prod]" Schema="[dbo]" Table="[Time_]" Index="[Time__pkey]" Alias="[_I3]" IndexKind="Clustered" Storage="RowStore"/><SeekPredicates><SeekPredicateNew><SeekKeys><Prefix ScanType="EQ"><RangeColumns><ColumnReference Database="[tfdc54403141a4ea899e7e961e16895f6_MLUSID2015Prod]" Schema="[dbo]" Table="[Time_]" Alias="[_I3]" Column="TimeID_"/></RangeColumns><RangeExpressions><ScalarOperator ScalarString="N'T002'"><Const ConstValue="N'T002'"/></ScalarOperator></RangeExpressions></Prefix></SeekKeys></SeekPredicateNew></SeekPredicates><Predicate><ScalarOperator ScalarString="[tfdc54403141a4ea899e7e961e16895f6_MLUSID2015Prod].[dbo].[Time_].[Level_] as [_I3].[Level_]=N'Weeks'"><Compare CompareOp="EQ"><ScalarOperator><Identifier><ColumnReference Database="[tfdc54403141a4ea899e7e961e16895f6_MLUSID2015Prod]" Schema="[dbo]" Table="[Time_]" Alias="[_I3]" Column="Level_"/></Identifier></ScalarOperator><ScalarOperator><Const ConstValue="N'Weeks'"/></ScalarOperator></Compare></ScalarOperator></Predicate></IndexScan></RelOp></Parallelism></RelOp><RelOp NodeId="66" PhysicalOp="Parallelism" LogicalOp="Repartition Streams" EstimateRows="6.65264e+006" EstimateIO="0" EstimateCPU="26.0798" AvgRowSize="510" EstimatedTotalSubtreeCost="382.332" Parallel="1" EstimateRebinds="0" EstimateRewinds="0" EstimatedExecutionMode="Row"><OutputList><ColumnReference Database="[tfdc54403141a4ea899e7e961e16895f6_MLUSID2015Prod]" Schema="[dbo]" Table="[_Result231]" Alias="[_Result231]" Column="ExternalPartyID"/><ColumnReference Database="[tfdc54403141a4ea899e7e961e16895f6_MLUSID2015Prod]" Schema="[dbo]" Table="[_Result231]" Alias="[_Result231]" Column="AttributeId"/><ColumnReference Database="[tfdc54403141a4ea899e7e961e16895f6_MLUSID2015Prod]" Schema="[dbo]" Table="[_Result231]" Alias="[_Result231]" Column="SequenceNum"/><ColumnReference Database="[tfdc54403141a4ea899e7e961e16895f6_MLUSID2015Prod]" Schema="[dbo]" Table="[_Result231]" Alias="[_Result231]" Column="FullName"/><ColumnReference Database="[tfdc54403141a4ea899e7e961e16895f6_MLUSID2015Prod]" Schema="[dbo]" Table="[_Result231]" Alias="[_Result231]" Column="Weeks"/><ColumnReference Database="[tfdc54403141a4ea899e7e961e16895f6_MLUSID2015Prod]" Schema="[dbo]" Table="[InsurancePolicyActivityTransactionAssociation]" Alias="[_E6]" Column="PolicyActivityTransID"/><ColumnReference Column="Expr1033"/><ColumnReference Column="Expr1034"/><ColumnReference Column="Expr1035"/><ColumnReference Column="Expr1036"/><ColumnReference Column="Expr1037"/><ColumnReference Column="Expr1038"/></OutputList><Parallelism PartitioningType="Hash"><PartitionColumns><ColumnReference Database="[tfdc54403141a4ea899e7e961e16895f6_MLUSID2015Prod]" Schema="[dbo]" Table="[_Result231]" Alias="[_Result231]" Column="Weeks"/></PartitionColumns><RelOp NodeId="67" PhysicalOp="Hash Match" LogicalOp="Inner Join" EstimateRows="6.65264e+006" EstimateIO="0" EstimateCPU="251.209" AvgRowSize="510" EstimatedTotalSubtreeCost="356.252" Parallel="1" EstimateRebinds="0" EstimateRewinds="0" EstimatedExecutionMode="Row"><OutputList><ColumnReference Database="[tfdc54403141a4ea899e7e961e16895f6_MLUSID2015Prod]" Schema="[dbo]" Table="[_Result231]" Alias="[_Result231]" Column="ExternalPartyID"/><ColumnReference Database="[tfdc54403141a4ea899e7e961e16895f6_MLUSID2015Prod]" Schema="[dbo]" Table="[_Result231]" Alias="[_Result231]" Column="AttributeId"/><ColumnReference Database="[tfdc54403141a4ea899e7e961e16895f6_MLUSID2015Prod]" Schema="[dbo]" Table="[_Result231]" Alias="[_Result231]" Column="SequenceNum"/><ColumnReference Database="[tfdc54403141a4ea899e7e961e16895f6_MLUSID2015Prod]" Schema="[dbo]" Table="[_Result231]" Alias="[_Result231]" Column="FullName"/><ColumnReference Database="[tfdc54403141a4ea899e7e961e16895f6_MLUSID2015Prod]" Schema="[dbo]" Table="[_Result231]" Alias="[_Result231]" Column="Weeks"/><ColumnReference Database="[tfdc54403141a4ea899e7e961e16895f6_MLUSID2015Prod]" Schema="[dbo]" Table="[InsurancePolicyActivityTransactionAssociation]" Alias="[_E6]" Column="PolicyActivityTransID"/><ColumnReference Column="Expr1033"/><ColumnReference Column="Expr1034"/><ColumnReference Column="Expr1035"/><ColumnReference Column="Expr1036"/><ColumnReference Column="Expr1037"/><ColumnReference Column="Expr1038"/></OutputList><MemoryFractions Input="0.332716" Output="0.332716"/><Hash><DefinedValues/><HashKeysBuild><ColumnReference Database="[tfdc54403141a4ea899e7e961e16895f6_MLUSID2015Prod]" Schema="[dbo]" Table="[_Result231]" Alias="[_Result231]" Column="SequenceNum"/></HashKeysBuild><HashKeysProbe><ColumnReference Database="[tfdc54403141a4ea899e7e961e16895f6_MLUSID2015Prod]" Schema="[dbo]" Table="[InsurancePolicyActivityTransactionAssociation]" Alias="[_E6]" Column="SequenceNum"/></HashKeysProbe><ProbeResidual><ScalarOperator ScalarString="[tfdc54403141a4ea899e7e961e16895f6_MLUSID2015Prod].[dbo].[_Result231].[SequenceNum] as [_Result231].[SequenceNum]=[tfdc54403141a4ea899e7e961e16895f6_MLUSID2015Prod].[dbo].[InsurancePolicyActivityTransactionAssociation].[SequenceNum] as [_E6].[SequenceNum]"><Compare CompareOp="EQ"><ScalarOperator><Identifier><ColumnReference Database="[tfdc54403141a4ea899e7e961e16895f6_MLUSID2015Prod]" Schema="[dbo]" Table="[_Result231]" Alias="[_Result231]" Column="SequenceNum"/></Identifier></ScalarOperator><ScalarOperator><Identifier><ColumnReference Database="[tfdc54403141a4ea899e7e961e16895f6_MLUSID2015Prod]" Schema="[dbo]" Table="[InsurancePolicyActivityTransactionAssociation]" Alias="[_E6]" Column="SequenceNum"/></Identifier></ScalarOperator></Compare></ScalarOperator></ProbeResidual><RelOp NodeId="68" PhysicalOp="Bitmap" LogicalOp="Bitmap Create" EstimateRows="8.15858e+006" EstimateIO="0" EstimateCPU="12.4617" AvgRowSize="143" EstimatedTotalSubtreeCost="33.9823" Parallel="1" EstimateRebinds="0" EstimateRewinds="0" EstimatedExecutionMode="Row"><OutputList><ColumnReference Database="[tfdc54403141a4ea899e7e961e16895f6_MLUSID2015Prod]" Schema="[dbo]" Table="[_Result231]" Alias="[_Result231]" Column="ExternalPartyID"/><ColumnReference Database="[tfdc54403141a4ea899e7e961e16895f6_MLUSID2015Prod]" Schema="[dbo]" Table="[_Result231]" Alias="[_Result231]" Column="AttributeId"/><ColumnReference Database="[tfdc54403141a4ea899e7e961e16895f6_MLUSID2015Prod]" Schema="[dbo]" Table="[_Result231]" Alias="[_Result231]" Column="SequenceNum"/><ColumnReference Database="[tfdc54403141a4ea899e7e961e16895f6_MLUSID2015Prod]" Schema="[dbo]" Table="[_Result231]" Alias="[_Result231]" Column="FullName"/><ColumnReference Database="[tfdc54403141a4ea899e7e961e16895f6_MLUSID2015Prod]" Schema="[dbo]" Table="[_Result231]" Alias="[_Result231]" Column="Weeks"/></OutputList><Bitmap><DefinedValues><DefinedValue><ColumnReference Column="Bitmap1066"/></DefinedValue></DefinedValues><HashKeys><ColumnReference Database="[tfdc54403141a4ea899e7e961e16895f6_MLUSID2015Prod]" Schema="[dbo]" Table="[_Result231]" Alias="[_Result231]" Column="SequenceNum"/></HashKeys><RelOp NodeId="69" PhysicalOp="Parallelism" LogicalOp="Repartition Streams" EstimateRows="8.15858e+006" EstimateIO="0" EstimateCPU="12.4617" AvgRowSize="143" EstimatedTotalSubtreeCost="33.9823" Parallel="1" EstimateRebinds="0" EstimateRewinds="0" EstimatedExecutionMode="Row"><OutputList><ColumnReference Database="[tfdc54403141a4ea899e7e961e16895f6_MLUSID2015Prod]" Schema="[dbo]" Table="[_Result231]" Alias="[_Result231]" Column="ExternalPartyID"/><ColumnReference Database="[tfdc54403141a4ea899e7e961e16895f6_MLUSID2015Prod]" Schema="[dbo]" Table="[_Result231]" Alias="[_Result231]" Column="AttributeId"/><ColumnReference Database="[tfdc54403141a4ea899e7e961e16895f6_MLUSID2015Prod]" Schema="[dbo]" Table="[_Result231]" Alias="[_Result231]" Column="SequenceNum"/><ColumnReference Database="[tfdc54403141a4ea899e7e961e16895f6_MLUSID2015Prod]" Schema="[dbo]" Table="[_Result231]" Alias="[_Result231]" Column="FullName"/><ColumnReference Database="[tfdc54403141a4ea899e7e961e16895f6_MLUSID2015Prod]" Schema="[dbo]" Table="[_Result231]" Alias="[_Result231]" Column="Weeks"/></OutputList><Parallelism PartitioningType="Hash"><PartitionColumns><ColumnReference Database="[tfdc54403141a4ea899e7e961e16895f6_MLUSID2015Prod]" Schema="[dbo]" Table="[_Result231]" Alias="[_Result231]" Column="SequenceNum"/></PartitionColumns><RelOp NodeId="70" PhysicalOp="Clustered Index Scan" LogicalOp="Clustered Index Scan" EstimateRows="8.15858e+006" EstimateIO="20.7072" EstimateCPU="0.813509" AvgRowSize="143" EstimatedTotalSubtreeCost="21.5207" TableCardinality="8.15858e+006" Parallel="1" Partitioned="1" EstimateRebinds="0" EstimateRewinds="0" EstimatedExecutionMode="Row"><OutputList><ColumnReference Database="[tfdc54403141a4ea899e7e961e16895f6_MLUSID2015Prod]" Schema="[dbo]" Table="[_Result231]" Alias="[_Result231]" Column="ExternalPartyID"/><ColumnReference Database="[tfdc54403141a4ea899e7e961e16895f6_MLUSID2015Prod]" Schema="[dbo]" Table="[_Result231]" Alias="[_Result231]" Column="AttributeId"/><ColumnReference Database="[tfdc54403141a4ea899e7e961e16895f6_MLUSID2015Prod]" Schema="[dbo]" Table="[_Result231]" Alias="[_Result231]" Column="SequenceNum"/><ColumnReference Database="[tfdc54403141a4ea899e7e961e16895f6_MLUSID2015Prod]" Schema="[dbo]" Table="[_Result231]" Alias="[_Result231]" Column="FullName"/><ColumnReference Database="[tfdc54403141a4ea899e7e961e16895f6_MLUSID2015Prod]" Schema="[dbo]" Table="[_Result231]" Alias="[_Result231]" Column="Weeks"/></OutputList><IndexScan Ordered="0" ForcedIndex="0" ForceScan="0" NoExpandHint="0" Storage="RowStore"><DefinedValues><DefinedValue><ColumnReference Database="[tfdc54403141a4ea899e7e961e16895f6_MLUSID2015Prod]" Schema="[dbo]" Table="[_Result231]" Alias="[_Result231]" Column="ExternalPartyID"/></DefinedValue><DefinedValue><ColumnReference Database="[tfdc54403141a4ea899e7e961e16895f6_MLUSID2015Prod]" Schema="[dbo]" Table="[_Result231]" Alias="[_Result231]" Column="AttributeId"/></DefinedValue><DefinedValue><ColumnReference Database="[tfdc54403141a4ea899e7e961e16895f6_MLUSID2015Prod]" Schema="[dbo]" Table="[_Result231]" Alias="[_Result231]" Column="SequenceNum"/></DefinedValue><DefinedValue><ColumnReference Database="[tfdc54403141a4ea899e7e961e16895f6_MLUSID2015Prod]" Schema="[dbo]" Table="[_Result231]" Alias="[_Result231]" Column="FullName"/></DefinedValue><DefinedValue><ColumnReference Database="[tfdc54403141a4ea899e7e961e16895f6_MLUSID2015Prod]" Schema="[dbo]" Table="[_Result231]" Alias="[_Result231]" Column="Weeks"/></DefinedValue></DefinedValues><Object Database="[tfdc54403141a4ea899e7e961e16895f6_MLUSID2015Prod]" Schema="[dbo]" Table="[_Result231]" Index="[_Result231_pkey]" Alias="[_Result231]" IndexKind="Clustered" Storage="RowStore"/></IndexScan></RelOp></Parallelism></RelOp></Bitmap></RelOp><RelOp NodeId="71" PhysicalOp="Compute Scalar" LogicalOp="Compute Scalar" EstimateRows="1.13748e+007" EstimateIO="0" EstimateCPU="0.0947903" AvgRowSize="396" EstimatedTotalSubtreeCost="71.0614" Parallel="1" EstimateRebinds="0" EstimateRewinds="0" EstimatedExecutionMode="Row"><OutputList><ColumnReference Database="[tfdc54403141a4ea899e7e961e16895f6_MLUSID2015Prod]" Schema="[dbo]" Table="[InsurancePolicyActivityTransactionAssociation]" Alias="[_E6]" Column="PolicyActivityTransID"/><ColumnReference Database="[tfdc54403141a4ea899e7e961e16895f6_MLUSID2015Prod]" Schema="[dbo]" Table="[InsurancePolicyActivityTransactionAssociation]" Alias="[_E6]" Column="SequenceNum"/><ColumnReference Column="Expr1033"/><ColumnReference Column="Expr1034"/><ColumnReference Column="Expr1035"/><ColumnReference Column="Expr1036"/><ColumnReference Column="Expr1037"/><ColumnReference Column="Expr1038"/></OutputList><ComputeScalar><DefinedValues><DefinedValue><ColumnReference Column="Expr1033"/><ScalarOperator ScalarString="[tfdc54403141a4ea899e7e961e16895f6_MLUSID2015Prod].[dbo].[InsurancePolicyActivityTransactionAssociation].[UDPolicyTranType] as [_E6].[UDPolicyTranType]"><Identifier><ColumnReference Database="[tfdc54403141a4ea899e7e961e16895f6_MLUSID2015Prod]" Schema="[dbo]" Table="[InsurancePolicyActivityTransactionAssociation]" Alias="[_E6]" Column="UDPolicyTranType"/></Identifier></ScalarOperator></DefinedValue><DefinedValue><ColumnReference Column="Expr1034"/><ScalarOperator ScalarString="[tfdc54403141a4ea899e7e961e16895f6_MLUSID2015Prod].[dbo].[InsurancePolicyActivityTransactionAssociation].[UDLegacyProducerId] as [_E6].[UDLegacyProducerId]"><Identifier><ColumnReference Database="[tfdc54403141a4ea899e7e961e16895f6_MLUSID2015Prod]" Schema="[dbo]" Table="[InsurancePolicyActivityTransactionAssociation]" Alias="[_E6]" Column="UDLegacyProducerId"/></Identifier></ScalarOperator></DefinedValue><DefinedValue><ColumnReference Column="Expr1035"/><ScalarOperator ScalarString="[tfdc54403141a4ea899e7e961e16895f6_MLUSID2015Prod].[dbo].[InsurancePolicyActivityTransactionAssociation].[UDTransCode] as [_E6].[UDTransCode]"><Identifier><ColumnReference Database="[tfdc54403141a4ea899e7e961e16895f6_MLUSID2015Prod]" Schema="[dbo]" Table="[InsurancePolicyActivityTransactionAssociation]" Alias="[_E6]" Column="UDTransCode"/></Identifier></ScalarOperator></DefinedValue><DefinedValue><ColumnReference Column="Expr1036"/><ScalarOperator ScalarString="[tfdc54403141a4ea899e7e961e16895f6_MLUSID2015Prod].[dbo].[InsurancePolicyActivityTransactionAssociation].[UDPreCalcPayoutRate] as [_E6].[UDPreCalcPayoutRate]"><Identifier><ColumnReference Database="[tfdc54403141a4ea899e7e961e16895f6_MLUSID2015Prod]" Schema="[dbo]" Table="[InsurancePolicyActivityTransactionAssociation]" Alias="[_E6]" Column="UDPreCalcPayoutRate"/></Identifier></ScalarOperator></DefinedValue><DefinedValue><ColumnReference Column="Expr1037"/><ScalarOperator ScalarString="[tfdc54403141a4ea899e7e961e16895f6_MLUSID2015Prod].[dbo].[InsurancePolicyActivityTransactionAssociation].[UDGDCPct] as [_E6].[UDGDCPct]"><Identifier><ColumnReference Database="[tfdc54403141a4ea899e7e961e16895f6_MLUSID2015Prod]" Schema="[dbo]" Table="[InsurancePolicyActivityTransactionAssociation]" Alias="[_E6]" Column="UDGDCPct"/></Identifier></ScalarOperator></DefinedValue><DefinedValue><ColumnReference Column="Expr1038"/><ScalarOperator ScalarString="[tfdc54403141a4ea899e7e961e16895f6_MLUSID2015Prod].[dbo].[InsurancePolicyActivityTransactionAssociation].[SharePercent] as [_E6].[SharePercent]"><Identifier><ColumnReference Database="[tfdc54403141a4ea899e7e961e16895f6_MLUSID2015Prod]" Schema="[dbo]" Table="[InsurancePolicyActivityTransactionAssociation]" Alias="[_E6]" Column="SharePercent"/></Identifier></ScalarOperator></DefinedValue></DefinedValues><RelOp NodeId="72" PhysicalOp="Parallelism" LogicalOp="Repartition Streams" EstimateRows="1.13748e+007" EstimateIO="0" EstimateCPU="29.0052" AvgRowSize="300" EstimatedTotalSubtreeCost="70.9666" Parallel="1" EstimateRebinds="0" EstimateRewinds="0" EstimatedExecutionMode="Row"><OutputList><ColumnReference Database="[tfdc54403141a4ea899e7e961e16895f6_MLUSID2015Prod]" Schema="[dbo]" Table="[InsurancePolicyActivityTransactionAssociation]" Alias="[_E6]" Column="PolicyActivityTransID"/><ColumnReference Database="[tfdc54403141a4ea899e7e961e16895f6_MLUSID2015Prod]" Schema="[dbo]" Table="[InsurancePolicyActivityTransactionAssociation]" Alias="[_E6]" Column="SequenceNum"/><ColumnReference Database="[tfdc54403141a4ea899e7e961e16895f6_MLUSID2015Prod]" Schema="[dbo]" Table="[InsurancePolicyActivityTransactionAssociation]" Alias="[_E6]" Column="SharePercent"/><ColumnReference Database="[tfdc54403141a4ea899e7e961e16895f6_MLUSID2015Prod]" Schema="[dbo]" Table="[InsurancePolicyActivityTransactionAssociation]" Alias="[_E6]" Column="UDLegacyProducerId"/><ColumnReference Database="[tfdc54403141a4ea899e7e961e16895f6_MLUSID2015Prod]" Schema="[dbo]" Table="[InsurancePolicyActivityTransactionAssociation]" Alias="[_E6]" Column="UDPolicyTranType"/><ColumnReference Database="[tfdc54403141a4ea899e7e961e16895f6_MLUSID2015Prod]" Schema="[dbo]" Table="[InsurancePolicyActivityTransactionAssociation]" Alias="[_E6]" Column="UDGDCPct"/><ColumnReference Database="[tfdc54403141a4ea899e7e961e16895f6_MLUSID2015Prod]" Schema="[dbo]" Table="[InsurancePolicyActivityTransactionAssociation]" Alias="[_E6]" Column="UDPreCalcPayoutRate"/><ColumnReference Database="[tfdc54403141a4ea899e7e961e16895f6_MLUSID2015Prod]" Schema="[dbo]" Table="[InsurancePolicyActivityTransactionAssociation]" Alias="[_E6]" Column="UDTransCode"/></OutputList><Parallelism PartitioningType="Hash"><PartitionColumns><ColumnReference Database="[tfdc54403141a4ea899e7e961e16895f6_MLUSID2015Prod]" Schema="[dbo]" Table="[InsurancePolicyActivityTransactionAssociation]" Alias="[_E6]" Column="SequenceNum"/></PartitionColumns><RelOp NodeId="73" PhysicalOp="Clustered Index Scan" LogicalOp="Clustered Index Scan" EstimateRows="1.13748e+007" EstimateIO="40.9187" EstimateCPU="1.04271" AvgRowSize="300" EstimatedTotalSubtreeCost="41.9614" TableCardinality="1.13748e+007" Parallel="1" EstimateRebinds="0" EstimateRewinds="0" EstimatedExecutionMode="Row"><OutputList><ColumnReference Database="[tfdc54403141a4ea899e7e961e16895f6_MLUSID2015Prod]" Schema="[dbo]" Table="[InsurancePolicyActivityTransactionAssociation]" Alias="[_E6]" Column="PolicyActivityTransID"/><ColumnReference Database="[tfdc54403141a4ea899e7e961e16895f6_MLUSID2015Prod]" Schema="[dbo]" Table="[InsurancePolicyActivityTransactionAssociation]" Alias="[_E6]" Column="SequenceNum"/><ColumnReference Database="[tfdc54403141a4ea899e7e961e16895f6_MLUSID2015Prod]" Schema="[dbo]" Table="[InsurancePolicyActivityTransactionAssociation]" Alias="[_E6]" Column="SharePercent"/><ColumnReference Database="[tfdc54403141a4ea899e7e961e16895f6_MLUSID2015Prod]" Schema="[dbo]" Table="[InsurancePolicyActivityTransactionAssociation]" Alias="[_E6]" Column="UDLegacyProducerId"/><ColumnReference Database="[tfdc54403141a4ea899e7e961e16895f6_MLUSID2015Prod]" Schema="[dbo]" Table="[InsurancePolicyActivityTransactionAssociation]" Alias="[_E6]" Column="UDPolicyTranType"/><ColumnReference Database="[tfdc54403141a4ea899e7e961e16895f6_MLUSID2015Prod]" Schema="[dbo]" Table="[InsurancePolicyActivityTransactionAssociation]" Alias="[_E6]" Column="UDGDCPct"/><ColumnReference Database="[tfdc54403141a4ea899e7e961e16895f6_MLUSID2015Prod]" Schema="[dbo]" Table="[InsurancePolicyActivityTransactionAssociation]" Alias="[_E6]" Column="UDPreCalcPayoutRate"/><ColumnReference Database="[tfdc54403141a4ea899e7e961e16895f6_MLUSID2015Prod]" Schema="[dbo]" Table="[InsurancePolicyActivityTransactionAssociation]" Alias="[_E6]" Column="UDTransCode"/></OutputList><IndexScan Ordered="0" ForcedIndex="0" ForceScan="0" NoExpandHint="0" Storage="RowStore"><DefinedValues><DefinedValue><ColumnReference Database="[tfdc54403141a4ea899e7e961e16895f6_MLUSID2015Prod]" Schema="[dbo]" Table="[InsurancePolicyActivityTransactionAssociation]" Alias="[_E6]" Column="PolicyActivityTransID"/></DefinedValue><DefinedValue><ColumnReference Database="[tfdc54403141a4ea899e7e961e16895f6_MLUSID2015Prod]" Schema="[dbo]" Table="[InsurancePolicyActivityTransactionAssociation]" Alias="[_E6]" Column="SequenceNum"/></DefinedValue><DefinedValue><ColumnReference Database="[tfdc54403141a4ea899e7e961e16895f6_MLUSID2015Prod]" Schema="[dbo]" Table="[InsurancePolicyActivityTransactionAssociation]" Alias="[_E6]" Column="SharePercent"/></DefinedValue><DefinedValue><ColumnReference Database="[tfdc54403141a4ea899e7e961e16895f6_MLUSID2015Prod]" Schema="[dbo]" Table="[InsurancePolicyActivityTransactionAssociation]" Alias="[_E6]" Column="UDLegacyProducerId"/></DefinedValue><DefinedValue><ColumnReference Database="[tfdc54403141a4ea899e7e961e16895f6_MLUSID2015Prod]" Schema="[dbo]" Table="[InsurancePolicyActivityTransactionAssociation]" Alias="[_E6]" Column="UDPolicyTranType"/></DefinedValue><DefinedValue><ColumnReference Database="[tfdc54403141a4ea899e7e961e16895f6_MLUSID2015Prod]" Schema="[dbo]" Table="[InsurancePolicyActivityTransactionAssociation]" Alias="[_E6]" Column="UDGDCPct"/></DefinedValue><DefinedValue><ColumnReference Database="[tfdc54403141a4ea899e7e961e16895f6_MLUSID2015Prod]" Schema="[dbo]" Table="[InsurancePolicyActivityTransactionAssociation]" Alias="[_E6]" Column="UDPreCalcPayoutRate"/></DefinedValue><DefinedValue><ColumnReference Database="[tfdc54403141a4ea899e7e961e16895f6_MLUSID2015Prod]" Schema="[dbo]" Table="[InsurancePolicyActivityTransactionAssociation]" Alias="[_E6]" Column="UDTransCode"/></DefinedValue></DefinedValues><Object Database="[tfdc54403141a4ea899e7e961e16895f6_MLUSID2015Prod]" Schema="[dbo]" Table="[InsurancePolicyActivityTransactionAssociation]" Index="[InsurancePolicyActivityTransactionAssociation_pkey]" Alias="[_E6]" IndexKind="Clustered" Storage="RowStore"/><Predicate><ScalarOperator ScalarString="PROBE([Bitmap1066],[tfdc54403141a4ea899e7e961e16895f6_MLUSID2015Prod].[dbo].[InsurancePolicyActivityTransactionAssociation].[SequenceNum] as [_E6].[SequenceNum])"><Intrinsic FunctionName="PROBE"><ScalarOperator><Identifier><ColumnReference Column="Bitmap1066"/></Identifier></ScalarOperator><ScalarOperator><Identifier><ColumnReference Database="[tfdc54403141a4ea899e7e961e16895f6_MLUSID2015Prod]" Schema="[dbo]" Table="[InsurancePolicyActivityTransactionAssociation]" Alias="[_E6]" Column="SequenceNum"/></Identifier></ScalarOperator></Intrinsic></ScalarOperator></Predicate></IndexScan></RelOp></Parallelism></RelOp></ComputeScalar></RelOp></Hash></RelOp></Parallelism></RelOp></Hash></RelOp></Parallelism></RelOp></Hash></RelOp></Hash></RelOp></Hash></RelOp></Hash></RelOp></Parallelism></RelOp></Hash></RelOp></Hash></RelOp><RelOp NodeId="95" PhysicalOp="Clustered Index Seek" LogicalOp="Clustered Index Seek" EstimateRows="1" EstimateIO="0.003125" EstimateCPU="0.0001581" AvgRowSize="256" EstimatedTotalSubtreeCost="10.0734" TableCardinality="1.13748e+007" Parallel="1" EstimateRebinds="3103.54" EstimateRewinds="0" EstimatedExecutionMode="Row"><OutputList><ColumnReference Database="[tfdc54403141a4ea899e7e961e16895f6_MLUSID2015Prod]" Schema="[dbo]" Table="[InsurancePolicyActivityTransaction]" Alias="[_E7]" Column="PolicyNumber"/><ColumnReference Database="[tfdc54403141a4ea899e7e961e16895f6_MLUSID2015Prod]" Schema="[dbo]" Table="[InsurancePolicyActivityTransaction]" Alias="[_E7]" Column="ProdManufacturerCd"/><ColumnReference Database="[tfdc54403141a4ea899e7e961e16895f6_MLUSID2015Prod]" Schema="[dbo]" Table="[InsurancePolicyActivityTransaction]" Alias="[_E7]" Column="CommPremAmt"/><ColumnReference Database="[tfdc54403141a4ea899e7e961e16895f6_MLUSID2015Prod]" Schema="[dbo]" Table="[InsurancePolicyActivityTransaction]" Alias="[_E7]" Column="PolicyPremDueDate"/><ColumnReference Database="[tfdc54403141a4ea899e7e961e16895f6_MLUSID2015Prod]" Schema="[dbo]" Table="[InsurancePolicyActivityTransaction]" Alias="[_E7]" Column="UDInsuredFullName"/><ColumnReference Database="[tfdc54403141a4ea899e7e961e16895f6_MLUSID2015Prod]" Schema="[dbo]" Table="[InsurancePolicyActivityTransaction]" Alias="[_E7]" Column="UDPolicySuffix"/></OutputList><IndexScan Ordered="1" ScanDirection="FORWARD" ForcedIndex="0" ForceSeek="0" ForceScan="0" NoExpandHint="0" Storage="RowStore"><DefinedValues><DefinedValue><ColumnReference Database="[tfdc54403141a4ea899e7e961e16895f6_MLUSID2015Prod]" Schema="[dbo]" Table="[InsurancePolicyActivityTransaction]" Alias="[_E7]" Column="PolicyNumber"/></DefinedValue><DefinedValue><ColumnReference Database="[tfdc54403141a4ea899e7e961e16895f6_MLUSID2015Prod]" Schema="[dbo]" Table="[InsurancePolicyActivityTransaction]" Alias="[_E7]" Column="ProdManufacturerCd"/></DefinedValue><DefinedValue><ColumnReference Database="[tfdc54403141a4ea899e7e961e16895f6_MLUSID2015Prod]" Schema="[dbo]" Table="[InsurancePolicyActivityTransaction]" Alias="[_E7]" Column="CommPremAmt"/></DefinedValue><DefinedValue><ColumnReference Database="[tfdc54403141a4ea899e7e961e16895f6_MLUSID2015Prod]" Schema="[dbo]" Table="[InsurancePolicyActivityTransaction]" Alias="[_E7]" Column="PolicyPremDueDate"/></DefinedValue><DefinedValue><ColumnReference Database="[tfdc54403141a4ea899e7e961e16895f6_MLUSID2015Prod]" Schema="[dbo]" Table="[InsurancePolicyActivityTransaction]" Alias="[_E7]" Column="UDInsuredFullName"/></DefinedValue><DefinedValue><ColumnReference Database="[tfdc54403141a4ea899e7e961e16895f6_MLUSID2015Prod]" Schema="[dbo]" Table="[InsurancePolicyActivityTransaction]" Alias="[_E7]" Column="UDPolicySuffix"/></DefinedValue></DefinedValues><Object Database="[tfdc54403141a4ea899e7e961e16895f6_MLUSID2015Prod]" Schema="[dbo]" Table="[InsurancePolicyActivityTransaction]" Index="[InsurancePolicyActivityTransaction_pkey]" Alias="[_E7]" IndexKind="Clustered" Storage="RowStore"/><SeekPredicates><SeekPredicateNew><SeekKeys><Prefix ScanType="EQ"><RangeColumns><ColumnReference Database="[tfdc54403141a4ea899e7e961e16895f6_MLUSID2015Prod]" Schema="[dbo]" Table="[InsurancePolicyActivityTransaction]" Alias="[_E7]" Column="PolicyActivtyTransID"/></RangeColumns><RangeExpressions><ScalarOperator ScalarString="[tfdc54403141a4ea899e7e961e16895f6_MLUSID2015Prod].[dbo].[InsurancePolicyActivityTransactionAssociation].[PolicyActivityTransID] as [_E6].[PolicyActivityTransID]"><Identifier><ColumnReference Database="[tfdc54403141a4ea899e7e961e16895f6_MLUSID2015Prod]" Schema="[dbo]" Table="[InsurancePolicyActivityTransactionAssociation]" Alias="[_E6]" Column="PolicyActivityTransID"/></Identifier></ScalarOperator></RangeExpressions></Prefix></SeekKeys></SeekPredicateNew></SeekPredicates><Predicate><ScalarOperator ScalarString="[tfdc54403141a4ea899e7e961e16895f6_MLUSID2015Prod].[dbo].[InsurancePolicyActivityTransaction].[PolicyNumber] as [_E7].[PolicyNumber]=N'08264604'"><Compare CompareOp="EQ"><ScalarOperator><Identifier><ColumnReference Database="[tfdc54403141a4ea899e7e961e16895f6_MLUSID2015Prod]" Schema="[dbo]" Table="[InsurancePolicyActivityTransaction]" Alias="[_E7]" Column="PolicyNumber"/></Identifier></ScalarOperator><ScalarOperator><Const ConstValue="N'08264604'"/></ScalarOperator></Compare></ScalarOperator></Predicate></IndexScan></RelOp></NestedLoops></RelOp></ComputeScalar></RelOp><RelOp NodeId="109" PhysicalOp="Clustered Index Seek" LogicalOp="Clustered Index Seek" EstimateRows="1" EstimateIO="0.003125" EstimateCPU="0.0001581" AvgRowSize="14" EstimatedTotalSubtreeCost="0.00423008" TableCardinality="74" Parallel="1" EstimateRebinds="5.98977" EstimateRewinds="0" EstimatedExecutionMode="Row"><OutputList/><IndexScan Ordered="1" ScanDirection="FORWARD" ForcedIndex="0" ForceSeek="0" ForceScan="0" NoExpandHint="0" Storage="RowStore"><DefinedValues/><Object Database="[tfdc54403141a4ea899e7e961e16895f6_MLUSID2015Prod]" Schema="[dbo]" Table="[valAttribute]" Index="[valAttribute_pkey]" Alias="[_I1]" TableReferenceId="2" IndexKind="Clustered" Storage="RowStore"/><SeekPredicates><SeekPredicateNew><SeekKeys><Prefix ScanType="EQ"><RangeColumns><ColumnReference Database="[tfdc54403141a4ea899e7e961e16895f6_MLUSID2015Prod]" Schema="[dbo]" Table="[valAttribute]" Alias="[_I1]" Column="AttributeId"/></RangeColumns><RangeExpressions><ScalarOperator ScalarString="[tfdc54403141a4ea899e7e961e16895f6_MLUSID2015Prod].[dbo].[_Result231].[AttributeId] as [_Result231].[AttributeId]"><Identifier><ColumnReference Database="[tfdc54403141a4ea899e7e961e16895f6_MLUSID2015Prod]" Schema="[dbo]" Table="[_Result231]" Alias="[_Result231]" Column="AttributeId"/></Identifier></ScalarOperator></RangeExpressions></Prefix></SeekKeys></SeekPredicateNew></SeekPredicates><Predicate><ScalarOperator ScalarString="[tfdc54403141a4ea899e7e961e16895f6_MLUSID2015Prod].[dbo].[valAttribute].[SecondaryProperty] as [_I1].[SecondaryProperty] IS NULL"><Compare CompareOp="IS"><ScalarOperator><Identifier><ColumnReference Database="[tfdc54403141a4ea899e7e961e16895f6_MLUSID2015Prod]" Schema="[dbo]" Table="[valAttribute]" Alias="[_I1]" Column="SecondaryProperty"/></Identifier></ScalarOperator><ScalarOperator><Const ConstValue="NULL"/></ScalarOperator></Compare></ScalarOperator></Predicate></IndexScan></RelOp></NestedLoops></RelOp><RelOp NodeId="110" PhysicalOp="Clustered Index Seek" LogicalOp="Clustered Index Seek" EstimateRows="1" EstimateIO="0.003125" EstimateCPU="0.0001581" AvgRowSize="10" EstimatedTotalSubtreeCost="0.0032831" TableCardinality="18" Parallel="1" EstimateRebinds="0" EstimateRewinds="0" EstimatedExecutionMode="Row"><OutputList><ColumnReference Database="[tfdc54403141a4ea899e7e961e16895f6_MLUSID2015Prod]" Schema="[dbo]" Table="[cfgSystemParameter]" Alias="[_E1]" Column="DateValue"/></OutputList><IndexScan Ordered="1" ScanDirection="FORWARD" ForcedIndex="0" ForceSeek="0" ForceScan="0" NoExpandHint="0" Storage="RowStore"><DefinedValues><DefinedValue><ColumnReference Database="[tfdc54403141a4ea899e7e961e16895f6_MLUSID2015Prod]" Schema="[dbo]" Table="[cfgSystemParameter]" Alias="[_E1]" Column="DateValue"/></DefinedValue></DefinedValues><Object Database="[tfdc54403141a4ea899e7e961e16895f6_MLUSID2015Prod]" Schema="[dbo]" Table="[cfgSystemParameter]" Index="[cfgSystemParameter_pkey]" Alias="[_E1]" IndexKind="Clustered" Storage="RowStore"/><SeekPredicates><SeekPredicateNew><SeekKeys><Prefix ScanType="EQ"><RangeColumns><ColumnReference Database="[tfdc54403141a4ea899e7e961e16895f6_MLUSID2015Prod]" Schema="[dbo]" Table="[cfgSystemParameter]" Alias="[_E1]" Column="ValueID"/></RangeColumns><RangeExpressions><ScalarOperator ScalarString="N'TODAYDATE'"><Const ConstValue="N'TODAYDATE'"/></ScalarOperator></RangeExpressions></Prefix></SeekKeys></SeekPredicateNew></SeekPredicates></IndexScan></RelOp></NestedLoops></RelOp></Sort></RelOp><RelOp NodeId="112" PhysicalOp="Compute Scalar" LogicalOp="Compute Scalar" EstimateRows="1" EstimateIO="0" EstimateCPU="1e-007" AvgRowSize="111" EstimatedTotalSubtreeCost="0.0032832" Parallel="1" EstimateRebinds="0" EstimateRewinds="0" EstimatedExecutionMode="Row"><OutputList><ColumnReference Column="Expr1052"/></OutputList><ComputeScalar><DefinedValues><DefinedValue><ColumnReference Column="Expr1052"/><ScalarOperator ScalarString="[tfdc54403141a4ea899e7e961e16895f6_MLUSID2015Prod].[dbo].[valManufacturerCode].[ManufacturerDesc] as [_E8].[ManufacturerDesc]"><Identifier><ColumnReference Database="[tfdc54403141a4ea899e7e961e16895f6_MLUSID2015Prod]" Schema="[dbo]" Table="[valManufacturerCode]" Alias="[_E8]" Column="ManufacturerDesc"/></Identifier></ScalarOperator></DefinedValue></DefinedValues><RelOp NodeId="113" PhysicalOp="Clustered Index Seek" LogicalOp="Clustered Index Seek" EstimateRows="1" EstimateIO="0.003125" EstimateCPU="0.0001581" AvgRowSize="111" EstimatedTotalSubtreeCost="0.0032831" TableCardinality="50" Parallel="1" EstimateRebinds="0" EstimateRewinds="0" EstimatedExecutionMode="Row"><OutputList><ColumnReference Database="[tfdc54403141a4ea899e7e961e16895f6_MLUSID2015Prod]" Schema="[dbo]" Table="[valManufacturerCode]" Alias="[_E8]" Column="ManufacturerDesc"/></OutputList><IndexScan Ordered="1" ScanDirection="FORWARD" ForcedIndex="0" ForceSeek="0" ForceScan="0" NoExpandHint="0" Storage="RowStore"><DefinedValues><DefinedValue><ColumnReference Database="[tfdc54403141a4ea899e7e961e16895f6_MLUSID2015Prod]" Schema="[dbo]" Table="[valManufacturerCode]" Alias="[_E8]" Column="ManufacturerDesc"/></DefinedValue></DefinedValues><Object Database="[tfdc54403141a4ea899e7e961e16895f6_MLUSID2015Prod]" Schema="[dbo]" Table="[valManufacturerCode]" Index="[valManufacturerCode_pkey]" Alias="[_E8]" IndexKind="Clustered" Storage="RowStore"/><SeekPredicates><SeekPredicateNew><SeekKeys><Prefix ScanType="EQ"><RangeColumns><ColumnReference Database="[tfdc54403141a4ea899e7e961e16895f6_MLUSID2015Prod]" Schema="[dbo]" Table="[valManufacturerCode]" Alias="[_E8]" Column="ManufacturerID"/></RangeColumns><RangeExpressions><ScalarOperator ScalarString="[tfdc54403141a4ea899e7e961e16895f6_MLUSID2015Prod].[dbo].[InsurancePolicyActivityTransaction].[ProdManufacturerCd] as [_E7].[ProdManufacturerCd]"><Identifier><ColumnReference Database="[tfdc54403141a4ea899e7e961e16895f6_MLUSID2015Prod]" Schema="[dbo]" Table="[InsurancePolicyActivityTransaction]" Alias="[_E7]" Column="ProdManufacturerCd"/></Identifier></ScalarOperator></RangeExpressions></Prefix></SeekKeys></SeekPredicateNew></SeekPredicates></IndexScan></RelOp></ComputeScalar></RelOp></NestedLoops></RelOp></Parallelism></RelOp></Segment></RelOp></SequenceProject></RelOp></Top></RelOp><Predicate><ScalarOperator ScalarString="[Expr1059]&gt;=(1) AND [Expr1059]&lt;(101)"><Logical Operation="AND"><ScalarOperator><Compare CompareOp="GE"><ScalarOperator><Identifier><ColumnReference Column="Expr1059"/></Identifier></ScalarOperator><ScalarOperator><Const ConstValue="(1)"/></ScalarOperator></Compare></ScalarOperator><ScalarOperator><Compare CompareOp="LT"><ScalarOperator><Identifier><ColumnReference Column="Expr1059"/></Identifier></ScalarOperator><ScalarOperator><Const ConstValue="(101)"/></ScalarOperator></Compare></ScalarOperator></Logical></ScalarOperator></Predicate></Filter></RelOp></QueryPlan></StmtSimple></Statements></Batch></BatchSequence></ShowPlanXML>