<ShowPlanXML xmlns="http://schemas.microsoft.com/sqlserver/2004/07/showplan" Version="1.480" Build="12.0.6108.1"><BatchSequence><Batch><Statements><StmtSimple StatementText="WITH [_Target] (&#x0D;&#x0A;[_ResultID], [Party], [ProductGroup], [ProductGroup2], [ProductGroup3], [ProductGroup4], [ProductGroup5], [ProductGroup6], [ProductGroup7], [Attribute], [Months], [Value]) AS (&#x0D;&#x0A; SELECT [_ResultID], [Party], [ProductGroup], [ProductGroup2], [ProductGroup3], [ProductGroup4], [ProductGroup5], [ProductGroup6], [ProductGroup7], [Attribute], [Months], [Value] FROM [_Result817] WHERE (((([_Result817].[Months]=N'2021, Month 01') OR ([_Result817].[Months]=N'2021, Month 02') OR ([_Result817].[Months]=N'2021, Month 03') OR ([_Result817].[Months]=N'2021, Month 04') OR ([_Result817].[Months]=N'2021, Month 05') OR ([_Result817].[Months]=N'2021, Month 06') OR ([_Result817].[Months]=N'2021, Month 07') OR ([_Result817].[Months]=N'2021, Month 08') OR ([_Result817].[Months]=N'2021, Month 09') OR ([_Result817].[Months]=N'2021, Month 10') OR ([_Result817].[Months]=N'2021, Month 11') OR ([_Result817].[Months]=N'2021, Month 12')))))&#x0D;&#x0A;MERGE [_Target] AS [_Result817] USING ( SELECT CAST(0 AS INT) [_ResultID], [_Result812].[_Column0] [Party], [_Result812].[_Column1] [ProductGroup], [_Result812].[_Column2] [ProductGroup2], [_Result812].[_Column3] [ProductGroup3], [_Result812].[_Column4] [ProductGroup4], [_Result812].[_Column5] [ProductGroup5], [_Result812].[_Column6] [ProductGroup6], [_Result812].[_Column7] [ProductGroup7], [_LookupAlias1].[_Column33] [Attribute], [_Time].[Name_] [Months], CASE WHEN dbo.[pmax]([pd]::[c]([_LookupAlias0].[_Column24])) IS NULL THEN NULL ELSE dbo.[pif](dbo.[psum]([pd]::[c]([_Result812].[_Column9])), '=', [pd]::[c](0.00000000000000),[pd]::[c](0.00000000000000),dbo.[div](dbo.[pmax]([pd]::[c]([_LookupAlias0].[_Column24])), dbo.[psum]([pd]::[c]([_Result812].[_Column9])))) END.ToDecimal() [Value] FROM ( SELECT [_Result812].[Party] [_Column0], [_Result812].[ProductGroup] [_Column1], [_Result812].[ProductGroup2] [_Column2], [_Result812].[ProductGroup3] [_Column3], [_Result812].[ProductGroup4] [_Column4], [_Result812].[ProductGroup5] [_Column5], [_Result812].[ProductGroup6] [_Column6], [_Result812].[ProductGroup7] [_Column7], [_Result812].[Months] [_Column8], [_Result812].[Value] [_Column9], [_Result812].[Attribute] [_Column10], [_TableAlias1].[Component] [_Column11], [_TableAlias1].[AccumulationType] [_Column12], [_TableAlias1].[NumericType] [_Column13], [_TableAlias1].[DataStream] [_Column14] FROM ( SELECT [_Result812].[Party], [_Result812].[ProductGroup], [_Result812].[ProductGroup2], [_Result812].[ProductGroup3], [_Result812].[ProductGroup4], [_Result812].[ProductGroup5], [_Result812].[ProductGroup6], [_Result812].[ProductGroup7], [_Result812].[Attribute], [_Result812].[Months], [_Result812].[Value] FROM ( SELECT * FROM [_Result812] [_Result812] WHERE (((([_Result812].[Months] IS NOT NULL) AND ([_Result812].[Months]=N'2021, Month 01')) OR (([_Result812].[Months] IS NOT NULL) AND ([_Result812].[Months]=N'2021, Month 02')) OR (([_Result812].[Months] IS NOT NULL) AND ([_Result812].[Months]=N'2021, Month 03')) OR (([_Result812].[Months] IS NOT NULL) AND ([_Result812].[Months]=N'2021, Month 04')) OR (([_Result812].[Months] IS NOT NULL) AND ([_Result812].[Months]=N'2021, Month 05')) OR (([_Result812].[Months] IS NOT NULL) AND ([_Result812].[Months]=N'2021, Month 06')) OR (([_Result812].[Months] IS NOT NULL) AND ([_Result812].[Months]=N'2021, Month 07')) OR (([_Result812].[Months] IS NOT NULL) AND ([_Result812].[Months]=N'2021, Month 08')) OR (([_Result812].[Months] IS NOT NULL) AND ([_Result812].[Months]=N'2021, Month 09')) OR (([_Result812].[Months] IS NOT NULL) AND ([_Result812].[Months]=N'2021, Month 10')) OR (([_Result812].[Months] IS NOT NULL) AND ([_Result812].[Months]=N'2021, Month 11')) OR (([_Result812].[Months] IS NOT NULL) AND ([_Result812].[Months]=N'2021, Month 12'))))) [_Result812] UNION ALL  SELECT [_Result812].[Party], [_Result812].[ProductGroup], [_Result812].[ProductGroup2], [_Result812].[ProductGroup3], [_Result812].[ProductGroup4], [_Result812].[ProductGroup5], [_Result812].[ProductGroup6], [_R" StatementId="1" StatementCompId="1" StatementType="MERGE" RetrievedFromCache="true" StatementSubTreeCost="13199.5" StatementEstRows="159254" StatementOptmLevel="FULL" QueryHash="0xB5C6E902B65B2814" QueryPlanHash="0xBB3581237AE88E50" CardinalityEstimationModelVersion="70"><StatementSetOptions QUOTED_IDENTIFIER="true" ARITHABORT="false" CONCAT_NULL_YIELDS_NULL="true" ANSI_NULLS="true" ANSI_PADDING="true" ANSI_WARNINGS="true" NUMERIC_ROUNDABORT="false"/><QueryPlan CachedPlanSize="848" CompileTime="3280" CompileCPU="1178" CompileMemory="14528"><ThreadStat Branches="9"/><MemoryGrantInfo SerialRequiredMemory="6144" SerialDesiredMemory="47455384"/><OptimizerHardwareDependentProperties EstimatedAvailableMemoryGrant="1048192" EstimatedPagesCached="1572288" EstimatedAvailableDegreeOfParallelism="6" MaxCompileMemory="8869936"/><RelOp NodeId="1" PhysicalOp="Clustered Index Merge" LogicalOp="Merge" EstimateRows="159254" EstimateIO="2727.84" EstimateCPU="0.159254" AvgRowSize="9" EstimatedTotalSubtreeCost="13199.5" Parallel="0" Partitioned="1" EstimateRebinds="0" EstimateRewinds="0" EstimatedExecutionMode="Row"><OutputList/><Update DMLRequestSort="1"><Object Database="[tb7e90c475b95463bb3e0c7f022c47a08_WawanesaProd]" Schema="[dbo]" Table="[_Result817]" Index="[_Result817_pkey]" IndexKind="Clustered" Storage="RowStore"/><SetPredicate SetPredicateType="Insert"><ScalarOperator ScalarString="[tb7e90c475b95463bb3e0c7f022c47a08_WawanesaProd].[dbo].[_Result817].[Party] = RaiseIfNullUpdate([Expr1059]),[tb7e90c475b95463bb3e0c7f022c47a08_WawanesaProd].[dbo].[_Result817].[_ResultID] = [Expr1060],[tb7e90c475b95463bb3e0c7f022c47a08_WawanesaProd].[dbo].[_Result817].[Months] = RaiseIfNullUpdate([Expr1061]),[tb7e90c475b95463bb3e0c7f022c47a08_WawanesaProd].[dbo].[_Result817].[ProductGroup7] = RaiseIfNullUpdate([Expr1062]),[tb7e90c475b95463bb3e0c7f022c47a08_WawanesaProd].[dbo].[_Result817].[ProductGroup6] = RaiseIfNullUpdate([Expr1063]),[tb7e90c475b95463bb3e0c7f022c47a08_WawanesaProd].[dbo].[_Result817].[ProductGroup5] = RaiseIfNullUpdate([Expr1064]),[tb7e90c475b95463bb3e0c7f022c47a08_WawanesaProd].[dbo].[_Result817].[ProductGroup4] = RaiseIfNullUpdate([Expr1065]),[tb7e90c475b95463bb3e0c7f022c47a08_WawanesaProd].[dbo].[_Result817].[ProductGroup3] = RaiseIfNullUpdate([Expr1066]),[tb7e90c475b95463bb3e0c7f022c47a08_WawanesaProd].[dbo].[_Result817].[ProductGroup2] = RaiseIfNullUpdate([Expr1067]),[tb7e90c475b95463bb3e0c7f022c47a08_WawanesaProd].[dbo].[_Result817].[Value] = RaiseIfNullUpdate([Expr1068]),[tb7e90c475b95463bb3e0c7f022c47a08_WawanesaProd].[dbo].[_Result817].[Attribute] = RaiseIfNullUpdate([Expr1069]),[tb7e90c475b95463bb3e0c7f022c47a08_WawanesaProd].[dbo].[_Result817].[ProductGroup] = RaiseIfNullUpdate([Expr1070]),[PtnId1071] = [Expr1086]"><ScalarExpressionList><ScalarOperator><MultipleAssign><Assign><ColumnReference Database="[tb7e90c475b95463bb3e0c7f022c47a08_WawanesaProd]" Schema="[dbo]" Table="[_Result817]" Column="Party"/><ScalarOperator><Intrinsic FunctionName="RaiseIfNullUpdate"><ScalarOperator><Identifier><ColumnReference Column="Expr1059"/></Identifier></ScalarOperator></Intrinsic></ScalarOperator></Assign><Assign><ColumnReference Database="[tb7e90c475b95463bb3e0c7f022c47a08_WawanesaProd]" Schema="[dbo]" Table="[_Result817]" Column="_ResultID"/><ScalarOperator><Identifier><ColumnReference Column="Expr1060"/></Identifier></ScalarOperator></Assign><Assign><ColumnReference Database="[tb7e90c475b95463bb3e0c7f022c47a08_WawanesaProd]" Schema="[dbo]" Table="[_Result817]" Column="Months"/><ScalarOperator><Intrinsic FunctionName="RaiseIfNullUpdate"><ScalarOperator><Identifier><ColumnReference Column="Expr1061"/></Identifier></ScalarOperator></Intrinsic></ScalarOperator></Assign><Assign><ColumnReference Database="[tb7e90c475b95463bb3e0c7f022c47a08_WawanesaProd]" Schema="[dbo]" Table="[_Result817]" Column="ProductGroup7"/><ScalarOperator><Intrinsic FunctionName="RaiseIfNullUpdate"><ScalarOperator><Identifier><ColumnReference Column="Expr1062"/></Identifier></ScalarOperator></Intrinsic></ScalarOperator></Assign><Assign><ColumnReference Database="[tb7e90c475b95463bb3e0c7f022c47a08_WawanesaProd]" Schema="[dbo]" Table="[_Result817]" Column="ProductGroup6"/><ScalarOperator><Intrinsic FunctionName="RaiseIfNullUpdate"><ScalarOperator><Identifier><ColumnReference Column="Expr1063"/></Identifier></ScalarOperator></Intrinsic></ScalarOperator></Assign><Assign><ColumnReference Database="[tb7e90c475b95463bb3e0c7f022c47a08_WawanesaProd]" Schema="[dbo]" Table="[_Result817]" Column="ProductGroup5"/><ScalarOperator><Intrinsic FunctionName="RaiseIfNullUpdate"><ScalarOperator><Identifier><ColumnReference Column="Expr1064"/></Identifier></ScalarOperator></Intrinsic></ScalarOperator></Assign><Assign><ColumnReference Database="[tb7e90c475b95463bb3e0c7f022c47a08_WawanesaProd]" Schema="[dbo]" Table="[_Result817]" Column="ProductGroup4"/><ScalarOperator><Intrinsic FunctionName="RaiseIfNullUpdate"><ScalarOperator><Identifier><ColumnReference Column="Expr1065"/></Identifier></ScalarOperator></Intrinsic></ScalarOperator></Assign><Assign><ColumnReference Database="[tb7e90c475b95463bb3e0c7f022c47a08_WawanesaProd]" Schema="[dbo]" Table="[_Result817]" Column="ProductGroup3"/><ScalarOperator><Intrinsic FunctionName="RaiseIfNullUpdate"><ScalarOperator><Identifier><ColumnReference Column="Expr1066"/></Identifier></ScalarOperator></Intrinsic></ScalarOperator></Assign><Assign><ColumnReference Database="[tb7e90c475b95463bb3e0c7f022c47a08_WawanesaProd]" Schema="[dbo]" Table="[_Result817]" Column="ProductGroup2"/><ScalarOperator><Intrinsic FunctionName="RaiseIfNullUpdate"><ScalarOperator><Identifier><ColumnReference Column="Expr1067"/></Identifier></ScalarOperator></Intrinsic></ScalarOperator></Assign><Assign><ColumnReference Database="[tb7e90c475b95463bb3e0c7f022c47a08_WawanesaProd]" Schema="[dbo]" Table="[_Result817]" Column="Value"/><ScalarOperator><Intrinsic FunctionName="RaiseIfNullUpdate"><ScalarOperator><Identifier><ColumnReference Column="Expr1068"/></Identifier></ScalarOperator></Intrinsic></ScalarOperator></Assign><Assign><ColumnReference Database="[tb7e90c475b95463bb3e0c7f022c47a08_WawanesaProd]" Schema="[dbo]" Table="[_Result817]" Column="Attribute"/><ScalarOperator><Intrinsic FunctionName="RaiseIfNullUpdate"><ScalarOperator><Identifier><ColumnReference Column="Expr1069"/></Identifier></ScalarOperator></Intrinsic></ScalarOperator></Assign><Assign><ColumnReference Database="[tb7e90c475b95463bb3e0c7f022c47a08_WawanesaProd]" Schema="[dbo]" Table="[_Result817]" Column="ProductGroup"/><ScalarOperator><Intrinsic FunctionName="RaiseIfNullUpdate"><ScalarOperator><Identifier><ColumnReference Column="Expr1070"/></Identifier></ScalarOperator></Intrinsic></ScalarOperator></Assign><Assign><ColumnReference Column="PtnId1071" ComputedColumn="1"/><ScalarOperator><Identifier><ColumnReference Column="Expr1086"/></Identifier></ScalarOperator></Assign></MultipleAssign></ScalarOperator></ScalarExpressionList></ScalarOperator></SetPredicate><SetPredicate SetPredicateType="Update"><ScalarOperator ScalarString="[tb7e90c475b95463bb3e0c7f022c47a08_WawanesaProd].[dbo].[_Result817].[Value] = RaiseIfNullUpdate([Expr1068])"><ScalarExpressionList><ScalarOperator><MultipleAssign><Assign><ColumnReference Database="[tb7e90c475b95463bb3e0c7f022c47a08_WawanesaProd]" Schema="[dbo]" Table="[_Result817]" Column="Value"/><ScalarOperator><Intrinsic FunctionName="RaiseIfNullUpdate"><ScalarOperator><Identifier><ColumnReference Column="Expr1068"/></Identifier></ScalarOperator></Intrinsic></ScalarOperator></Assign></MultipleAssign></ScalarOperator></ScalarExpressionList></ScalarOperator></SetPredicate><ActionColumn><ColumnReference Column="Action1058"/></ActionColumn><RelOp NodeId="2" PhysicalOp="Parallelism" LogicalOp="Gather Streams" EstimateRows="159254" EstimateIO="0" EstimateCPU="3.34847" AvgRowSize="1254" EstimatedTotalSubtreeCost="10471.5" Parallel="1" EstimateRebinds="0" EstimateRewinds="0" EstimatedExecutionMode="Row"><OutputList><ColumnReference Column="PtnId1042" ComputedColumn="1"/><ColumnReference Database="[tb7e90c475b95463bb3e0c7f022c47a08_WawanesaProd]" Schema="[dbo]" Table="[_Result817]" Column="Party"/><ColumnReference Database="[tb7e90c475b95463bb3e0c7f022c47a08_WawanesaProd]" Schema="[dbo]" Table="[_Result817]" Column="ProductGroup"/><ColumnReference Database="[tb7e90c475b95463bb3e0c7f022c47a08_WawanesaProd]" Schema="[dbo]" Table="[_Result817]" Column="ProductGroup2"/><ColumnReference Database="[tb7e90c475b95463bb3e0c7f022c47a08_WawanesaProd]" Schema="[dbo]" Table="[_Result817]" Column="ProductGroup3"/><ColumnReference Database="[tb7e90c475b95463bb3e0c7f022c47a08_WawanesaProd]" Schema="[dbo]" Table="[_Result817]" Column="ProductGroup4"/><ColumnReference Database="[tb7e90c475b95463bb3e0c7f022c47a08_WawanesaProd]" Schema="[dbo]" Table="[_Result817]" Column="ProductGroup5"/><ColumnReference Database="[tb7e90c475b95463bb3e0c7f022c47a08_WawanesaProd]" Schema="[dbo]" Table="[_Result817]" Column="ProductGroup6"/><ColumnReference Database="[tb7e90c475b95463bb3e0c7f022c47a08_WawanesaProd]" Schema="[dbo]" Table="[_Result817]" Column="ProductGroup7"/><ColumnReference Database="[tb7e90c475b95463bb3e0c7f022c47a08_WawanesaProd]" Schema="[dbo]" Table="[_Result817]" Column="Attribute"/><ColumnReference Database="[tb7e90c475b95463bb3e0c7f022c47a08_WawanesaProd]" Schema="[dbo]" Table="[_Result817]" Column="Months"/><ColumnReference Column="Action1058"/><ColumnReference Column="Expr1059"/><ColumnReference Column="Expr1060"/><ColumnReference Column="Expr1061"/><ColumnReference Column="Expr1062"/><ColumnReference Column="Expr1063"/><ColumnReference Column="Expr1064"/><ColumnReference Column="Expr1065"/><ColumnReference Column="Expr1066"/><ColumnReference Column="Expr1067"/><ColumnReference Column="Expr1068"/><ColumnReference Column="Expr1069"/><ColumnReference Column="Expr1070"/><ColumnReference Column="Expr1086"/></OutputList><Parallelism><OrderBy><OrderByColumn Ascending="1"><ColumnReference Column="Expr1086"/></OrderByColumn><OrderByColumn Ascending="1"><ColumnReference Column="Expr1059"/></OrderByColumn><OrderByColumn Ascending="1"><ColumnReference Column="Expr1070"/></OrderByColumn><OrderByColumn Ascending="1"><ColumnReference Column="Expr1067"/></OrderByColumn><OrderByColumn Ascending="1"><ColumnReference Column="Expr1066"/></OrderByColumn><OrderByColumn Ascending="1"><ColumnReference Column="Expr1065"/></OrderByColumn><OrderByColumn Ascending="1"><ColumnReference Column="Expr1064"/></OrderByColumn><OrderByColumn Ascending="1"><ColumnReference Column="Expr1063"/></OrderByColumn><OrderByColumn Ascending="1"><ColumnReference Column="Expr1062"/></OrderByColumn><OrderByColumn Ascending="1"><ColumnReference Column="Expr1069"/></OrderByColumn><OrderByColumn Ascending="1"><ColumnReference Column="Expr1061"/></OrderByColumn><OrderByColumn Ascending="1"><ColumnReference Column="Action1058"/></OrderByColumn></OrderBy><RelOp NodeId="3" PhysicalOp="Sort" LogicalOp="Sort" EstimateRows="159254" EstimateIO="0.00187688" EstimateCPU="2.10535" AvgRowSize="1254" EstimatedTotalSubtreeCost="10468.1" Parallel="1" EstimateRebinds="0" EstimateRewinds="0" EstimatedExecutionMode="Row"><OutputList><ColumnReference Column="PtnId1042" ComputedColumn="1"/><ColumnReference Database="[tb7e90c475b95463bb3e0c7f022c47a08_WawanesaProd]" Schema="[dbo]" Table="[_Result817]" Column="Party"/><ColumnReference Database="[tb7e90c475b95463bb3e0c7f022c47a08_WawanesaProd]" Schema="[dbo]" Table="[_Result817]" Column="ProductGroup"/><ColumnReference Database="[tb7e90c475b95463bb3e0c7f022c47a08_WawanesaProd]" Schema="[dbo]" Table="[_Result817]" Column="ProductGroup2"/><ColumnReference Database="[tb7e90c475b95463bb3e0c7f022c47a08_WawanesaProd]" Schema="[dbo]" Table="[_Result817]" Column="ProductGroup3"/><ColumnReference Database="[tb7e90c475b95463bb3e0c7f022c47a08_WawanesaProd]" Schema="[dbo]" Table="[_Result817]" Column="ProductGroup4"/><ColumnReference Database="[tb7e90c475b95463bb3e0c7f022c47a08_WawanesaProd]" Schema="[dbo]" Table="[_Result817]" Column="ProductGroup5"/><ColumnReference Database="[tb7e90c475b95463bb3e0c7f022c47a08_WawanesaProd]" Schema="[dbo]" Table="[_Result817]" Column="ProductGroup6"/><ColumnReference Database="[tb7e90c475b95463bb3e0c7f022c47a08_WawanesaProd]" Schema="[dbo]" Table="[_Result817]" Column="ProductGroup7"/><ColumnReference Database="[tb7e90c475b95463bb3e0c7f022c47a08_WawanesaProd]" Schema="[dbo]" Table="[_Result817]" Column="Attribute"/><ColumnReference Database="[tb7e90c475b95463bb3e0c7f022c47a08_WawanesaProd]" Schema="[dbo]" Table="[_Result817]" Column="Months"/><ColumnReference Column="Action1058"/><ColumnReference Column="Expr1059"/><ColumnReference Column="Expr1060"/><ColumnReference Column="Expr1061"/><ColumnReference Column="Expr1062"/><ColumnReference Column="Expr1063"/><ColumnReference Column="Expr1064"/><ColumnReference Column="Expr1065"/><ColumnReference Column="Expr1066"/><ColumnReference Column="Expr1067"/><ColumnReference Column="Expr1068"/><ColumnReference Column="Expr1069"/><ColumnReference Column="Expr1070"/><ColumnReference Column="Expr1086"/></OutputList><MemoryFractions Input="0.998413" Output="1"/><Sort Distinct="0"><OrderBy><OrderByColumn Ascending="1"><ColumnReference Column="Expr1086"/></OrderByColumn><OrderByColumn Ascending="1"><ColumnReference Column="Expr1059"/></OrderByColumn><OrderByColumn Ascending="1"><ColumnReference Column="Expr1070"/></OrderByColumn><OrderByColumn Ascending="1"><ColumnReference Column="Expr1067"/></OrderByColumn><OrderByColumn Ascending="1"><ColumnReference Column="Expr1066"/></OrderByColumn><OrderByColumn Ascending="1"><ColumnReference Column="Expr1065"/></OrderByColumn><OrderByColumn Ascending="1"><ColumnReference Column="Expr1064"/></OrderByColumn><OrderByColumn Ascending="1"><ColumnReference Column="Expr1063"/></OrderByColumn><OrderByColumn Ascending="1"><ColumnReference Column="Expr1062"/></OrderByColumn><OrderByColumn Ascending="1"><ColumnReference Column="Expr1069"/></OrderByColumn><OrderByColumn Ascending="1"><ColumnReference Column="Expr1061"/></OrderByColumn><OrderByColumn Ascending="1"><ColumnReference Column="Action1058"/></OrderByColumn></OrderBy><RelOp NodeId="4" PhysicalOp="Compute Scalar" LogicalOp="Compute Scalar" EstimateRows="159254" EstimateIO="0" EstimateCPU="0.00265423" AvgRowSize="1254" EstimatedTotalSubtreeCost="10466" Parallel="1" EstimateRebinds="0" EstimateRewinds="0" EstimatedExecutionMode="Row"><OutputList><ColumnReference Column="PtnId1042" ComputedColumn="1"/><ColumnReference Database="[tb7e90c475b95463bb3e0c7f022c47a08_WawanesaProd]" Schema="[dbo]" Table="[_Result817]" Column="Party"/><ColumnReference Database="[tb7e90c475b95463bb3e0c7f022c47a08_WawanesaProd]" Schema="[dbo]" Table="[_Result817]" Column="ProductGroup"/><ColumnReference Database="[tb7e90c475b95463bb3e0c7f022c47a08_WawanesaProd]" Schema="[dbo]" Table="[_Result817]" Column="ProductGroup2"/><ColumnReference Database="[tb7e90c475b95463bb3e0c7f022c47a08_WawanesaProd]" Schema="[dbo]" Table="[_Result817]" Column="ProductGroup3"/><ColumnReference Database="[tb7e90c475b95463bb3e0c7f022c47a08_WawanesaProd]" Schema="[dbo]" Table="[_Result817]" Column="ProductGroup4"/><ColumnReference Database="[tb7e90c475b95463bb3e0c7f022c47a08_WawanesaProd]" Schema="[dbo]" Table="[_Result817]" Column="ProductGroup5"/><ColumnReference Database="[tb7e90c475b95463bb3e0c7f022c47a08_WawanesaProd]" Schema="[dbo]" Table="[_Result817]" Column="ProductGroup6"/><ColumnReference Database="[tb7e90c475b95463bb3e0c7f022c47a08_WawanesaProd]" Schema="[dbo]" Table="[_Result817]" Column="ProductGroup7"/><ColumnReference Database="[tb7e90c475b95463bb3e0c7f022c47a08_WawanesaProd]" Schema="[dbo]" Table="[_Result817]" Column="Attribute"/><ColumnReference Database="[tb7e90c475b95463bb3e0c7f022c47a08_WawanesaProd]" Schema="[dbo]" Table="[_Result817]" Column="Months"/><ColumnReference Column="Action1058"/><ColumnReference Column="Expr1059"/><ColumnReference Column="Expr1060"/><ColumnReference Column="Expr1061"/><ColumnReference Column="Expr1062"/><ColumnReference Column="Expr1063"/><ColumnReference Column="Expr1064"/><ColumnReference Column="Expr1065"/><ColumnReference Column="Expr1066"/><ColumnReference Column="Expr1067"/><ColumnReference Column="Expr1068"/><ColumnReference Column="Expr1069"/><ColumnReference Column="Expr1070"/><ColumnReference Column="Expr1086"/></OutputList><ComputeScalar><DefinedValues><DefinedValue><ColumnReference Column="Expr1059"/><ScalarOperator ScalarString="CASE WHEN [Action1058]=(4) THEN [Expr1030] ELSE [tb7e90c475b95463bb3e0c7f022c47a08_WawanesaProd].[dbo].[_Result817].[Party] END"><IF><Condition><ScalarOperator><Compare CompareOp="EQ"><ScalarOperator><Identifier><ColumnReference Column="Action1058"/></Identifier></ScalarOperator><ScalarOperator><Const ConstValue="(4)"/></ScalarOperator></Compare></ScalarOperator></Condition><Then><ScalarOperator><Identifier><ColumnReference Column="Expr1030"/></Identifier></ScalarOperator></Then><Else><ScalarOperator><Identifier><ColumnReference Database="[tb7e90c475b95463bb3e0c7f022c47a08_WawanesaProd]" Schema="[dbo]" Table="[_Result817]" Column="Party"/></Identifier></ScalarOperator></Else></IF></ScalarOperator></DefinedValue><DefinedValue><ColumnReference Column="Expr1060"/><ScalarOperator ScalarString="CASE WHEN [Action1058]=(4) THEN (0) ELSE [tb7e90c475b95463bb3e0c7f022c47a08_WawanesaProd].[dbo].[_Result817].[_ResultID] END"><IF><Condition><ScalarOperator><Compare CompareOp="EQ"><ScalarOperator><Identifier><ColumnReference Column="Action1058"/></Identifier></ScalarOperator><ScalarOperator><Const ConstValue="(4)"/></ScalarOperator></Compare></ScalarOperator></Condition><Then><ScalarOperator><Const ConstValue="(0)"/></ScalarOperator></Then><Else><ScalarOperator><Identifier><ColumnReference Database="[tb7e90c475b95463bb3e0c7f022c47a08_WawanesaProd]" Schema="[dbo]" Table="[_Result817]" Column="_ResultID"/></Identifier></ScalarOperator></Else></IF></ScalarOperator></DefinedValue><DefinedValue><ColumnReference Column="Expr1061"/><ScalarOperator ScalarString="CASE WHEN [Action1058]=(4) THEN [Expr1039] ELSE [tb7e90c475b95463bb3e0c7f022c47a08_WawanesaProd].[dbo].[_Result817].[Months] END"><IF><Condition><ScalarOperator><Compare CompareOp="EQ"><ScalarOperator><Identifier><ColumnReference Column="Action1058"/></Identifier></ScalarOperator><ScalarOperator><Const ConstValue="(4)"/></ScalarOperator></Compare></ScalarOperator></Condition><Then><ScalarOperator><Identifier><ColumnReference Column="Expr1039"/></Identifier></ScalarOperator></Then><Else><ScalarOperator><Identifier><ColumnReference Database="[tb7e90c475b95463bb3e0c7f022c47a08_WawanesaProd]" Schema="[dbo]" Table="[_Result817]" Column="Months"/></Identifier></ScalarOperator></Else></IF></ScalarOperator></DefinedValue><DefinedValue><ColumnReference Column="Expr1062"/><ScalarOperator ScalarString="CASE WHEN [Action1058]=(4) THEN [Expr1037] ELSE [tb7e90c475b95463bb3e0c7f022c47a08_WawanesaProd].[dbo].[_Result817].[ProductGroup7] END"><IF><Condition><ScalarOperator><Compare CompareOp="EQ"><ScalarOperator><Identifier><ColumnReference Column="Action1058"/></Identifier></ScalarOperator><ScalarOperator><Const ConstValue="(4)"/></ScalarOperator></Compare></ScalarOperator></Condition><Then><ScalarOperator><Identifier><ColumnReference Column="Expr1037"/></Identifier></ScalarOperator></Then><Else><ScalarOperator><Identifier><ColumnReference Database="[tb7e90c475b95463bb3e0c7f022c47a08_WawanesaProd]" Schema="[dbo]" Table="[_Result817]" Column="ProductGroup7"/></Identifier></ScalarOperator></Else></IF></ScalarOperator></DefinedValue><DefinedValue><ColumnReference Column="Expr1063"/><ScalarOperator ScalarString="CASE WHEN [Action1058]=(4) THEN [Expr1036] ELSE [tb7e90c475b95463bb3e0c7f022c47a08_WawanesaProd].[dbo].[_Result817].[ProductGroup6] END"><IF><Condition><ScalarOperator><Compare CompareOp="EQ"><ScalarOperator><Identifier><ColumnReference Column="Action1058"/></Identifier></ScalarOperator><ScalarOperator><Const ConstValue="(4)"/></ScalarOperator></Compare></ScalarOperator></Condition><Then><ScalarOperator><Identifier><ColumnReference Column="Expr1036"/></Identifier></ScalarOperator></Then><Else><ScalarOperator><Identifier><ColumnReference Database="[tb7e90c475b95463bb3e0c7f022c47a08_WawanesaProd]" Schema="[dbo]" Table="[_Result817]" Column="ProductGroup6"/></Identifier></ScalarOperator></Else></IF></ScalarOperator></DefinedValue><DefinedValue><ColumnReference Column="Expr1064"/><ScalarOperator ScalarString="CASE WHEN [Action1058]=(4) THEN [Expr1035] ELSE [tb7e90c475b95463bb3e0c7f022c47a08_WawanesaProd].[dbo].[_Result817].[ProductGroup5] END"><IF><Condition><ScalarOperator><Compare CompareOp="EQ"><ScalarOperator><Identifier><ColumnReference Column="Action1058"/></Identifier></ScalarOperator><ScalarOperator><Const ConstValue="(4)"/></ScalarOperator></Compare></ScalarOperator></Condition><Then><ScalarOperator><Identifier><ColumnReference Column="Expr1035"/></Identifier></ScalarOperator></Then><Else><ScalarOperator><Identifier><ColumnReference Database="[tb7e90c475b95463bb3e0c7f022c47a08_WawanesaProd]" Schema="[dbo]" Table="[_Result817]" Column="ProductGroup5"/></Identifier></ScalarOperator></Else></IF></ScalarOperator></DefinedValue><DefinedValue><ColumnReference Column="Expr1065"/><ScalarOperator ScalarString="CASE WHEN [Action1058]=(4) THEN [Expr1034] ELSE [tb7e90c475b95463bb3e0c7f022c47a08_WawanesaProd].[dbo].[_Result817].[ProductGroup4] END"><IF><Condition><ScalarOperator><Compare CompareOp="EQ"><ScalarOperator><Identifier><ColumnReference Column="Action1058"/></Identifier></ScalarOperator><ScalarOperator><Const ConstValue="(4)"/></ScalarOperator></Compare></ScalarOperator></Condition><Then><ScalarOperator><Identifier><ColumnReference Column="Expr1034"/></Identifier></ScalarOperator></Then><Else><ScalarOperator><Identifier><ColumnReference Database="[tb7e90c475b95463bb3e0c7f022c47a08_WawanesaProd]" Schema="[dbo]" Table="[_Result817]" Column="ProductGroup4"/></Identifier></ScalarOperator></Else></IF></ScalarOperator></DefinedValue><DefinedValue><ColumnReference Column="Expr1066"/><ScalarOperator ScalarString="CASE WHEN [Action1058]=(4) THEN [Expr1033] ELSE [tb7e90c475b95463bb3e0c7f022c47a08_WawanesaProd].[dbo].[_Result817].[ProductGroup3] END"><IF><Condition><ScalarOperator><Compare CompareOp="EQ"><ScalarOperator><Identifier><ColumnReference Column="Action1058"/></Identifier></ScalarOperator><ScalarOperator><Const ConstValue="(4)"/></ScalarOperator></Compare></ScalarOperator></Condition><Then><ScalarOperator><Identifier><ColumnReference Column="Expr1033"/></Identifier></ScalarOperator></Then><Else><ScalarOperator><Identifier><ColumnReference Database="[tb7e90c475b95463bb3e0c7f022c47a08_WawanesaProd]" Schema="[dbo]" Table="[_Result817]" Column="ProductGroup3"/></Identifier></ScalarOperator></Else></IF></ScalarOperator></DefinedValue><DefinedValue><ColumnReference Column="Expr1067"/><ScalarOperator ScalarString="CASE WHEN [Action1058]=(4) THEN [Expr1032] ELSE [tb7e90c475b95463bb3e0c7f022c47a08_WawanesaProd].[dbo].[_Result817].[ProductGroup2] END"><IF><Condition><ScalarOperator><Compare CompareOp="EQ"><ScalarOperator><Identifier><ColumnReference Column="Action1058"/></Identifier></ScalarOperator><ScalarOperator><Const ConstValue="(4)"/></ScalarOperator></Compare></ScalarOperator></Condition><Then><ScalarOperator><Identifier><ColumnReference Column="Expr1032"/></Identifier></ScalarOperator></Then><Else><ScalarOperator><Identifier><ColumnReference Database="[tb7e90c475b95463bb3e0c7f022c47a08_WawanesaProd]" Schema="[dbo]" Table="[_Result817]" Column="ProductGroup2"/></Identifier></ScalarOperator></Else></IF></ScalarOperator></DefinedValue><DefinedValue><ColumnReference Column="Expr1068"/><ScalarOperator ScalarString="CASE WHEN [Action1058]=(1) THEN CONVERT_IMPLICIT(decimal(28,14),[Expr1040],0) ELSE CASE WHEN [Action1058]=(4) THEN CONVERT_IMPLICIT(decimal(28,14),[Expr1040],0) ELSE [tb7e90c475b95463bb3e0c7f022c47a08_WawanesaProd].[dbo].[_Result817].[Value] END END"><IF><Condition><ScalarOperator><Compare CompareOp="EQ"><ScalarOperator><Identifier><ColumnReference Column="Action1058"/></Identifier></ScalarOperator><ScalarOperator><Const ConstValue="(1)"/></ScalarOperator></Compare></ScalarOperator></Condition><Then><ScalarOperator><Convert DataType="decimal" Precision="28" Scale="14" Style="0" Implicit="1"><ScalarOperator><Identifier><ColumnReference Column="Expr1040"/></Identifier></ScalarOperator></Convert></ScalarOperator></Then><Else><ScalarOperator><IF><Condition><ScalarOperator><Compare CompareOp="EQ"><ScalarOperator><Identifier><ColumnReference Column="Action1058"/></Identifier></ScalarOperator><ScalarOperator><Const ConstValue="(4)"/></ScalarOperator></Compare></ScalarOperator></Condition><Then><ScalarOperator><Convert DataType="decimal" Precision="28" Scale="14" Style="0" Implicit="1"><ScalarOperator><Identifier><ColumnReference Column="Expr1040"/></Identifier></ScalarOperator></Convert></ScalarOperator></Then><Else><ScalarOperator><Identifier><ColumnReference Database="[tb7e90c475b95463bb3e0c7f022c47a08_WawanesaProd]" Schema="[dbo]" Table="[_Result817]" Column="Value"/></Identifier></ScalarOperator></Else></IF></ScalarOperator></Else></IF></ScalarOperator></DefinedValue><DefinedValue><ColumnReference Column="Expr1069"/><ScalarOperator ScalarString="CASE WHEN [Action1058]=(4) THEN [Expr1038] ELSE [tb7e90c475b95463bb3e0c7f022c47a08_WawanesaProd].[dbo].[_Result817].[Attribute] END"><IF><Condition><ScalarOperator><Compare CompareOp="EQ"><ScalarOperator><Identifier><ColumnReference Column="Action1058"/></Identifier></ScalarOperator><ScalarOperator><Const ConstValue="(4)"/></ScalarOperator></Compare></ScalarOperator></Condition><Then><ScalarOperator><Identifier><ColumnReference Column="Expr1038"/></Identifier></ScalarOperator></Then><Else><ScalarOperator><Identifier><ColumnReference Database="[tb7e90c475b95463bb3e0c7f022c47a08_WawanesaProd]" Schema="[dbo]" Table="[_Result817]" Column="Attribute"/></Identifier></ScalarOperator></Else></IF></ScalarOperator></DefinedValue><DefinedValue><ColumnReference Column="Expr1070"/><ScalarOperator ScalarString="CASE WHEN [Action1058]=(4) THEN [Expr1031] ELSE [tb7e90c475b95463bb3e0c7f022c47a08_WawanesaProd].[dbo].[_Result817].[ProductGroup] END"><IF><Condition><ScalarOperator><Compare CompareOp="EQ"><ScalarOperator><Identifier><ColumnReference Column="Action1058"/></Identifier></ScalarOperator><ScalarOperator><Const ConstValue="(4)"/></ScalarOperator></Compare></ScalarOperator></Condition><Then><ScalarOperator><Identifier><ColumnReference Column="Expr1031"/></Identifier></ScalarOperator></Then><Else><ScalarOperator><Identifier><ColumnReference Database="[tb7e90c475b95463bb3e0c7f022c47a08_WawanesaProd]" Schema="[dbo]" Table="[_Result817]" Column="ProductGroup"/></Identifier></ScalarOperator></Else></IF></ScalarOperator></DefinedValue><DefinedValue><ColumnReference Column="Expr1086"/><ScalarOperator ScalarString="RangePartitionNew(CASE WHEN [Action1058]=(4) THEN [Expr1039] ELSE [tb7e90c475b95463bb3e0c7f022c47a08_WawanesaProd].[dbo].[_Result817].[Months] END,(0),N'2013, Month 01',N'2013, Month 02',N'2013, Month 03',N'2013, Month 04',N'2013, Month 05',N'2013, Month 06',N'2013, Month 07',N'2013, Month 08',N'2013, Month 09',N'2013, Month 10',N'2013, Month 11',N'2013, Month 12',N'2014, Month 01',N'2014, Month 02',N'2014, Month 03',N'2014, Month 04',N'2014, Month 05',N'2014, Month 06',N'2014, Month 07',N'2014, Month 08',N'2014, Month 09',N'2014, Month 10',N'2014, Month 11',N'2014, Month 12',N'2015, Month 01',N'2015, Month 02',N'2015, Month 03',N'2015, Month 04',N'2015, Month 05',N'2015, Month 06',N'2015, Month 07',N'2015, Month 08',N'2015, Month 09',N'2015, Month 10',N'2015, Month 11',N'2015, Month 12',N'2016, Month 01',N'2016, Month 02',N'2016, Month 03',N'2016, Month 04',N'2016, Month 05',N'2016, Month 06',N'2016, Month 07',N'2016, Month 08',N'2016, Month 09',N'2016, Month 10',N'2016, Month 11',N'2016, Month 12',N'2017, Month 01',N'2017, Month 02',N'2017, Month 03',N'2017, Month 04',N'2017, Month 05',N'2017, Month 06',N'2017, Month 07',N'2017, Month 08',N'2017, Month 09',N'2017, Month 10',N'2017, Month 11',N'2017, Month 12',N'2018, Month 01',N'2018, Month 02',N'2018, Month 03',N'2018, Month 04',N'2018, Month 05',N'2018, Month 06',N'2018, Month 07',N'2018, Month 08',N'2018, Month 09',N'2018, Month 10',N'2018, Month 11',N'2018, Month 12',N'2019, Month 01',N'2019, Month 02',N'2019, Month 03',N'2019, Month 04',N'2019, Month 05',N'2019, Month 06',N'2019, Month 07',N'2019, Month 08',N'2019, Month 09',N'2019, Month 10',N'2019, Month 11',N'2019, Month 12',N'2020, Month 01',N'2020, Month 02',N'2020, Month 03',N'2020, Month 04',N'2020, Month 05',N'2020, Month 06',N'2020, Month 07',N'2020, Month 08',N'2020, Month 09',N'2020, Month 10',N'2020, Month 11',N'2020, Month 12',N'2021, Month 01',N'2021, Month 02',N'2021, Month 03',N'2021, Month 04',N'2021, Month 05',N'2021, Month 06',N'2021, Month 07',N'2021, Month 08',N'2021, Month 09',N'2021, Month 10',N'2021, Month 11',N'2021, Month 12')"><Intrinsic FunctionName="RangePartitionNew"><ScalarOperator><IF><Condition><ScalarOperator><Compare CompareOp="EQ"><ScalarOperator><Identifier><ColumnReference Column="Action1058"/></Identifier></ScalarOperator><ScalarOperator><Const ConstValue="(4)"/></ScalarOperator></Compare></ScalarOperator></Condition><Then><ScalarOperator><Identifier><ColumnReference Column="Expr1039"/></Identifier></ScalarOperator></Then><Else><ScalarOperator><Identifier><ColumnReference Database="[tb7e90c475b95463bb3e0c7f022c47a08_WawanesaProd]" Schema="[dbo]" Table="[_Result817]" Column="Months"/></Identifier></ScalarOperator></Else></IF></ScalarOperator><ScalarOperator><Const ConstValue="(0)"/></ScalarOperator><ScalarOperator><Const ConstValue="N'2013, Month 01'"/></ScalarOperator><ScalarOperator><Const ConstValue="N'2013, Month 02'"/></ScalarOperator><ScalarOperator><Const ConstValue="N'2013, Month 03'"/></ScalarOperator><ScalarOperator><Const ConstValue="N'2013, Month 04'"/></ScalarOperator><ScalarOperator><Const ConstValue="N'2013, Month 05'"/></ScalarOperator><ScalarOperator><Const ConstValue="N'2013, Month 06'"/></ScalarOperator><ScalarOperator><Const ConstValue="N'2013, Month 07'"/></ScalarOperator><ScalarOperator><Const ConstValue="N'2013, Month 08'"/></ScalarOperator><ScalarOperator><Const ConstValue="N'2013, Month 09'"/></ScalarOperator><ScalarOperator><Const ConstValue="N'2013, Month 10'"/></ScalarOperator><ScalarOperator><Const ConstValue="N'2013, Month 11'"/></ScalarOperator><ScalarOperator><Const ConstValue="N'2013, Month 12'"/></ScalarOperator><ScalarOperator><Const ConstValue="N'2014, Month 01'"/></ScalarOperator><ScalarOperator><Const ConstValue="N'2014, Month 02'"/></ScalarOperator><ScalarOperator><Const ConstValue="N'2014, Month 03'"/></ScalarOperator><ScalarOperator><Const ConstValue="N'2014, Month 04'"/></ScalarOperator><ScalarOperator><Const ConstValue="N'2014, Month 05'"/></ScalarOperator><ScalarOperator><Const ConstValue="N'2014, Month 06'"/></ScalarOperator><ScalarOperator><Const ConstValue="N'2014, Month 07'"/></ScalarOperator><ScalarOperator><Const ConstValue="N'2014, Month 08'"/></ScalarOperator><ScalarOperator><Const ConstValue="N'2014, Month 09'"/></ScalarOperator><ScalarOperator><Const ConstValue="N'2014, Month 10'"/></ScalarOperator><ScalarOperator><Const ConstValue="N'2014, Month 11'"/></ScalarOperator><ScalarOperator><Const ConstValue="N'2014, Month 12'"/></ScalarOperator><ScalarOperator><Const ConstValue="N'2015, Month 01'"/></ScalarOperator><ScalarOperator><Const ConstValue="N'2015, Month 02'"/></ScalarOperator><ScalarOperator><Const ConstValue="N'2015, Month 03'"/></ScalarOperator><ScalarOperator><Const ConstValue="N'2015, Month 04'"/></ScalarOperator><ScalarOperator><Const ConstValue="N'2015, Month 05'"/></ScalarOperator><ScalarOperator><Const ConstValue="N'2015, Month 06'"/></ScalarOperator><ScalarOperator><Const ConstValue="N'2015, Month 07'"/></ScalarOperator><ScalarOperator><Const ConstValue="N'2015, Month 08'"/></ScalarOperator><ScalarOperator><Const ConstValue="N'2015, Month 09'"/></ScalarOperator><ScalarOperator><Const ConstValue="N'2015, Month 10'"/></ScalarOperator><ScalarOperator><Const ConstValue="N'2015, Month 11'"/></ScalarOperator><ScalarOperator><Const ConstValue="N'2015, Month 12'"/></ScalarOperator><ScalarOperator><Const ConstValue="N'2016, Month 01'"/></ScalarOperator><ScalarOperator><Const ConstValue="N'2016, Month 02'"/></ScalarOperator><ScalarOperator><Const ConstValue="N'2016, Month 03'"/></ScalarOperator><ScalarOperator><Const ConstValue="N'2016, Month 04'"/></ScalarOperator><ScalarOperator><Const ConstValue="N'2016, Month 05'"/></ScalarOperator><ScalarOperator><Const ConstValue="N'2016, Month 06'"/></ScalarOperator><ScalarOperator><Const ConstValue="N'2016, Month 07'"/></ScalarOperator><ScalarOperator><Const ConstValue="N'2016, Month 08'"/></ScalarOperator><ScalarOperator><Const ConstValue="N'2016, Month 09'"/></ScalarOperator><ScalarOperator><Const ConstValue="N'2016, Month 10'"/></ScalarOperator><ScalarOperator><Const ConstValue="N'2016, Month 11'"/></ScalarOperator><ScalarOperator><Const ConstValue="N'2016, Month 12'"/></ScalarOperator><ScalarOperator><Const ConstValue="N'2017, Month 01'"/></ScalarOperator><ScalarOperator><Const ConstValue="N'2017, Month 02'"/></ScalarOperator><ScalarOperator><Const ConstValue="N'2017, Month 03'"/></ScalarOperator><ScalarOperator><Const ConstValue="N'2017, Month 04'"/></ScalarOperator><ScalarOperator><Const ConstValue="N'2017, Month 05'"/></ScalarOperator><ScalarOperator><Const ConstValue="N'2017, Month 06'"/></ScalarOperator><ScalarOperator><Const ConstValue="N'2017, Month 07'"/></ScalarOperator><ScalarOperator><Const ConstValue="N'2017, Month 08'"/></ScalarOperator><ScalarOperator><Const ConstValue="N'2017, Month 09'"/></ScalarOperator><ScalarOperator><Const ConstValue="N'2017, Month 10'"/></ScalarOperator><ScalarOperator><Const ConstValue="N'2017, Month 11'"/></ScalarOperator><ScalarOperator><Const ConstValue="N'2017, Month 12'"/></ScalarOperator><ScalarOperator><Const ConstValue="N'2018, Month 01'"/></ScalarOperator><ScalarOperator><Const ConstValue="N'2018, Month 02'"/></ScalarOperator><ScalarOperator><Const ConstValue="N'2018, Month 03'"/></ScalarOperator><ScalarOperator><Const ConstValue="N'2018, Month 04'"/></ScalarOperator><ScalarOperator><Const ConstValue="N'2018, Month 05'"/></ScalarOperator><ScalarOperator><Const ConstValue="N'2018, Month 06'"/></ScalarOperator><ScalarOperator><Const ConstValue="N'2018, Month 07'"/></ScalarOperator><ScalarOperator><Const ConstValue="N'2018, Month 08'"/></ScalarOperator><ScalarOperator><Const ConstValue="N'2018, Month 09'"/></ScalarOperator><ScalarOperator><Const ConstValue="N'2018, Month 10'"/></ScalarOperator><ScalarOperator><Const ConstValue="N'2018, Month 11'"/></ScalarOperator><ScalarOperator><Const ConstValue="N'2018, Month 12'"/></ScalarOperator><ScalarOperator><Const ConstValue="N'2019, Month 01'"/></ScalarOperator><ScalarOperator><Const ConstValue="N'2019, Month 02'"/></ScalarOperator><ScalarOperator><Const ConstValue="N'2019, Month 03'"/></ScalarOperator><ScalarOperator><Const ConstValue="N'2019, Month 04'"/></ScalarOperator><ScalarOperator><Const ConstValue="N'2019, Month 05'"/></ScalarOperator><ScalarOperator><Const ConstValue="N'2019, Month 06'"/></ScalarOperator><ScalarOperator><Const ConstValue="N'2019, Month 07'"/></ScalarOperator><ScalarOperator><Const ConstValue="N'2019, Month 08'"/></ScalarOperator><ScalarOperator><Const ConstValue="N'2019, Month 09'"/></ScalarOperator><ScalarOperator><Const ConstValue="N'2019, Month 10'"/></ScalarOperator><ScalarOperator><Const ConstValue="N'2019, Month 11'"/></ScalarOperator><ScalarOperator><Const ConstValue="N'2019, Month 12'"/></ScalarOperator><ScalarOperator><Const ConstValue="N'2020, Month 01'"/></ScalarOperator><ScalarOperator><Const ConstValue="N'2020, Month 02'"/></ScalarOperator><ScalarOperator><Const ConstValue="N'2020, Month 03'"/></ScalarOperator><ScalarOperator><Const ConstValue="N'2020, Month 04'"/></ScalarOperator><ScalarOperator><Const ConstValue="N'2020, Month 05'"/></ScalarOperator><ScalarOperator><Const ConstValue="N'2020, Month 06'"/></ScalarOperator><ScalarOperator><Const ConstValue="N'2020, Month 07'"/></ScalarOperator><ScalarOperator><Const ConstValue="N'2020, Month 08'"/></ScalarOperator><ScalarOperator><Const ConstValue="N'2020, Month 09'"/></ScalarOperator><ScalarOperator><Const ConstValue="N'2020, Month 10'"/></ScalarOperator><ScalarOperator><Const ConstValue="N'2020, Month 11'"/></ScalarOperator><ScalarOperator><Const ConstValue="N'2020, Month 12'"/></ScalarOperator><ScalarOperator><Const ConstValue="N'2021, Month 01'"/></ScalarOperator><ScalarOperator><Const ConstValue="N'2021, Month 02'"/></ScalarOperator><ScalarOperator><Const ConstValue="N'2021, Month 03'"/></ScalarOperator><ScalarOperator><Const ConstValue="N'2021, Month 04'"/></ScalarOperator><ScalarOperator><Const ConstValue="N'2021, Month 05'"/></ScalarOperator><ScalarOperator><Const ConstValue="N'2021, Month 06'"/></ScalarOperator><ScalarOperator><Const ConstValue="N'2021, Month 07'"/></ScalarOperator><ScalarOperator><Const ConstValue="N'2021, Month 08'"/></ScalarOperator><ScalarOperator><Const ConstValue="N'2021, Month 09'"/></ScalarOperator><ScalarOperator><Const ConstValue="N'2021, Month 10'"/></ScalarOperator><ScalarOperator><Const ConstValue="N'2021, Month 11'"/></ScalarOperator><ScalarOperator><Const ConstValue="N'2021, Month 12'"/></ScalarOperator></Intrinsic></ScalarOperator></DefinedValue></DefinedValues><RelOp NodeId="5" PhysicalOp="Filter" LogicalOp="Filter" EstimateRows="159254" EstimateIO="0" EstimateCPU="0.0134028" AvgRowSize="1263" EstimatedTotalSubtreeCost="10466" Parallel="1" EstimateRebinds="0" EstimateRewinds="0" EstimatedExecutionMode="Row"><OutputList><ColumnReference Column="Expr1030"/><ColumnReference Column="Expr1031"/><ColumnReference Column="Expr1032"/><ColumnReference Column="Expr1033"/><ColumnReference Column="Expr1034"/><ColumnReference Column="Expr1035"/><ColumnReference Column="Expr1036"/><ColumnReference Column="Expr1037"/><ColumnReference Column="Expr1038"/><ColumnReference Column="Expr1039"/><ColumnReference Column="Expr1040"/><ColumnReference Column="PtnId1042" ComputedColumn="1"/><ColumnReference Database="[tb7e90c475b95463bb3e0c7f022c47a08_WawanesaProd]" Schema="[dbo]" Table="[_Result817]" Column="_ResultID"/><ColumnReference Database="[tb7e90c475b95463bb3e0c7f022c47a08_WawanesaProd]" Schema="[dbo]" Table="[_Result817]" Column="Party"/><ColumnReference Database="[tb7e90c475b95463bb3e0c7f022c47a08_WawanesaProd]" Schema="[dbo]" Table="[_Result817]" Column="ProductGroup"/><ColumnReference Database="[tb7e90c475b95463bb3e0c7f022c47a08_WawanesaProd]" Schema="[dbo]" Table="[_Result817]" Column="ProductGroup2"/><ColumnReference Database="[tb7e90c475b95463bb3e0c7f022c47a08_WawanesaProd]" Schema="[dbo]" Table="[_Result817]" Column="ProductGroup3"/><ColumnReference Database="[tb7e90c475b95463bb3e0c7f022c47a08_WawanesaProd]" Schema="[dbo]" Table="[_Result817]" Column="ProductGroup4"/><ColumnReference Database="[tb7e90c475b95463bb3e0c7f022c47a08_WawanesaProd]" Schema="[dbo]" Table="[_Result817]" Column="ProductGroup5"/><ColumnReference Database="[tb7e90c475b95463bb3e0c7f022c47a08_WawanesaProd]" Schema="[dbo]" Table="[_Result817]" Column="ProductGroup6"/><ColumnReference Database="[tb7e90c475b95463bb3e0c7f022c47a08_WawanesaProd]" Schema="[dbo]" Table="[_Result817]" Column="ProductGroup7"/><ColumnReference Database="[tb7e90c475b95463bb3e0c7f022c47a08_WawanesaProd]" Schema="[dbo]" Table="[_Result817]" Column="Attribute"/><ColumnReference Database="[tb7e90c475b95463bb3e0c7f022c47a08_WawanesaProd]" Schema="[dbo]" Table="[_Result817]" Column="Months"/><ColumnReference Database="[tb7e90c475b95463bb3e0c7f022c47a08_WawanesaProd]" Schema="[dbo]" Table="[_Result817]" Column="Value"/><ColumnReference Column="Action1058"/></OutputList><Filter StartupExpression="0"><RelOp NodeId="6" PhysicalOp="Parallelism" LogicalOp="Distribute Streams" EstimateRows="167535" EstimateIO="0" EstimateCPU="16.7575" AvgRowSize="1263" EstimatedTotalSubtreeCost="10466" Parallel="1" EstimateRebinds="0" EstimateRewinds="0" EstimatedExecutionMode="Row"><OutputList><ColumnReference Column="Expr1030"/><ColumnReference Column="Expr1031"/><ColumnReference Column="Expr1032"/><ColumnReference Column="Expr1033"/><ColumnReference Column="Expr1034"/><ColumnReference Column="Expr1035"/><ColumnReference Column="Expr1036"/><ColumnReference Column="Expr1037"/><ColumnReference Column="Expr1038"/><ColumnReference Column="Expr1039"/><ColumnReference Column="Expr1040"/><ColumnReference Column="PtnId1042" ComputedColumn="1"/><ColumnReference Database="[tb7e90c475b95463bb3e0c7f022c47a08_WawanesaProd]" Schema="[dbo]" Table="[_Result817]" Column="_ResultID"/><ColumnReference Database="[tb7e90c475b95463bb3e0c7f022c47a08_WawanesaProd]" Schema="[dbo]" Table="[_Result817]" Column="Party"/><ColumnReference Database="[tb7e90c475b95463bb3e0c7f022c47a08_WawanesaProd]" Schema="[dbo]" Table="[_Result817]" Column="ProductGroup"/><ColumnReference Database="[tb7e90c475b95463bb3e0c7f022c47a08_WawanesaProd]" Schema="[dbo]" Table="[_Result817]" Column="ProductGroup2"/><ColumnReference Database="[tb7e90c475b95463bb3e0c7f022c47a08_WawanesaProd]" Schema="[dbo]" Table="[_Result817]" Column="ProductGroup3"/><ColumnReference Database="[tb7e90c475b95463bb3e0c7f022c47a08_WawanesaProd]" Schema="[dbo]" Table="[_Result817]" Column="ProductGroup4"/><ColumnReference Database="[tb7e90c475b95463bb3e0c7f022c47a08_WawanesaProd]" Schema="[dbo]" Table="[_Result817]" Column="ProductGroup5"/><ColumnReference Database="[tb7e90c475b95463bb3e0c7f022c47a08_WawanesaProd]" Schema="[dbo]" Table="[_Result817]" Column="ProductGroup6"/><ColumnReference Database="[tb7e90c475b95463bb3e0c7f022c47a08_WawanesaProd]" Schema="[dbo]" Table="[_Result817]" Column="ProductGroup7"/><ColumnReference Database="[tb7e90c475b95463bb3e0c7f022c47a08_WawanesaProd]" Schema="[dbo]" Table="[_Result817]" Column="Attribute"/><ColumnReference Database="[tb7e90c475b95463bb3e0c7f022c47a08_WawanesaProd]" Schema="[dbo]" Table="[_Result817]" Column="Months"/><ColumnReference Database="[tb7e90c475b95463bb3e0c7f022c47a08_WawanesaProd]" Schema="[dbo]" Table="[_Result817]" Column="Value"/><ColumnReference Column="Action1058"/></OutputList><Parallelism PartitioningType="RoundRobin"><RelOp NodeId="7" PhysicalOp="Compute Scalar" LogicalOp="Compute Scalar" EstimateRows="167535" EstimateIO="0" EstimateCPU="0.0167535" AvgRowSize="1263" EstimatedTotalSubtreeCost="10449.2" Parallel="0" EstimateRebinds="0" EstimateRewinds="0" EstimatedExecutionMode="Row"><OutputList><ColumnReference Column="Expr1030"/><ColumnReference Column="Expr1031"/><ColumnReference Column="Expr1032"/><ColumnReference Column="Expr1033"/><ColumnReference Column="Expr1034"/><ColumnReference Column="Expr1035"/><ColumnReference Column="Expr1036"/><ColumnReference Column="Expr1037"/><ColumnReference Column="Expr1038"/><ColumnReference Column="Expr1039"/><ColumnReference Column="Expr1040"/><ColumnReference Column="PtnId1042" ComputedColumn="1"/><ColumnReference Database="[tb7e90c475b95463bb3e0c7f022c47a08_WawanesaProd]" Schema="[dbo]" Table="[_Result817]" Column="_ResultID"/><ColumnReference Database="[tb7e90c475b95463bb3e0c7f022c47a08_WawanesaProd]" Schema="[dbo]" Table="[_Result817]" Column="Party"/><ColumnReference Database="[tb7e90c475b95463bb3e0c7f022c47a08_WawanesaProd]" Schema="[dbo]" Table="[_Result817]" Column="ProductGroup"/><ColumnReference Database="[tb7e90c475b95463bb3e0c7f022c47a08_WawanesaProd]" Schema="[dbo]" Table="[_Result817]" Column="ProductGroup2"/><ColumnReference Database="[tb7e90c475b95463bb3e0c7f022c47a08_WawanesaProd]" Schema="[dbo]" Table="[_Result817]" Column="ProductGroup3"/><ColumnReference Database="[tb7e90c475b95463bb3e0c7f022c47a08_WawanesaProd]" Schema="[dbo]" Table="[_Result817]" Column="ProductGroup4"/><ColumnReference Database="[tb7e90c475b95463bb3e0c7f022c47a08_WawanesaProd]" Schema="[dbo]" Table="[_Result817]" Column="ProductGroup5"/><ColumnReference Database="[tb7e90c475b95463bb3e0c7f022c47a08_WawanesaProd]" Schema="[dbo]" Table="[_Result817]" Column="ProductGroup6"/><ColumnReference Database="[tb7e90c475b95463bb3e0c7f022c47a08_WawanesaProd]" Schema="[dbo]" Table="[_Result817]" Column="ProductGroup7"/><ColumnReference Database="[tb7e90c475b95463bb3e0c7f022c47a08_WawanesaProd]" Schema="[dbo]" Table="[_Result817]" Column="Attribute"/><ColumnReference Database="[tb7e90c475b95463bb3e0c7f022c47a08_WawanesaProd]" Schema="[dbo]" Table="[_Result817]" Column="Months"/><ColumnReference Database="[tb7e90c475b95463bb3e0c7f022c47a08_WawanesaProd]" Schema="[dbo]" Table="[_Result817]" Column="Value"/><ColumnReference Column="Action1058"/></OutputList><ComputeScalar ComputeSequence="1"><DefinedValues><DefinedValue><ColumnReference Column="Action1058"/><ScalarOperator ScalarString="ForceOrder(CASE WHEN [SrcPrb1041] IS NOT NULL THEN CASE WHEN [TrgPrb1056] IS NOT NULL THEN CASE WHEN ([Expr1054]=N'2021, Month 01' OR [Expr1054]=N'2021, Month 02' OR [Expr1054]=N'2021, Month 03' OR [Expr1054]=N'2021, Month 04' OR [Expr1054]=N'2021, Month 05' OR [Expr1054]=N'2021, Month 06' OR [Expr1054]=N'2021, Month 07' OR [Expr1054]=N'2021, Month 08' OR [Expr1054]=N'2021, Month 09' OR [Expr1054]=N'2021, Month 10' OR [Expr1054]=N'2021, Month 11' OR [Expr1054]=N'2021, Month 12') AND [Expr1088] THEN (1) ELSE NULL END ELSE (4) END ELSE CASE WHEN [Expr1054]=N'2021, Month 01' OR [Expr1054]=N'2021, Month 02' OR [Expr1054]=N'2021, Month 03' OR [Expr1054]=N'2021, Month 04' OR [Expr1054]=N'2021, Month 05' OR [Expr1054]=N'2021, Month 06' OR [Expr1054]=N'2021, Month 07' OR [Expr1054]=N'2021, Month 08' OR [Expr1054]=N'2021, Month 09' OR [Expr1054]=N'2021, Month 10' OR [Expr1054]=N'2021, Month 11' OR [Expr1054]=N'2021, Month 12' THEN (3) ELSE NULL END END)"><Intrinsic FunctionName="ForceOrder"><ScalarOperator><IF><Condition><ScalarOperator><Compare CompareOp="IS NOT"><ScalarOperator><Identifier><ColumnReference Column="SrcPrb1041"/></Identifier></ScalarOperator><ScalarOperator><Const ConstValue="NULL"/></ScalarOperator></Compare></ScalarOperator></Condition><Then><ScalarOperator><IF><Condition><ScalarOperator><Compare CompareOp="IS NOT"><ScalarOperator><Identifier><ColumnReference Column="TrgPrb1056"/></Identifier></ScalarOperator><ScalarOperator><Const ConstValue="NULL"/></ScalarOperator></Compare></ScalarOperator></Condition><Then><ScalarOperator><IF><Condition><ScalarOperator><Logical Operation="AND"><ScalarOperator><Logical Operation="OR"><ScalarOperator><Compare CompareOp="EQ"><ScalarOperator><Identifier><ColumnReference Column="Expr1054"/></Identifier></ScalarOperator><ScalarOperator><Const ConstValue="N'2021, Month 01'"/></ScalarOperator></Compare></ScalarOperator><ScalarOperator><Compare CompareOp="EQ"><ScalarOperator><Identifier><ColumnReference Column="Expr1054"/></Identifier></ScalarOperator><ScalarOperator><Const ConstValue="N'2021, Month 02'"/></ScalarOperator></Compare></ScalarOperator><ScalarOperator><Compare CompareOp="EQ"><ScalarOperator><Identifier><ColumnReference Column="Expr1054"/></Identifier></ScalarOperator><ScalarOperator><Const ConstValue="N'2021, Month 03'"/></ScalarOperator></Compare></ScalarOperator><ScalarOperator><Compare CompareOp="EQ"><ScalarOperator><Identifier><ColumnReference Column="Expr1054"/></Identifier></ScalarOperator><ScalarOperator><Const ConstValue="N'2021, Month 04'"/></ScalarOperator></Compare></ScalarOperator><ScalarOperator><Compare CompareOp="EQ"><ScalarOperator><Identifier><ColumnReference Column="Expr1054"/></Identifier></ScalarOperator><ScalarOperator><Const ConstValue="N'2021, Month 05'"/></ScalarOperator></Compare></ScalarOperator><ScalarOperator><Compare CompareOp="EQ"><ScalarOperator><Identifier><ColumnReference Column="Expr1054"/></Identifier></ScalarOperator><ScalarOperator><Const ConstValue="N'2021, Month 06'"/></ScalarOperator></Compare></ScalarOperator><ScalarOperator><Compare CompareOp="EQ"><ScalarOperator><Identifier><ColumnReference Column="Expr1054"/></Identifier></ScalarOperator><ScalarOperator><Const ConstValue="N'2021, Month 07'"/></ScalarOperator></Compare></ScalarOperator><ScalarOperator><Compare CompareOp="EQ"><ScalarOperator><Identifier><ColumnReference Column="Expr1054"/></Identifier></ScalarOperator><ScalarOperator><Const ConstValue="N'2021, Month 08'"/></ScalarOperator></Compare></ScalarOperator><ScalarOperator><Compare CompareOp="EQ"><ScalarOperator><Identifier><ColumnReference Column="Expr1054"/></Identifier></ScalarOperator><ScalarOperator><Const ConstValue="N'2021, Month 09'"/></ScalarOperator></Compare></ScalarOperator><ScalarOperator><Compare CompareOp="EQ"><ScalarOperator><Identifier><ColumnReference Column="Expr1054"/></Identifier></ScalarOperator><ScalarOperator><Const ConstValue="N'2021, Month 10'"/></ScalarOperator></Compare></ScalarOperator><ScalarOperator><Compare CompareOp="EQ"><ScalarOperator><Identifier><ColumnReference Column="Expr1054"/></Identifier></ScalarOperator><ScalarOperator><Const ConstValue="N'2021, Month 11'"/></ScalarOperator></Compare></ScalarOperator><ScalarOperator><Compare CompareOp="EQ"><ScalarOperator><Identifier><ColumnReference Column="Expr1054"/></Identifier></ScalarOperator><ScalarOperator><Const ConstValue="N'2021, Month 12'"/></ScalarOperator></Compare></ScalarOperator></Logical></ScalarOperator><ScalarOperator><Identifier><ColumnReference Column="Expr1088"/></Identifier></ScalarOperator></Logical></ScalarOperator></Condition><Then><ScalarOperator><Const ConstValue="(1)"/></ScalarOperator></Then><Else><ScalarOperator><Const ConstValue="NULL"/></ScalarOperator></Else></IF></ScalarOperator></Then><Else><ScalarOperator><Const ConstValue="(4)"/></ScalarOperator></Else></IF></ScalarOperator></Then><Else><ScalarOperator><IF><Condition><ScalarOperator><Logical Operation="OR"><ScalarOperator><Compare CompareOp="EQ"><ScalarOperator><Identifier><ColumnReference Column="Expr1054"/></Identifier></ScalarOperator><ScalarOperator><Const ConstValue="N'2021, Month 01'"/></ScalarOperator></Compare></ScalarOperator><ScalarOperator><Compare CompareOp="EQ"><ScalarOperator><Identifier><ColumnReference Column="Expr1054"/></Identifier></ScalarOperator><ScalarOperator><Const ConstValue="N'2021, Month 02'"/></ScalarOperator></Compare></ScalarOperator><ScalarOperator><Compare CompareOp="EQ"><ScalarOperator><Identifier><ColumnReference Column="Expr1054"/></Identifier></ScalarOperator><ScalarOperator><Const ConstValue="N'2021, Month 03'"/></ScalarOperator></Compare></ScalarOperator><ScalarOperator><Compare CompareOp="EQ"><ScalarOperator><Identifier><ColumnReference Column="Expr1054"/></Identifier></ScalarOperator><ScalarOperator><Const ConstValue="N'2021, Month 04'"/></ScalarOperator></Compare></ScalarOperator><ScalarOperator><Compare CompareOp="EQ"><ScalarOperator><Identifier><ColumnReference Column="Expr1054"/></Identifier></ScalarOperator><ScalarOperator><Const ConstValue="N'2021, Month 05'"/></ScalarOperator></Compare></ScalarOperator><ScalarOperator><Compare CompareOp="EQ"><ScalarOperator><Identifier><ColumnReference Column="Expr1054"/></Identifier></ScalarOperator><ScalarOperator><Const ConstValue="N'2021, Month 06'"/></ScalarOperator></Compare></ScalarOperator><ScalarOperator><Compare CompareOp="EQ"><ScalarOperator><Identifier><ColumnReference Column="Expr1054"/></Identifier></ScalarOperator><ScalarOperator><Const ConstValue="N'2021, Month 07'"/></ScalarOperator></Compare></ScalarOperator><ScalarOperator><Compare CompareOp="EQ"><ScalarOperator><Identifier><ColumnReference Column="Expr1054"/></Identifier></ScalarOperator><ScalarOperator><Const ConstValue="N'2021, Month 08'"/></ScalarOperator></Compare></ScalarOperator><ScalarOperator><Compare CompareOp="EQ"><ScalarOperator><Identifier><ColumnReference Column="Expr1054"/></Identifier></ScalarOperator><ScalarOperator><Const ConstValue="N'2021, Month 09'"/></ScalarOperator></Compare></ScalarOperator><ScalarOperator><Compare CompareOp="EQ"><ScalarOperator><Identifier><ColumnReference Column="Expr1054"/></Identifier></ScalarOperator><ScalarOperator><Const ConstValue="N'2021, Month 10'"/></ScalarOperator></Compare></ScalarOperator><ScalarOperator><Compare CompareOp="EQ"><ScalarOperator><Identifier><ColumnReference Column="Expr1054"/></Identifier></ScalarOperator><ScalarOperator><Const ConstValue="N'2021, Month 11'"/></ScalarOperator></Compare></ScalarOperator><ScalarOperator><Compare CompareOp="EQ"><ScalarOperator><Identifier><ColumnReference Column="Expr1054"/></Identifier></ScalarOperator><ScalarOperator><Const ConstValue="N'2021, Month 12'"/></ScalarOperator></Compare></ScalarOperator></Logical></ScalarOperator></Condition><Then><ScalarOperator><Const ConstValue="(3)"/></ScalarOperator></Then><Else><ScalarOperator><Const ConstValue="NULL"/></ScalarOperator></Else></IF></ScalarOperator></Else></IF></ScalarOperator></Intrinsic></ScalarOperator></DefinedValue></DefinedValues><RelOp NodeId="8" PhysicalOp="Parallelism" LogicalOp="Gather Streams" EstimateRows="167535" EstimateIO="0" EstimateCPU="3.06327" AvgRowSize="1370" EstimatedTotalSubtreeCost="10449.2" Parallel="1" EstimateRebinds="0" EstimateRewinds="0" EstimatedExecutionMode="Row"><OutputList><ColumnReference Column="Expr1030"/><ColumnReference Column="Expr1031"/><ColumnReference Column="Expr1032"/><ColumnReference Column="Expr1033"/><ColumnReference Column="Expr1034"/><ColumnReference Column="Expr1035"/><ColumnReference Column="Expr1036"/><ColumnReference Column="Expr1037"/><ColumnReference Column="Expr1038"/><ColumnReference Column="Expr1039"/><ColumnReference Column="Expr1040"/><ColumnReference Column="SrcPrb1041"/><ColumnReference Column="PtnId1042" ComputedColumn="1"/><ColumnReference Database="[tb7e90c475b95463bb3e0c7f022c47a08_WawanesaProd]" Schema="[dbo]" Table="[_Result817]" Column="_ResultID"/><ColumnReference Database="[tb7e90c475b95463bb3e0c7f022c47a08_WawanesaProd]" Schema="[dbo]" Table="[_Result817]" Column="Party"/><ColumnReference Database="[tb7e90c475b95463bb3e0c7f022c47a08_WawanesaProd]" Schema="[dbo]" Table="[_Result817]" Column="ProductGroup"/><ColumnReference Database="[tb7e90c475b95463bb3e0c7f022c47a08_WawanesaProd]" Schema="[dbo]" Table="[_Result817]" Column="ProductGroup2"/><ColumnReference Database="[tb7e90c475b95463bb3e0c7f022c47a08_WawanesaProd]" Schema="[dbo]" Table="[_Result817]" Column="ProductGroup3"/><ColumnReference Database="[tb7e90c475b95463bb3e0c7f022c47a08_WawanesaProd]" Schema="[dbo]" Table="[_Result817]" Column="ProductGroup4"/><ColumnReference Database="[tb7e90c475b95463bb3e0c7f022c47a08_WawanesaProd]" Schema="[dbo]" Table="[_Result817]" Column="ProductGroup5"/><ColumnReference Database="[tb7e90c475b95463bb3e0c7f022c47a08_WawanesaProd]" Schema="[dbo]" Table="[_Result817]" Column="ProductGroup6"/><ColumnReference Database="[tb7e90c475b95463bb3e0c7f022c47a08_WawanesaProd]" Schema="[dbo]" Table="[_Result817]" Column="ProductGroup7"/><ColumnReference Database="[tb7e90c475b95463bb3e0c7f022c47a08_WawanesaProd]" Schema="[dbo]" Table="[_Result817]" Column="Attribute"/><ColumnReference Database="[tb7e90c475b95463bb3e0c7f022c47a08_WawanesaProd]" Schema="[dbo]" Table="[_Result817]" Column="Months"/><ColumnReference Database="[tb7e90c475b95463bb3e0c7f022c47a08_WawanesaProd]" Schema="[dbo]" Table="[_Result817]" Column="Value"/><ColumnReference Column="Expr1054"/><ColumnReference Column="TrgPrb1056"/><ColumnReference Column="Expr1088"/></OutputList><Parallelism><RelOp NodeId="9" PhysicalOp="Nested Loops" LogicalOp="Left Semi Join" EstimateRows="167535" EstimateIO="0" EstimateCPU="0.129684" AvgRowSize="1370" EstimatedTotalSubtreeCost="10446.2" Parallel="1" EstimateRebinds="0" EstimateRewinds="0" EstimatedExecutionMode="Row"><OutputList><ColumnReference Column="Expr1030"/><ColumnReference Column="Expr1031"/><ColumnReference Column="Expr1032"/><ColumnReference Column="Expr1033"/><ColumnReference Column="Expr1034"/><ColumnReference Column="Expr1035"/><ColumnReference Column="Expr1036"/><ColumnReference Column="Expr1037"/><ColumnReference Column="Expr1038"/><ColumnReference Column="Expr1039"/><ColumnReference Column="Expr1040"/><ColumnReference Column="SrcPrb1041"/><ColumnReference Column="PtnId1042" ComputedColumn="1"/><ColumnReference Database="[tb7e90c475b95463bb3e0c7f022c47a08_WawanesaProd]" Schema="[dbo]" Table="[_Result817]" Column="_ResultID"/><ColumnReference Database="[tb7e90c475b95463bb3e0c7f022c47a08_WawanesaProd]" Schema="[dbo]" Table="[_Result817]" Column="Party"/><ColumnReference Database="[tb7e90c475b95463bb3e0c7f022c47a08_WawanesaProd]" Schema="[dbo]" Table="[_Result817]" Column="ProductGroup"/><ColumnReference Database="[tb7e90c475b95463bb3e0c7f022c47a08_WawanesaProd]" Schema="[dbo]" Table="[_Result817]" Column="ProductGroup2"/><ColumnReference Database="[tb7e90c475b95463bb3e0c7f022c47a08_WawanesaProd]" Schema="[dbo]" Table="[_Result817]" Column="ProductGroup3"/><ColumnReference Database="[tb7e90c475b95463bb3e0c7f022c47a08_WawanesaProd]" Schema="[dbo]" Table="[_Result817]" Column="ProductGroup4"/><ColumnReference Database="[tb7e90c475b95463bb3e0c7f022c47a08_WawanesaProd]" Schema="[dbo]" Table="[_Result817]" Column="ProductGroup5"/><ColumnReference Database="[tb7e90c475b95463bb3e0c7f022c47a08_WawanesaProd]" Schema="[dbo]" Table="[_Result817]" Column="ProductGroup6"/><ColumnReference Database="[tb7e90c475b95463bb3e0c7f022c47a08_WawanesaProd]" Schema="[dbo]" Table="[_Result817]" Column="ProductGroup7"/><ColumnReference Database="[tb7e90c475b95463bb3e0c7f022c47a08_WawanesaProd]" Schema="[dbo]" Table="[_Result817]" Column="Attribute"/><ColumnReference Database="[tb7e90c475b95463bb3e0c7f022c47a08_WawanesaProd]" Schema="[dbo]" Table="[_Result817]" Column="Months"/><ColumnReference Database="[tb7e90c475b95463bb3e0c7f022c47a08_WawanesaProd]" Schema="[dbo]" Table="[_Result817]" Column="Value"/><ColumnReference Column="Expr1054"/><ColumnReference Column="TrgPrb1056"/><ColumnReference Column="Expr1088"/></OutputList><NestedLoops Optimized="0"><DefinedValues><DefinedValue><ColumnReference Column="Expr1088"/></DefinedValue></DefinedValues><PassThru><ScalarOperator ScalarString="IsFalseOrNull [SrcPrb1041] IS NOT NULL OR IsFalseOrNull [TrgPrb1056] IS NOT NULL OR IsFalseOrNull [Expr1054]=N'2021, Month 01' OR [Expr1054]=N'2021, Month 02' OR [Expr1054]=N'2021, Month 03' OR [Expr1054]=N'2021, Month 04' OR [Expr1054]=N'2021, Month 05' OR [Expr1054]=N'2021, Month 06' OR [Expr1054]=N'2021, Month 07' OR [Expr1054]=N'2021, Month 08' OR [Expr1054]=N'2021, Month 09' OR [Expr1054]=N'2021, Month 10' OR [Expr1054]=N'2021, Month 11' OR [Expr1054]=N'2021, Month 12'"><Logical Operation="OR"><ScalarOperator><Logical Operation="IsFalseOrNull"><ScalarOperator><Compare CompareOp="IS NOT"><ScalarOperator><Identifier><ColumnReference Column="SrcPrb1041"/></Identifier></ScalarOperator><ScalarOperator><Const ConstValue="NULL"/></ScalarOperator></Compare></ScalarOperator></Logical></ScalarOperator><ScalarOperator><Logical Operation="IsFalseOrNull"><ScalarOperator><Compare CompareOp="IS NOT"><ScalarOperator><Identifier><ColumnReference Column="TrgPrb1056"/></Identifier></ScalarOperator><ScalarOperator><Const ConstValue="NULL"/></ScalarOperator></Compare></ScalarOperator></Logical></ScalarOperator><ScalarOperator><Logical Operation="IsFalseOrNull"><ScalarOperator><Logical Operation="OR"><ScalarOperator><Compare CompareOp="EQ"><ScalarOperator><Identifier><ColumnReference Column="Expr1054"/></Identifier></ScalarOperator><ScalarOperator><Const ConstValue="N'2021, Month 01'"/></ScalarOperator></Compare></ScalarOperator><ScalarOperator><Compare CompareOp="EQ"><ScalarOperator><Identifier><ColumnReference Column="Expr1054"/></Identifier></ScalarOperator><ScalarOperator><Const ConstValue="N'2021, Month 02'"/></ScalarOperator></Compare></ScalarOperator><ScalarOperator><Compare CompareOp="EQ"><ScalarOperator><Identifier><ColumnReference Column="Expr1054"/></Identifier></ScalarOperator><ScalarOperator><Const ConstValue="N'2021, Month 03'"/></ScalarOperator></Compare></ScalarOperator><ScalarOperator><Compare CompareOp="EQ"><ScalarOperator><Identifier><ColumnReference Column="Expr1054"/></Identifier></ScalarOperator><ScalarOperator><Const ConstValue="N'2021, Month 04'"/></ScalarOperator></Compare></ScalarOperator><ScalarOperator><Compare CompareOp="EQ"><ScalarOperator><Identifier><ColumnReference Column="Expr1054"/></Identifier></ScalarOperator><ScalarOperator><Const ConstValue="N'2021, Month 05'"/></ScalarOperator></Compare></ScalarOperator><ScalarOperator><Compare CompareOp="EQ"><ScalarOperator><Identifier><ColumnReference Column="Expr1054"/></Identifier></ScalarOperator><ScalarOperator><Const ConstValue="N'2021, Month 06'"/></ScalarOperator></Compare></ScalarOperator><ScalarOperator><Compare CompareOp="EQ"><ScalarOperator><Identifier><ColumnReference Column="Expr1054"/></Identifier></ScalarOperator><ScalarOperator><Const ConstValue="N'2021, Month 07'"/></ScalarOperator></Compare></ScalarOperator><ScalarOperator><Compare CompareOp="EQ"><ScalarOperator><Identifier><ColumnReference Column="Expr1054"/></Identifier></ScalarOperator><ScalarOperator><Const ConstValue="N'2021, Month 08'"/></ScalarOperator></Compare></ScalarOperator><ScalarOperator><Compare CompareOp="EQ"><ScalarOperator><Identifier><ColumnReference Column="Expr1054"/></Identifier></ScalarOperator><ScalarOperator><Const ConstValue="N'2021, Month 09'"/></ScalarOperator></Compare></ScalarOperator><ScalarOperator><Compare CompareOp="EQ"><ScalarOperator><Identifier><ColumnReference Column="Expr1054"/></Identifier></ScalarOperator><ScalarOperator><Const ConstValue="N'2021, Month 10'"/></ScalarOperator></Compare></ScalarOperator><ScalarOperator><Compare CompareOp="EQ"><ScalarOperator><Identifier><ColumnReference Column="Expr1054"/></Identifier></ScalarOperator><ScalarOperator><Const ConstValue="N'2021, Month 11'"/></ScalarOperator></Compare></ScalarOperator><ScalarOperator><Compare CompareOp="EQ"><ScalarOperator><Identifier><ColumnReference Column="Expr1054"/></Identifier></ScalarOperator><ScalarOperator><Const ConstValue="N'2021, Month 12'"/></ScalarOperator></Compare></ScalarOperator></Logical></ScalarOperator></Logical></ScalarOperator></Logical></ScalarOperator></PassThru><OuterReferences><ColumnReference Column="Expr1040"/><ColumnReference Column="Expr1055"/></OuterReferences><ProbeColumn><ColumnReference Column="Expr1088"/></ProbeColumn><RelOp NodeId="10" PhysicalOp="Hash Match" LogicalOp="Full Outer Join" EstimateRows="186150" EstimateIO="0" EstimateCPU="0.424455" AvgRowSize="1382" EstimatedTotalSubtreeCost="10443.9" Parallel="1" EstimateRebinds="0" EstimateRewinds="0" EstimatedExecutionMode="Row"><OutputList><ColumnReference Column="Expr1030"/><ColumnReference Column="Expr1031"/><ColumnReference Column="Expr1032"/><ColumnReference Column="Expr1033"/><ColumnReference Column="Expr1034"/><ColumnReference Column="Expr1035"/><ColumnReference Column="Expr1036"/><ColumnReference Column="Expr1037"/><ColumnReference Column="Expr1038"/><ColumnReference Column="Expr1039"/><ColumnReference Column="Expr1040"/><ColumnReference Column="SrcPrb1041"/><ColumnReference Column="PtnId1042" ComputedColumn="1"/><ColumnReference Database="[tb7e90c475b95463bb3e0c7f022c47a08_WawanesaProd]" Schema="[dbo]" Table="[_Result817]" Column="_ResultID"/><ColumnReference Database="[tb7e90c475b95463bb3e0c7f022c47a08_WawanesaProd]" Schema="[dbo]" Table="[_Result817]" Column="Party"/><ColumnReference Database="[tb7e90c475b95463bb3e0c7f022c47a08_WawanesaProd]" Schema="[dbo]" Table="[_Result817]" Column="ProductGroup"/><ColumnReference Database="[tb7e90c475b95463bb3e0c7f022c47a08_WawanesaProd]" Schema="[dbo]" Table="[_Result817]" Column="ProductGroup2"/><ColumnReference Database="[tb7e90c475b95463bb3e0c7f022c47a08_WawanesaProd]" Schema="[dbo]" Table="[_Result817]" Column="ProductGroup3"/><ColumnReference Database="[tb7e90c475b95463bb3e0c7f022c47a08_WawanesaProd]" Schema="[dbo]" Table="[_Result817]" Column="ProductGroup4"/><ColumnReference Database="[tb7e90c475b95463bb3e0c7f022c47a08_WawanesaProd]" Schema="[dbo]" Table="[_Result817]" Column="ProductGroup5"/><ColumnReference Database="[tb7e90c475b95463bb3e0c7f022c47a08_WawanesaProd]" Schema="[dbo]" Table="[_Result817]" Column="ProductGroup6"/><ColumnReference Database="[tb7e90c475b95463bb3e0c7f022c47a08_WawanesaProd]" Schema="[dbo]" Table="[_Result817]" Column="ProductGroup7"/><ColumnReference Database="[tb7e90c475b95463bb3e0c7f022c47a08_WawanesaProd]" Schema="[dbo]" Table="[_Result817]" Column="Attribute"/><ColumnReference Database="[tb7e90c475b95463bb3e0c7f022c47a08_WawanesaProd]" Schema="[dbo]" Table="[_Result817]" Column="Months"/><ColumnReference Database="[tb7e90c475b95463bb3e0c7f022c47a08_WawanesaProd]" Schema="[dbo]" Table="[_Result817]" Column="Value"/><ColumnReference Column="Expr1054"/><ColumnReference Column="Expr1055"/><ColumnReference Column="TrgPrb1056"/></OutputList><MemoryFractions Input="8.43006e-006" Output="0.0015873"/><Hash><DefinedValues/><HashKeysBuild><ColumnReference Column="Union1004"/><ColumnReference Column="Union1005"/><ColumnReference Column="Union1006"/><ColumnReference Column="Union1007"/><ColumnReference Column="Union1008"/><ColumnReference Column="Union1009"/><ColumnReference Column="Union1010"/><ColumnReference Column="Union1011"/><ColumnReference Database="[tb7e90c475b95463bb3e0c7f022c47a08_WawanesaProd]" Schema="[dbo]" Table="[sysAttribute]" Alias="[_LookupAlias1]" Column="Attribute"/><ColumnReference Database="[tb7e90c475b95463bb3e0c7f022c47a08_WawanesaProd]" Schema="[dbo]" Table="[_Period2]" Alias="[_Time]" Column="Name_"/></HashKeysBuild><HashKeysProbe><ColumnReference Database="[tb7e90c475b95463bb3e0c7f022c47a08_WawanesaProd]" Schema="[dbo]" Table="[_Result817]" Column="Party"/><ColumnReference Database="[tb7e90c475b95463bb3e0c7f022c47a08_WawanesaProd]" Schema="[dbo]" Table="[_Result817]" Column="ProductGroup"/><ColumnReference Database="[tb7e90c475b95463bb3e0c7f022c47a08_WawanesaProd]" Schema="[dbo]" Table="[_Result817]" Column="ProductGroup2"/><ColumnReference Database="[tb7e90c475b95463bb3e0c7f022c47a08_WawanesaProd]" Schema="[dbo]" Table="[_Result817]" Column="ProductGroup3"/><ColumnReference Database="[tb7e90c475b95463bb3e0c7f022c47a08_WawanesaProd]" Schema="[dbo]" Table="[_Result817]" Column="ProductGroup4"/><ColumnReference Database="[tb7e90c475b95463bb3e0c7f022c47a08_WawanesaProd]" Schema="[dbo]" Table="[_Result817]" Column="ProductGroup5"/><ColumnReference Database="[tb7e90c475b95463bb3e0c7f022c47a08_WawanesaProd]" Schema="[dbo]" Table="[_Result817]" Column="ProductGroup6"/><ColumnReference Database="[tb7e90c475b95463bb3e0c7f022c47a08_WawanesaProd]" Schema="[dbo]" Table="[_Result817]" Column="ProductGroup7"/><ColumnReference Database="[tb7e90c475b95463bb3e0c7f022c47a08_WawanesaProd]" Schema="[dbo]" Table="[_Result817]" Column="Attribute"/><ColumnReference Database="[tb7e90c475b95463bb3e0c7f022c47a08_WawanesaProd]" Schema="[dbo]" Table="[_Result817]" Column="Months"/></HashKeysProbe><ProbeResidual><ScalarOperator ScalarString="[Union1004]=[tb7e90c475b95463bb3e0c7f022c47a08_WawanesaProd].[dbo].[_Result817].[Party] AND [Union1005]=[tb7e90c475b95463bb3e0c7f022c47a08_WawanesaProd].[dbo].[_Result817].[ProductGroup] AND [Union1006]=[tb7e90c475b95463bb3e0c7f022c47a08_WawanesaProd].[dbo].[_Result817].[ProductGroup2] AND [Union1007]=[tb7e90c475b95463bb3e0c7f022c47a08_WawanesaProd].[dbo].[_Result817].[ProductGroup3] AND [Union1008]=[tb7e90c475b95463bb3e0c7f022c47a08_WawanesaProd].[dbo].[_Result817].[ProductGroup4] AND [Union1009]=[tb7e90c475b95463bb3e0c7f022c47a08_WawanesaProd].[dbo].[_Result817].[ProductGroup5] AND [Union1010]=[tb7e90c475b95463bb3e0c7f022c47a08_WawanesaProd].[dbo].[_Result817].[ProductGroup6] AND [Union1011]=[tb7e90c475b95463bb3e0c7f022c47a08_WawanesaProd].[dbo].[_Result817].[ProductGroup7] AND [tb7e90c475b95463bb3e0c7f022c47a08_WawanesaProd].[dbo].[sysAttribute].[Attribute] as [_LookupAlias1].[Attribute]=[tb7e90c475b95463bb3e0c7f022c47a08_WawanesaProd].[dbo].[_Result817].[Attribute] AND [tb7e90c475b95463bb3e0c7f022c47a08_WawanesaProd].[dbo].[_Period2].[Name_] as [_Time].[Name_]=[tb7e90c475b95463bb3e0c7f022c47a08_WawanesaProd].[dbo].[_Result817].[Months]"><Logical Operation="AND"><ScalarOperator><Compare CompareOp="EQ"><ScalarOperator><Identifier><ColumnReference Column="Union1004"/></Identifier></ScalarOperator><ScalarOperator><Identifier><ColumnReference Database="[tb7e90c475b95463bb3e0c7f022c47a08_WawanesaProd]" Schema="[dbo]" Table="[_Result817]" Column="Party"/></Identifier></ScalarOperator></Compare></ScalarOperator><ScalarOperator><Compare CompareOp="EQ"><ScalarOperator><Identifier><ColumnReference Column="Union1005"/></Identifier></ScalarOperator><ScalarOperator><Identifier><ColumnReference Database="[tb7e90c475b95463bb3e0c7f022c47a08_WawanesaProd]" Schema="[dbo]" Table="[_Result817]" Column="ProductGroup"/></Identifier></ScalarOperator></Compare></ScalarOperator><ScalarOperator><Compare CompareOp="EQ"><ScalarOperator><Identifier><ColumnReference Column="Union1006"/></Identifier></ScalarOperator><ScalarOperator><Identifier><ColumnReference Database="[tb7e90c475b95463bb3e0c7f022c47a08_WawanesaProd]" Schema="[dbo]" Table="[_Result817]" Column="ProductGroup2"/></Identifier></ScalarOperator></Compare></ScalarOperator><ScalarOperator><Compare CompareOp="EQ"><ScalarOperator><Identifier><ColumnReference Column="Union1007"/></Identifier></ScalarOperator><ScalarOperator><Identifier><ColumnReference Database="[tb7e90c475b95463bb3e0c7f022c47a08_WawanesaProd]" Schema="[dbo]" Table="[_Result817]" Column="ProductGroup3"/></Identifier></ScalarOperator></Compare></ScalarOperator><ScalarOperator><Compare CompareOp="EQ"><ScalarOperator><Identifier><ColumnReference Column="Union1008"/></Identifier></ScalarOperator><ScalarOperator><Identifier><ColumnReference Database="[tb7e90c475b95463bb3e0c7f022c47a08_WawanesaProd]" Schema="[dbo]" Table="[_Result817]" Column="ProductGroup4"/></Identifier></ScalarOperator></Compare></ScalarOperator><ScalarOperator><Compare CompareOp="EQ"><ScalarOperator><Identifier><ColumnReference Column="Union1009"/></Identifier></ScalarOperator><ScalarOperator><Identifier><ColumnReference Database="[tb7e90c475b95463bb3e0c7f022c47a08_WawanesaProd]" Schema="[dbo]" Table="[_Result817]" Column="ProductGroup5"/></Identifier></ScalarOperator></Compare></ScalarOperator><ScalarOperator><Compare CompareOp="EQ"><ScalarOperator><Identifier><ColumnReference Column="Union1010"/></Identifier></ScalarOperator><ScalarOperator><Identifier><ColumnReference Database="[tb7e90c475b95463bb3e0c7f022c47a08_WawanesaProd]" Schema="[dbo]" Table="[_Result817]" Column="ProductGroup6"/></Identifier></ScalarOperator></Compare></ScalarOperator><ScalarOperator><Compare CompareOp="EQ"><ScalarOperator><Identifier><ColumnReference Column="Union1011"/></Identifier></ScalarOperator><ScalarOperator><Identifier><ColumnReference Database="[tb7e90c475b95463bb3e0c7f022c47a08_WawanesaProd]" Schema="[dbo]" Table="[_Result817]" Column="ProductGroup7"/></Identifier></ScalarOperator></Compare></ScalarOperator><ScalarOperator><Compare CompareOp="EQ"><ScalarOperator><Identifier><ColumnReference Database="[tb7e90c475b95463bb3e0c7f022c47a08_WawanesaProd]" Schema="[dbo]" Table="[sysAttribute]" Alias="[_LookupAlias1]" Column="Attribute"/></Identifier></ScalarOperator><ScalarOperator><Identifier><ColumnReference Database="[tb7e90c475b95463bb3e0c7f022c47a08_WawanesaProd]" Schema="[dbo]" Table="[_Result817]" Column="Attribute"/></Identifier></ScalarOperator></Compare></ScalarOperator><ScalarOperator><Compare CompareOp="EQ"><ScalarOperator><Identifier><ColumnReference Database="[tb7e90c475b95463bb3e0c7f022c47a08_WawanesaProd]" Schema="[dbo]" Table="[_Period2]" Alias="[_Time]" Column="Name_"/></Identifier></ScalarOperator><ScalarOperator><Identifier><ColumnReference Database="[tb7e90c475b95463bb3e0c7f022c47a08_WawanesaProd]" Schema="[dbo]" Table="[_Result817]" Column="Months"/></Identifier></ScalarOperator></Compare></ScalarOperator></Logical></ScalarOperator></ProbeResidual><RelOp NodeId="11" PhysicalOp="Compute Scalar" LogicalOp="Compute Scalar" EstimateRows="1" EstimateIO="0" EstimateCPU="1.66667e-008" AvgRowSize="1970" EstimatedTotalSubtreeCost="10439.7" Parallel="1" EstimateRebinds="0" EstimateRewinds="0" EstimatedExecutionMode="Row"><OutputList><ColumnReference Column="Union1004"/><ColumnReference Column="Union1005"/><ColumnReference Column="Union1006"/><ColumnReference Column="Union1007"/><ColumnReference Column="Union1008"/><ColumnReference Column="Union1009"/><ColumnReference Column="Union1010"/><ColumnReference Column="Union1011"/><ColumnReference Database="[tb7e90c475b95463bb3e0c7f022c47a08_WawanesaProd]" Schema="[dbo]" Table="[sysAttribute]" Alias="[_LookupAlias1]" Column="Attribute"/><ColumnReference Database="[tb7e90c475b95463bb3e0c7f022c47a08_WawanesaProd]" Schema="[dbo]" Table="[_Period2]" Alias="[_Time]" Column="Name_"/><ColumnReference Column="Expr1030"/><ColumnReference Column="Expr1031"/><ColumnReference Column="Expr1032"/><ColumnReference Column="Expr1033"/><ColumnReference Column="Expr1034"/><ColumnReference Column="Expr1035"/><ColumnReference Column="Expr1036"/><ColumnReference Column="Expr1037"/><ColumnReference Column="Expr1038"/><ColumnReference Column="Expr1039"/><ColumnReference Column="Expr1040"/><ColumnReference Column="SrcPrb1041"/></OutputList><ComputeScalar><DefinedValues><DefinedValue><ColumnReference Column="Expr1030"/><ScalarOperator ScalarString="[Union1004]"><Identifier><ColumnReference Column="Union1004"/></Identifier></ScalarOperator></DefinedValue><DefinedValue><ColumnReference Column="Expr1031"/><ScalarOperator ScalarString="[Union1005]"><Identifier><ColumnReference Column="Union1005"/></Identifier></ScalarOperator></DefinedValue><DefinedValue><ColumnReference Column="Expr1032"/><ScalarOperator ScalarString="[Union1006]"><Identifier><ColumnReference Column="Union1006"/></Identifier></ScalarOperator></DefinedValue><DefinedValue><ColumnReference Column="Expr1033"/><ScalarOperator ScalarString="[Union1007]"><Identifier><ColumnReference Column="Union1007"/></Identifier></ScalarOperator></DefinedValue><DefinedValue><ColumnReference Column="Expr1034"/><ScalarOperator ScalarString="[Union1008]"><Identifier><ColumnReference Column="Union1008"/></Identifier></ScalarOperator></DefinedValue><DefinedValue><ColumnReference Column="Expr1035"/><ScalarOperator ScalarString="[Union1009]"><Identifier><ColumnReference Column="Union1009"/></Identifier></ScalarOperator></DefinedValue><DefinedValue><ColumnReference Column="Expr1036"/><ScalarOperator ScalarString="[Union1010]"><Identifier><ColumnReference Column="Union1010"/></Identifier></ScalarOperator></DefinedValue><DefinedValue><ColumnReference Column="Expr1037"/><ScalarOperator ScalarString="[Union1011]"><Identifier><ColumnReference Column="Union1011"/></Identifier></ScalarOperator></DefinedValue><DefinedValue><ColumnReference Column="Expr1038"/><ScalarOperator ScalarString="[tb7e90c475b95463bb3e0c7f022c47a08_WawanesaProd].[dbo].[sysAttribute].[Attribute] as [_LookupAlias1].[Attribute]"><Identifier><ColumnReference Database="[tb7e90c475b95463bb3e0c7f022c47a08_WawanesaProd]" Schema="[dbo]" Table="[sysAttribute]" Alias="[_LookupAlias1]" Column="Attribute"/></Identifier></ScalarOperator></DefinedValue><DefinedValue><ColumnReference Column="Expr1039"/><ScalarOperator ScalarString="[tb7e90c475b95463bb3e0c7f022c47a08_WawanesaProd].[dbo].[_Period2].[Name_] as [_Time].[Name_]"><Identifier><ColumnReference Database="[tb7e90c475b95463bb3e0c7f022c47a08_WawanesaProd]" Schema="[dbo]" Table="[_Period2]" Alias="[_Time]" Column="Name_"/></Identifier></ScalarOperator></DefinedValue><DefinedValue><ColumnReference Column="Expr1040"/><ScalarOperator ScalarString="CASE WHEN [Expr1025] IS NULL THEN NULL ELSE [tb7e90c475b95463bb3e0c7f022c47a08_WawanesaProd].[dbo].[pif]([Expr1026],N'=',[pd]::c((0.00000000000000)),[pd]::c((0.00000000000000)),[tb7e90c475b95463bb3e0c7f022c47a08_WawanesaProd].[dbo].[div]([Expr1027],[Expr1028])) END.ToDecimal()"><UDTMethod><CLRFunction Assembly="Varicent.PreciseDecimal" Class="Varicent.PreciseDecimal.pd" Method="ToDecimal"/><ScalarOperator><IF><Condition><ScalarOperator><Compare CompareOp="IS"><ScalarOperator><Identifier><ColumnReference Column="Expr1025"/></Identifier></ScalarOperator><ScalarOperator><Const ConstValue="NULL"/></ScalarOperator></Compare></ScalarOperator></Condition><Then><ScalarOperator><Const ConstValue="NULL"/></ScalarOperator></Then><Else><ScalarOperator><UserDefinedFunction FunctionName="[tb7e90c475b95463bb3e0c7f022c47a08_WawanesaProd].[dbo].[pif]" IsClrFunction="1"><ScalarOperator><Identifier><ColumnReference Column="Expr1026"/></Identifier></ScalarOperator><ScalarOperator><Const ConstValue="N'='"/></ScalarOperator><ScalarOperator><UDTMethod><CLRFunction Assembly="Varicent.PreciseDecimal" Class="Varicent.PreciseDecimal.pd" Method="c"/><ScalarOperator><Const ConstValue="(0.00000000000000)"/></ScalarOperator></UDTMethod></ScalarOperator><ScalarOperator><UDTMethod><CLRFunction Assembly="Varicent.PreciseDecimal" Class="Varicent.PreciseDecimal.pd" Method="c"/><ScalarOperator><Const ConstValue="(0.00000000000000)"/></ScalarOperator></UDTMethod></ScalarOperator><ScalarOperator><UserDefinedFunction FunctionName="[tb7e90c475b95463bb3e0c7f022c47a08_WawanesaProd].[dbo].[div]" IsClrFunction="1"><ScalarOperator><Identifier><ColumnReference Column="Expr1027"/></Identifier></ScalarOperator><ScalarOperator><Identifier><ColumnReference Column="Expr1028"/></Identifier></ScalarOperator><CLRFunction Assembly="Varicent.PreciseDecimal" Class="Varicent.PreciseDecimal.Arithmetic" Method="div"/></UserDefinedFunction></ScalarOperator><CLRFunction Assembly="Varicent.PreciseDecimal" Class="Varicent.PreciseDecimal.Arithmetic" Method="pif"/></UserDefinedFunction></ScalarOperator></Else></IF></ScalarOperator></UDTMethod></ScalarOperator></DefinedValue><DefinedValue><ColumnReference Column="SrcPrb1041"/><ScalarOperator ScalarString="(1)"><Const ConstValue="(1)"/></ScalarOperator></DefinedValue></DefinedValues><RelOp NodeId="12" PhysicalOp="Filter" LogicalOp="Filter" EstimateRows="1" EstimateIO="0" EstimateCPU="7.54534" AvgRowSize="980" EstimatedTotalSubtreeCost="10439.7" Parallel="1" EstimateRebinds="0" EstimateRewinds="0" EstimatedExecutionMode="Row"><OutputList><ColumnReference Column="Union1004"/><ColumnReference Column="Union1005"/><ColumnReference Column="Union1006"/><ColumnReference Column="Union1007"/><ColumnReference Column="Union1008"/><ColumnReference Column="Union1009"/><ColumnReference Column="Union1010"/><ColumnReference Column="Union1011"/><ColumnReference Database="[tb7e90c475b95463bb3e0c7f022c47a08_WawanesaProd]" Schema="[dbo]" Table="[sysAttribute]" Alias="[_LookupAlias1]" Column="Attribute"/><ColumnReference Database="[tb7e90c475b95463bb3e0c7f022c47a08_WawanesaProd]" Schema="[dbo]" Table="[_Period2]" Alias="[_Time]" Column="Name_"/><ColumnReference Column="Expr1025"/><ColumnReference Column="Expr1026"/><ColumnReference Column="Expr1027"/><ColumnReference Column="Expr1028"/></OutputList><Filter StartupExpression="0"><RelOp NodeId="13" PhysicalOp="Compute Scalar" LogicalOp="Compute Scalar" EstimateRows="2.40809e+007" EstimateIO="0" EstimateCPU="4.96836" AvgRowSize="1029" EstimatedTotalSubtreeCost="10432.2" Parallel="1" EstimateRebinds="0" EstimateRewinds="0" EstimatedExecutionMode="Row"><OutputList><ColumnReference Column="Union1004"/><ColumnReference Column="Union1005"/><ColumnReference Column="Union1006"/><ColumnReference Column="Union1007"/><ColumnReference Column="Union1008"/><ColumnReference Column="Union1009"/><ColumnReference Column="Union1010"/><ColumnReference Column="Union1011"/><ColumnReference Database="[tb7e90c475b95463bb3e0c7f022c47a08_WawanesaProd]" Schema="[dbo]" Table="[sysAttribute]" Alias="[_LookupAlias1]" Column="Attribute"/><ColumnReference Database="[tb7e90c475b95463bb3e0c7f022c47a08_WawanesaProd]" Schema="[dbo]" Table="[_Period2]" Alias="[_Time]" Column="Name_"/><ColumnReference Column="Expr1021"/><ColumnReference Column="Expr1022"/><ColumnReference Column="Expr1023"/><ColumnReference Column="Expr1024"/><ColumnReference Column="Expr1025"/><ColumnReference Column="Expr1026"/><ColumnReference Column="Expr1027"/><ColumnReference Column="Expr1028"/></OutputList><ComputeScalar><DefinedValues><DefinedValue><ColumnReference Column="Expr1021"/><ScalarOperator ScalarString="[dbo].[pmax]([Expr1224])"><UserDefinedAggregate Distinct="0"><UDAggObject Schema="dbo" Table="pmax"/><ScalarOperator><Identifier><ColumnReference Column="Expr1224"/></Identifier></ScalarOperator></UserDefinedAggregate></ScalarOperator></DefinedValue><DefinedValue><ColumnReference Column="Expr1022"/><ScalarOperator ScalarString="[dbo].[psum]([Expr1225])"><UserDefinedAggregate Distinct="0"><UDAggObject Schema="dbo" Table="psum"/><ScalarOperator><Identifier><ColumnReference Column="Expr1225"/></Identifier></ScalarOperator></UserDefinedAggregate></ScalarOperator></DefinedValue><DefinedValue><ColumnReference Column="Expr1023"/><ScalarOperator ScalarString="[dbo].[pmax]([Expr1226])"><UserDefinedAggregate Distinct="0"><UDAggObject Schema="dbo" Table="pmax"/><ScalarOperator><Identifier><ColumnReference Column="Expr1226"/></Identifier></ScalarOperator></UserDefinedAggregate></ScalarOperator></DefinedValue><DefinedValue><ColumnReference Column="Expr1024"/><ScalarOperator ScalarString="[dbo].[psum]([Expr1227])"><UserDefinedAggregate Distinct="0"><UDAggObject Schema="dbo" Table="psum"/><ScalarOperator><Identifier><ColumnReference Column="Expr1227"/></Identifier></ScalarOperator></UserDefinedAggregate></ScalarOperator></DefinedValue><DefinedValue><ColumnReference Column="Expr1025"/><ScalarOperator ScalarString="[dbo].[pmax]([Expr1228])"><UserDefinedAggregate Distinct="0"><UDAggObject Schema="dbo" Table="pmax"/><ScalarOperator><Identifier><ColumnReference Column="Expr1228"/></Identifier></ScalarOperator></UserDefinedAggregate></ScalarOperator></DefinedValue><DefinedValue><ColumnReference Column="Expr1026"/><ScalarOperator ScalarString="[dbo].[psum]([Expr1229])"><UserDefinedAggregate Distinct="0"><UDAggObject Schema="dbo" Table="psum"/><ScalarOperator><Identifier><ColumnReference Column="Expr1229"/></Identifier></ScalarOperator></UserDefinedAggregate></ScalarOperator></DefinedValue><DefinedValue><ColumnReference Column="Expr1027"/><ScalarOperator ScalarString="[dbo].[pmax]([Expr1230])"><UserDefinedAggregate Distinct="0"><UDAggObject Schema="dbo" Table="pmax"/><ScalarOperator><Identifier><ColumnReference Column="Expr1230"/></Identifier></ScalarOperator></UserDefinedAggregate></ScalarOperator></DefinedValue><DefinedValue><ColumnReference Column="Expr1028"/><ScalarOperator ScalarString="[dbo].[psum]([Expr1231])"><UserDefinedAggregate Distinct="0"><UDAggObject Schema="dbo" Table="psum"/><ScalarOperator><Identifier><ColumnReference Column="Expr1231"/></Identifier></ScalarOperator></UserDefinedAggregate></ScalarOperator></DefinedValue></DefinedValues><RelOp NodeId="14" PhysicalOp="Stream Aggregate" LogicalOp="Aggregate" EstimateRows="2.40809e+007" EstimateIO="0" EstimateCPU="4.96836" AvgRowSize="1029" EstimatedTotalSubtreeCost="10432.2" Parallel="1" EstimateRebinds="0" EstimateRewinds="0" EstimatedExecutionMode="Row"><OutputList><ColumnReference Column="Union1004"/><ColumnReference Column="Union1005"/><ColumnReference Column="Union1006"/><ColumnReference Column="Union1007"/><ColumnReference Column="Union1008"/><ColumnReference Column="Union1009"/><ColumnReference Column="Union1010"/><ColumnReference Column="Union1011"/><ColumnReference Database="[tb7e90c475b95463bb3e0c7f022c47a08_WawanesaProd]" Schema="[dbo]" Table="[sysAttribute]" Alias="[_LookupAlias1]" Column="Attribute"/><ColumnReference Database="[tb7e90c475b95463bb3e0c7f022c47a08_WawanesaProd]" Schema="[dbo]" Table="[_Period2]" Alias="[_Time]" Column="Name_"/><ColumnReference Column="Expr1224"/><ColumnReference Column="Expr1225"/><ColumnReference Column="Expr1226"/><ColumnReference Column="Expr1227"/><ColumnReference Column="Expr1228"/><ColumnReference Column="Expr1229"/><ColumnReference Column="Expr1230"/><ColumnReference Column="Expr1231"/></OutputList><StreamAggregate><DefinedValues><DefinedValue><ColumnReference Column="Expr1224"/><ScalarOperator ScalarString="[dbo].[pmax]([pd]::c([tb7e90c475b95463bb3e0c7f022c47a08_WawanesaProd].[dbo].[_Result812].[Value] as [_LookupAlias0].[Value]))"><UserDefinedAggregate Distinct="0"><UDAggObject Table="dbo.pmax"/><ScalarOperator><UDTMethod><CLRFunction Assembly="Varicent.PreciseDecimal" Class="Varicent.PreciseDecimal.pd" Method="c"/><ScalarOperator><Identifier><ColumnReference Database="[tb7e90c475b95463bb3e0c7f022c47a08_WawanesaProd]" Schema="[dbo]" Table="[_Result812]" Alias="[_LookupAlias0]" Column="Value"/></Identifier></ScalarOperator></UDTMethod></ScalarOperator></UserDefinedAggregate></ScalarOperator></DefinedValue><DefinedValue><ColumnReference Column="Expr1225"/><ScalarOperator ScalarString="[dbo].[psum]([pd]::c([Union1014]))"><UserDefinedAggregate Distinct="0"><UDAggObject Table="dbo.psum"/><ScalarOperator><UDTMethod><CLRFunction Assembly="Varicent.PreciseDecimal" Class="Varicent.PreciseDecimal.pd" Method="c"/><ScalarOperator><Identifier><ColumnReference Column="Union1014"/></Identifier></ScalarOperator></UDTMethod></ScalarOperator></UserDefinedAggregate></ScalarOperator></DefinedValue><DefinedValue><ColumnReference Column="Expr1226"/><ScalarOperator ScalarString="[dbo].[pmax]([pd]::c([tb7e90c475b95463bb3e0c7f022c47a08_WawanesaProd].[dbo].[_Result812].[Value] as [_LookupAlias0].[Value]))"><UserDefinedAggregate Distinct="0"><UDAggObject Table="dbo.pmax"/><ScalarOperator><UDTMethod><CLRFunction Assembly="Varicent.PreciseDecimal" Class="Varicent.PreciseDecimal.pd" Method="c"/><ScalarOperator><Identifier><ColumnReference Database="[tb7e90c475b95463bb3e0c7f022c47a08_WawanesaProd]" Schema="[dbo]" Table="[_Result812]" Alias="[_LookupAlias0]" Column="Value"/></Identifier></ScalarOperator></UDTMethod></ScalarOperator></UserDefinedAggregate></ScalarOperator></DefinedValue><DefinedValue><ColumnReference Column="Expr1227"/><ScalarOperator ScalarString="[dbo].[psum]([pd]::c([Union1014]))"><UserDefinedAggregate Distinct="0"><UDAggObject Table="dbo.psum"/><ScalarOperator><UDTMethod><CLRFunction Assembly="Varicent.PreciseDecimal" Class="Varicent.PreciseDecimal.pd" Method="c"/><ScalarOperator><Identifier><ColumnReference Column="Union1014"/></Identifier></ScalarOperator></UDTMethod></ScalarOperator></UserDefinedAggregate></ScalarOperator></DefinedValue><DefinedValue><ColumnReference Column="Expr1228"/><ScalarOperator ScalarString="[dbo].[pmax]([pd]::c([tb7e90c475b95463bb3e0c7f022c47a08_WawanesaProd].[dbo].[_Result812].[Value] as [_LookupAlias0].[Value]))"><UserDefinedAggregate Distinct="0"><UDAggObject Table="dbo.pmax"/><ScalarOperator><UDTMethod><CLRFunction Assembly="Varicent.PreciseDecimal" Class="Varicent.PreciseDecimal.pd" Method="c"/><ScalarOperator><Identifier><ColumnReference Database="[tb7e90c475b95463bb3e0c7f022c47a08_WawanesaProd]" Schema="[dbo]" Table="[_Result812]" Alias="[_LookupAlias0]" Column="Value"/></Identifier></ScalarOperator></UDTMethod></ScalarOperator></UserDefinedAggregate></ScalarOperator></DefinedValue><DefinedValue><ColumnReference Column="Expr1229"/><ScalarOperator ScalarString="[dbo].[psum]([pd]::c([Union1014]))"><UserDefinedAggregate Distinct="0"><UDAggObject Table="dbo.psum"/><ScalarOperator><UDTMethod><CLRFunction Assembly="Varicent.PreciseDecimal" Class="Varicent.PreciseDecimal.pd" Method="c"/><ScalarOperator><Identifier><ColumnReference Column="Union1014"/></Identifier></ScalarOperator></UDTMethod></ScalarOperator></UserDefinedAggregate></ScalarOperator></DefinedValue><DefinedValue><ColumnReference Column="Expr1230"/><ScalarOperator ScalarString="[dbo].[pmax]([pd]::c([tb7e90c475b95463bb3e0c7f022c47a08_WawanesaProd].[dbo].[_Result812].[Value] as [_LookupAlias0].[Value]))"><UserDefinedAggregate Distinct="0"><UDAggObject Table="dbo.pmax"/><ScalarOperator><UDTMethod><CLRFunction Assembly="Varicent.PreciseDecimal" Class="Varicent.PreciseDecimal.pd" Method="c"/><ScalarOperator><Identifier><ColumnReference Database="[tb7e90c475b95463bb3e0c7f022c47a08_WawanesaProd]" Schema="[dbo]" Table="[_Result812]" Alias="[_LookupAlias0]" Column="Value"/></Identifier></ScalarOperator></UDTMethod></ScalarOperator></UserDefinedAggregate></ScalarOperator></DefinedValue><DefinedValue><ColumnReference Column="Expr1231"/><ScalarOperator ScalarString="[dbo].[psum]([pd]::c([Union1014]))"><UserDefinedAggregate Distinct="0"><UDAggObject Table="dbo.psum"/><ScalarOperator><UDTMethod><CLRFunction Assembly="Varicent.PreciseDecimal" Class="Varicent.PreciseDecimal.pd" Method="c"/><ScalarOperator><Identifier><ColumnReference Column="Union1014"/></Identifier></ScalarOperator></UDTMethod></ScalarOperator></UserDefinedAggregate></ScalarOperator></DefinedValue></DefinedValues><GroupBy><ColumnReference Column="Union1004"/><ColumnReference Column="Union1005"/><ColumnReference Column="Union1006"/><ColumnReference Column="Union1007"/><ColumnReference Column="Union1008"/><ColumnReference Column="Union1009"/><ColumnReference Column="Union1010"/><ColumnReference Column="Union1011"/><ColumnReference Database="[tb7e90c475b95463bb3e0c7f022c47a08_WawanesaProd]" Schema="[dbo]" Table="[sysAttribute]" Alias="[_LookupAlias1]" Column="Attribute"/><ColumnReference Database="[tb7e90c475b95463bb3e0c7f022c47a08_WawanesaProd]" Schema="[dbo]" Table="[_Period2]" Alias="[_Time]" Column="Name_"/></GroupBy><RelOp NodeId="15" PhysicalOp="Sort" LogicalOp="Sort" EstimateRows="2.96162e+007" EstimateIO="7940.86" EstimateCPU="177.183" AvgRowSize="1060" EstimatedTotalSubtreeCost="10427.2" Parallel="1" EstimateRebinds="0" EstimateRewinds="0" EstimatedExecutionMode="Row"><OutputList><ColumnReference Column="Union1004"/><ColumnReference Column="Union1005"/><ColumnReference Column="Union1006"/><ColumnReference Column="Union1007"/><ColumnReference Column="Union1008"/><ColumnReference Column="Union1009"/><ColumnReference Column="Union1010"/><ColumnReference Column="Union1011"/><ColumnReference Column="Union1013"/><ColumnReference Column="Union1014"/><ColumnReference Database="[tb7e90c475b95463bb3e0c7f022c47a08_WawanesaProd]" Schema="[dbo]" Table="[_Result812]" Alias="[_LookupAlias0]" Column="Value"/><ColumnReference Database="[tb7e90c475b95463bb3e0c7f022c47a08_WawanesaProd]" Schema="[dbo]" Table="[sysAttribute]" Alias="[_LookupAlias1]" Column="Attribute"/><ColumnReference Database="[tb7e90c475b95463bb3e0c7f022c47a08_WawanesaProd]" Schema="[dbo]" Table="[_Period2]" Alias="[_Time]" Column="Name_"/></OutputList><MemoryFractions Input="0.838234" Output="0.999992"/><Sort Distinct="0"><OrderBy><OrderByColumn Ascending="1"><ColumnReference Column="Union1004"/></OrderByColumn><OrderByColumn Ascending="1"><ColumnReference Column="Union1005"/></OrderByColumn><OrderByColumn Ascending="1"><ColumnReference Column="Union1006"/></OrderByColumn><OrderByColumn Ascending="1"><ColumnReference Column="Union1007"/></OrderByColumn><OrderByColumn Ascending="1"><ColumnReference Column="Union1008"/></OrderByColumn><OrderByColumn Ascending="1"><ColumnReference Column="Union1009"/></OrderByColumn><OrderByColumn Ascending="1"><ColumnReference Column="Union1010"/></OrderByColumn><OrderByColumn Ascending="1"><ColumnReference Column="Union1011"/></OrderByColumn><OrderByColumn Ascending="1"><ColumnReference Database="[tb7e90c475b95463bb3e0c7f022c47a08_WawanesaProd]" Schema="[dbo]" Table="[sysAttribute]" Alias="[_LookupAlias1]" Column="Attribute"/></OrderByColumn><OrderByColumn Ascending="1"><ColumnReference Column="Union1013"/></OrderByColumn></OrderBy><RelOp NodeId="16" PhysicalOp="Parallelism" LogicalOp="Repartition Streams" EstimateRows="2.96162e+007" EstimateIO="0" EstimateCPU="0.0286309" AvgRowSize="1060" EstimatedTotalSubtreeCost="2309.14" Parallel="1" EstimateRebinds="0" EstimateRewinds="0" EstimatedExecutionMode="Row"><OutputList><ColumnReference Column="Union1004"/><ColumnReference Column="Union1005"/><ColumnReference Column="Union1006"/><ColumnReference Column="Union1007"/><ColumnReference Column="Union1008"/><ColumnReference Column="Union1009"/><ColumnReference Column="Union1010"/><ColumnReference Column="Union1011"/><ColumnReference Column="Union1013"/><ColumnReference Column="Union1014"/><ColumnReference Database="[tb7e90c475b95463bb3e0c7f022c47a08_WawanesaProd]" Schema="[dbo]" Table="[_Result812]" Alias="[_LookupAlias0]" Column="Value"/><ColumnReference Database="[tb7e90c475b95463bb3e0c7f022c47a08_WawanesaProd]" Schema="[dbo]" Table="[sysAttribute]" Alias="[_LookupAlias1]" Column="Attribute"/><ColumnReference Database="[tb7e90c475b95463bb3e0c7f022c47a08_WawanesaProd]" Schema="[dbo]" Table="[_Period2]" Alias="[_Time]" Column="Name_"/></OutputList><Parallelism PartitioningType="Hash"><PartitionColumns><ColumnReference Column="Union1004"/><ColumnReference Column="Union1005"/><ColumnReference Column="Union1006"/><ColumnReference Column="Union1007"/><ColumnReference Column="Union1008"/><ColumnReference Column="Union1009"/><ColumnReference Column="Union1010"/><ColumnReference Column="Union1011"/><ColumnReference Database="[tb7e90c475b95463bb3e0c7f022c47a08_WawanesaProd]" Schema="[dbo]" Table="[sysAttribute]" Alias="[_LookupAlias1]" Column="Attribute"/><ColumnReference Database="[tb7e90c475b95463bb3e0c7f022c47a08_WawanesaProd]" Schema="[dbo]" Table="[_Period2]" Alias="[_Time]" Column="Name_"/></PartitionColumns><RelOp NodeId="17" PhysicalOp="Hash Match" LogicalOp="Inner Join" EstimateRows="2.96162e+007" EstimateIO="0" EstimateCPU="79.1382" AvgRowSize="1060" EstimatedTotalSubtreeCost="2309.11" Parallel="1" EstimateRebinds="0" EstimateRewinds="0" EstimatedExecutionMode="Row"><OutputList><ColumnReference Column="Union1004"/><ColumnReference Column="Union1005"/><ColumnReference Column="Union1006"/><ColumnReference Column="Union1007"/><ColumnReference Column="Union1008"/><ColumnReference Column="Union1009"/><ColumnReference Column="Union1010"/><ColumnReference Column="Union1011"/><ColumnReference Column="Union1013"/><ColumnReference Column="Union1014"/><ColumnReference Database="[tb7e90c475b95463bb3e0c7f022c47a08_WawanesaProd]" Schema="[dbo]" Table="[_Result812]" Alias="[_LookupAlias0]" Column="Value"/><ColumnReference Database="[tb7e90c475b95463bb3e0c7f022c47a08_WawanesaProd]" Schema="[dbo]" Table="[sysAttribute]" Alias="[_LookupAlias1]" Column="Attribute"/><ColumnReference Database="[tb7e90c475b95463bb3e0c7f022c47a08_WawanesaProd]" Schema="[dbo]" Table="[_Period2]" Alias="[_Time]" Column="Name_"/></OutputList><MemoryFractions Input="0.000252147" Output="4.08015e-005"/><Hash><DefinedValues/><HashKeysBuild><ColumnReference Database="[tb7e90c475b95463bb3e0c7f022c47a08_WawanesaProd]" Schema="[dbo]" Table="[_Period2]" Alias="[_Time]" Column="Name_"/></HashKeysBuild><HashKeysProbe><ColumnReference Database="[tb7e90c475b95463bb3e0c7f022c47a08_WawanesaProd]" Schema="[dbo]" Table="[_Result812]" Alias="[_LookupAlias0]" Column="Months"/></HashKeysProbe><ProbeResidual><ScalarOperator ScalarString="[tb7e90c475b95463bb3e0c7f022c47a08_WawanesaProd].[dbo].[_Result812].[Months] as [_LookupAlias0].[Months]=[tb7e90c475b95463bb3e0c7f022c47a08_WawanesaProd].[dbo].[_Period2].[Name_] as [_Time].[Name_]"><Compare CompareOp="EQ"><ScalarOperator><Identifier><ColumnReference Database="[tb7e90c475b95463bb3e0c7f022c47a08_WawanesaProd]" Schema="[dbo]" Table="[_Result812]" Alias="[_LookupAlias0]" Column="Months"/></Identifier></ScalarOperator><ScalarOperator><Identifier><ColumnReference Database="[tb7e90c475b95463bb3e0c7f022c47a08_WawanesaProd]" Schema="[dbo]" Table="[_Period2]" Alias="[_Time]" Column="Name_"/></Identifier></ScalarOperator></Compare></ScalarOperator></ProbeResidual><RelOp NodeId="18" PhysicalOp="Parallelism" LogicalOp="Distribute Streams" EstimateRows="12" EstimateIO="0" EstimateCPU="0.0285457" AvgRowSize="39" EstimatedTotalSubtreeCost="0.0318514" Parallel="1" EstimateRebinds="0" EstimateRewinds="0" EstimatedExecutionMode="Row"><OutputList><ColumnReference Database="[tb7e90c475b95463bb3e0c7f022c47a08_WawanesaProd]" Schema="[dbo]" Table="[_Period2]" Alias="[_Time]" Column="Name_"/></OutputList><Parallelism PartitioningType="Broadcast"><RelOp NodeId="19" PhysicalOp="Clustered Index Seek" LogicalOp="Clustered Index Seek" EstimateRows="12" EstimateIO="0.003125" EstimateCPU="0.0001702" AvgRowSize="42" EstimatedTotalSubtreeCost="0.0032952" TableCardinality="12" Parallel="0" EstimateRebinds="0" EstimateRewinds="0" EstimatedExecutionMode="Row"><OutputList><ColumnReference Database="[tb7e90c475b95463bb3e0c7f022c47a08_WawanesaProd]" Schema="[dbo]" Table="[_Period2]" Alias="[_Time]" Column="Name_"/></OutputList><IndexScan Ordered="1" ScanDirection="FORWARD" ForcedIndex="0" ForceSeek="0" ForceScan="0" NoExpandHint="0" Storage="RowStore"><DefinedValues><DefinedValue><ColumnReference Database="[tb7e90c475b95463bb3e0c7f022c47a08_WawanesaProd]" Schema="[dbo]" Table="[_Period2]" Alias="[_Time]" Column="Name_"/></DefinedValue></DefinedValues><Object Database="[tb7e90c475b95463bb3e0c7f022c47a08_WawanesaProd]" Schema="[dbo]" Table="[_Period2]" Index="[_Period2_pkey]" Alias="[_Time]" IndexKind="Clustered" Storage="RowStore"/><SeekPredicates><SeekPredicateNew><SeekKeys><StartRange ScanType="GE"><RangeColumns><ColumnReference Database="[tb7e90c475b95463bb3e0c7f022c47a08_WawanesaProd]" Schema="[dbo]" Table="[_Period2]" Alias="[_Time]" Column="Name_"/></RangeColumns><RangeExpressions><ScalarOperator ScalarString="N'2021, Month 01'"><Const ConstValue="N'2021, Month 01'"/></ScalarOperator></RangeExpressions></StartRange><EndRange ScanType="LE"><RangeColumns><ColumnReference Database="[tb7e90c475b95463bb3e0c7f022c47a08_WawanesaProd]" Schema="[dbo]" Table="[_Period2]" Alias="[_Time]" Column="Name_"/></RangeColumns><RangeExpressions><ScalarOperator ScalarString="N'2021, Month 12'"><Const ConstValue="N'2021, Month 12'"/></ScalarOperator></RangeExpressions></EndRange></SeekKeys></SeekPredicateNew></SeekPredicates><Predicate><ScalarOperator ScalarString="[tb7e90c475b95463bb3e0c7f022c47a08_WawanesaProd].[dbo].[_Period2].[Ending_] as [_Time].[Ending_]&gt;='2021-01-01' AND [tb7e90c475b95463bb3e0c7f022c47a08_WawanesaProd].[dbo].[_Period2].[Ending_] as [_Time].[Ending_]&lt;='2021-12-31'"><Logical Operation="AND"><ScalarOperator><Compare CompareOp="GE"><ScalarOperator><Identifier><ColumnReference Database="[tb7e90c475b95463bb3e0c7f022c47a08_WawanesaProd]" Schema="[dbo]" Table="[_Period2]" Alias="[_Time]" Column="Ending_"/></Identifier></ScalarOperator><ScalarOperator><Const ConstValue="'2021-01-01'"/></ScalarOperator></Compare></ScalarOperator><ScalarOperator><Compare CompareOp="LE"><ScalarOperator><Identifier><ColumnReference Database="[tb7e90c475b95463bb3e0c7f022c47a08_WawanesaProd]" Schema="[dbo]" Table="[_Period2]" Alias="[_Time]" Column="Ending_"/></Identifier></ScalarOperator><ScalarOperator><Const ConstValue="'2021-12-31'"/></ScalarOperator></Compare></ScalarOperator></Logical></ScalarOperator></Predicate></IndexScan></RelOp></Parallelism></RelOp><RelOp NodeId="20" PhysicalOp="Merge Join" LogicalOp="Inner Join" EstimateRows="3.56028e+007" EstimateIO="5.21667e-005" EstimateCPU="9.94826" AvgRowSize="1060" EstimatedTotalSubtreeCost="2229.94" Parallel="1" EstimateRebinds="0" EstimateRewinds="0" EstimatedExecutionMode="Row"><OutputList><ColumnReference Column="Union1004"/><ColumnReference Column="Union1005"/><ColumnReference Column="Union1006"/><ColumnReference Column="Union1007"/><ColumnReference Column="Union1008"/><ColumnReference Column="Union1009"/><ColumnReference Column="Union1010"/><ColumnReference Column="Union1011"/><ColumnReference Column="Union1013"/><ColumnReference Column="Union1014"/><ColumnReference Database="[tb7e90c475b95463bb3e0c7f022c47a08_WawanesaProd]" Schema="[dbo]" Table="[_Result812]" Alias="[_LookupAlias0]" Column="Months"/><ColumnReference Database="[tb7e90c475b95463bb3e0c7f022c47a08_WawanesaProd]" Schema="[dbo]" Table="[_Result812]" Alias="[_LookupAlias0]" Column="Value"/><ColumnReference Database="[tb7e90c475b95463bb3e0c7f022c47a08_WawanesaProd]" Schema="[dbo]" Table="[sysAttribute]" Alias="[_LookupAlias1]" Column="Attribute"/></OutputList><Merge ManyToMany="1"><InnerSideJoinColumns><ColumnReference Database="[tb7e90c475b95463bb3e0c7f022c47a08_WawanesaProd]" Schema="[dbo]" Table="[sysAttribute]" Alias="[_LookupAlias1]" Column="NumericType"/><ColumnReference Database="[tb7e90c475b95463bb3e0c7f022c47a08_WawanesaProd]" Schema="[dbo]" Table="[sysAttribute]" Alias="[_LookupAlias1]" Column="DataStream"/></InnerSideJoinColumns><OuterSideJoinColumns><ColumnReference Database="[tb7e90c475b95463bb3e0c7f022c47a08_WawanesaProd]" Schema="[dbo]" Table="[sysAttribute]" Alias="[_TableAlias0]" Column="NumericType"/><ColumnReference Database="[tb7e90c475b95463bb3e0c7f022c47a08_WawanesaProd]" Schema="[dbo]" Table="[sysAttribute]" Alias="[_TableAlias0]" Column="DataStream"/></OuterSideJoinColumns><Residual><ScalarOperator ScalarString="[tb7e90c475b95463bb3e0c7f022c47a08_WawanesaProd].[dbo].[sysAttribute].[NumericType] as [_TableAlias0].[NumericType]=[tb7e90c475b95463bb3e0c7f022c47a08_WawanesaProd].[dbo].[sysAttribute].[NumericType] as [_LookupAlias1].[NumericType] AND [tb7e90c475b95463bb3e0c7f022c47a08_WawanesaProd].[dbo].[sysAttribute].[DataStream] as [_TableAlias0].[DataStream]=[tb7e90c475b95463bb3e0c7f022c47a08_WawanesaProd].[dbo].[sysAttribute].[DataStream] as [_LookupAlias1].[DataStream]"><Logical Operation="AND"><ScalarOperator><Compare CompareOp="EQ"><ScalarOperator><Identifier><ColumnReference Database="[tb7e90c475b95463bb3e0c7f022c47a08_WawanesaProd]" Schema="[dbo]" Table="[sysAttribute]" Alias="[_TableAlias0]" Column="NumericType"/></Identifier></ScalarOperator><ScalarOperator><Identifier><ColumnReference Database="[tb7e90c475b95463bb3e0c7f022c47a08_WawanesaProd]" Schema="[dbo]" Table="[sysAttribute]" Alias="[_LookupAlias1]" Column="NumericType"/></Identifier></ScalarOperator></Compare></ScalarOperator><ScalarOperator><Compare CompareOp="EQ"><ScalarOperator><Identifier><ColumnReference Database="[tb7e90c475b95463bb3e0c7f022c47a08_WawanesaProd]" Schema="[dbo]" Table="[sysAttribute]" Alias="[_TableAlias0]" Column="DataStream"/></Identifier></ScalarOperator><ScalarOperator><Identifier><ColumnReference Database="[tb7e90c475b95463bb3e0c7f022c47a08_WawanesaProd]" Schema="[dbo]" Table="[sysAttribute]" Alias="[_LookupAlias1]" Column="DataStream"/></Identifier></ScalarOperator></Compare></ScalarOperator></Logical></ScalarOperator></Residual><RelOp NodeId="21" PhysicalOp="Merge Join" LogicalOp="Inner Join" EstimateRows="2.2869e+007" EstimateIO="18.1762" EstimateCPU="24.0364" AvgRowSize="1052" EstimatedTotalSubtreeCost="2218.93" Parallel="1" EstimateRebinds="0" EstimateRewinds="0" EstimatedExecutionMode="Row"><OutputList><ColumnReference Column="Union1004"/><ColumnReference Column="Union1005"/><ColumnReference Column="Union1006"/><ColumnReference Column="Union1007"/><ColumnReference Column="Union1008"/><ColumnReference Column="Union1009"/><ColumnReference Column="Union1010"/><ColumnReference Column="Union1011"/><ColumnReference Column="Union1013"/><ColumnReference Column="Union1014"/><ColumnReference Database="[tb7e90c475b95463bb3e0c7f022c47a08_WawanesaProd]" Schema="[dbo]" Table="[sysAttribute]" Alias="[_TableAlias1]" Column="NumericType"/><ColumnReference Database="[tb7e90c475b95463bb3e0c7f022c47a08_WawanesaProd]" Schema="[dbo]" Table="[sysAttribute]" Alias="[_TableAlias1]" Column="DataStream"/><ColumnReference Database="[tb7e90c475b95463bb3e0c7f022c47a08_WawanesaProd]" Schema="[dbo]" Table="[_Result812]" Alias="[_LookupAlias0]" Column="Months"/><ColumnReference Database="[tb7e90c475b95463bb3e0c7f022c47a08_WawanesaProd]" Schema="[dbo]" Table="[_Result812]" Alias="[_LookupAlias0]" Column="Value"/><ColumnReference Database="[tb7e90c475b95463bb3e0c7f022c47a08_WawanesaProd]" Schema="[dbo]" Table="[sysAttribute]" Alias="[_TableAlias0]" Column="NumericType"/><ColumnReference Database="[tb7e90c475b95463bb3e0c7f022c47a08_WawanesaProd]" Schema="[dbo]" Table="[sysAttribute]" Alias="[_TableAlias0]" Column="DataStream"/></OutputList><Merge ManyToMany="1"><InnerSideJoinColumns><ColumnReference Database="[tb7e90c475b95463bb3e0c7f022c47a08_WawanesaProd]" Schema="[dbo]" Table="[sysAttribute]" Alias="[_TableAlias0]" Column="NumericType"/><ColumnReference Database="[tb7e90c475b95463bb3e0c7f022c47a08_WawanesaProd]" Schema="[dbo]" Table="[sysAttribute]" Alias="[_TableAlias0]" Column="DataStream"/></InnerSideJoinColumns><OuterSideJoinColumns><ColumnReference Database="[tb7e90c475b95463bb3e0c7f022c47a08_WawanesaProd]" Schema="[dbo]" Table="[sysAttribute]" Alias="[_TableAlias1]" Column="NumericType"/><ColumnReference Database="[tb7e90c475b95463bb3e0c7f022c47a08_WawanesaProd]" Schema="[dbo]" Table="[sysAttribute]" Alias="[_TableAlias1]" Column="DataStream"/></OuterSideJoinColumns><Residual><ScalarOperator ScalarString="[tb7e90c475b95463bb3e0c7f022c47a08_WawanesaProd].[dbo].[_Result812].[Months] as [_LookupAlias0].[Months]=[Union1013] AND [tb7e90c475b95463bb3e0c7f022c47a08_WawanesaProd].[dbo].[_Result812].[Party] as [_LookupAlias0].[Party]=[Union1004] AND [tb7e90c475b95463bb3e0c7f022c47a08_WawanesaProd].[dbo].[_Result812].[ProductGroup] as [_LookupAlias0].[ProductGroup]=[Union1005] AND [tb7e90c475b95463bb3e0c7f022c47a08_WawanesaProd].[dbo].[_Result812].[ProductGroup2] as [_LookupAlias0].[ProductGroup2]=[Union1006] AND [tb7e90c475b95463bb3e0c7f022c47a08_WawanesaProd].[dbo].[_Result812].[ProductGroup3] as [_LookupAlias0].[ProductGroup3]=[Union1007] AND [tb7e90c475b95463bb3e0c7f022c47a08_WawanesaProd].[dbo].[_Result812].[ProductGroup4] as [_LookupAlias0].[ProductGroup4]=[Union1008] AND [tb7e90c475b95463bb3e0c7f022c47a08_WawanesaProd].[dbo].[_Result812].[ProductGroup5] as [_LookupAlias0].[ProductGroup5]=[Union1009] AND [tb7e90c475b95463bb3e0c7f022c47a08_WawanesaProd].[dbo].[_Result812].[ProductGroup6] as [_LookupAlias0].[ProductGroup6]=[Union1010] AND [tb7e90c475b95463bb3e0c7f022c47a08_WawanesaProd].[dbo].[_Result812].[ProductGroup7] as [_LookupAlias0].[ProductGroup7]=[Union1011] AND [tb7e90c475b95463bb3e0c7f022c47a08_WawanesaProd].[dbo].[sysAttribute].[NumericType] as [_TableAlias0].[NumericType]=[tb7e90c475b95463bb3e0c7f022c47a08_WawanesaProd].[dbo].[sysAttribute].[NumericType] as [_TableAlias1].[NumericType] AND [tb7e90c475b95463bb3e0c7f022c47a08_WawanesaProd].[dbo].[sysAttribute].[DataStream] as [_TableAlias0].[DataStream]=[tb7e90c475b95463bb3e0c7f022c47a08_WawanesaProd].[dbo].[sysAttribute].[DataStream] as [_TableAlias1].[DataStream]"><Logical Operation="AND"><ScalarOperator><Compare CompareOp="EQ"><ScalarOperator><Identifier><ColumnReference Database="[tb7e90c475b95463bb3e0c7f022c47a08_WawanesaProd]" Schema="[dbo]" Table="[_Result812]" Alias="[_LookupAlias0]" Column="Months"/></Identifier></ScalarOperator><ScalarOperator><Identifier><ColumnReference Column="Union1013"/></Identifier></ScalarOperator></Compare></ScalarOperator><ScalarOperator><Compare CompareOp="EQ"><ScalarOperator><Identifier><ColumnReference Database="[tb7e90c475b95463bb3e0c7f022c47a08_WawanesaProd]" Schema="[dbo]" Table="[_Result812]" Alias="[_LookupAlias0]" Column="Party"/></Identifier></ScalarOperator><ScalarOperator><Identifier><ColumnReference Column="Union1004"/></Identifier></ScalarOperator></Compare></ScalarOperator><ScalarOperator><Compare CompareOp="EQ"><ScalarOperator><Identifier><ColumnReference Database="[tb7e90c475b95463bb3e0c7f022c47a08_WawanesaProd]" Schema="[dbo]" Table="[_Result812]" Alias="[_LookupAlias0]" Column="ProductGroup"/></Identifier></ScalarOperator><ScalarOperator><Identifier><ColumnReference Column="Union1005"/></Identifier></ScalarOperator></Compare></ScalarOperator><ScalarOperator><Compare CompareOp="EQ"><ScalarOperator><Identifier><ColumnReference Database="[tb7e90c475b95463bb3e0c7f022c47a08_WawanesaProd]" Schema="[dbo]" Table="[_Result812]" Alias="[_LookupAlias0]" Column="ProductGroup2"/></Identifier></ScalarOperator><ScalarOperator><Identifier><ColumnReference Column="Union1006"/></Identifier></ScalarOperator></Compare></ScalarOperator><ScalarOperator><Compare CompareOp="EQ"><ScalarOperator><Identifier><ColumnReference Database="[tb7e90c475b95463bb3e0c7f022c47a08_WawanesaProd]" Schema="[dbo]" Table="[_Result812]" Alias="[_LookupAlias0]" Column="ProductGroup3"/></Identifier></ScalarOperator><ScalarOperator><Identifier><ColumnReference Column="Union1007"/></Identifier></ScalarOperator></Compare></ScalarOperator><ScalarOperator><Compare CompareOp="EQ"><ScalarOperator><Identifier><ColumnReference Database="[tb7e90c475b95463bb3e0c7f022c47a08_WawanesaProd]" Schema="[dbo]" Table="[_Result812]" Alias="[_LookupAlias0]" Column="ProductGroup4"/></Identifier></ScalarOperator><ScalarOperator><Identifier><ColumnReference Column="Union1008"/></Identifier></ScalarOperator></Compare></ScalarOperator><ScalarOperator><Compare CompareOp="EQ"><ScalarOperator><Identifier><ColumnReference Database="[tb7e90c475b95463bb3e0c7f022c47a08_WawanesaProd]" Schema="[dbo]" Table="[_Result812]" Alias="[_LookupAlias0]" Column="ProductGroup5"/></Identifier></ScalarOperator><ScalarOperator><Identifier><ColumnReference Column="Union1009"/></Identifier></ScalarOperator></Compare></ScalarOperator><ScalarOperator><Compare CompareOp="EQ"><ScalarOperator><Identifier><ColumnReference Database="[tb7e90c475b95463bb3e0c7f022c47a08_WawanesaProd]" Schema="[dbo]" Table="[_Result812]" Alias="[_LookupAlias0]" Column="ProductGroup6"/></Identifier></ScalarOperator><ScalarOperator><Identifier><ColumnReference Column="Union1010"/></Identifier></ScalarOperator></Compare></ScalarOperator><ScalarOperator><Compare CompareOp="EQ"><ScalarOperator><Identifier><ColumnReference Database="[tb7e90c475b95463bb3e0c7f022c47a08_WawanesaProd]" Schema="[dbo]" Table="[_Result812]" Alias="[_LookupAlias0]" Column="ProductGroup7"/></Identifier></ScalarOperator><ScalarOperator><Identifier><ColumnReference Column="Union1011"/></Identifier></ScalarOperator></Compare></ScalarOperator><ScalarOperator><Compare CompareOp="EQ"><ScalarOperator><Identifier><ColumnReference Database="[tb7e90c475b95463bb3e0c7f022c47a08_WawanesaProd]" Schema="[dbo]" Table="[sysAttribute]" Alias="[_TableAlias0]" Column="NumericType"/></Identifier></ScalarOperator><ScalarOperator><Identifier><ColumnReference Database="[tb7e90c475b95463bb3e0c7f022c47a08_WawanesaProd]" Schema="[dbo]" Table="[sysAttribute]" Alias="[_TableAlias1]" Column="NumericType"/></Identifier></ScalarOperator></Compare></ScalarOperator><ScalarOperator><Compare CompareOp="EQ"><ScalarOperator><Identifier><ColumnReference Database="[tb7e90c475b95463bb3e0c7f022c47a08_WawanesaProd]" Schema="[dbo]" Table="[sysAttribute]" Alias="[_TableAlias0]" Column="DataStream"/></Identifier></ScalarOperator><ScalarOperator><Identifier><ColumnReference Database="[tb7e90c475b95463bb3e0c7f022c47a08_WawanesaProd]" Schema="[dbo]" Table="[sysAttribute]" Alias="[_TableAlias1]" Column="DataStream"/></Identifier></ScalarOperator></Compare></ScalarOperator></Logical></ScalarOperator></Residual><RelOp NodeId="22" PhysicalOp="Parallelism" LogicalOp="Repartition Streams" EstimateRows="1.42409e+007" EstimateIO="0" EstimateCPU="261.059" AvgRowSize="975" EstimatedTotalSubtreeCost="1317.69" Parallel="1" EstimateRebinds="0" EstimateRewinds="0" EstimatedExecutionMode="Row"><OutputList><ColumnReference Column="Union1004"/><ColumnReference Column="Union1005"/><ColumnReference Column="Union1006"/><ColumnReference Column="Union1007"/><ColumnReference Column="Union1008"/><ColumnReference Column="Union1009"/><ColumnReference Column="Union1010"/><ColumnReference Column="Union1011"/><ColumnReference Column="Union1013"/><ColumnReference Column="Union1014"/><ColumnReference Database="[tb7e90c475b95463bb3e0c7f022c47a08_WawanesaProd]" Schema="[dbo]" Table="[sysAttribute]" Alias="[_TableAlias1]" Column="NumericType"/><ColumnReference Database="[tb7e90c475b95463bb3e0c7f022c47a08_WawanesaProd]" Schema="[dbo]" Table="[sysAttribute]" Alias="[_TableAlias1]" Column="DataStream"/></OutputList><Parallelism PartitioningType="Hash"><PartitionColumns><ColumnReference Database="[tb7e90c475b95463bb3e0c7f022c47a08_WawanesaProd]" Schema="[dbo]" Table="[sysAttribute]" Alias="[_TableAlias1]" Column="NumericType"/><ColumnReference Database="[tb7e90c475b95463bb3e0c7f022c47a08_WawanesaProd]" Schema="[dbo]" Table="[sysAttribute]" Alias="[_TableAlias1]" Column="DataStream"/></PartitionColumns><OrderBy><OrderByColumn Ascending="1"><ColumnReference Database="[tb7e90c475b95463bb3e0c7f022c47a08_WawanesaProd]" Schema="[dbo]" Table="[sysAttribute]" Alias="[_TableAlias1]" Column="NumericType"/></OrderByColumn><OrderByColumn Ascending="1"><ColumnReference Database="[tb7e90c475b95463bb3e0c7f022c47a08_WawanesaProd]" Schema="[dbo]" Table="[sysAttribute]" Alias="[_TableAlias1]" Column="DataStream"/></OrderByColumn></OrderBy><RelOp NodeId="23" PhysicalOp="Merge Join" LogicalOp="Concatenation" EstimateRows="1.42409e+007" EstimateIO="0" EstimateCPU="5.22259" AvgRowSize="975" EstimatedTotalSubtreeCost="1056.63" Parallel="1" EstimateRebinds="0" EstimateRewinds="0" EstimatedExecutionMode="Row"><OutputList><ColumnReference Database="[tb7e90c475b95463bb3e0c7f022c47a08_WawanesaProd]" Schema="[dbo]" Table="[sysAttribute]" Alias="[_TableAlias1]" Column="NumericType"/><ColumnReference Database="[tb7e90c475b95463bb3e0c7f022c47a08_WawanesaProd]" Schema="[dbo]" Table="[sysAttribute]" Alias="[_TableAlias1]" Column="DataStream"/><ColumnReference Column="Union1004"/><ColumnReference Column="Union1005"/><ColumnReference Column="Union1006"/><ColumnReference Column="Union1007"/><ColumnReference Column="Union1008"/><ColumnReference Column="Union1009"/><ColumnReference Column="Union1010"/><ColumnReference Column="Union1011"/><ColumnReference Column="Union1013"/><ColumnReference Column="Union1014"/></OutputList><Merge><DefinedValues><DefinedValue><ColumnReference Database="[tb7e90c475b95463bb3e0c7f022c47a08_WawanesaProd]" Schema="[dbo]" Table="[sysAttribute]" Alias="[_TableAlias1]" Column="NumericType"/><ColumnReference Database="[tb7e90c475b95463bb3e0c7f022c47a08_WawanesaProd]" Schema="[dbo]" Table="[sysAttribute]" Alias="[_TableAlias1]" Column="NumericType"/><ColumnReference Database="[tb7e90c475b95463bb3e0c7f022c47a08_WawanesaProd]" Schema="[dbo]" Table="[sysAttribute]" Alias="[_TableAlias1]" Column="NumericType"/></DefinedValue><DefinedValue><ColumnReference Database="[tb7e90c475b95463bb3e0c7f022c47a08_WawanesaProd]" Schema="[dbo]" Table="[sysAttribute]" Alias="[_TableAlias1]" Column="DataStream"/><ColumnReference Database="[tb7e90c475b95463bb3e0c7f022c47a08_WawanesaProd]" Schema="[dbo]" Table="[sysAttribute]" Alias="[_TableAlias1]" Column="DataStream"/><ColumnReference Database="[tb7e90c475b95463bb3e0c7f022c47a08_WawanesaProd]" Schema="[dbo]" Table="[sysAttribute]" Alias="[_TableAlias1]" Column="DataStream"/></DefinedValue><DefinedValue><ColumnReference Column="Union1004"/><ColumnReference Database="[tb7e90c475b95463bb3e0c7f022c47a08_WawanesaProd]" Schema="[dbo]" Table="[_Result812]" Alias="[_Result812]" Column="Party"/><ColumnReference Database="[tb7e90c475b95463bb3e0c7f022c47a08_WawanesaProd]" Schema="[dbo]" Table="[_Result2063]" Alias="[_Result812]" Column="Party"/></DefinedValue><DefinedValue><ColumnReference Column="Union1005"/><ColumnReference Database="[tb7e90c475b95463bb3e0c7f022c47a08_WawanesaProd]" Schema="[dbo]" Table="[_Result812]" Alias="[_Result812]" Column="ProductGroup"/><ColumnReference Database="[tb7e90c475b95463bb3e0c7f022c47a08_WawanesaProd]" Schema="[dbo]" Table="[_Result2063]" Alias="[_Result812]" Column="ProductGroup"/></DefinedValue><DefinedValue><ColumnReference Column="Union1006"/><ColumnReference Database="[tb7e90c475b95463bb3e0c7f022c47a08_WawanesaProd]" Schema="[dbo]" Table="[_Result812]" Alias="[_Result812]" Column="ProductGroup2"/><ColumnReference Database="[tb7e90c475b95463bb3e0c7f022c47a08_WawanesaProd]" Schema="[dbo]" Table="[_Result2063]" Alias="[_Result812]" Column="ProductGroup2"/></DefinedValue><DefinedValue><ColumnReference Column="Union1007"/><ColumnReference Database="[tb7e90c475b95463bb3e0c7f022c47a08_WawanesaProd]" Schema="[dbo]" Table="[_Result812]" Alias="[_Result812]" Column="ProductGroup3"/><ColumnReference Database="[tb7e90c475b95463bb3e0c7f022c47a08_WawanesaProd]" Schema="[dbo]" Table="[_Result2063]" Alias="[_Result812]" Column="ProductGroup3"/></DefinedValue><DefinedValue><ColumnReference Column="Union1008"/><ColumnReference Database="[tb7e90c475b95463bb3e0c7f022c47a08_WawanesaProd]" Schema="[dbo]" Table="[_Result812]" Alias="[_Result812]" Column="ProductGroup4"/><ColumnReference Database="[tb7e90c475b95463bb3e0c7f022c47a08_WawanesaProd]" Schema="[dbo]" Table="[_Result2063]" Alias="[_Result812]" Column="ProductGroup4"/></DefinedValue><DefinedValue><ColumnReference Column="Union1009"/><ColumnReference Database="[tb7e90c475b95463bb3e0c7f022c47a08_WawanesaProd]" Schema="[dbo]" Table="[_Result812]" Alias="[_Result812]" Column="ProductGroup5"/><ColumnReference Database="[tb7e90c475b95463bb3e0c7f022c47a08_WawanesaProd]" Schema="[dbo]" Table="[_Result2063]" Alias="[_Result812]" Column="ProductGroup5"/></DefinedValue><DefinedValue><ColumnReference Column="Union1010"/><ColumnReference Database="[tb7e90c475b95463bb3e0c7f022c47a08_WawanesaProd]" Schema="[dbo]" Table="[_Result812]" Alias="[_Result812]" Column="ProductGroup6"/><ColumnReference Database="[tb7e90c475b95463bb3e0c7f022c47a08_WawanesaProd]" Schema="[dbo]" Table="[_Result2063]" Alias="[_Result812]" Column="ProductGroup6"/></DefinedValue><DefinedValue><ColumnReference Column="Union1011"/><ColumnReference Database="[tb7e90c475b95463bb3e0c7f022c47a08_WawanesaProd]" Schema="[dbo]" Table="[_Result812]" Alias="[_Result812]" Column="ProductGroup7"/><ColumnReference Database="[tb7e90c475b95463bb3e0c7f022c47a08_WawanesaProd]" Schema="[dbo]" Table="[_Result2063]" Alias="[_Result812]" Column="ProductGroup7"/></DefinedValue><DefinedValue><ColumnReference Column="Union1013"/><ColumnReference Database="[tb7e90c475b95463bb3e0c7f022c47a08_WawanesaProd]" Schema="[dbo]" Table="[_Result812]" Alias="[_Result812]" Column="Months"/><ColumnReference Database="[tb7e90c475b95463bb3e0c7f022c47a08_WawanesaProd]" Schema="[dbo]" Table="[_Result2063]" Alias="[_Result812]" Column="Months"/></DefinedValue><DefinedValue><ColumnReference Column="Union1014"/><ColumnReference Database="[tb7e90c475b95463bb3e0c7f022c47a08_WawanesaProd]" Schema="[dbo]" Table="[_Result812]" Alias="[_Result812]" Column="Value"/><ColumnReference Database="[tb7e90c475b95463bb3e0c7f022c47a08_WawanesaProd]" Schema="[dbo]" Table="[_Result2063]" Alias="[_Result812]" Column="Value"/></DefinedValue></DefinedValues><RelOp NodeId="24" PhysicalOp="Sort" LogicalOp="Sort" EstimateRows="1.18147e+007" EstimateIO="633.562" EstimateCPU="58.6996" AvgRowSize="201" EstimatedTotalSubtreeCost="955.887" Parallel="1" EstimateRebinds="0" EstimateRewinds="0" EstimatedExecutionMode="Row"><OutputList><ColumnReference Database="[tb7e90c475b95463bb3e0c7f022c47a08_WawanesaProd]" Schema="[dbo]" Table="[_Result812]" Alias="[_Result812]" Column="Party"/><ColumnReference Database="[tb7e90c475b95463bb3e0c7f022c47a08_WawanesaProd]" Schema="[dbo]" Table="[_Result812]" Alias="[_Result812]" Column="ProductGroup"/><ColumnReference Database="[tb7e90c475b95463bb3e0c7f022c47a08_WawanesaProd]" Schema="[dbo]" Table="[_Result812]" Alias="[_Result812]" Column="ProductGroup2"/><ColumnReference Database="[tb7e90c475b95463bb3e0c7f022c47a08_WawanesaProd]" Schema="[dbo]" Table="[_Result812]" Alias="[_Result812]" Column="ProductGroup3"/><ColumnReference Database="[tb7e90c475b95463bb3e0c7f022c47a08_WawanesaProd]" Schema="[dbo]" Table="[_Result812]" Alias="[_Result812]" Column="ProductGroup4"/><ColumnReference Database="[tb7e90c475b95463bb3e0c7f022c47a08_WawanesaProd]" Schema="[dbo]" Table="[_Result812]" Alias="[_Result812]" Column="ProductGroup5"/><ColumnReference Database="[tb7e90c475b95463bb3e0c7f022c47a08_WawanesaProd]" Schema="[dbo]" Table="[_Result812]" Alias="[_Result812]" Column="ProductGroup6"/><ColumnReference Database="[tb7e90c475b95463bb3e0c7f022c47a08_WawanesaProd]" Schema="[dbo]" Table="[_Result812]" Alias="[_Result812]" Column="ProductGroup7"/><ColumnReference Database="[tb7e90c475b95463bb3e0c7f022c47a08_WawanesaProd]" Schema="[dbo]" Table="[_Result812]" Alias="[_Result812]" Column="Months"/><ColumnReference Database="[tb7e90c475b95463bb3e0c7f022c47a08_WawanesaProd]" Schema="[dbo]" Table="[_Result812]" Alias="[_Result812]" Column="Value"/><ColumnReference Database="[tb7e90c475b95463bb3e0c7f022c47a08_WawanesaProd]" Schema="[dbo]" Table="[sysAttribute]" Alias="[_TableAlias1]" Column="NumericType"/><ColumnReference Database="[tb7e90c475b95463bb3e0c7f022c47a08_WawanesaProd]" Schema="[dbo]" Table="[sysAttribute]" Alias="[_TableAlias1]" Column="DataStream"/></OutputList><MemoryFractions Input="0.452982" Output="0.0732999"/><Sort Distinct="0"><OrderBy><OrderByColumn Ascending="1"><ColumnReference Database="[tb7e90c475b95463bb3e0c7f022c47a08_WawanesaProd]" Schema="[dbo]" Table="[sysAttribute]" Alias="[_TableAlias1]" Column="NumericType"/></OrderByColumn><OrderByColumn Ascending="1"><ColumnReference Database="[tb7e90c475b95463bb3e0c7f022c47a08_WawanesaProd]" Schema="[dbo]" Table="[sysAttribute]" Alias="[_TableAlias1]" Column="DataStream"/></OrderByColumn><OrderByColumn Ascending="1"><ColumnReference Database="[tb7e90c475b95463bb3e0c7f022c47a08_WawanesaProd]" Schema="[dbo]" Table="[_Result812]" Alias="[_Result812]" Column="Party"/></OrderByColumn><OrderByColumn Ascending="1"><ColumnReference Database="[tb7e90c475b95463bb3e0c7f022c47a08_WawanesaProd]" Schema="[dbo]" Table="[_Result812]" Alias="[_Result812]" Column="ProductGroup"/></OrderByColumn><OrderByColumn Ascending="1"><ColumnReference Database="[tb7e90c475b95463bb3e0c7f022c47a08_WawanesaProd]" Schema="[dbo]" Table="[_Result812]" Alias="[_Result812]" Column="ProductGroup2"/></OrderByColumn><OrderByColumn Ascending="1"><ColumnReference Database="[tb7e90c475b95463bb3e0c7f022c47a08_WawanesaProd]" Schema="[dbo]" Table="[_Result812]" Alias="[_Result812]" Column="ProductGroup3"/></OrderByColumn><OrderByColumn Ascending="1"><ColumnReference Database="[tb7e90c475b95463bb3e0c7f022c47a08_WawanesaProd]" Schema="[dbo]" Table="[_Result812]" Alias="[_Result812]" Column="ProductGroup4"/></OrderByColumn><OrderByColumn Ascending="1"><ColumnReference Database="[tb7e90c475b95463bb3e0c7f022c47a08_WawanesaProd]" Schema="[dbo]" Table="[_Result812]" Alias="[_Result812]" Column="ProductGroup5"/></OrderByColumn><OrderByColumn Ascending="1"><ColumnReference Database="[tb7e90c475b95463bb3e0c7f022c47a08_WawanesaProd]" Schema="[dbo]" Table="[_Result812]" Alias="[_Result812]" Column="ProductGroup6"/></OrderByColumn><OrderByColumn Ascending="1"><ColumnReference Database="[tb7e90c475b95463bb3e0c7f022c47a08_WawanesaProd]" Schema="[dbo]" Table="[_Result812]" Alias="[_Result812]" Column="ProductGroup7"/></OrderByColumn><OrderByColumn Ascending="1"><ColumnReference Database="[tb7e90c475b95463bb3e0c7f022c47a08_WawanesaProd]" Schema="[dbo]" Table="[_Result812]" Alias="[_Result812]" Column="Months"/></OrderByColumn><OrderByColumn Ascending="1"><ColumnReference Database="[tb7e90c475b95463bb3e0c7f022c47a08_WawanesaProd]" Schema="[dbo]" Table="[_Result812]" Alias="[_Result812]" Column="Value"/></OrderByColumn></OrderBy><RelOp NodeId="25" PhysicalOp="Parallelism" LogicalOp="Repartition Streams" EstimateRows="1.18147e+007" EstimateIO="0" EstimateCPU="151.475" AvgRowSize="201" EstimatedTotalSubtreeCost="263.625" Parallel="1" EstimateRebinds="0" EstimateRewinds="0" EstimatedExecutionMode="Row"><OutputList><ColumnReference Database="[tb7e90c475b95463bb3e0c7f022c47a08_WawanesaProd]" Schema="[dbo]" Table="[_Result812]" Alias="[_Result812]" Column="Party"/><ColumnReference Database="[tb7e90c475b95463bb3e0c7f022c47a08_WawanesaProd]" Schema="[dbo]" Table="[_Result812]" Alias="[_Result812]" Column="ProductGroup"/><ColumnReference Database="[tb7e90c475b95463bb3e0c7f022c47a08_WawanesaProd]" Schema="[dbo]" Table="[_Result812]" Alias="[_Result812]" Column="ProductGroup2"/><ColumnReference Database="[tb7e90c475b95463bb3e0c7f022c47a08_WawanesaProd]" Schema="[dbo]" Table="[_Result812]" Alias="[_Result812]" Column="ProductGroup3"/><ColumnReference Database="[tb7e90c475b95463bb3e0c7f022c47a08_WawanesaProd]" Schema="[dbo]" Table="[_Result812]" Alias="[_Result812]" Column="ProductGroup4"/><ColumnReference Database="[tb7e90c475b95463bb3e0c7f022c47a08_WawanesaProd]" Schema="[dbo]" Table="[_Result812]" Alias="[_Result812]" Column="ProductGroup5"/><ColumnReference Database="[tb7e90c475b95463bb3e0c7f022c47a08_WawanesaProd]" Schema="[dbo]" Table="[_Result812]" Alias="[_Result812]" Column="ProductGroup6"/><ColumnReference Database="[tb7e90c475b95463bb3e0c7f022c47a08_WawanesaProd]" Schema="[dbo]" Table="[_Result812]" Alias="[_Result812]" Column="ProductGroup7"/><ColumnReference Database="[tb7e90c475b95463bb3e0c7f022c47a08_WawanesaProd]" Schema="[dbo]" Table="[_Result812]" Alias="[_Result812]" Column="Months"/><ColumnReference Database="[tb7e90c475b95463bb3e0c7f022c47a08_WawanesaProd]" Schema="[dbo]" Table="[_Result812]" Alias="[_Result812]" Column="Value"/><ColumnReference Database="[tb7e90c475b95463bb3e0c7f022c47a08_WawanesaProd]" Schema="[dbo]" Table="[sysAttribute]" Alias="[_TableAlias1]" Column="NumericType"/><ColumnReference Database="[tb7e90c475b95463bb3e0c7f022c47a08_WawanesaProd]" Schema="[dbo]" Table="[sysAttribute]" Alias="[_TableAlias1]" Column="DataStream"/></OutputList><Parallelism PartitioningType="Hash"><PartitionColumns><ColumnReference Database="[tb7e90c475b95463bb3e0c7f022c47a08_WawanesaProd]" Schema="[dbo]" Table="[_Result812]" Alias="[_Result812]" Column="Party"/><ColumnReference Database="[tb7e90c475b95463bb3e0c7f022c47a08_WawanesaProd]" Schema="[dbo]" Table="[_Result812]" Alias="[_Result812]" Column="ProductGroup"/><ColumnReference Database="[tb7e90c475b95463bb3e0c7f022c47a08_WawanesaProd]" Schema="[dbo]" Table="[_Result812]" Alias="[_Result812]" Column="ProductGroup2"/><ColumnReference Database="[tb7e90c475b95463bb3e0c7f022c47a08_WawanesaProd]" Schema="[dbo]" Table="[_Result812]" Alias="[_Result812]" Column="ProductGroup3"/><ColumnReference Database="[tb7e90c475b95463bb3e0c7f022c47a08_WawanesaProd]" Schema="[dbo]" Table="[_Result812]" Alias="[_Result812]" Column="ProductGroup4"/><ColumnReference Database="[tb7e90c475b95463bb3e0c7f022c47a08_WawanesaProd]" Schema="[dbo]" Table="[_Result812]" Alias="[_Result812]" Column="ProductGroup5"/><ColumnReference Database="[tb7e90c475b95463bb3e0c7f022c47a08_WawanesaProd]" Schema="[dbo]" Table="[_Result812]" Alias="[_Result812]" Column="ProductGroup6"/><ColumnReference Database="[tb7e90c475b95463bb3e0c7f022c47a08_WawanesaProd]" Schema="[dbo]" Table="[_Result812]" Alias="[_Result812]" Column="ProductGroup7"/><ColumnReference Database="[tb7e90c475b95463bb3e0c7f022c47a08_WawanesaProd]" Schema="[dbo]" Table="[_Result812]" Alias="[_Result812]" Column="Months"/><ColumnReference Database="[tb7e90c475b95463bb3e0c7f022c47a08_WawanesaProd]" Schema="[dbo]" Table="[_Result812]" Alias="[_Result812]" Column="Value"/><ColumnReference Database="[tb7e90c475b95463bb3e0c7f022c47a08_WawanesaProd]" Schema="[dbo]" Table="[sysAttribute]" Alias="[_TableAlias1]" Column="NumericType"/><ColumnReference Database="[tb7e90c475b95463bb3e0c7f022c47a08_WawanesaProd]" Schema="[dbo]" Table="[sysAttribute]" Alias="[_TableAlias1]" Column="DataStream"/></PartitionColumns><RelOp NodeId="26" PhysicalOp="Hash Match" LogicalOp="Inner Join" EstimateRows="1.18147e+007" EstimateIO="0" EstimateCPU="28.6236" AvgRowSize="201" EstimatedTotalSubtreeCost="112.15" Parallel="1" EstimateRebinds="0" EstimateRewinds="0" EstimatedExecutionMode="Row"><OutputList><ColumnReference Database="[tb7e90c475b95463bb3e0c7f022c47a08_WawanesaProd]" Schema="[dbo]" Table="[_Result812]" Alias="[_Result812]" Column="Party"/><ColumnReference Database="[tb7e90c475b95463bb3e0c7f022c47a08_WawanesaProd]" Schema="[dbo]" Table="[_Result812]" Alias="[_Result812]" Column="ProductGroup"/><ColumnReference Database="[tb7e90c475b95463bb3e0c7f022c47a08_WawanesaProd]" Schema="[dbo]" Table="[_Result812]" Alias="[_Result812]" Column="ProductGroup2"/><ColumnReference Database="[tb7e90c475b95463bb3e0c7f022c47a08_WawanesaProd]" Schema="[dbo]" Table="[_Result812]" Alias="[_Result812]" Column="ProductGroup3"/><ColumnReference Database="[tb7e90c475b95463bb3e0c7f022c47a08_WawanesaProd]" Schema="[dbo]" Table="[_Result812]" Alias="[_Result812]" Column="ProductGroup4"/><ColumnReference Database="[tb7e90c475b95463bb3e0c7f022c47a08_WawanesaProd]" Schema="[dbo]" Table="[_Result812]" Alias="[_Result812]" Column="ProductGroup5"/><ColumnReference Database="[tb7e90c475b95463bb3e0c7f022c47a08_WawanesaProd]" Schema="[dbo]" Table="[_Result812]" Alias="[_Result812]" Column="ProductGroup6"/><ColumnReference Database="[tb7e90c475b95463bb3e0c7f022c47a08_WawanesaProd]" Schema="[dbo]" Table="[_Result812]" Alias="[_Result812]" Column="ProductGroup7"/><ColumnReference Database="[tb7e90c475b95463bb3e0c7f022c47a08_WawanesaProd]" Schema="[dbo]" Table="[_Result812]" Alias="[_Result812]" Column="Months"/><ColumnReference Database="[tb7e90c475b95463bb3e0c7f022c47a08_WawanesaProd]" Schema="[dbo]" Table="[_Result812]" Alias="[_Result812]" Column="Value"/><ColumnReference Database="[tb7e90c475b95463bb3e0c7f022c47a08_WawanesaProd]" Schema="[dbo]" Table="[sysAttribute]" Alias="[_TableAlias1]" Column="NumericType"/><ColumnReference Database="[tb7e90c475b95463bb3e0c7f022c47a08_WawanesaProd]" Schema="[dbo]" Table="[sysAttribute]" Alias="[_TableAlias1]" Column="DataStream"/></OutputList><MemoryFractions Input="0.453292" Output="0.000309453"/><Hash><DefinedValues/><HashKeysBuild><ColumnReference Database="[tb7e90c475b95463bb3e0c7f022c47a08_WawanesaProd]" Schema="[dbo]" Table="[sysAttribute]" Alias="[_TableAlias1]" Column="Attribute"/></HashKeysBuild><HashKeysProbe><ColumnReference Database="[tb7e90c475b95463bb3e0c7f022c47a08_WawanesaProd]" Schema="[dbo]" Table="[_Result812]" Alias="[_Result812]" Column="Attribute"/></HashKeysProbe><ProbeResidual><ScalarOperator ScalarString="[tb7e90c475b95463bb3e0c7f022c47a08_WawanesaProd].[dbo].[sysAttribute].[Attribute] as [_TableAlias1].[Attribute]=[tb7e90c475b95463bb3e0c7f022c47a08_WawanesaProd].[dbo].[_Result812].[Attribute] as [_Result812].[Attribute]"><Compare CompareOp="EQ"><ScalarOperator><Identifier><ColumnReference Database="[tb7e90c475b95463bb3e0c7f022c47a08_WawanesaProd]" Schema="[dbo]" Table="[sysAttribute]" Alias="[_TableAlias1]" Column="Attribute"/></Identifier></ScalarOperator><ScalarOperator><Identifier><ColumnReference Database="[tb7e90c475b95463bb3e0c7f022c47a08_WawanesaProd]" Schema="[dbo]" Table="[_Result812]" Alias="[_Result812]" Column="Attribute"/></Identifier></ScalarOperator></Compare></ScalarOperator></ProbeResidual><RelOp NodeId="27" PhysicalOp="Parallelism" LogicalOp="Repartition Streams" EstimateRows="149.783" EstimateIO="0" EstimateCPU="0.0288911" AvgRowSize="119" EstimatedTotalSubtreeCost="1.06012" Parallel="1" EstimateRebinds="0" EstimateRewinds="0" EstimatedExecutionMode="Row"><OutputList><ColumnReference Database="[tb7e90c475b95463bb3e0c7f022c47a08_WawanesaProd]" Schema="[dbo]" Table="[sysAttribute]" Alias="[_TableAlias1]" Column="Attribute"/><ColumnReference Database="[tb7e90c475b95463bb3e0c7f022c47a08_WawanesaProd]" Schema="[dbo]" Table="[sysAttribute]" Alias="[_TableAlias1]" Column="NumericType"/><ColumnReference Database="[tb7e90c475b95463bb3e0c7f022c47a08_WawanesaProd]" Schema="[dbo]" Table="[sysAttribute]" Alias="[_TableAlias1]" Column="DataStream"/></OutputList><Parallelism PartitioningType="Hash"><PartitionColumns><ColumnReference Database="[tb7e90c475b95463bb3e0c7f022c47a08_WawanesaProd]" Schema="[dbo]" Table="[sysAttribute]" Alias="[_TableAlias1]" Column="Attribute"/></PartitionColumns><RelOp NodeId="28" PhysicalOp="Clustered Index Scan" LogicalOp="Clustered Index Scan" EstimateRows="149.783" EstimateIO="1.0009" EstimateCPU="0.0168593" AvgRowSize="160" EstimatedTotalSubtreeCost="1.01776" TableCardinality="91817" Parallel="1" EstimateRebinds="0" EstimateRewinds="0" EstimatedExecutionMode="Row"><OutputList><ColumnReference Database="[tb7e90c475b95463bb3e0c7f022c47a08_WawanesaProd]" Schema="[dbo]" Table="[sysAttribute]" Alias="[_TableAlias1]" Column="Attribute"/><ColumnReference Database="[tb7e90c475b95463bb3e0c7f022c47a08_WawanesaProd]" Schema="[dbo]" Table="[sysAttribute]" Alias="[_TableAlias1]" Column="NumericType"/><ColumnReference Database="[tb7e90c475b95463bb3e0c7f022c47a08_WawanesaProd]" Schema="[dbo]" Table="[sysAttribute]" Alias="[_TableAlias1]" Column="DataStream"/></OutputList><IndexScan Ordered="0" ForcedIndex="0" ForceScan="0" NoExpandHint="0" Storage="RowStore"><DefinedValues><DefinedValue><ColumnReference Database="[tb7e90c475b95463bb3e0c7f022c47a08_WawanesaProd]" Schema="[dbo]" Table="[sysAttribute]" Alias="[_TableAlias1]" Column="Attribute"/></DefinedValue><DefinedValue><ColumnReference Database="[tb7e90c475b95463bb3e0c7f022c47a08_WawanesaProd]" Schema="[dbo]" Table="[sysAttribute]" Alias="[_TableAlias1]" Column="NumericType"/></DefinedValue><DefinedValue><ColumnReference Database="[tb7e90c475b95463bb3e0c7f022c47a08_WawanesaProd]" Schema="[dbo]" Table="[sysAttribute]" Alias="[_TableAlias1]" Column="DataStream"/></DefinedValue></DefinedValues><Object Database="[tb7e90c475b95463bb3e0c7f022c47a08_WawanesaProd]" Schema="[dbo]" Table="[sysAttribute]" Index="[sysAttribute_pkey]" Alias="[_TableAlias1]" IndexKind="Clustered" Storage="RowStore"/><Predicate><ScalarOperator ScalarString="[tb7e90c475b95463bb3e0c7f022c47a08_WawanesaProd].[dbo].[sysAttribute].[AccumulationType] as [_TableAlias1].[AccumulationType]=N'YTD' AND [tb7e90c475b95463bb3e0c7f022c47a08_WawanesaProd].[dbo].[sysAttribute].[Component] as [_TableAlias1].[Component]=N'EARNED PREMIUM'"><Logical Operation="AND"><ScalarOperator><Compare CompareOp="EQ"><ScalarOperator><Identifier><ColumnReference Database="[tb7e90c475b95463bb3e0c7f022c47a08_WawanesaProd]" Schema="[dbo]" Table="[sysAttribute]" Alias="[_TableAlias1]" Column="AccumulationType"/></Identifier></ScalarOperator><ScalarOperator><Const ConstValue="N'YTD'"/></ScalarOperator></Compare></ScalarOperator><ScalarOperator><Compare CompareOp="EQ"><ScalarOperator><Identifier><ColumnReference Database="[tb7e90c475b95463bb3e0c7f022c47a08_WawanesaProd]" Schema="[dbo]" Table="[sysAttribute]" Alias="[_TableAlias1]" Column="Component"/></Identifier></ScalarOperator><ScalarOperator><Const ConstValue="N'EARNED PREMIUM'"/></ScalarOperator></Compare></ScalarOperator></Logical></ScalarOperator></Predicate></IndexScan></RelOp></Parallelism></RelOp><RelOp NodeId="29" PhysicalOp="Parallelism" LogicalOp="Repartition Streams" EstimateRows="1.18147e+007" EstimateIO="0" EstimateCPU="52.8858" AvgRowSize="225" EstimatedTotalSubtreeCost="82.4666" Parallel="1" EstimateRebinds="0" EstimateRewinds="0" EstimatedExecutionMode="Row"><OutputList><ColumnReference Database="[tb7e90c475b95463bb3e0c7f022c47a08_WawanesaProd]" Schema="[dbo]" Table="[_Result812]" Alias="[_Result812]" Column="Party"/><ColumnReference Database="[tb7e90c475b95463bb3e0c7f022c47a08_WawanesaProd]" Schema="[dbo]" Table="[_Result812]" Alias="[_Result812]" Column="ProductGroup"/><ColumnReference Database="[tb7e90c475b95463bb3e0c7f022c47a08_WawanesaProd]" Schema="[dbo]" Table="[_Result812]" Alias="[_Result812]" Column="ProductGroup2"/><ColumnReference Database="[tb7e90c475b95463bb3e0c7f022c47a08_WawanesaProd]" Schema="[dbo]" Table="[_Result812]" Alias="[_Result812]" Column="ProductGroup3"/><ColumnReference Database="[tb7e90c475b95463bb3e0c7f022c47a08_WawanesaProd]" Schema="[dbo]" Table="[_Result812]" Alias="[_Result812]" Column="ProductGroup4"/><ColumnReference Database="[tb7e90c475b95463bb3e0c7f022c47a08_WawanesaProd]" Schema="[dbo]" Table="[_Result812]" Alias="[_Result812]" Column="ProductGroup5"/><ColumnReference Database="[tb7e90c475b95463bb3e0c7f022c47a08_WawanesaProd]" Schema="[dbo]" Table="[_Result812]" Alias="[_Result812]" Column="ProductGroup6"/><ColumnReference Database="[tb7e90c475b95463bb3e0c7f022c47a08_WawanesaProd]" Schema="[dbo]" Table="[_Result812]" Alias="[_Result812]" Column="ProductGroup7"/><ColumnReference Database="[tb7e90c475b95463bb3e0c7f022c47a08_WawanesaProd]" Schema="[dbo]" Table="[_Result812]" Alias="[_Result812]" Column="Attribute"/><ColumnReference Database="[tb7e90c475b95463bb3e0c7f022c47a08_WawanesaProd]" Schema="[dbo]" Table="[_Result812]" Alias="[_Result812]" Column="Months"/><ColumnReference Database="[tb7e90c475b95463bb3e0c7f022c47a08_WawanesaProd]" Schema="[dbo]" Table="[_Result812]" Alias="[_Result812]" Column="Value"/></OutputList><Parallelism PartitioningType="Hash"><PartitionColumns><ColumnReference Database="[tb7e90c475b95463bb3e0c7f022c47a08_WawanesaProd]" Schema="[dbo]" Table="[_Result812]" Alias="[_Result812]" Column="Attribute"/></PartitionColumns><RelOp NodeId="30" PhysicalOp="Clustered Index Scan" LogicalOp="Clustered Index Scan" EstimateRows="1.18147e+007" EstimateIO="19.7728" EstimateCPU="2.16777" AvgRowSize="225" EstimatedTotalSubtreeCost="21.9406" TableCardinality="9.37533e+007" Parallel="1" Partitioned="1" EstimateRebinds="0" EstimateRewinds="0" EstimatedExecutionMode="Row"><OutputList><ColumnReference Database="[tb7e90c475b95463bb3e0c7f022c47a08_WawanesaProd]" Schema="[dbo]" Table="[_Result812]" Alias="[_Result812]" Column="Party"/><ColumnReference Database="[tb7e90c475b95463bb3e0c7f022c47a08_WawanesaProd]" Schema="[dbo]" Table="[_Result812]" Alias="[_Result812]" Column="ProductGroup"/><ColumnReference Database="[tb7e90c475b95463bb3e0c7f022c47a08_WawanesaProd]" Schema="[dbo]" Table="[_Result812]" Alias="[_Result812]" Column="ProductGroup2"/><ColumnReference Database="[tb7e90c475b95463bb3e0c7f022c47a08_WawanesaProd]" Schema="[dbo]" Table="[_Result812]" Alias="[_Result812]" Column="ProductGroup3"/><ColumnReference Database="[tb7e90c475b95463bb3e0c7f022c47a08_WawanesaProd]" Schema="[dbo]" Table="[_Result812]" Alias="[_Result812]" Column="ProductGroup4"/><ColumnReference Database="[tb7e90c475b95463bb3e0c7f022c47a08_WawanesaProd]" Schema="[dbo]" Table="[_Result812]" Alias="[_Result812]" Column="ProductGroup5"/><ColumnReference Database="[tb7e90c475b95463bb3e0c7f022c47a08_WawanesaProd]" Schema="[dbo]" Table="[_Result812]" Alias="[_Result812]" Column="ProductGroup6"/><ColumnReference Database="[tb7e90c475b95463bb3e0c7f022c47a08_WawanesaProd]" Schema="[dbo]" Table="[_Result812]" Alias="[_Result812]" Column="ProductGroup7"/><ColumnReference Database="[tb7e90c475b95463bb3e0c7f022c47a08_WawanesaProd]" Schema="[dbo]" Table="[_Result812]" Alias="[_Result812]" Column="Attribute"/><ColumnReference Database="[tb7e90c475b95463bb3e0c7f022c47a08_WawanesaProd]" Schema="[dbo]" Table="[_Result812]" Alias="[_Result812]" Column="Months"/><ColumnReference Database="[tb7e90c475b95463bb3e0c7f022c47a08_WawanesaProd]" Schema="[dbo]" Table="[_Result812]" Alias="[_Result812]" Column="Value"/></OutputList><IndexScan Ordered="1" ScanDirection="FORWARD" ForcedIndex="0" ForceSeek="0" ForceScan="0" NoExpandHint="0" Storage="RowStore"><DefinedValues><DefinedValue><ColumnReference Database="[tb7e90c475b95463bb3e0c7f022c47a08_WawanesaProd]" Schema="[dbo]" Table="[_Result812]" Alias="[_Result812]" Column="Party"/></DefinedValue><DefinedValue><ColumnReference Database="[tb7e90c475b95463bb3e0c7f022c47a08_WawanesaProd]" Schema="[dbo]" Table="[_Result812]" Alias="[_Result812]" Column="ProductGroup"/></DefinedValue><DefinedValue><ColumnReference Database="[tb7e90c475b95463bb3e0c7f022c47a08_WawanesaProd]" Schema="[dbo]" Table="[_Result812]" Alias="[_Result812]" Column="ProductGroup2"/></DefinedValue><DefinedValue><ColumnReference Database="[tb7e90c475b95463bb3e0c7f022c47a08_WawanesaProd]" Schema="[dbo]" Table="[_Result812]" Alias="[_Result812]" Column="ProductGroup3"/></DefinedValue><DefinedValue><ColumnReference Database="[tb7e90c475b95463bb3e0c7f022c47a08_WawanesaProd]" Schema="[dbo]" Table="[_Result812]" Alias="[_Result812]" Column="ProductGroup4"/></DefinedValue><DefinedValue><ColumnReference Database="[tb7e90c475b95463bb3e0c7f022c47a08_WawanesaProd]" Schema="[dbo]" Table="[_Result812]" Alias="[_Result812]" Column="ProductGroup5"/></DefinedValue><DefinedValue><ColumnReference Database="[tb7e90c475b95463bb3e0c7f022c47a08_WawanesaProd]" Schema="[dbo]" Table="[_Result812]" Alias="[_Result812]" Column="ProductGroup6"/></DefinedValue><DefinedValue><ColumnReference Database="[tb7e90c475b95463bb3e0c7f022c47a08_WawanesaProd]" Schema="[dbo]" Table="[_Result812]" Alias="[_Result812]" Column="ProductGroup7"/></DefinedValue><DefinedValue><ColumnReference Database="[tb7e90c475b95463bb3e0c7f022c47a08_WawanesaProd]" Schema="[dbo]" Table="[_Result812]" Alias="[_Result812]" Column="Attribute"/></DefinedValue><DefinedValue><ColumnReference Database="[tb7e90c475b95463bb3e0c7f022c47a08_WawanesaProd]" Schema="[dbo]" Table="[_Result812]" Alias="[_Result812]" Column="Months"/></DefinedValue><DefinedValue><ColumnReference Database="[tb7e90c475b95463bb3e0c7f022c47a08_WawanesaProd]" Schema="[dbo]" Table="[_Result812]" Alias="[_Result812]" Column="Value"/></DefinedValue></DefinedValues><Object Database="[tb7e90c475b95463bb3e0c7f022c47a08_WawanesaProd]" Schema="[dbo]" Table="[_Result812]" Index="[_Result812_pkey]" Alias="[_Result812]" IndexKind="Clustered" Storage="RowStore"/><SeekPredicates><SeekPredicateNew><SeekKeys><StartRange ScanType="GE"><RangeColumns><ColumnReference Column="PtnId1000"/></RangeColumns><RangeExpressions><ScalarOperator ScalarString="(97)"><Const ConstValue="(97)"/></ScalarOperator></RangeExpressions></StartRange><EndRange ScanType="LE"><RangeColumns><ColumnReference Column="PtnId1000"/></RangeColumns><RangeExpressions><ScalarOperator ScalarString="(97)"><Const ConstValue="(97)"/></ScalarOperator></RangeExpressions></EndRange></SeekKeys></SeekPredicateNew><SeekPredicateNew><SeekKeys><StartRange ScanType="GE"><RangeColumns><ColumnReference Column="PtnId1000"/></RangeColumns><RangeExpressions><ScalarOperator ScalarString="(98)"><Const ConstValue="(98)"/></ScalarOperator></RangeExpressions></StartRange><EndRange ScanType="LE"><RangeColumns><ColumnReference Column="PtnId1000"/></RangeColumns><RangeExpressions><ScalarOperator ScalarString="(98)"><Const ConstValue="(98)"/></ScalarOperator></RangeExpressions></EndRange></SeekKeys></SeekPredicateNew><SeekPredicateNew><SeekKeys><StartRange ScanType="GE"><RangeColumns><ColumnReference Column="PtnId1000"/></RangeColumns><RangeExpressions><ScalarOperator ScalarString="(99)"><Const ConstValue="(99)"/></ScalarOperator></RangeExpressions></StartRange><EndRange ScanType="LE"><RangeColumns><ColumnReference Column="PtnId1000"/></RangeColumns><RangeExpressions><ScalarOperator ScalarString="(99)"><Const ConstValue="(99)"/></ScalarOperator></RangeExpressions></EndRange></SeekKeys></SeekPredicateNew><SeekPredicateNew><SeekKeys><StartRange ScanType="GE"><RangeColumns><ColumnReference Column="PtnId1000"/></RangeColumns><RangeExpressions><ScalarOperator ScalarString="(100)"><Const ConstValue="(100)"/></ScalarOperator></RangeExpressions></StartRange><EndRange ScanType="LE"><RangeColumns><ColumnReference Column="PtnId1000"/></RangeColumns><RangeExpressions><ScalarOperator ScalarString="(100)"><Const ConstValue="(100)"/></ScalarOperator></RangeExpressions></EndRange></SeekKeys></SeekPredicateNew><SeekPredicateNew><SeekKeys><StartRange ScanType="GE"><RangeColumns><ColumnReference Column="PtnId1000"/></RangeColumns><RangeExpressions><ScalarOperator ScalarString="(101)"><Const ConstValue="(101)"/></ScalarOperator></RangeExpressions></StartRange><EndRange ScanType="LE"><RangeColumns><ColumnReference Column="PtnId1000"/></RangeColumns><RangeExpressions><ScalarOperator ScalarString="(101)"><Const ConstValue="(101)"/></ScalarOperator></RangeExpressions></EndRange></SeekKeys></SeekPredicateNew><SeekPredicateNew><SeekKeys><StartRange ScanType="GE"><RangeColumns><ColumnReference Column="PtnId1000"/></RangeColumns><RangeExpressions><ScalarOperator ScalarString="(102)"><Const ConstValue="(102)"/></ScalarOperator></RangeExpressions></StartRange><EndRange ScanType="LE"><RangeColumns><ColumnReference Column="PtnId1000"/></RangeColumns><RangeExpressions><ScalarOperator ScalarString="(102)"><Const ConstValue="(102)"/></ScalarOperator></RangeExpressions></EndRange></SeekKeys></SeekPredicateNew><SeekPredicateNew><SeekKeys><StartRange ScanType="GE"><RangeColumns><ColumnReference Column="PtnId1000"/></RangeColumns><RangeExpressions><ScalarOperator ScalarString="(103)"><Const ConstValue="(103)"/></ScalarOperator></RangeExpressions></StartRange><EndRange ScanType="LE"><RangeColumns><ColumnReference Column="PtnId1000"/></RangeColumns><RangeExpressions><ScalarOperator ScalarString="(103)"><Const ConstValue="(103)"/></ScalarOperator></RangeExpressions></EndRange></SeekKeys></SeekPredicateNew><SeekPredicateNew><SeekKeys><StartRange ScanType="GE"><RangeColumns><ColumnReference Column="PtnId1000"/></RangeColumns><RangeExpressions><ScalarOperator ScalarString="(104)"><Const ConstValue="(104)"/></ScalarOperator></RangeExpressions></StartRange><EndRange ScanType="LE"><RangeColumns><ColumnReference Column="PtnId1000"/></RangeColumns><RangeExpressions><ScalarOperator ScalarString="(104)"><Const ConstValue="(104)"/></ScalarOperator></RangeExpressions></EndRange></SeekKeys></SeekPredicateNew><SeekPredicateNew><SeekKeys><StartRange ScanType="GE"><RangeColumns><ColumnReference Column="PtnId1000"/></RangeColumns><RangeExpressions><ScalarOperator ScalarString="(105)"><Const ConstValue="(105)"/></ScalarOperator></RangeExpressions></StartRange><EndRange ScanType="LE"><RangeColumns><ColumnReference Column="PtnId1000"/></RangeColumns><RangeExpressions><ScalarOperator ScalarString="(105)"><Const ConstValue="(105)"/></ScalarOperator></RangeExpressions></EndRange></SeekKeys></SeekPredicateNew><SeekPredicateNew><SeekKeys><StartRange ScanType="GE"><RangeColumns><ColumnReference Column="PtnId1000"/></RangeColumns><RangeExpressions><ScalarOperator ScalarString="(106)"><Const ConstValue="(106)"/></ScalarOperator></RangeExpressions></StartRange><EndRange ScanType="LE"><RangeColumns><ColumnReference Column="PtnId1000"/></RangeColumns><RangeExpressions><ScalarOperator ScalarString="(106)"><Const ConstValue="(106)"/></ScalarOperator></RangeExpressions></EndRange></SeekKeys></SeekPredicateNew><SeekPredicateNew><SeekKeys><StartRange ScanType="GE"><RangeColumns><ColumnReference Column="PtnId1000"/></RangeColumns><RangeExpressions><ScalarOperator ScalarString="(107)"><Const ConstValue="(107)"/></ScalarOperator></RangeExpressions></StartRange><EndRange ScanType="LE"><RangeColumns><ColumnReference Column="PtnId1000"/></RangeColumns><RangeExpressions><ScalarOperator ScalarString="(107)"><Const ConstValue="(107)"/></ScalarOperator></RangeExpressions></EndRange></SeekKeys></SeekPredicateNew><SeekPredicateNew><SeekKeys><StartRange ScanType="GE"><RangeColumns><ColumnReference Column="PtnId1000"/></RangeColumns><RangeExpressions><ScalarOperator ScalarString="(108)"><Const ConstValue="(108)"/></ScalarOperator></RangeExpressions></StartRange><EndRange ScanType="LE"><RangeColumns><ColumnReference Column="PtnId1000"/></RangeColumns><RangeExpressions><ScalarOperator ScalarString="(108)"><Const ConstValue="(108)"/></ScalarOperator></RangeExpressions></EndRange></SeekKeys></SeekPredicateNew></SeekPredicates><Predicate><ScalarOperator ScalarString="[tb7e90c475b95463bb3e0c7f022c47a08_WawanesaProd].[dbo].[_Result812].[Months] as [_Result812].[Months]=N'2021, Month 01' OR [tb7e90c475b95463bb3e0c7f022c47a08_WawanesaProd].[dbo].[_Result812].[Months] as [_Result812].[Months]=N'2021, Month 02' OR [tb7e90c475b95463bb3e0c7f022c47a08_WawanesaProd].[dbo].[_Result812].[Months] as [_Result812].[Months]=N'2021, Month 03' OR [tb7e90c475b95463bb3e0c7f022c47a08_WawanesaProd].[dbo].[_Result812].[Months] as [_Result812].[Months]=N'2021, Month 04' OR [tb7e90c475b95463bb3e0c7f022c47a08_WawanesaProd].[dbo].[_Result812].[Months] as [_Result812].[Months]=N'2021, Month 05' OR [tb7e90c475b95463bb3e0c7f022c47a08_WawanesaProd].[dbo].[_Result812].[Months] as [_Result812].[Months]=N'2021, Month 06' OR [tb7e90c475b95463bb3e0c7f022c47a08_WawanesaProd].[dbo].[_Result812].[Months] as [_Result812].[Months]=N'2021, Month 07' OR [tb7e90c475b95463bb3e0c7f022c47a08_WawanesaProd].[dbo].[_Result812].[Months] as [_Result812].[Months]=N'2021, Month 08' OR [tb7e90c475b95463bb3e0c7f022c47a08_WawanesaProd].[dbo].[_Result812].[Months] as [_Result812].[Months]=N'2021, Month 09' OR [tb7e90c475b95463bb3e0c7f022c47a08_WawanesaProd].[dbo].[_Result812].[Months] as [_Result812].[Months]=N'2021, Month 10' OR [tb7e90c475b95463bb3e0c7f022c47a08_WawanesaProd].[dbo].[_Result812].[Months] as [_Result812].[Months]=N'2021, Month 11' OR [tb7e90c475b95463bb3e0c7f022c47a08_WawanesaProd].[dbo].[_Result812].[Months] as [_Result812].[Months]=N'2021, Month 12'"><Logical Operation="OR"><ScalarOperator><Compare CompareOp="EQ"><ScalarOperator><Identifier><ColumnReference Database="[tb7e90c475b95463bb3e0c7f022c47a08_WawanesaProd]" Schema="[dbo]" Table="[_Result812]" Alias="[_Result812]" Column="Months"/></Identifier></ScalarOperator><ScalarOperator><Const ConstValue="N'2021, Month 01'"/></ScalarOperator></Compare></ScalarOperator><ScalarOperator><Compare CompareOp="EQ"><ScalarOperator><Identifier><ColumnReference Database="[tb7e90c475b95463bb3e0c7f022c47a08_WawanesaProd]" Schema="[dbo]" Table="[_Result812]" Alias="[_Result812]" Column="Months"/></Identifier></ScalarOperator><ScalarOperator><Const ConstValue="N'2021, Month 02'"/></ScalarOperator></Compare></ScalarOperator><ScalarOperator><Compare CompareOp="EQ"><ScalarOperator><Identifier><ColumnReference Database="[tb7e90c475b95463bb3e0c7f022c47a08_WawanesaProd]" Schema="[dbo]" Table="[_Result812]" Alias="[_Result812]" Column="Months"/></Identifier></ScalarOperator><ScalarOperator><Const ConstValue="N'2021, Month 03'"/></ScalarOperator></Compare></ScalarOperator><ScalarOperator><Compare CompareOp="EQ"><ScalarOperator><Identifier><ColumnReference Database="[tb7e90c475b95463bb3e0c7f022c47a08_WawanesaProd]" Schema="[dbo]" Table="[_Result812]" Alias="[_Result812]" Column="Months"/></Identifier></ScalarOperator><ScalarOperator><Const ConstValue="N'2021, Month 04'"/></ScalarOperator></Compare></ScalarOperator><ScalarOperator><Compare CompareOp="EQ"><ScalarOperator><Identifier><ColumnReference Database="[tb7e90c475b95463bb3e0c7f022c47a08_WawanesaProd]" Schema="[dbo]" Table="[_Result812]" Alias="[_Result812]" Column="Months"/></Identifier></ScalarOperator><ScalarOperator><Const ConstValue="N'2021, Month 05'"/></ScalarOperator></Compare></ScalarOperator><ScalarOperator><Compare CompareOp="EQ"><ScalarOperator><Identifier><ColumnReference Database="[tb7e90c475b95463bb3e0c7f022c47a08_WawanesaProd]" Schema="[dbo]" Table="[_Result812]" Alias="[_Result812]" Column="Months"/></Identifier></ScalarOperator><ScalarOperator><Const ConstValue="N'2021, Month 06'"/></ScalarOperator></Compare></ScalarOperator><ScalarOperator><Compare CompareOp="EQ"><ScalarOperator><Identifier><ColumnReference Database="[tb7e90c475b95463bb3e0c7f022c47a08_WawanesaProd]" Schema="[dbo]" Table="[_Result812]" Alias="[_Result812]" Column="Months"/></Identifier></ScalarOperator><ScalarOperator><Const ConstValue="N'2021, Month 07'"/></ScalarOperator></Compare></ScalarOperator><ScalarOperator><Compare CompareOp="EQ"><ScalarOperator><Identifier><ColumnReference Database="[tb7e90c475b95463bb3e0c7f022c47a08_WawanesaProd]" Schema="[dbo]" Table="[_Result812]" Alias="[_Result812]" Column="Months"/></Identifier></ScalarOperator><ScalarOperator><Const ConstValue="N'2021, Month 08'"/></ScalarOperator></Compare></ScalarOperator><ScalarOperator><Compare CompareOp="EQ"><ScalarOperator><Identifier><ColumnReference Database="[tb7e90c475b95463bb3e0c7f022c47a08_WawanesaProd]" Schema="[dbo]" Table="[_Result812]" Alias="[_Result812]" Column="Months"/></Identifier></ScalarOperator><ScalarOperator><Const ConstValue="N'2021, Month 09'"/></ScalarOperator></Compare></ScalarOperator><ScalarOperator><Compare CompareOp="EQ"><ScalarOperator><Identifier><ColumnReference Database="[tb7e90c475b95463bb3e0c7f022c47a08_WawanesaProd]" Schema="[dbo]" Table="[_Result812]" Alias="[_Result812]" Column="Months"/></Identifier></ScalarOperator><ScalarOperator><Const ConstValue="N'2021, Month 10'"/></ScalarOperator></Compare></ScalarOperator><ScalarOperator><Compare CompareOp="EQ"><ScalarOperator><Identifier><ColumnReference Database="[tb7e90c475b95463bb3e0c7f022c47a08_WawanesaProd]" Schema="[dbo]" Table="[_Result812]" Alias="[_Result812]" Column="Months"/></Identifier></ScalarOperator><ScalarOperator><Const ConstValue="N'2021, Month 11'"/></ScalarOperator></Compare></ScalarOperator><ScalarOperator><Compare CompareOp="EQ"><ScalarOperator><Identifier><ColumnReference Database="[tb7e90c475b95463bb3e0c7f022c47a08_WawanesaProd]" Schema="[dbo]" Table="[_Result812]" Alias="[_Result812]" Column="Months"/></Identifier></ScalarOperator><ScalarOperator><Const ConstValue="N'2021, Month 12'"/></ScalarOperator></Compare></ScalarOperator></Logical></ScalarOperator></Predicate></IndexScan></RelOp></Parallelism></RelOp></Hash></RelOp></Parallelism></RelOp></Sort></RelOp><RelOp NodeId="32" PhysicalOp="Sort" LogicalOp="Sort" EstimateRows="2.42621e+006" EstimateIO="0.00187688" EstimateCPU="39.3673" AvgRowSize="201" EstimatedTotalSubtreeCost="95.5226" Parallel="1" EstimateRebinds="0" EstimateRewinds="0" EstimatedExecutionMode="Row"><OutputList><ColumnReference Database="[tb7e90c475b95463bb3e0c7f022c47a08_WawanesaProd]" Schema="[dbo]" Table="[_Result2063]" Alias="[_Result812]" Column="Party"/><ColumnReference Database="[tb7e90c475b95463bb3e0c7f022c47a08_WawanesaProd]" Schema="[dbo]" Table="[_Result2063]" Alias="[_Result812]" Column="ProductGroup"/><ColumnReference Database="[tb7e90c475b95463bb3e0c7f022c47a08_WawanesaProd]" Schema="[dbo]" Table="[_Result2063]" Alias="[_Result812]" Column="ProductGroup2"/><ColumnReference Database="[tb7e90c475b95463bb3e0c7f022c47a08_WawanesaProd]" Schema="[dbo]" Table="[_Result2063]" Alias="[_Result812]" Column="ProductGroup3"/><ColumnReference Database="[tb7e90c475b95463bb3e0c7f022c47a08_WawanesaProd]" Schema="[dbo]" Table="[_Result2063]" Alias="[_Result812]" Column="ProductGroup4"/><ColumnReference Database="[tb7e90c475b95463bb3e0c7f022c47a08_WawanesaProd]" Schema="[dbo]" Table="[_Result2063]" Alias="[_Result812]" Column="ProductGroup5"/><ColumnReference Database="[tb7e90c475b95463bb3e0c7f022c47a08_WawanesaProd]" Schema="[dbo]" Table="[_Result2063]" Alias="[_Result812]" Column="ProductGroup6"/><ColumnReference Database="[tb7e90c475b95463bb3e0c7f022c47a08_WawanesaProd]" Schema="[dbo]" Table="[_Result2063]" Alias="[_Result812]" Column="ProductGroup7"/><ColumnReference Database="[tb7e90c475b95463bb3e0c7f022c47a08_WawanesaProd]" Schema="[dbo]" Table="[_Result2063]" Alias="[_Result812]" Column="Months"/><ColumnReference Database="[tb7e90c475b95463bb3e0c7f022c47a08_WawanesaProd]" Schema="[dbo]" Table="[_Result2063]" Alias="[_Result812]" Column="Value"/><ColumnReference Database="[tb7e90c475b95463bb3e0c7f022c47a08_WawanesaProd]" Schema="[dbo]" Table="[sysAttribute]" Alias="[_TableAlias1]" Column="NumericType"/><ColumnReference Database="[tb7e90c475b95463bb3e0c7f022c47a08_WawanesaProd]" Schema="[dbo]" Table="[sysAttribute]" Alias="[_TableAlias1]" Column="DataStream"/></OutputList><MemoryFractions Input="0.0150442" Output="0.0150442"/><Sort Distinct="0"><OrderBy><OrderByColumn Ascending="1"><ColumnReference Database="[tb7e90c475b95463bb3e0c7f022c47a08_WawanesaProd]" Schema="[dbo]" Table="[sysAttribute]" Alias="[_TableAlias1]" Column="NumericType"/></OrderByColumn><OrderByColumn Ascending="1"><ColumnReference Database="[tb7e90c475b95463bb3e0c7f022c47a08_WawanesaProd]" Schema="[dbo]" Table="[sysAttribute]" Alias="[_TableAlias1]" Column="DataStream"/></OrderByColumn><OrderByColumn Ascending="1"><ColumnReference Database="[tb7e90c475b95463bb3e0c7f022c47a08_WawanesaProd]" Schema="[dbo]" Table="[_Result2063]" Alias="[_Result812]" Column="Party"/></OrderByColumn><OrderByColumn Ascending="1"><ColumnReference Database="[tb7e90c475b95463bb3e0c7f022c47a08_WawanesaProd]" Schema="[dbo]" Table="[_Result2063]" Alias="[_Result812]" Column="ProductGroup"/></OrderByColumn><OrderByColumn Ascending="1"><ColumnReference Database="[tb7e90c475b95463bb3e0c7f022c47a08_WawanesaProd]" Schema="[dbo]" Table="[_Result2063]" Alias="[_Result812]" Column="ProductGroup2"/></OrderByColumn><OrderByColumn Ascending="1"><ColumnReference Database="[tb7e90c475b95463bb3e0c7f022c47a08_WawanesaProd]" Schema="[dbo]" Table="[_Result2063]" Alias="[_Result812]" Column="ProductGroup3"/></OrderByColumn><OrderByColumn Ascending="1"><ColumnReference Database="[tb7e90c475b95463bb3e0c7f022c47a08_WawanesaProd]" Schema="[dbo]" Table="[_Result2063]" Alias="[_Result812]" Column="ProductGroup4"/></OrderByColumn><OrderByColumn Ascending="1"><ColumnReference Database="[tb7e90c475b95463bb3e0c7f022c47a08_WawanesaProd]" Schema="[dbo]" Table="[_Result2063]" Alias="[_Result812]" Column="ProductGroup5"/></OrderByColumn><OrderByColumn Ascending="1"><ColumnReference Database="[tb7e90c475b95463bb3e0c7f022c47a08_WawanesaProd]" Schema="[dbo]" Table="[_Result2063]" Alias="[_Result812]" Column="ProductGroup6"/></OrderByColumn><OrderByColumn Ascending="1"><ColumnReference Database="[tb7e90c475b95463bb3e0c7f022c47a08_WawanesaProd]" Schema="[dbo]" Table="[_Result2063]" Alias="[_Result812]" Column="ProductGroup7"/></OrderByColumn><OrderByColumn Ascending="1"><ColumnReference Database="[tb7e90c475b95463bb3e0c7f022c47a08_WawanesaProd]" Schema="[dbo]" Table="[_Result2063]" Alias="[_Result812]" Column="Months"/></OrderByColumn><OrderByColumn Ascending="1"><ColumnReference Database="[tb7e90c475b95463bb3e0c7f022c47a08_WawanesaProd]" Schema="[dbo]" Table="[_Result2063]" Alias="[_Result812]" Column="Value"/></OrderByColumn></OrderBy><RelOp NodeId="33" PhysicalOp="Parallelism" LogicalOp="Repartition Streams" EstimateRows="2.42621e+006" EstimateIO="0" EstimateCPU="31.1289" AvgRowSize="201" EstimatedTotalSubtreeCost="56.1534" Parallel="1" EstimateRebinds="0" EstimateRewinds="0" EstimatedExecutionMode="Row"><OutputList><ColumnReference Database="[tb7e90c475b95463bb3e0c7f022c47a08_WawanesaProd]" Schema="[dbo]" Table="[_Result2063]" Alias="[_Result812]" Column="Party"/><ColumnReference Database="[tb7e90c475b95463bb3e0c7f022c47a08_WawanesaProd]" Schema="[dbo]" Table="[_Result2063]" Alias="[_Result812]" Column="ProductGroup"/><ColumnReference Database="[tb7e90c475b95463bb3e0c7f022c47a08_WawanesaProd]" Schema="[dbo]" Table="[_Result2063]" Alias="[_Result812]" Column="ProductGroup2"/><ColumnReference Database="[tb7e90c475b95463bb3e0c7f022c47a08_WawanesaProd]" Schema="[dbo]" Table="[_Result2063]" Alias="[_Result812]" Column="ProductGroup3"/><ColumnReference Database="[tb7e90c475b95463bb3e0c7f022c47a08_WawanesaProd]" Schema="[dbo]" Table="[_Result2063]" Alias="[_Result812]" Column="ProductGroup4"/><ColumnReference Database="[tb7e90c475b95463bb3e0c7f022c47a08_WawanesaProd]" Schema="[dbo]" Table="[_Result2063]" Alias="[_Result812]" Column="ProductGroup5"/><ColumnReference Database="[tb7e90c475b95463bb3e0c7f022c47a08_WawanesaProd]" Schema="[dbo]" Table="[_Result2063]" Alias="[_Result812]" Column="ProductGroup6"/><ColumnReference Database="[tb7e90c475b95463bb3e0c7f022c47a08_WawanesaProd]" Schema="[dbo]" Table="[_Result2063]" Alias="[_Result812]" Column="ProductGroup7"/><ColumnReference Database="[tb7e90c475b95463bb3e0c7f022c47a08_WawanesaProd]" Schema="[dbo]" Table="[_Result2063]" Alias="[_Result812]" Column="Months"/><ColumnReference Database="[tb7e90c475b95463bb3e0c7f022c47a08_WawanesaProd]" Schema="[dbo]" Table="[_Result2063]" Alias="[_Result812]" Column="Value"/><ColumnReference Database="[tb7e90c475b95463bb3e0c7f022c47a08_WawanesaProd]" Schema="[dbo]" Table="[sysAttribute]" Alias="[_TableAlias1]" Column="NumericType"/><ColumnReference Database="[tb7e90c475b95463bb3e0c7f022c47a08_WawanesaProd]" Schema="[dbo]" Table="[sysAttribute]" Alias="[_TableAlias1]" Column="DataStream"/></OutputList><Parallelism PartitioningType="Hash"><PartitionColumns><ColumnReference Database="[tb7e90c475b95463bb3e0c7f022c47a08_WawanesaProd]" Schema="[dbo]" Table="[_Result2063]" Alias="[_Result812]" Column="Party"/><ColumnReference Database="[tb7e90c475b95463bb3e0c7f022c47a08_WawanesaProd]" Schema="[dbo]" Table="[_Result2063]" Alias="[_Result812]" Column="ProductGroup"/><ColumnReference Database="[tb7e90c475b95463bb3e0c7f022c47a08_WawanesaProd]" Schema="[dbo]" Table="[_Result2063]" Alias="[_Result812]" Column="ProductGroup2"/><ColumnReference Database="[tb7e90c475b95463bb3e0c7f022c47a08_WawanesaProd]" Schema="[dbo]" Table="[_Result2063]" Alias="[_Result812]" Column="ProductGroup3"/><ColumnReference Database="[tb7e90c475b95463bb3e0c7f022c47a08_WawanesaProd]" Schema="[dbo]" Table="[_Result2063]" Alias="[_Result812]" Column="ProductGroup4"/><ColumnReference Database="[tb7e90c475b95463bb3e0c7f022c47a08_WawanesaProd]" Schema="[dbo]" Table="[_Result2063]" Alias="[_Result812]" Column="ProductGroup5"/><ColumnReference Database="[tb7e90c475b95463bb3e0c7f022c47a08_WawanesaProd]" Schema="[dbo]" Table="[_Result2063]" Alias="[_Result812]" Column="ProductGroup6"/><ColumnReference Database="[tb7e90c475b95463bb3e0c7f022c47a08_WawanesaProd]" Schema="[dbo]" Table="[_Result2063]" Alias="[_Result812]" Column="ProductGroup7"/><ColumnReference Database="[tb7e90c475b95463bb3e0c7f022c47a08_WawanesaProd]" Schema="[dbo]" Table="[_Result2063]" Alias="[_Result812]" Column="Months"/><ColumnReference Database="[tb7e90c475b95463bb3e0c7f022c47a08_WawanesaProd]" Schema="[dbo]" Table="[_Result2063]" Alias="[_Result812]" Column="Value"/><ColumnReference Database="[tb7e90c475b95463bb3e0c7f022c47a08_WawanesaProd]" Schema="[dbo]" Table="[sysAttribute]" Alias="[_TableAlias1]" Column="NumericType"/><ColumnReference Database="[tb7e90c475b95463bb3e0c7f022c47a08_WawanesaProd]" Schema="[dbo]" Table="[sysAttribute]" Alias="[_TableAlias1]" Column="DataStream"/></PartitionColumns><RelOp NodeId="34" PhysicalOp="Hash Match" LogicalOp="Inner Join" EstimateRows="2.42621e+006" EstimateIO="0" EstimateCPU="7.3841" AvgRowSize="201" EstimatedTotalSubtreeCost="25.0246" Parallel="1" EstimateRebinds="0" EstimateRewinds="0" EstimatedExecutionMode="Row"><OutputList><ColumnReference Database="[tb7e90c475b95463bb3e0c7f022c47a08_WawanesaProd]" Schema="[dbo]" Table="[_Result2063]" Alias="[_Result812]" Column="Party"/><ColumnReference Database="[tb7e90c475b95463bb3e0c7f022c47a08_WawanesaProd]" Schema="[dbo]" Table="[_Result2063]" Alias="[_Result812]" Column="ProductGroup"/><ColumnReference Database="[tb7e90c475b95463bb3e0c7f022c47a08_WawanesaProd]" Schema="[dbo]" Table="[_Result2063]" Alias="[_Result812]" Column="ProductGroup2"/><ColumnReference Database="[tb7e90c475b95463bb3e0c7f022c47a08_WawanesaProd]" Schema="[dbo]" Table="[_Result2063]" Alias="[_Result812]" Column="ProductGroup3"/><ColumnReference Database="[tb7e90c475b95463bb3e0c7f022c47a08_WawanesaProd]" Schema="[dbo]" Table="[_Result2063]" Alias="[_Result812]" Column="ProductGroup4"/><ColumnReference Database="[tb7e90c475b95463bb3e0c7f022c47a08_WawanesaProd]" Schema="[dbo]" Table="[_Result2063]" Alias="[_Result812]" Column="ProductGroup5"/><ColumnReference Database="[tb7e90c475b95463bb3e0c7f022c47a08_WawanesaProd]" Schema="[dbo]" Table="[_Result2063]" Alias="[_Result812]" Column="ProductGroup6"/><ColumnReference Database="[tb7e90c475b95463bb3e0c7f022c47a08_WawanesaProd]" Schema="[dbo]" Table="[_Result2063]" Alias="[_Result812]" Column="ProductGroup7"/><ColumnReference Database="[tb7e90c475b95463bb3e0c7f022c47a08_WawanesaProd]" Schema="[dbo]" Table="[_Result2063]" Alias="[_Result812]" Column="Months"/><ColumnReference Database="[tb7e90c475b95463bb3e0c7f022c47a08_WawanesaProd]" Schema="[dbo]" Table="[_Result2063]" Alias="[_Result812]" Column="Value"/><ColumnReference Database="[tb7e90c475b95463bb3e0c7f022c47a08_WawanesaProd]" Schema="[dbo]" Table="[sysAttribute]" Alias="[_TableAlias1]" Column="NumericType"/><ColumnReference Database="[tb7e90c475b95463bb3e0c7f022c47a08_WawanesaProd]" Schema="[dbo]" Table="[sysAttribute]" Alias="[_TableAlias1]" Column="DataStream"/></OutputList><MemoryFractions Input="0.0150656" Output="2.14002e-005"/><Hash><DefinedValues/><HashKeysBuild><ColumnReference Database="[tb7e90c475b95463bb3e0c7f022c47a08_WawanesaProd]" Schema="[dbo]" Table="[sysAttribute]" Alias="[_TableAlias1]" Column="Attribute"/></HashKeysBuild><HashKeysProbe><ColumnReference Database="[tb7e90c475b95463bb3e0c7f022c47a08_WawanesaProd]" Schema="[dbo]" Table="[_Result2063]" Alias="[_Result812]" Column="Attribute"/></HashKeysProbe><ProbeResidual><ScalarOperator ScalarString="[tb7e90c475b95463bb3e0c7f022c47a08_WawanesaProd].[dbo].[sysAttribute].[Attribute] as [_TableAlias1].[Attribute]=[tb7e90c475b95463bb3e0c7f022c47a08_WawanesaProd].[dbo].[_Result2063].[Attribute] as [_Result812].[Attribute]"><Compare CompareOp="EQ"><ScalarOperator><Identifier><ColumnReference Database="[tb7e90c475b95463bb3e0c7f022c47a08_WawanesaProd]" Schema="[dbo]" Table="[sysAttribute]" Alias="[_TableAlias1]" Column="Attribute"/></Identifier></ScalarOperator><ScalarOperator><Identifier><ColumnReference Database="[tb7e90c475b95463bb3e0c7f022c47a08_WawanesaProd]" Schema="[dbo]" Table="[_Result2063]" Alias="[_Result812]" Column="Attribute"/></Identifier></ScalarOperator></Compare></ScalarOperator></ProbeResidual><RelOp NodeId="35" PhysicalOp="Parallelism" LogicalOp="Repartition Streams" EstimateRows="149.783" EstimateIO="0" EstimateCPU="0.0288911" AvgRowSize="119" EstimatedTotalSubtreeCost="1.06012" Parallel="1" EstimateRebinds="0" EstimateRewinds="0" EstimatedExecutionMode="Row"><OutputList><ColumnReference Database="[tb7e90c475b95463bb3e0c7f022c47a08_WawanesaProd]" Schema="[dbo]" Table="[sysAttribute]" Alias="[_TableAlias1]" Column="Attribute"/><ColumnReference Database="[tb7e90c475b95463bb3e0c7f022c47a08_WawanesaProd]" Schema="[dbo]" Table="[sysAttribute]" Alias="[_TableAlias1]" Column="NumericType"/><ColumnReference Database="[tb7e90c475b95463bb3e0c7f022c47a08_WawanesaProd]" Schema="[dbo]" Table="[sysAttribute]" Alias="[_TableAlias1]" Column="DataStream"/></OutputList><Parallelism PartitioningType="Hash"><PartitionColumns><ColumnReference Database="[tb7e90c475b95463bb3e0c7f022c47a08_WawanesaProd]" Schema="[dbo]" Table="[sysAttribute]" Alias="[_TableAlias1]" Column="Attribute"/></PartitionColumns><RelOp NodeId="36" PhysicalOp="Clustered Index Scan" LogicalOp="Clustered Index Scan" EstimateRows="149.783" EstimateIO="1.0009" EstimateCPU="0.0168593" AvgRowSize="160" EstimatedTotalSubtreeCost="1.01776" TableCardinality="91817" Parallel="1" EstimateRebinds="0" EstimateRewinds="0" EstimatedExecutionMode="Row"><OutputList><ColumnReference Database="[tb7e90c475b95463bb3e0c7f022c47a08_WawanesaProd]" Schema="[dbo]" Table="[sysAttribute]" Alias="[_TableAlias1]" Column="Attribute"/><ColumnReference Database="[tb7e90c475b95463bb3e0c7f022c47a08_WawanesaProd]" Schema="[dbo]" Table="[sysAttribute]" Alias="[_TableAlias1]" Column="NumericType"/><ColumnReference Database="[tb7e90c475b95463bb3e0c7f022c47a08_WawanesaProd]" Schema="[dbo]" Table="[sysAttribute]" Alias="[_TableAlias1]" Column="DataStream"/></OutputList><IndexScan Ordered="0" ForcedIndex="0" ForceScan="0" NoExpandHint="0" Storage="RowStore"><DefinedValues><DefinedValue><ColumnReference Database="[tb7e90c475b95463bb3e0c7f022c47a08_WawanesaProd]" Schema="[dbo]" Table="[sysAttribute]" Alias="[_TableAlias1]" Column="Attribute"/></DefinedValue><DefinedValue><ColumnReference Database="[tb7e90c475b95463bb3e0c7f022c47a08_WawanesaProd]" Schema="[dbo]" Table="[sysAttribute]" Alias="[_TableAlias1]" Column="NumericType"/></DefinedValue><DefinedValue><ColumnReference Database="[tb7e90c475b95463bb3e0c7f022c47a08_WawanesaProd]" Schema="[dbo]" Table="[sysAttribute]" Alias="[_TableAlias1]" Column="DataStream"/></DefinedValue></DefinedValues><Object Database="[tb7e90c475b95463bb3e0c7f022c47a08_WawanesaProd]" Schema="[dbo]" Table="[sysAttribute]" Index="[sysAttribute_pkey]" Alias="[_TableAlias1]" IndexKind="Clustered" Storage="RowStore"/><Predicate><ScalarOperator ScalarString="[tb7e90c475b95463bb3e0c7f022c47a08_WawanesaProd].[dbo].[sysAttribute].[AccumulationType] as [_TableAlias1].[AccumulationType]=N'YTD' AND [tb7e90c475b95463bb3e0c7f022c47a08_WawanesaProd].[dbo].[sysAttribute].[Component] as [_TableAlias1].[Component]=N'EARNED PREMIUM'"><Logical Operation="AND"><ScalarOperator><Compare CompareOp="EQ"><ScalarOperator><Identifier><ColumnReference Database="[tb7e90c475b95463bb3e0c7f022c47a08_WawanesaProd]" Schema="[dbo]" Table="[sysAttribute]" Alias="[_TableAlias1]" Column="AccumulationType"/></Identifier></ScalarOperator><ScalarOperator><Const ConstValue="N'YTD'"/></ScalarOperator></Compare></ScalarOperator><ScalarOperator><Compare CompareOp="EQ"><ScalarOperator><Identifier><ColumnReference Database="[tb7e90c475b95463bb3e0c7f022c47a08_WawanesaProd]" Schema="[dbo]" Table="[sysAttribute]" Alias="[_TableAlias1]" Column="Component"/></Identifier></ScalarOperator><ScalarOperator><Const ConstValue="N'EARNED PREMIUM'"/></ScalarOperator></Compare></ScalarOperator></Logical></ScalarOperator></Predicate></IndexScan></RelOp></Parallelism></RelOp><RelOp NodeId="37" PhysicalOp="Parallelism" LogicalOp="Repartition Streams" EstimateRows="2.42621e+006" EstimateIO="0" EstimateCPU="10.8552" AvgRowSize="224" EstimatedTotalSubtreeCost="16.5803" Parallel="1" EstimateRebinds="0" EstimateRewinds="0" EstimatedExecutionMode="Row"><OutputList><ColumnReference Database="[tb7e90c475b95463bb3e0c7f022c47a08_WawanesaProd]" Schema="[dbo]" Table="[_Result2063]" Alias="[_Result812]" Column="Party"/><ColumnReference Database="[tb7e90c475b95463bb3e0c7f022c47a08_WawanesaProd]" Schema="[dbo]" Table="[_Result2063]" Alias="[_Result812]" Column="ProductGroup"/><ColumnReference Database="[tb7e90c475b95463bb3e0c7f022c47a08_WawanesaProd]" Schema="[dbo]" Table="[_Result2063]" Alias="[_Result812]" Column="ProductGroup2"/><ColumnReference Database="[tb7e90c475b95463bb3e0c7f022c47a08_WawanesaProd]" Schema="[dbo]" Table="[_Result2063]" Alias="[_Result812]" Column="ProductGroup3"/><ColumnReference Database="[tb7e90c475b95463bb3e0c7f022c47a08_WawanesaProd]" Schema="[dbo]" Table="[_Result2063]" Alias="[_Result812]" Column="ProductGroup4"/><ColumnReference Database="[tb7e90c475b95463bb3e0c7f022c47a08_WawanesaProd]" Schema="[dbo]" Table="[_Result2063]" Alias="[_Result812]" Column="ProductGroup5"/><ColumnReference Database="[tb7e90c475b95463bb3e0c7f022c47a08_WawanesaProd]" Schema="[dbo]" Table="[_Result2063]" Alias="[_Result812]" Column="ProductGroup6"/><ColumnReference Database="[tb7e90c475b95463bb3e0c7f022c47a08_WawanesaProd]" Schema="[dbo]" Table="[_Result2063]" Alias="[_Result812]" Column="ProductGroup7"/><ColumnReference Database="[tb7e90c475b95463bb3e0c7f022c47a08_WawanesaProd]" Schema="[dbo]" Table="[_Result2063]" Alias="[_Result812]" Column="Attribute"/><ColumnReference Database="[tb7e90c475b95463bb3e0c7f022c47a08_WawanesaProd]" Schema="[dbo]" Table="[_Result2063]" Alias="[_Result812]" Column="Months"/><ColumnReference Database="[tb7e90c475b95463bb3e0c7f022c47a08_WawanesaProd]" Schema="[dbo]" Table="[_Result2063]" Alias="[_Result812]" Column="Value"/></OutputList><Parallelism PartitioningType="Hash"><PartitionColumns><ColumnReference Database="[tb7e90c475b95463bb3e0c7f022c47a08_WawanesaProd]" Schema="[dbo]" Table="[_Result2063]" Alias="[_Result812]" Column="Attribute"/></PartitionColumns><RelOp NodeId="38" PhysicalOp="Clustered Index Scan" LogicalOp="Clustered Index Scan" EstimateRows="2.42621e+006" EstimateIO="3.70967" EstimateCPU="0.446558" AvgRowSize="224" EstimatedTotalSubtreeCost="4.15623" TableCardinality="2.91325e+006" Parallel="1" Partitioned="1" EstimateRebinds="0" EstimateRewinds="0" EstimatedExecutionMode="Row"><OutputList><ColumnReference Database="[tb7e90c475b95463bb3e0c7f022c47a08_WawanesaProd]" Schema="[dbo]" Table="[_Result2063]" Alias="[_Result812]" Column="Party"/><ColumnReference Database="[tb7e90c475b95463bb3e0c7f022c47a08_WawanesaProd]" Schema="[dbo]" Table="[_Result2063]" Alias="[_Result812]" Column="ProductGroup"/><ColumnReference Database="[tb7e90c475b95463bb3e0c7f022c47a08_WawanesaProd]" Schema="[dbo]" Table="[_Result2063]" Alias="[_Result812]" Column="ProductGroup2"/><ColumnReference Database="[tb7e90c475b95463bb3e0c7f022c47a08_WawanesaProd]" Schema="[dbo]" Table="[_Result2063]" Alias="[_Result812]" Column="ProductGroup3"/><ColumnReference Database="[tb7e90c475b95463bb3e0c7f022c47a08_WawanesaProd]" Schema="[dbo]" Table="[_Result2063]" Alias="[_Result812]" Column="ProductGroup4"/><ColumnReference Database="[tb7e90c475b95463bb3e0c7f022c47a08_WawanesaProd]" Schema="[dbo]" Table="[_Result2063]" Alias="[_Result812]" Column="ProductGroup5"/><ColumnReference Database="[tb7e90c475b95463bb3e0c7f022c47a08_WawanesaProd]" Schema="[dbo]" Table="[_Result2063]" Alias="[_Result812]" Column="ProductGroup6"/><ColumnReference Database="[tb7e90c475b95463bb3e0c7f022c47a08_WawanesaProd]" Schema="[dbo]" Table="[_Result2063]" Alias="[_Result812]" Column="ProductGroup7"/><ColumnReference Database="[tb7e90c475b95463bb3e0c7f022c47a08_WawanesaProd]" Schema="[dbo]" Table="[_Result2063]" Alias="[_Result812]" Column="Attribute"/><ColumnReference Database="[tb7e90c475b95463bb3e0c7f022c47a08_WawanesaProd]" Schema="[dbo]" Table="[_Result2063]" Alias="[_Result812]" Column="Months"/><ColumnReference Database="[tb7e90c475b95463bb3e0c7f022c47a08_WawanesaProd]" Schema="[dbo]" Table="[_Result2063]" Alias="[_Result812]" Column="Value"/></OutputList><IndexScan Ordered="1" ScanDirection="FORWARD" ForcedIndex="0" ForceSeek="0" ForceScan="0" NoExpandHint="0" Storage="RowStore"><DefinedValues><DefinedValue><ColumnReference Database="[tb7e90c475b95463bb3e0c7f022c47a08_WawanesaProd]" Schema="[dbo]" Table="[_Result2063]" Alias="[_Result812]" Column="Party"/></DefinedValue><DefinedValue><ColumnReference Database="[tb7e90c475b95463bb3e0c7f022c47a08_WawanesaProd]" Schema="[dbo]" Table="[_Result2063]" Alias="[_Result812]" Column="ProductGroup"/></DefinedValue><DefinedValue><ColumnReference Database="[tb7e90c475b95463bb3e0c7f022c47a08_WawanesaProd]" Schema="[dbo]" Table="[_Result2063]" Alias="[_Result812]" Column="ProductGroup2"/></DefinedValue><DefinedValue><ColumnReference Database="[tb7e90c475b95463bb3e0c7f022c47a08_WawanesaProd]" Schema="[dbo]" Table="[_Result2063]" Alias="[_Result812]" Column="ProductGroup3"/></DefinedValue><DefinedValue><ColumnReference Database="[tb7e90c475b95463bb3e0c7f022c47a08_WawanesaProd]" Schema="[dbo]" Table="[_Result2063]" Alias="[_Result812]" Column="ProductGroup4"/></DefinedValue><DefinedValue><ColumnReference Database="[tb7e90c475b95463bb3e0c7f022c47a08_WawanesaProd]" Schema="[dbo]" Table="[_Result2063]" Alias="[_Result812]" Column="ProductGroup5"/></DefinedValue><DefinedValue><ColumnReference Database="[tb7e90c475b95463bb3e0c7f022c47a08_WawanesaProd]" Schema="[dbo]" Table="[_Result2063]" Alias="[_Result812]" Column="ProductGroup6"/></DefinedValue><DefinedValue><ColumnReference Database="[tb7e90c475b95463bb3e0c7f022c47a08_WawanesaProd]" Schema="[dbo]" Table="[_Result2063]" Alias="[_Result812]" Column="ProductGroup7"/></DefinedValue><DefinedValue><ColumnReference Database="[tb7e90c475b95463bb3e0c7f022c47a08_WawanesaProd]" Schema="[dbo]" Table="[_Result2063]" Alias="[_Result812]" Column="Attribute"/></DefinedValue><DefinedValue><ColumnReference Database="[tb7e90c475b95463bb3e0c7f022c47a08_WawanesaProd]" Schema="[dbo]" Table="[_Result2063]" Alias="[_Result812]" Column="Months"/></DefinedValue><DefinedValue><ColumnReference Database="[tb7e90c475b95463bb3e0c7f022c47a08_WawanesaProd]" Schema="[dbo]" Table="[_Result2063]" Alias="[_Result812]" Column="Value"/></DefinedValue></DefinedValues><Object Database="[tb7e90c475b95463bb3e0c7f022c47a08_WawanesaProd]" Schema="[dbo]" Table="[_Result2063]" Index="[_Result2063_pkey]" Alias="[_Result812]" IndexKind="Clustered" Storage="RowStore"/><SeekPredicates><SeekPredicateNew><SeekKeys><StartRange ScanType="GE"><RangeColumns><ColumnReference Column="PtnId1002"/></RangeColumns><RangeExpressions><ScalarOperator ScalarString="(97)"><Const ConstValue="(97)"/></ScalarOperator></RangeExpressions></StartRange><EndRange ScanType="LE"><RangeColumns><ColumnReference Column="PtnId1002"/></RangeColumns><RangeExpressions><ScalarOperator ScalarString="(97)"><Const ConstValue="(97)"/></ScalarOperator></RangeExpressions></EndRange></SeekKeys></SeekPredicateNew><SeekPredicateNew><SeekKeys><StartRange ScanType="GE"><RangeColumns><ColumnReference Column="PtnId1002"/></RangeColumns><RangeExpressions><ScalarOperator ScalarString="(98)"><Const ConstValue="(98)"/></ScalarOperator></RangeExpressions></StartRange><EndRange ScanType="LE"><RangeColumns><ColumnReference Column="PtnId1002"/></RangeColumns><RangeExpressions><ScalarOperator ScalarString="(98)"><Const ConstValue="(98)"/></ScalarOperator></RangeExpressions></EndRange></SeekKeys></SeekPredicateNew><SeekPredicateNew><SeekKeys><StartRange ScanType="GE"><RangeColumns><ColumnReference Column="PtnId1002"/></RangeColumns><RangeExpressions><ScalarOperator ScalarString="(99)"><Const ConstValue="(99)"/></ScalarOperator></RangeExpressions></StartRange><EndRange ScanType="LE"><RangeColumns><ColumnReference Column="PtnId1002"/></RangeColumns><RangeExpressions><ScalarOperator ScalarString="(99)"><Const ConstValue="(99)"/></ScalarOperator></RangeExpressions></EndRange></SeekKeys></SeekPredicateNew><SeekPredicateNew><SeekKeys><StartRange ScanType="GE"><RangeColumns><ColumnReference Column="PtnId1002"/></RangeColumns><RangeExpressions><ScalarOperator ScalarString="(100)"><Const ConstValue="(100)"/></ScalarOperator></RangeExpressions></StartRange><EndRange ScanType="LE"><RangeColumns><ColumnReference Column="PtnId1002"/></RangeColumns><RangeExpressions><ScalarOperator ScalarString="(100)"><Const ConstValue="(100)"/></ScalarOperator></RangeExpressions></EndRange></SeekKeys></SeekPredicateNew><SeekPredicateNew><SeekKeys><StartRange ScanType="GE"><RangeColumns><ColumnReference Column="PtnId1002"/></RangeColumns><RangeExpressions><ScalarOperator ScalarString="(101)"><Const ConstValue="(101)"/></ScalarOperator></RangeExpressions></StartRange><EndRange ScanType="LE"><RangeColumns><ColumnReference Column="PtnId1002"/></RangeColumns><RangeExpressions><ScalarOperator ScalarString="(101)"><Const ConstValue="(101)"/></ScalarOperator></RangeExpressions></EndRange></SeekKeys></SeekPredicateNew><SeekPredicateNew><SeekKeys><StartRange ScanType="GE"><RangeColumns><ColumnReference Column="PtnId1002"/></RangeColumns><RangeExpressions><ScalarOperator ScalarString="(102)"><Const ConstValue="(102)"/></ScalarOperator></RangeExpressions></StartRange><EndRange ScanType="LE"><RangeColumns><ColumnReference Column="PtnId1002"/></RangeColumns><RangeExpressions><ScalarOperator ScalarString="(102)"><Const ConstValue="(102)"/></ScalarOperator></RangeExpressions></EndRange></SeekKeys></SeekPredicateNew><SeekPredicateNew><SeekKeys><StartRange ScanType="GE"><RangeColumns><ColumnReference Column="PtnId1002"/></RangeColumns><RangeExpressions><ScalarOperator ScalarString="(103)"><Const ConstValue="(103)"/></ScalarOperator></RangeExpressions></StartRange><EndRange ScanType="LE"><RangeColumns><ColumnReference Column="PtnId1002"/></RangeColumns><RangeExpressions><ScalarOperator ScalarString="(103)"><Const ConstValue="(103)"/></ScalarOperator></RangeExpressions></EndRange></SeekKeys></SeekPredicateNew><SeekPredicateNew><SeekKeys><StartRange ScanType="GE"><RangeColumns><ColumnReference Column="PtnId1002"/></RangeColumns><RangeExpressions><ScalarOperator ScalarString="(104)"><Const ConstValue="(104)"/></ScalarOperator></RangeExpressions></StartRange><EndRange ScanType="LE"><RangeColumns><ColumnReference Column="PtnId1002"/></RangeColumns><RangeExpressions><ScalarOperator ScalarString="(104)"><Const ConstValue="(104)"/></ScalarOperator></RangeExpressions></EndRange></SeekKeys></SeekPredicateNew><SeekPredicateNew><SeekKeys><StartRange ScanType="GE"><RangeColumns><ColumnReference Column="PtnId1002"/></RangeColumns><RangeExpressions><ScalarOperator ScalarString="(105)"><Const ConstValue="(105)"/></ScalarOperator></RangeExpressions></StartRange><EndRange ScanType="LE"><RangeColumns><ColumnReference Column="PtnId1002"/></RangeColumns><RangeExpressions><ScalarOperator ScalarString="(105)"><Const ConstValue="(105)"/></ScalarOperator></RangeExpressions></EndRange></SeekKeys></SeekPredicateNew><SeekPredicateNew><SeekKeys><StartRange ScanType="GE"><RangeColumns><ColumnReference Column="PtnId1002"/></RangeColumns><RangeExpressions><ScalarOperator ScalarString="(106)"><Const ConstValue="(106)"/></ScalarOperator></RangeExpressions></StartRange><EndRange ScanType="LE"><RangeColumns><ColumnReference Column="PtnId1002"/></RangeColumns><RangeExpressions><ScalarOperator ScalarString="(106)"><Const ConstValue="(106)"/></ScalarOperator></RangeExpressions></EndRange></SeekKeys></SeekPredicateNew><SeekPredicateNew><SeekKeys><StartRange ScanType="GE"><RangeColumns><ColumnReference Column="PtnId1002"/></RangeColumns><RangeExpressions><ScalarOperator ScalarString="(107)"><Const ConstValue="(107)"/></ScalarOperator></RangeExpressions></StartRange><EndRange ScanType="LE"><RangeColumns><ColumnReference Column="PtnId1002"/></RangeColumns><RangeExpressions><ScalarOperator ScalarString="(107)"><Const ConstValue="(107)"/></ScalarOperator></RangeExpressions></EndRange></SeekKeys></SeekPredicateNew><SeekPredicateNew><SeekKeys><StartRange ScanType="GE"><RangeColumns><ColumnReference Column="PtnId1002"/></RangeColumns><RangeExpressions><ScalarOperator ScalarString="(108)"><Const ConstValue="(108)"/></ScalarOperator></RangeExpressions></StartRange><EndRange ScanType="LE"><RangeColumns><ColumnReference Column="PtnId1002"/></RangeColumns><RangeExpressions><ScalarOperator ScalarString="(108)"><Const ConstValue="(108)"/></ScalarOperator></RangeExpressions></EndRange></SeekKeys></SeekPredicateNew></SeekPredicates><Predicate><ScalarOperator ScalarString="[tb7e90c475b95463bb3e0c7f022c47a08_WawanesaProd].[dbo].[_Result2063].[Months] as [_Result812].[Months]=N'2021, Month 01' OR [tb7e90c475b95463bb3e0c7f022c47a08_WawanesaProd].[dbo].[_Result2063].[Months] as [_Result812].[Months]=N'2021, Month 02' OR [tb7e90c475b95463bb3e0c7f022c47a08_WawanesaProd].[dbo].[_Result2063].[Months] as [_Result812].[Months]=N'2021, Month 03' OR [tb7e90c475b95463bb3e0c7f022c47a08_WawanesaProd].[dbo].[_Result2063].[Months] as [_Result812].[Months]=N'2021, Month 04' OR [tb7e90c475b95463bb3e0c7f022c47a08_WawanesaProd].[dbo].[_Result2063].[Months] as [_Result812].[Months]=N'2021, Month 05' OR [tb7e90c475b95463bb3e0c7f022c47a08_WawanesaProd].[dbo].[_Result2063].[Months] as [_Result812].[Months]=N'2021, Month 06' OR [tb7e90c475b95463bb3e0c7f022c47a08_WawanesaProd].[dbo].[_Result2063].[Months] as [_Result812].[Months]=N'2021, Month 07' OR [tb7e90c475b95463bb3e0c7f022c47a08_WawanesaProd].[dbo].[_Result2063].[Months] as [_Result812].[Months]=N'2021, Month 08' OR [tb7e90c475b95463bb3e0c7f022c47a08_WawanesaProd].[dbo].[_Result2063].[Months] as [_Result812].[Months]=N'2021, Month 09' OR [tb7e90c475b95463bb3e0c7f022c47a08_WawanesaProd].[dbo].[_Result2063].[Months] as [_Result812].[Months]=N'2021, Month 10' OR [tb7e90c475b95463bb3e0c7f022c47a08_WawanesaProd].[dbo].[_Result2063].[Months] as [_Result812].[Months]=N'2021, Month 11' OR [tb7e90c475b95463bb3e0c7f022c47a08_WawanesaProd].[dbo].[_Result2063].[Months] as [_Result812].[Months]=N'2021, Month 12'"><Logical Operation="OR"><ScalarOperator><Compare CompareOp="EQ"><ScalarOperator><Identifier><ColumnReference Database="[tb7e90c475b95463bb3e0c7f022c47a08_WawanesaProd]" Schema="[dbo]" Table="[_Result2063]" Alias="[_Result812]" Column="Months"/></Identifier></ScalarOperator><ScalarOperator><Const ConstValue="N'2021, Month 01'"/></ScalarOperator></Compare></ScalarOperator><ScalarOperator><Compare CompareOp="EQ"><ScalarOperator><Identifier><ColumnReference Database="[tb7e90c475b95463bb3e0c7f022c47a08_WawanesaProd]" Schema="[dbo]" Table="[_Result2063]" Alias="[_Result812]" Column="Months"/></Identifier></ScalarOperator><ScalarOperator><Const ConstValue="N'2021, Month 02'"/></ScalarOperator></Compare></ScalarOperator><ScalarOperator><Compare CompareOp="EQ"><ScalarOperator><Identifier><ColumnReference Database="[tb7e90c475b95463bb3e0c7f022c47a08_WawanesaProd]" Schema="[dbo]" Table="[_Result2063]" Alias="[_Result812]" Column="Months"/></Identifier></ScalarOperator><ScalarOperator><Const ConstValue="N'2021, Month 03'"/></ScalarOperator></Compare></ScalarOperator><ScalarOperator><Compare CompareOp="EQ"><ScalarOperator><Identifier><ColumnReference Database="[tb7e90c475b95463bb3e0c7f022c47a08_WawanesaProd]" Schema="[dbo]" Table="[_Result2063]" Alias="[_Result812]" Column="Months"/></Identifier></ScalarOperator><ScalarOperator><Const ConstValue="N'2021, Month 04'"/></ScalarOperator></Compare></ScalarOperator><ScalarOperator><Compare CompareOp="EQ"><ScalarOperator><Identifier><ColumnReference Database="[tb7e90c475b95463bb3e0c7f022c47a08_WawanesaProd]" Schema="[dbo]" Table="[_Result2063]" Alias="[_Result812]" Column="Months"/></Identifier></ScalarOperator><ScalarOperator><Const ConstValue="N'2021, Month 05'"/></ScalarOperator></Compare></ScalarOperator><ScalarOperator><Compare CompareOp="EQ"><ScalarOperator><Identifier><ColumnReference Database="[tb7e90c475b95463bb3e0c7f022c47a08_WawanesaProd]" Schema="[dbo]" Table="[_Result2063]" Alias="[_Result812]" Column="Months"/></Identifier></ScalarOperator><ScalarOperator><Const ConstValue="N'2021, Month 06'"/></ScalarOperator></Compare></ScalarOperator><ScalarOperator><Compare CompareOp="EQ"><ScalarOperator><Identifier><ColumnReference Database="[tb7e90c475b95463bb3e0c7f022c47a08_WawanesaProd]" Schema="[dbo]" Table="[_Result2063]" Alias="[_Result812]" Column="Months"/></Identifier></ScalarOperator><ScalarOperator><Const ConstValue="N'2021, Month 07'"/></ScalarOperator></Compare></ScalarOperator><ScalarOperator><Compare CompareOp="EQ"><ScalarOperator><Identifier><ColumnReference Database="[tb7e90c475b95463bb3e0c7f022c47a08_WawanesaProd]" Schema="[dbo]" Table="[_Result2063]" Alias="[_Result812]" Column="Months"/></Identifier></ScalarOperator><ScalarOperator><Const ConstValue="N'2021, Month 08'"/></ScalarOperator></Compare></ScalarOperator><ScalarOperator><Compare CompareOp="EQ"><ScalarOperator><Identifier><ColumnReference Database="[tb7e90c475b95463bb3e0c7f022c47a08_WawanesaProd]" Schema="[dbo]" Table="[_Result2063]" Alias="[_Result812]" Column="Months"/></Identifier></ScalarOperator><ScalarOperator><Const ConstValue="N'2021, Month 09'"/></ScalarOperator></Compare></ScalarOperator><ScalarOperator><Compare CompareOp="EQ"><ScalarOperator><Identifier><ColumnReference Database="[tb7e90c475b95463bb3e0c7f022c47a08_WawanesaProd]" Schema="[dbo]" Table="[_Result2063]" Alias="[_Result812]" Column="Months"/></Identifier></ScalarOperator><ScalarOperator><Const ConstValue="N'2021, Month 10'"/></ScalarOperator></Compare></ScalarOperator><ScalarOperator><Compare CompareOp="EQ"><ScalarOperator><Identifier><ColumnReference Database="[tb7e90c475b95463bb3e0c7f022c47a08_WawanesaProd]" Schema="[dbo]" Table="[_Result2063]" Alias="[_Result812]" Column="Months"/></Identifier></ScalarOperator><ScalarOperator><Const ConstValue="N'2021, Month 11'"/></ScalarOperator></Compare></ScalarOperator><ScalarOperator><Compare CompareOp="EQ"><ScalarOperator><Identifier><ColumnReference Database="[tb7e90c475b95463bb3e0c7f022c47a08_WawanesaProd]" Schema="[dbo]" Table="[_Result2063]" Alias="[_Result812]" Column="Months"/></Identifier></ScalarOperator><ScalarOperator><Const ConstValue="N'2021, Month 12'"/></ScalarOperator></Compare></ScalarOperator></Logical></ScalarOperator></Predicate></IndexScan></RelOp></Parallelism></RelOp></Hash></RelOp></Parallelism></RelOp></Sort></RelOp></Merge></RelOp></Parallelism></RelOp><RelOp NodeId="40" PhysicalOp="Sort" LogicalOp="Sort" EstimateRows="1.18147e+007" EstimateIO="633.562" EstimateCPU="58.6996" AvgRowSize="201" EstimatedTotalSubtreeCost="859.029" Parallel="1" EstimateRebinds="0" EstimateRewinds="0" EstimatedExecutionMode="Row"><OutputList><ColumnReference Database="[tb7e90c475b95463bb3e0c7f022c47a08_WawanesaProd]" Schema="[dbo]" Table="[_Result812]" Alias="[_LookupAlias0]" Column="Party"/><ColumnReference Database="[tb7e90c475b95463bb3e0c7f022c47a08_WawanesaProd]" Schema="[dbo]" Table="[_Result812]" Alias="[_LookupAlias0]" Column="ProductGroup"/><ColumnReference Database="[tb7e90c475b95463bb3e0c7f022c47a08_WawanesaProd]" Schema="[dbo]" Table="[_Result812]" Alias="[_LookupAlias0]" Column="ProductGroup2"/><ColumnReference Database="[tb7e90c475b95463bb3e0c7f022c47a08_WawanesaProd]" Schema="[dbo]" Table="[_Result812]" Alias="[_LookupAlias0]" Column="ProductGroup3"/><ColumnReference Database="[tb7e90c475b95463bb3e0c7f022c47a08_WawanesaProd]" Schema="[dbo]" Table="[_Result812]" Alias="[_LookupAlias0]" Column="ProductGroup4"/><ColumnReference Database="[tb7e90c475b95463bb3e0c7f022c47a08_WawanesaProd]" Schema="[dbo]" Table="[_Result812]" Alias="[_LookupAlias0]" Column="ProductGroup5"/><ColumnReference Database="[tb7e90c475b95463bb3e0c7f022c47a08_WawanesaProd]" Schema="[dbo]" Table="[_Result812]" Alias="[_LookupAlias0]" Column="ProductGroup6"/><ColumnReference Database="[tb7e90c475b95463bb3e0c7f022c47a08_WawanesaProd]" Schema="[dbo]" Table="[_Result812]" Alias="[_LookupAlias0]" Column="ProductGroup7"/><ColumnReference Database="[tb7e90c475b95463bb3e0c7f022c47a08_WawanesaProd]" Schema="[dbo]" Table="[_Result812]" Alias="[_LookupAlias0]" Column="Months"/><ColumnReference Database="[tb7e90c475b95463bb3e0c7f022c47a08_WawanesaProd]" Schema="[dbo]" Table="[_Result812]" Alias="[_LookupAlias0]" Column="Value"/><ColumnReference Database="[tb7e90c475b95463bb3e0c7f022c47a08_WawanesaProd]" Schema="[dbo]" Table="[sysAttribute]" Alias="[_TableAlias0]" Column="NumericType"/><ColumnReference Database="[tb7e90c475b95463bb3e0c7f022c47a08_WawanesaProd]" Schema="[dbo]" Table="[sysAttribute]" Alias="[_TableAlias0]" Column="DataStream"/></OutputList><MemoryFractions Input="0.0732772" Output="0.0732772"/><Sort Distinct="0"><OrderBy><OrderByColumn Ascending="1"><ColumnReference Database="[tb7e90c475b95463bb3e0c7f022c47a08_WawanesaProd]" Schema="[dbo]" Table="[sysAttribute]" Alias="[_TableAlias0]" Column="NumericType"/></OrderByColumn><OrderByColumn Ascending="1"><ColumnReference Database="[tb7e90c475b95463bb3e0c7f022c47a08_WawanesaProd]" Schema="[dbo]" Table="[sysAttribute]" Alias="[_TableAlias0]" Column="DataStream"/></OrderByColumn></OrderBy><RelOp NodeId="41" PhysicalOp="Parallelism" LogicalOp="Repartition Streams" EstimateRows="1.18147e+007" EstimateIO="0" EstimateCPU="60.524" AvgRowSize="201" EstimatedTotalSubtreeCost="166.767" Parallel="1" EstimateRebinds="0" EstimateRewinds="0" EstimatedExecutionMode="Row"><OutputList><ColumnReference Database="[tb7e90c475b95463bb3e0c7f022c47a08_WawanesaProd]" Schema="[dbo]" Table="[_Result812]" Alias="[_LookupAlias0]" Column="Party"/><ColumnReference Database="[tb7e90c475b95463bb3e0c7f022c47a08_WawanesaProd]" Schema="[dbo]" Table="[_Result812]" Alias="[_LookupAlias0]" Column="ProductGroup"/><ColumnReference Database="[tb7e90c475b95463bb3e0c7f022c47a08_WawanesaProd]" Schema="[dbo]" Table="[_Result812]" Alias="[_LookupAlias0]" Column="ProductGroup2"/><ColumnReference Database="[tb7e90c475b95463bb3e0c7f022c47a08_WawanesaProd]" Schema="[dbo]" Table="[_Result812]" Alias="[_LookupAlias0]" Column="ProductGroup3"/><ColumnReference Database="[tb7e90c475b95463bb3e0c7f022c47a08_WawanesaProd]" Schema="[dbo]" Table="[_Result812]" Alias="[_LookupAlias0]" Column="ProductGroup4"/><ColumnReference Database="[tb7e90c475b95463bb3e0c7f022c47a08_WawanesaProd]" Schema="[dbo]" Table="[_Result812]" Alias="[_LookupAlias0]" Column="ProductGroup5"/><ColumnReference Database="[tb7e90c475b95463bb3e0c7f022c47a08_WawanesaProd]" Schema="[dbo]" Table="[_Result812]" Alias="[_LookupAlias0]" Column="ProductGroup6"/><ColumnReference Database="[tb7e90c475b95463bb3e0c7f022c47a08_WawanesaProd]" Schema="[dbo]" Table="[_Result812]" Alias="[_LookupAlias0]" Column="ProductGroup7"/><ColumnReference Database="[tb7e90c475b95463bb3e0c7f022c47a08_WawanesaProd]" Schema="[dbo]" Table="[_Result812]" Alias="[_LookupAlias0]" Column="Months"/><ColumnReference Database="[tb7e90c475b95463bb3e0c7f022c47a08_WawanesaProd]" Schema="[dbo]" Table="[_Result812]" Alias="[_LookupAlias0]" Column="Value"/><ColumnReference Database="[tb7e90c475b95463bb3e0c7f022c47a08_WawanesaProd]" Schema="[dbo]" Table="[sysAttribute]" Alias="[_TableAlias0]" Column="NumericType"/><ColumnReference Database="[tb7e90c475b95463bb3e0c7f022c47a08_WawanesaProd]" Schema="[dbo]" Table="[sysAttribute]" Alias="[_TableAlias0]" Column="DataStream"/></OutputList><Parallelism PartitioningType="Hash"><PartitionColumns><ColumnReference Database="[tb7e90c475b95463bb3e0c7f022c47a08_WawanesaProd]" Schema="[dbo]" Table="[sysAttribute]" Alias="[_TableAlias0]" Column="NumericType"/><ColumnReference Database="[tb7e90c475b95463bb3e0c7f022c47a08_WawanesaProd]" Schema="[dbo]" Table="[sysAttribute]" Alias="[_TableAlias0]" Column="DataStream"/></PartitionColumns><RelOp NodeId="42" PhysicalOp="Hash Match" LogicalOp="Inner Join" EstimateRows="1.18147e+007" EstimateIO="0" EstimateCPU="28.6236" AvgRowSize="201" EstimatedTotalSubtreeCost="106.243" Parallel="1" EstimateRebinds="0" EstimateRewinds="0" EstimatedExecutionMode="Row"><OutputList><ColumnReference Database="[tb7e90c475b95463bb3e0c7f022c47a08_WawanesaProd]" Schema="[dbo]" Table="[_Result812]" Alias="[_LookupAlias0]" Column="Party"/><ColumnReference Database="[tb7e90c475b95463bb3e0c7f022c47a08_WawanesaProd]" Schema="[dbo]" Table="[_Result812]" Alias="[_LookupAlias0]" Column="ProductGroup"/><ColumnReference Database="[tb7e90c475b95463bb3e0c7f022c47a08_WawanesaProd]" Schema="[dbo]" Table="[_Result812]" Alias="[_LookupAlias0]" Column="ProductGroup2"/><ColumnReference Database="[tb7e90c475b95463bb3e0c7f022c47a08_WawanesaProd]" Schema="[dbo]" Table="[_Result812]" Alias="[_LookupAlias0]" Column="ProductGroup3"/><ColumnReference Database="[tb7e90c475b95463bb3e0c7f022c47a08_WawanesaProd]" Schema="[dbo]" Table="[_Result812]" Alias="[_LookupAlias0]" Column="ProductGroup4"/><ColumnReference Database="[tb7e90c475b95463bb3e0c7f022c47a08_WawanesaProd]" Schema="[dbo]" Table="[_Result812]" Alias="[_LookupAlias0]" Column="ProductGroup5"/><ColumnReference Database="[tb7e90c475b95463bb3e0c7f022c47a08_WawanesaProd]" Schema="[dbo]" Table="[_Result812]" Alias="[_LookupAlias0]" Column="ProductGroup6"/><ColumnReference Database="[tb7e90c475b95463bb3e0c7f022c47a08_WawanesaProd]" Schema="[dbo]" Table="[_Result812]" Alias="[_LookupAlias0]" Column="ProductGroup7"/><ColumnReference Database="[tb7e90c475b95463bb3e0c7f022c47a08_WawanesaProd]" Schema="[dbo]" Table="[_Result812]" Alias="[_LookupAlias0]" Column="Months"/><ColumnReference Database="[tb7e90c475b95463bb3e0c7f022c47a08_WawanesaProd]" Schema="[dbo]" Table="[_Result812]" Alias="[_LookupAlias0]" Column="Value"/><ColumnReference Database="[tb7e90c475b95463bb3e0c7f022c47a08_WawanesaProd]" Schema="[dbo]" Table="[sysAttribute]" Alias="[_TableAlias0]" Column="NumericType"/><ColumnReference Database="[tb7e90c475b95463bb3e0c7f022c47a08_WawanesaProd]" Schema="[dbo]" Table="[sysAttribute]" Alias="[_TableAlias0]" Column="DataStream"/></OutputList><MemoryFractions Input="0.0733273" Output="5.00591e-005"/><Hash><DefinedValues/><HashKeysBuild><ColumnReference Database="[tb7e90c475b95463bb3e0c7f022c47a08_WawanesaProd]" Schema="[dbo]" Table="[sysAttribute]" Alias="[_TableAlias0]" Column="Attribute"/></HashKeysBuild><HashKeysProbe><ColumnReference Database="[tb7e90c475b95463bb3e0c7f022c47a08_WawanesaProd]" Schema="[dbo]" Table="[_Result812]" Alias="[_LookupAlias0]" Column="Attribute"/></HashKeysProbe><ProbeResidual><ScalarOperator ScalarString="[tb7e90c475b95463bb3e0c7f022c47a08_WawanesaProd].[dbo].[sysAttribute].[Attribute] as [_TableAlias0].[Attribute]=[tb7e90c475b95463bb3e0c7f022c47a08_WawanesaProd].[dbo].[_Result812].[Attribute] as [_LookupAlias0].[Attribute]"><Compare CompareOp="EQ"><ScalarOperator><Identifier><ColumnReference Database="[tb7e90c475b95463bb3e0c7f022c47a08_WawanesaProd]" Schema="[dbo]" Table="[sysAttribute]" Alias="[_TableAlias0]" Column="Attribute"/></Identifier></ScalarOperator><ScalarOperator><Identifier><ColumnReference Database="[tb7e90c475b95463bb3e0c7f022c47a08_WawanesaProd]" Schema="[dbo]" Table="[_Result812]" Alias="[_LookupAlias0]" Column="Attribute"/></Identifier></ScalarOperator></Compare></ScalarOperator></ProbeResidual><RelOp NodeId="43" PhysicalOp="Parallelism" LogicalOp="Repartition Streams" EstimateRows="149.783" EstimateIO="0" EstimateCPU="0.0288911" AvgRowSize="119" EstimatedTotalSubtreeCost="1.06012" Parallel="1" EstimateRebinds="0" EstimateRewinds="0" EstimatedExecutionMode="Row"><OutputList><ColumnReference Database="[tb7e90c475b95463bb3e0c7f022c47a08_WawanesaProd]" Schema="[dbo]" Table="[sysAttribute]" Alias="[_TableAlias0]" Column="Attribute"/><ColumnReference Database="[tb7e90c475b95463bb3e0c7f022c47a08_WawanesaProd]" Schema="[dbo]" Table="[sysAttribute]" Alias="[_TableAlias0]" Column="NumericType"/><ColumnReference Database="[tb7e90c475b95463bb3e0c7f022c47a08_WawanesaProd]" Schema="[dbo]" Table="[sysAttribute]" Alias="[_TableAlias0]" Column="DataStream"/></OutputList><Parallelism PartitioningType="Hash"><PartitionColumns><ColumnReference Database="[tb7e90c475b95463bb3e0c7f022c47a08_WawanesaProd]" Schema="[dbo]" Table="[sysAttribute]" Alias="[_TableAlias0]" Column="Attribute"/></PartitionColumns><RelOp NodeId="44" PhysicalOp="Clustered Index Scan" LogicalOp="Clustered Index Scan" EstimateRows="149.783" EstimateIO="1.0009" EstimateCPU="0.0168593" AvgRowSize="160" EstimatedTotalSubtreeCost="1.01776" TableCardinality="91817" Parallel="1" EstimateRebinds="0" EstimateRewinds="0" EstimatedExecutionMode="Row"><OutputList><ColumnReference Database="[tb7e90c475b95463bb3e0c7f022c47a08_WawanesaProd]" Schema="[dbo]" Table="[sysAttribute]" Alias="[_TableAlias0]" Column="Attribute"/><ColumnReference Database="[tb7e90c475b95463bb3e0c7f022c47a08_WawanesaProd]" Schema="[dbo]" Table="[sysAttribute]" Alias="[_TableAlias0]" Column="NumericType"/><ColumnReference Database="[tb7e90c475b95463bb3e0c7f022c47a08_WawanesaProd]" Schema="[dbo]" Table="[sysAttribute]" Alias="[_TableAlias0]" Column="DataStream"/></OutputList><IndexScan Ordered="0" ForcedIndex="0" ForceScan="0" NoExpandHint="0" Storage="RowStore"><DefinedValues><DefinedValue><ColumnReference Database="[tb7e90c475b95463bb3e0c7f022c47a08_WawanesaProd]" Schema="[dbo]" Table="[sysAttribute]" Alias="[_TableAlias0]" Column="Attribute"/></DefinedValue><DefinedValue><ColumnReference Database="[tb7e90c475b95463bb3e0c7f022c47a08_WawanesaProd]" Schema="[dbo]" Table="[sysAttribute]" Alias="[_TableAlias0]" Column="NumericType"/></DefinedValue><DefinedValue><ColumnReference Database="[tb7e90c475b95463bb3e0c7f022c47a08_WawanesaProd]" Schema="[dbo]" Table="[sysAttribute]" Alias="[_TableAlias0]" Column="DataStream"/></DefinedValue></DefinedValues><Object Database="[tb7e90c475b95463bb3e0c7f022c47a08_WawanesaProd]" Schema="[dbo]" Table="[sysAttribute]" Index="[sysAttribute_pkey]" Alias="[_TableAlias0]" IndexKind="Clustered" Storage="RowStore"/><Predicate><ScalarOperator ScalarString="[tb7e90c475b95463bb3e0c7f022c47a08_WawanesaProd].[dbo].[sysAttribute].[AccumulationType] as [_TableAlias0].[AccumulationType]=N'YTD' AND [tb7e90c475b95463bb3e0c7f022c47a08_WawanesaProd].[dbo].[sysAttribute].[Component] as [_TableAlias0].[Component]=N'INCURRED LOSS'"><Logical Operation="AND"><ScalarOperator><Compare CompareOp="EQ"><ScalarOperator><Identifier><ColumnReference Database="[tb7e90c475b95463bb3e0c7f022c47a08_WawanesaProd]" Schema="[dbo]" Table="[sysAttribute]" Alias="[_TableAlias0]" Column="AccumulationType"/></Identifier></ScalarOperator><ScalarOperator><Const ConstValue="N'YTD'"/></ScalarOperator></Compare></ScalarOperator><ScalarOperator><Compare CompareOp="EQ"><ScalarOperator><Identifier><ColumnReference Database="[tb7e90c475b95463bb3e0c7f022c47a08_WawanesaProd]" Schema="[dbo]" Table="[sysAttribute]" Alias="[_TableAlias0]" Column="Component"/></Identifier></ScalarOperator><ScalarOperator><Const ConstValue="N'INCURRED LOSS'"/></ScalarOperator></Compare></ScalarOperator></Logical></ScalarOperator></Predicate></IndexScan></RelOp></Parallelism></RelOp><RelOp NodeId="45" PhysicalOp="Parallelism" LogicalOp="Repartition Streams" EstimateRows="1.18147e+007" EstimateIO="0" EstimateCPU="52.8858" AvgRowSize="225" EstimatedTotalSubtreeCost="76.5592" Parallel="1" EstimateRebinds="0" EstimateRewinds="0" EstimatedExecutionMode="Row"><OutputList><ColumnReference Database="[tb7e90c475b95463bb3e0c7f022c47a08_WawanesaProd]" Schema="[dbo]" Table="[_Result812]" Alias="[_LookupAlias0]" Column="Party"/><ColumnReference Database="[tb7e90c475b95463bb3e0c7f022c47a08_WawanesaProd]" Schema="[dbo]" Table="[_Result812]" Alias="[_LookupAlias0]" Column="ProductGroup"/><ColumnReference Database="[tb7e90c475b95463bb3e0c7f022c47a08_WawanesaProd]" Schema="[dbo]" Table="[_Result812]" Alias="[_LookupAlias0]" Column="ProductGroup2"/><ColumnReference Database="[tb7e90c475b95463bb3e0c7f022c47a08_WawanesaProd]" Schema="[dbo]" Table="[_Result812]" Alias="[_LookupAlias0]" Column="ProductGroup3"/><ColumnReference Database="[tb7e90c475b95463bb3e0c7f022c47a08_WawanesaProd]" Schema="[dbo]" Table="[_Result812]" Alias="[_LookupAlias0]" Column="ProductGroup4"/><ColumnReference Database="[tb7e90c475b95463bb3e0c7f022c47a08_WawanesaProd]" Schema="[dbo]" Table="[_Result812]" Alias="[_LookupAlias0]" Column="ProductGroup5"/><ColumnReference Database="[tb7e90c475b95463bb3e0c7f022c47a08_WawanesaProd]" Schema="[dbo]" Table="[_Result812]" Alias="[_LookupAlias0]" Column="ProductGroup6"/><ColumnReference Database="[tb7e90c475b95463bb3e0c7f022c47a08_WawanesaProd]" Schema="[dbo]" Table="[_Result812]" Alias="[_LookupAlias0]" Column="ProductGroup7"/><ColumnReference Database="[tb7e90c475b95463bb3e0c7f022c47a08_WawanesaProd]" Schema="[dbo]" Table="[_Result812]" Alias="[_LookupAlias0]" Column="Attribute"/><ColumnReference Database="[tb7e90c475b95463bb3e0c7f022c47a08_WawanesaProd]" Schema="[dbo]" Table="[_Result812]" Alias="[_LookupAlias0]" Column="Months"/><ColumnReference Database="[tb7e90c475b95463bb3e0c7f022c47a08_WawanesaProd]" Schema="[dbo]" Table="[_Result812]" Alias="[_LookupAlias0]" Column="Value"/></OutputList><Parallelism PartitioningType="Hash"><PartitionColumns><ColumnReference Database="[tb7e90c475b95463bb3e0c7f022c47a08_WawanesaProd]" Schema="[dbo]" Table="[_Result812]" Alias="[_LookupAlias0]" Column="Attribute"/></PartitionColumns><RelOp NodeId="46" PhysicalOp="Clustered Index Scan" LogicalOp="Clustered Index Scan" EstimateRows="1.18147e+007" EstimateIO="19.7728" EstimateCPU="2.16777" AvgRowSize="225" EstimatedTotalSubtreeCost="21.9406" TableCardinality="9.37533e+007" Parallel="1" Partitioned="1" EstimateRebinds="0" EstimateRewinds="0" EstimatedExecutionMode="Row"><OutputList><ColumnReference Database="[tb7e90c475b95463bb3e0c7f022c47a08_WawanesaProd]" Schema="[dbo]" Table="[_Result812]" Alias="[_LookupAlias0]" Column="Party"/><ColumnReference Database="[tb7e90c475b95463bb3e0c7f022c47a08_WawanesaProd]" Schema="[dbo]" Table="[_Result812]" Alias="[_LookupAlias0]" Column="ProductGroup"/><ColumnReference Database="[tb7e90c475b95463bb3e0c7f022c47a08_WawanesaProd]" Schema="[dbo]" Table="[_Result812]" Alias="[_LookupAlias0]" Column="ProductGroup2"/><ColumnReference Database="[tb7e90c475b95463bb3e0c7f022c47a08_WawanesaProd]" Schema="[dbo]" Table="[_Result812]" Alias="[_LookupAlias0]" Column="ProductGroup3"/><ColumnReference Database="[tb7e90c475b95463bb3e0c7f022c47a08_WawanesaProd]" Schema="[dbo]" Table="[_Result812]" Alias="[_LookupAlias0]" Column="ProductGroup4"/><ColumnReference Database="[tb7e90c475b95463bb3e0c7f022c47a08_WawanesaProd]" Schema="[dbo]" Table="[_Result812]" Alias="[_LookupAlias0]" Column="ProductGroup5"/><ColumnReference Database="[tb7e90c475b95463bb3e0c7f022c47a08_WawanesaProd]" Schema="[dbo]" Table="[_Result812]" Alias="[_LookupAlias0]" Column="ProductGroup6"/><ColumnReference Database="[tb7e90c475b95463bb3e0c7f022c47a08_WawanesaProd]" Schema="[dbo]" Table="[_Result812]" Alias="[_LookupAlias0]" Column="ProductGroup7"/><ColumnReference Database="[tb7e90c475b95463bb3e0c7f022c47a08_WawanesaProd]" Schema="[dbo]" Table="[_Result812]" Alias="[_LookupAlias0]" Column="Attribute"/><ColumnReference Database="[tb7e90c475b95463bb3e0c7f022c47a08_WawanesaProd]" Schema="[dbo]" Table="[_Result812]" Alias="[_LookupAlias0]" Column="Months"/><ColumnReference Database="[tb7e90c475b95463bb3e0c7f022c47a08_WawanesaProd]" Schema="[dbo]" Table="[_Result812]" Alias="[_LookupAlias0]" Column="Value"/></OutputList><IndexScan Ordered="1" ScanDirection="FORWARD" ForcedIndex="0" ForceSeek="0" ForceScan="0" NoExpandHint="0" Storage="RowStore"><DefinedValues><DefinedValue><ColumnReference Database="[tb7e90c475b95463bb3e0c7f022c47a08_WawanesaProd]" Schema="[dbo]" Table="[_Result812]" Alias="[_LookupAlias0]" Column="Party"/></DefinedValue><DefinedValue><ColumnReference Database="[tb7e90c475b95463bb3e0c7f022c47a08_WawanesaProd]" Schema="[dbo]" Table="[_Result812]" Alias="[_LookupAlias0]" Column="ProductGroup"/></DefinedValue><DefinedValue><ColumnReference Database="[tb7e90c475b95463bb3e0c7f022c47a08_WawanesaProd]" Schema="[dbo]" Table="[_Result812]" Alias="[_LookupAlias0]" Column="ProductGroup2"/></DefinedValue><DefinedValue><ColumnReference Database="[tb7e90c475b95463bb3e0c7f022c47a08_WawanesaProd]" Schema="[dbo]" Table="[_Result812]" Alias="[_LookupAlias0]" Column="ProductGroup3"/></DefinedValue><DefinedValue><ColumnReference Database="[tb7e90c475b95463bb3e0c7f022c47a08_WawanesaProd]" Schema="[dbo]" Table="[_Result812]" Alias="[_LookupAlias0]" Column="ProductGroup4"/></DefinedValue><DefinedValue><ColumnReference Database="[tb7e90c475b95463bb3e0c7f022c47a08_WawanesaProd]" Schema="[dbo]" Table="[_Result812]" Alias="[_LookupAlias0]" Column="ProductGroup5"/></DefinedValue><DefinedValue><ColumnReference Database="[tb7e90c475b95463bb3e0c7f022c47a08_WawanesaProd]" Schema="[dbo]" Table="[_Result812]" Alias="[_LookupAlias0]" Column="ProductGroup6"/></DefinedValue><DefinedValue><ColumnReference Database="[tb7e90c475b95463bb3e0c7f022c47a08_WawanesaProd]" Schema="[dbo]" Table="[_Result812]" Alias="[_LookupAlias0]" Column="ProductGroup7"/></DefinedValue><DefinedValue><ColumnReference Database="[tb7e90c475b95463bb3e0c7f022c47a08_WawanesaProd]" Schema="[dbo]" Table="[_Result812]" Alias="[_LookupAlias0]" Column="Attribute"/></DefinedValue><DefinedValue><ColumnReference Database="[tb7e90c475b95463bb3e0c7f022c47a08_WawanesaProd]" Schema="[dbo]" Table="[_Result812]" Alias="[_LookupAlias0]" Column="Months"/></DefinedValue><DefinedValue><ColumnReference Database="[tb7e90c475b95463bb3e0c7f022c47a08_WawanesaProd]" Schema="[dbo]" Table="[_Result812]" Alias="[_LookupAlias0]" Column="Value"/></DefinedValue></DefinedValues><Object Database="[tb7e90c475b95463bb3e0c7f022c47a08_WawanesaProd]" Schema="[dbo]" Table="[_Result812]" Index="[_Result812_pkey]" Alias="[_LookupAlias0]" IndexKind="Clustered" Storage="RowStore"/><SeekPredicates><SeekPredicateNew><SeekKeys><StartRange ScanType="GE"><RangeColumns><ColumnReference Column="PtnId1016"/></RangeColumns><RangeExpressions><ScalarOperator ScalarString="(97)"><Const ConstValue="(97)"/></ScalarOperator></RangeExpressions></StartRange><EndRange ScanType="LE"><RangeColumns><ColumnReference Column="PtnId1016"/></RangeColumns><RangeExpressions><ScalarOperator ScalarString="(108)"><Const ConstValue="(108)"/></ScalarOperator></RangeExpressions></EndRange></SeekKeys></SeekPredicateNew></SeekPredicates><Predicate><ScalarOperator ScalarString="[tb7e90c475b95463bb3e0c7f022c47a08_WawanesaProd].[dbo].[_Result812].[Months] as [_LookupAlias0].[Months]&gt;=N'2021, Month 01' AND [tb7e90c475b95463bb3e0c7f022c47a08_WawanesaProd].[dbo].[_Result812].[Months] as [_LookupAlias0].[Months]&lt;=N'2021, Month 12'"><Logical Operation="AND"><ScalarOperator><Compare CompareOp="GE"><ScalarOperator><Identifier><ColumnReference Database="[tb7e90c475b95463bb3e0c7f022c47a08_WawanesaProd]" Schema="[dbo]" Table="[_Result812]" Alias="[_LookupAlias0]" Column="Months"/></Identifier></ScalarOperator><ScalarOperator><Const ConstValue="N'2021, Month 01'"/></ScalarOperator></Compare></ScalarOperator><ScalarOperator><Compare CompareOp="LE"><ScalarOperator><Identifier><ColumnReference Database="[tb7e90c475b95463bb3e0c7f022c47a08_WawanesaProd]" Schema="[dbo]" Table="[_Result812]" Alias="[_LookupAlias0]" Column="Months"/></Identifier></ScalarOperator><ScalarOperator><Const ConstValue="N'2021, Month 12'"/></ScalarOperator></Compare></ScalarOperator></Logical></ScalarOperator></Predicate></IndexScan></RelOp></Parallelism></RelOp></Hash></RelOp></Parallelism></RelOp></Sort></RelOp></Merge></RelOp><RelOp NodeId="49" PhysicalOp="Sort" LogicalOp="Sort" EstimateRows="149.783" EstimateIO="0.00187688" EstimateCPU="0.000298121" AvgRowSize="119" EstimatedTotalSubtreeCost="1.06242" Parallel="1" EstimateRebinds="0" EstimateRewinds="0" EstimatedExecutionMode="Row"><OutputList><ColumnReference Database="[tb7e90c475b95463bb3e0c7f022c47a08_WawanesaProd]" Schema="[dbo]" Table="[sysAttribute]" Alias="[_LookupAlias1]" Column="Attribute"/><ColumnReference Database="[tb7e90c475b95463bb3e0c7f022c47a08_WawanesaProd]" Schema="[dbo]" Table="[sysAttribute]" Alias="[_LookupAlias1]" Column="NumericType"/><ColumnReference Database="[tb7e90c475b95463bb3e0c7f022c47a08_WawanesaProd]" Schema="[dbo]" Table="[sysAttribute]" Alias="[_LookupAlias1]" Column="DataStream"/></OutputList><MemoryFractions Input="1.34839e-006" Output="1.34839e-006"/><Sort Distinct="0"><OrderBy><OrderByColumn Ascending="1"><ColumnReference Database="[tb7e90c475b95463bb3e0c7f022c47a08_WawanesaProd]" Schema="[dbo]" Table="[sysAttribute]" Alias="[_LookupAlias1]" Column="NumericType"/></OrderByColumn><OrderByColumn Ascending="1"><ColumnReference Database="[tb7e90c475b95463bb3e0c7f022c47a08_WawanesaProd]" Schema="[dbo]" Table="[sysAttribute]" Alias="[_LookupAlias1]" Column="DataStream"/></OrderByColumn></OrderBy><RelOp NodeId="50" PhysicalOp="Parallelism" LogicalOp="Repartition Streams" EstimateRows="149.783" EstimateIO="0" EstimateCPU="0.0290172" AvgRowSize="119" EstimatedTotalSubtreeCost="1.06025" Parallel="1" EstimateRebinds="0" EstimateRewinds="0" EstimatedExecutionMode="Row"><OutputList><ColumnReference Database="[tb7e90c475b95463bb3e0c7f022c47a08_WawanesaProd]" Schema="[dbo]" Table="[sysAttribute]" Alias="[_LookupAlias1]" Column="Attribute"/><ColumnReference Database="[tb7e90c475b95463bb3e0c7f022c47a08_WawanesaProd]" Schema="[dbo]" Table="[sysAttribute]" Alias="[_LookupAlias1]" Column="NumericType"/><ColumnReference Database="[tb7e90c475b95463bb3e0c7f022c47a08_WawanesaProd]" Schema="[dbo]" Table="[sysAttribute]" Alias="[_LookupAlias1]" Column="DataStream"/></OutputList><Parallelism PartitioningType="Hash"><PartitionColumns><ColumnReference Database="[tb7e90c475b95463bb3e0c7f022c47a08_WawanesaProd]" Schema="[dbo]" Table="[sysAttribute]" Alias="[_LookupAlias1]" Column="NumericType"/><ColumnReference Database="[tb7e90c475b95463bb3e0c7f022c47a08_WawanesaProd]" Schema="[dbo]" Table="[sysAttribute]" Alias="[_LookupAlias1]" Column="DataStream"/></PartitionColumns><RelOp NodeId="51" PhysicalOp="Clustered Index Scan" LogicalOp="Clustered Index Scan" EstimateRows="149.783" EstimateIO="1.0009" EstimateCPU="0.0168593" AvgRowSize="160" EstimatedTotalSubtreeCost="1.01776" TableCardinality="91817" Parallel="1" EstimateRebinds="0" EstimateRewinds="0" EstimatedExecutionMode="Row"><OutputList><ColumnReference Database="[tb7e90c475b95463bb3e0c7f022c47a08_WawanesaProd]" Schema="[dbo]" Table="[sysAttribute]" Alias="[_LookupAlias1]" Column="Attribute"/><ColumnReference Database="[tb7e90c475b95463bb3e0c7f022c47a08_WawanesaProd]" Schema="[dbo]" Table="[sysAttribute]" Alias="[_LookupAlias1]" Column="NumericType"/><ColumnReference Database="[tb7e90c475b95463bb3e0c7f022c47a08_WawanesaProd]" Schema="[dbo]" Table="[sysAttribute]" Alias="[_LookupAlias1]" Column="DataStream"/></OutputList><IndexScan Ordered="0" ForcedIndex="0" ForceScan="0" NoExpandHint="0" Storage="RowStore"><DefinedValues><DefinedValue><ColumnReference Database="[tb7e90c475b95463bb3e0c7f022c47a08_WawanesaProd]" Schema="[dbo]" Table="[sysAttribute]" Alias="[_LookupAlias1]" Column="Attribute"/></DefinedValue><DefinedValue><ColumnReference Database="[tb7e90c475b95463bb3e0c7f022c47a08_WawanesaProd]" Schema="[dbo]" Table="[sysAttribute]" Alias="[_LookupAlias1]" Column="NumericType"/></DefinedValue><DefinedValue><ColumnReference Database="[tb7e90c475b95463bb3e0c7f022c47a08_WawanesaProd]" Schema="[dbo]" Table="[sysAttribute]" Alias="[_LookupAlias1]" Column="DataStream"/></DefinedValue></DefinedValues><Object Database="[tb7e90c475b95463bb3e0c7f022c47a08_WawanesaProd]" Schema="[dbo]" Table="[sysAttribute]" Index="[sysAttribute_pkey]" Alias="[_LookupAlias1]" IndexKind="Clustered" Storage="RowStore"/><Predicate><ScalarOperator ScalarString="[tb7e90c475b95463bb3e0c7f022c47a08_WawanesaProd].[dbo].[sysAttribute].[AccumulationType] as [_LookupAlias1].[AccumulationType]=N'YTD' AND [tb7e90c475b95463bb3e0c7f022c47a08_WawanesaProd].[dbo].[sysAttribute].[Component] as [_LookupAlias1].[Component]=N'LOSS RATIO'"><Logical Operation="AND"><ScalarOperator><Compare CompareOp="EQ"><ScalarOperator><Identifier><ColumnReference Database="[tb7e90c475b95463bb3e0c7f022c47a08_WawanesaProd]" Schema="[dbo]" Table="[sysAttribute]" Alias="[_LookupAlias1]" Column="AccumulationType"/></Identifier></ScalarOperator><ScalarOperator><Const ConstValue="N'YTD'"/></ScalarOperator></Compare></ScalarOperator><ScalarOperator><Compare CompareOp="EQ"><ScalarOperator><Identifier><ColumnReference Database="[tb7e90c475b95463bb3e0c7f022c47a08_WawanesaProd]" Schema="[dbo]" Table="[sysAttribute]" Alias="[_LookupAlias1]" Column="Component"/></Identifier></ScalarOperator><ScalarOperator><Const ConstValue="N'LOSS RATIO'"/></ScalarOperator></Compare></ScalarOperator></Logical></ScalarOperator></Predicate></IndexScan></RelOp></Parallelism></RelOp></Sort></RelOp></Merge></RelOp></Hash></RelOp></Parallelism></RelOp></Sort></RelOp></StreamAggregate></RelOp></ComputeScalar></RelOp><Predicate><ScalarOperator ScalarString="CASE WHEN [Expr1021] IS NULL THEN NULL ELSE [tb7e90c475b95463bb3e0c7f022c47a08_WawanesaProd].[dbo].[pif]([Expr1022],N'=',[pd]::c((0.00000000000000)),[pd]::c((0.00000000000000)),[tb7e90c475b95463bb3e0c7f022c47a08_WawanesaProd].[dbo].[div]([Expr1023],[Expr1024])) END IS NOT NULL"><Compare CompareOp="IS NOT"><ScalarOperator><IF><Condition><ScalarOperator><Compare CompareOp="IS"><ScalarOperator><Identifier><ColumnReference Column="Expr1021"/></Identifier></ScalarOperator><ScalarOperator><Const ConstValue="NULL"/></ScalarOperator></Compare></ScalarOperator></Condition><Then><ScalarOperator><Const ConstValue="NULL"/></ScalarOperator></Then><Else><ScalarOperator><UserDefinedFunction FunctionName="[tb7e90c475b95463bb3e0c7f022c47a08_WawanesaProd].[dbo].[pif]" IsClrFunction="1"><ScalarOperator><Identifier><ColumnReference Column="Expr1022"/></Identifier></ScalarOperator><ScalarOperator><Const ConstValue="N'='"/></ScalarOperator><ScalarOperator><UDTMethod><CLRFunction Assembly="Varicent.PreciseDecimal" Class="Varicent.PreciseDecimal.pd" Method="c"/><ScalarOperator><Const ConstValue="(0.00000000000000)"/></ScalarOperator></UDTMethod></ScalarOperator><ScalarOperator><UDTMethod><CLRFunction Assembly="Varicent.PreciseDecimal" Class="Varicent.PreciseDecimal.pd" Method="c"/><ScalarOperator><Const ConstValue="(0.00000000000000)"/></ScalarOperator></UDTMethod></ScalarOperator><ScalarOperator><UserDefinedFunction FunctionName="[tb7e90c475b95463bb3e0c7f022c47a08_WawanesaProd].[dbo].[div]" IsClrFunction="1"><ScalarOperator><Identifier><ColumnReference Column="Expr1023"/></Identifier></ScalarOperator><ScalarOperator><Identifier><ColumnReference Column="Expr1024"/></Identifier></ScalarOperator><CLRFunction Assembly="Varicent.PreciseDecimal" Class="Varicent.PreciseDecimal.Arithmetic" Method="div"/></UserDefinedFunction></ScalarOperator><CLRFunction Assembly="Varicent.PreciseDecimal" Class="Varicent.PreciseDecimal.Arithmetic" Method="pif"/></UserDefinedFunction></ScalarOperator></Else></IF></ScalarOperator><ScalarOperator><Const ConstValue="NULL"/></ScalarOperator></Compare></ScalarOperator></Predicate></Filter></RelOp></ComputeScalar></RelOp><RelOp NodeId="114" PhysicalOp="Compute Scalar" LogicalOp="Compute Scalar" EstimateRows="186150" EstimateIO="0" EstimateCPU="0.0031025" AvgRowSize="343" EstimatedTotalSubtreeCost="3.7977" Parallel="1" EstimateRebinds="0" EstimateRewinds="0" EstimatedExecutionMode="Row"><OutputList><ColumnReference Column="PtnId1042" ComputedColumn="1"/><ColumnReference Database="[tb7e90c475b95463bb3e0c7f022c47a08_WawanesaProd]" Schema="[dbo]" Table="[_Result817]" Column="_ResultID"/><ColumnReference Database="[tb7e90c475b95463bb3e0c7f022c47a08_WawanesaProd]" Schema="[dbo]" Table="[_Result817]" Column="Party"/><ColumnReference Database="[tb7e90c475b95463bb3e0c7f022c47a08_WawanesaProd]" Schema="[dbo]" Table="[_Result817]" Column="ProductGroup"/><ColumnReference Database="[tb7e90c475b95463bb3e0c7f022c47a08_WawanesaProd]" Schema="[dbo]" Table="[_Result817]" Column="ProductGroup2"/><ColumnReference Database="[tb7e90c475b95463bb3e0c7f022c47a08_WawanesaProd]" Schema="[dbo]" Table="[_Result817]" Column="ProductGroup3"/><ColumnReference Database="[tb7e90c475b95463bb3e0c7f022c47a08_WawanesaProd]" Schema="[dbo]" Table="[_Result817]" Column="ProductGroup4"/><ColumnReference Database="[tb7e90c475b95463bb3e0c7f022c47a08_WawanesaProd]" Schema="[dbo]" Table="[_Result817]" Column="ProductGroup5"/><ColumnReference Database="[tb7e90c475b95463bb3e0c7f022c47a08_WawanesaProd]" Schema="[dbo]" Table="[_Result817]" Column="ProductGroup6"/><ColumnReference Database="[tb7e90c475b95463bb3e0c7f022c47a08_WawanesaProd]" Schema="[dbo]" Table="[_Result817]" Column="ProductGroup7"/><ColumnReference Database="[tb7e90c475b95463bb3e0c7f022c47a08_WawanesaProd]" Schema="[dbo]" Table="[_Result817]" Column="Attribute"/><ColumnReference Database="[tb7e90c475b95463bb3e0c7f022c47a08_WawanesaProd]" Schema="[dbo]" Table="[_Result817]" Column="Months"/><ColumnReference Database="[tb7e90c475b95463bb3e0c7f022c47a08_WawanesaProd]" Schema="[dbo]" Table="[_Result817]" Column="Value"/><ColumnReference Column="Expr1054"/><ColumnReference Column="Expr1055"/><ColumnReference Column="TrgPrb1056"/></OutputList><ComputeScalar><DefinedValues><DefinedValue><ColumnReference Column="TrgPrb1056"/><ScalarOperator ScalarString="(1)"><Const ConstValue="(1)"/></ScalarOperator></DefinedValue></DefinedValues><RelOp NodeId="115" PhysicalOp="Compute Scalar" LogicalOp="Compute Scalar" EstimateRows="186150" EstimateIO="0" EstimateCPU="0.0031025" AvgRowSize="339" EstimatedTotalSubtreeCost="3.7946" Parallel="1" EstimateRebinds="0" EstimateRewinds="0" EstimatedExecutionMode="Row"><OutputList><ColumnReference Column="PtnId1042" ComputedColumn="1"/><ColumnReference Database="[tb7e90c475b95463bb3e0c7f022c47a08_WawanesaProd]" Schema="[dbo]" Table="[_Result817]" Column="_ResultID"/><ColumnReference Database="[tb7e90c475b95463bb3e0c7f022c47a08_WawanesaProd]" Schema="[dbo]" Table="[_Result817]" Column="Party"/><ColumnReference Database="[tb7e90c475b95463bb3e0c7f022c47a08_WawanesaProd]" Schema="[dbo]" Table="[_Result817]" Column="ProductGroup"/><ColumnReference Database="[tb7e90c475b95463bb3e0c7f022c47a08_WawanesaProd]" Schema="[dbo]" Table="[_Result817]" Column="ProductGroup2"/><ColumnReference Database="[tb7e90c475b95463bb3e0c7f022c47a08_WawanesaProd]" Schema="[dbo]" Table="[_Result817]" Column="ProductGroup3"/><ColumnReference Database="[tb7e90c475b95463bb3e0c7f022c47a08_WawanesaProd]" Schema="[dbo]" Table="[_Result817]" Column="ProductGroup4"/><ColumnReference Database="[tb7e90c475b95463bb3e0c7f022c47a08_WawanesaProd]" Schema="[dbo]" Table="[_Result817]" Column="ProductGroup5"/><ColumnReference Database="[tb7e90c475b95463bb3e0c7f022c47a08_WawanesaProd]" Schema="[dbo]" Table="[_Result817]" Column="ProductGroup6"/><ColumnReference Database="[tb7e90c475b95463bb3e0c7f022c47a08_WawanesaProd]" Schema="[dbo]" Table="[_Result817]" Column="ProductGroup7"/><ColumnReference Database="[tb7e90c475b95463bb3e0c7f022c47a08_WawanesaProd]" Schema="[dbo]" Table="[_Result817]" Column="Attribute"/><ColumnReference Database="[tb7e90c475b95463bb3e0c7f022c47a08_WawanesaProd]" Schema="[dbo]" Table="[_Result817]" Column="Months"/><ColumnReference Database="[tb7e90c475b95463bb3e0c7f022c47a08_WawanesaProd]" Schema="[dbo]" Table="[_Result817]" Column="Value"/><ColumnReference Column="Expr1054"/><ColumnReference Column="Expr1055"/></OutputList><ComputeScalar><DefinedValues><DefinedValue><ColumnReference Column="Expr1054"/><ScalarOperator ScalarString="[tb7e90c475b95463bb3e0c7f022c47a08_WawanesaProd].[dbo].[_Result817].[Months]"><Identifier><ColumnReference Database="[tb7e90c475b95463bb3e0c7f022c47a08_WawanesaProd]" Schema="[dbo]" Table="[_Result817]" Column="Months"/></Identifier></ScalarOperator></DefinedValue><DefinedValue><ColumnReference Column="Expr1055"/><ScalarOperator ScalarString="[tb7e90c475b95463bb3e0c7f022c47a08_WawanesaProd].[dbo].[_Result817].[Value]"><Identifier><ColumnReference Database="[tb7e90c475b95463bb3e0c7f022c47a08_WawanesaProd]" Schema="[dbo]" Table="[_Result817]" Column="Value"/></Identifier></ScalarOperator></DefinedValue></DefinedValues><RelOp NodeId="116" PhysicalOp="Parallelism" LogicalOp="Repartition Streams" EstimateRows="186150" EstimateIO="0" EstimateCPU="2.30055" AvgRowSize="224" EstimatedTotalSubtreeCost="3.7915" Parallel="1" EstimateRebinds="0" EstimateRewinds="0" EstimatedExecutionMode="Row"><OutputList><ColumnReference Column="PtnId1042" ComputedColumn="1"/><ColumnReference Database="[tb7e90c475b95463bb3e0c7f022c47a08_WawanesaProd]" Schema="[dbo]" Table="[_Result817]" Column="_ResultID"/><ColumnReference Database="[tb7e90c475b95463bb3e0c7f022c47a08_WawanesaProd]" Schema="[dbo]" Table="[_Result817]" Column="Party"/><ColumnReference Database="[tb7e90c475b95463bb3e0c7f022c47a08_WawanesaProd]" Schema="[dbo]" Table="[_Result817]" Column="ProductGroup"/><ColumnReference Database="[tb7e90c475b95463bb3e0c7f022c47a08_WawanesaProd]" Schema="[dbo]" Table="[_Result817]" Column="ProductGroup2"/><ColumnReference Database="[tb7e90c475b95463bb3e0c7f022c47a08_WawanesaProd]" Schema="[dbo]" Table="[_Result817]" Column="ProductGroup3"/><ColumnReference Database="[tb7e90c475b95463bb3e0c7f022c47a08_WawanesaProd]" Schema="[dbo]" Table="[_Result817]" Column="ProductGroup4"/><ColumnReference Database="[tb7e90c475b95463bb3e0c7f022c47a08_WawanesaProd]" Schema="[dbo]" Table="[_Result817]" Column="ProductGroup5"/><ColumnReference Database="[tb7e90c475b95463bb3e0c7f022c47a08_WawanesaProd]" Schema="[dbo]" Table="[_Result817]" Column="ProductGroup6"/><ColumnReference Database="[tb7e90c475b95463bb3e0c7f022c47a08_WawanesaProd]" Schema="[dbo]" Table="[_Result817]" Column="ProductGroup7"/><ColumnReference Database="[tb7e90c475b95463bb3e0c7f022c47a08_WawanesaProd]" Schema="[dbo]" Table="[_Result817]" Column="Attribute"/><ColumnReference Database="[tb7e90c475b95463bb3e0c7f022c47a08_WawanesaProd]" Schema="[dbo]" Table="[_Result817]" Column="Months"/><ColumnReference Database="[tb7e90c475b95463bb3e0c7f022c47a08_WawanesaProd]" Schema="[dbo]" Table="[_Result817]" Column="Value"/></OutputList><Parallelism PartitioningType="Hash"><PartitionColumns><ColumnReference Database="[tb7e90c475b95463bb3e0c7f022c47a08_WawanesaProd]" Schema="[dbo]" Table="[_Result817]" Column="Party"/><ColumnReference Database="[tb7e90c475b95463bb3e0c7f022c47a08_WawanesaProd]" Schema="[dbo]" Table="[_Result817]" Column="ProductGroup"/><ColumnReference Database="[tb7e90c475b95463bb3e0c7f022c47a08_WawanesaProd]" Schema="[dbo]" Table="[_Result817]" Column="ProductGroup2"/><ColumnReference Database="[tb7e90c475b95463bb3e0c7f022c47a08_WawanesaProd]" Schema="[dbo]" Table="[_Result817]" Column="ProductGroup3"/><ColumnReference Database="[tb7e90c475b95463bb3e0c7f022c47a08_WawanesaProd]" Schema="[dbo]" Table="[_Result817]" Column="ProductGroup4"/><ColumnReference Database="[tb7e90c475b95463bb3e0c7f022c47a08_WawanesaProd]" Schema="[dbo]" Table="[_Result817]" Column="ProductGroup5"/><ColumnReference Database="[tb7e90c475b95463bb3e0c7f022c47a08_WawanesaProd]" Schema="[dbo]" Table="[_Result817]" Column="ProductGroup6"/><ColumnReference Database="[tb7e90c475b95463bb3e0c7f022c47a08_WawanesaProd]" Schema="[dbo]" Table="[_Result817]" Column="ProductGroup7"/><ColumnReference Database="[tb7e90c475b95463bb3e0c7f022c47a08_WawanesaProd]" Schema="[dbo]" Table="[_Result817]" Column="Attribute"/><ColumnReference Database="[tb7e90c475b95463bb3e0c7f022c47a08_WawanesaProd]" Schema="[dbo]" Table="[_Result817]" Column="Months"/></PartitionColumns><RelOp NodeId="117" PhysicalOp="Clustered Index Scan" LogicalOp="Clustered Index Scan" EstimateRows="186150" EstimateIO="1.01903" EstimateCPU="0.105604" AvgRowSize="224" EstimatedTotalSubtreeCost="1.12463" TableCardinality="5.14532e+006" Parallel="1" Partitioned="1" EstimateRebinds="0" EstimateRewinds="0" EstimatedExecutionMode="Row"><OutputList><ColumnReference Column="PtnId1042" ComputedColumn="1"/><ColumnReference Database="[tb7e90c475b95463bb3e0c7f022c47a08_WawanesaProd]" Schema="[dbo]" Table="[_Result817]" Column="_ResultID"/><ColumnReference Database="[tb7e90c475b95463bb3e0c7f022c47a08_WawanesaProd]" Schema="[dbo]" Table="[_Result817]" Column="Party"/><ColumnReference Database="[tb7e90c475b95463bb3e0c7f022c47a08_WawanesaProd]" Schema="[dbo]" Table="[_Result817]" Column="ProductGroup"/><ColumnReference Database="[tb7e90c475b95463bb3e0c7f022c47a08_WawanesaProd]" Schema="[dbo]" Table="[_Result817]" Column="ProductGroup2"/><ColumnReference Database="[tb7e90c475b95463bb3e0c7f022c47a08_WawanesaProd]" Schema="[dbo]" Table="[_Result817]" Column="ProductGroup3"/><ColumnReference Database="[tb7e90c475b95463bb3e0c7f022c47a08_WawanesaProd]" Schema="[dbo]" Table="[_Result817]" Column="ProductGroup4"/><ColumnReference Database="[tb7e90c475b95463bb3e0c7f022c47a08_WawanesaProd]" Schema="[dbo]" Table="[_Result817]" Column="ProductGroup5"/><ColumnReference Database="[tb7e90c475b95463bb3e0c7f022c47a08_WawanesaProd]" Schema="[dbo]" Table="[_Result817]" Column="ProductGroup6"/><ColumnReference Database="[tb7e90c475b95463bb3e0c7f022c47a08_WawanesaProd]" Schema="[dbo]" Table="[_Result817]" Column="ProductGroup7"/><ColumnReference Database="[tb7e90c475b95463bb3e0c7f022c47a08_WawanesaProd]" Schema="[dbo]" Table="[_Result817]" Column="Attribute"/><ColumnReference Database="[tb7e90c475b95463bb3e0c7f022c47a08_WawanesaProd]" Schema="[dbo]" Table="[_Result817]" Column="Months"/><ColumnReference Database="[tb7e90c475b95463bb3e0c7f022c47a08_WawanesaProd]" Schema="[dbo]" Table="[_Result817]" Column="Value"/></OutputList><IndexScan Ordered="1" ScanDirection="FORWARD" ForcedIndex="0" ForceSeek="0" ForceScan="0" NoExpandHint="0" Storage="RowStore"><DefinedValues><DefinedValue><ColumnReference Column="PtnId1042" ComputedColumn="1"/></DefinedValue><DefinedValue><ColumnReference Database="[tb7e90c475b95463bb3e0c7f022c47a08_WawanesaProd]" Schema="[dbo]" Table="[_Result817]" Column="_ResultID"/></DefinedValue><DefinedValue><ColumnReference Database="[tb7e90c475b95463bb3e0c7f022c47a08_WawanesaProd]" Schema="[dbo]" Table="[_Result817]" Column="Party"/></DefinedValue><DefinedValue><ColumnReference Database="[tb7e90c475b95463bb3e0c7f022c47a08_WawanesaProd]" Schema="[dbo]" Table="[_Result817]" Column="ProductGroup"/></DefinedValue><DefinedValue><ColumnReference Database="[tb7e90c475b95463bb3e0c7f022c47a08_WawanesaProd]" Schema="[dbo]" Table="[_Result817]" Column="ProductGroup2"/></DefinedValue><DefinedValue><ColumnReference Database="[tb7e90c475b95463bb3e0c7f022c47a08_WawanesaProd]" Schema="[dbo]" Table="[_Result817]" Column="ProductGroup3"/></DefinedValue><DefinedValue><ColumnReference Database="[tb7e90c475b95463bb3e0c7f022c47a08_WawanesaProd]" Schema="[dbo]" Table="[_Result817]" Column="ProductGroup4"/></DefinedValue><DefinedValue><ColumnReference Database="[tb7e90c475b95463bb3e0c7f022c47a08_WawanesaProd]" Schema="[dbo]" Table="[_Result817]" Column="ProductGroup5"/></DefinedValue><DefinedValue><ColumnReference Database="[tb7e90c475b95463bb3e0c7f022c47a08_WawanesaProd]" Schema="[dbo]" Table="[_Result817]" Column="ProductGroup6"/></DefinedValue><DefinedValue><ColumnReference Database="[tb7e90c475b95463bb3e0c7f022c47a08_WawanesaProd]" Schema="[dbo]" Table="[_Result817]" Column="ProductGroup7"/></DefinedValue><DefinedValue><ColumnReference Database="[tb7e90c475b95463bb3e0c7f022c47a08_WawanesaProd]" Schema="[dbo]" Table="[_Result817]" Column="Attribute"/></DefinedValue><DefinedValue><ColumnReference Database="[tb7e90c475b95463bb3e0c7f022c47a08_WawanesaProd]" Schema="[dbo]" Table="[_Result817]" Column="Months"/></DefinedValue><DefinedValue><ColumnReference Database="[tb7e90c475b95463bb3e0c7f022c47a08_WawanesaProd]" Schema="[dbo]" Table="[_Result817]" Column="Value"/></DefinedValue></DefinedValues><Object Database="[tb7e90c475b95463bb3e0c7f022c47a08_WawanesaProd]" Schema="[dbo]" Table="[_Result817]" Index="[_Result817_pkey]" IndexKind="Clustered" Storage="RowStore"/><SeekPredicates><SeekPredicateNew><SeekKeys><StartRange ScanType="GE"><RangeColumns><ColumnReference Column="PtnId1042"/></RangeColumns><RangeExpressions><ScalarOperator ScalarString="(97)"><Const ConstValue="(97)"/></ScalarOperator></RangeExpressions></StartRange><EndRange ScanType="LE"><RangeColumns><ColumnReference Column="PtnId1042"/></RangeColumns><RangeExpressions><ScalarOperator ScalarString="(97)"><Const ConstValue="(97)"/></ScalarOperator></RangeExpressions></EndRange></SeekKeys></SeekPredicateNew><SeekPredicateNew><SeekKeys><StartRange ScanType="GE"><RangeColumns><ColumnReference Column="PtnId1042"/></RangeColumns><RangeExpressions><ScalarOperator ScalarString="(98)"><Const ConstValue="(98)"/></ScalarOperator></RangeExpressions></StartRange><EndRange ScanType="LE"><RangeColumns><ColumnReference Column="PtnId1042"/></RangeColumns><RangeExpressions><ScalarOperator ScalarString="(98)"><Const ConstValue="(98)"/></ScalarOperator></RangeExpressions></EndRange></SeekKeys></SeekPredicateNew><SeekPredicateNew><SeekKeys><StartRange ScanType="GE"><RangeColumns><ColumnReference Column="PtnId1042"/></RangeColumns><RangeExpressions><ScalarOperator ScalarString="(99)"><Const ConstValue="(99)"/></ScalarOperator></RangeExpressions></StartRange><EndRange ScanType="LE"><RangeColumns><ColumnReference Column="PtnId1042"/></RangeColumns><RangeExpressions><ScalarOperator ScalarString="(99)"><Const ConstValue="(99)"/></ScalarOperator></RangeExpressions></EndRange></SeekKeys></SeekPredicateNew><SeekPredicateNew><SeekKeys><StartRange ScanType="GE"><RangeColumns><ColumnReference Column="PtnId1042"/></RangeColumns><RangeExpressions><ScalarOperator ScalarString="(100)"><Const ConstValue="(100)"/></ScalarOperator></RangeExpressions></StartRange><EndRange ScanType="LE"><RangeColumns><ColumnReference Column="PtnId1042"/></RangeColumns><RangeExpressions><ScalarOperator ScalarString="(100)"><Const ConstValue="(100)"/></ScalarOperator></RangeExpressions></EndRange></SeekKeys></SeekPredicateNew><SeekPredicateNew><SeekKeys><StartRange ScanType="GE"><RangeColumns><ColumnReference Column="PtnId1042"/></RangeColumns><RangeExpressions><ScalarOperator ScalarString="(101)"><Const ConstValue="(101)"/></ScalarOperator></RangeExpressions></StartRange><EndRange ScanType="LE"><RangeColumns><ColumnReference Column="PtnId1042"/></RangeColumns><RangeExpressions><ScalarOperator ScalarString="(101)"><Const ConstValue="(101)"/></ScalarOperator></RangeExpressions></EndRange></SeekKeys></SeekPredicateNew><SeekPredicateNew><SeekKeys><StartRange ScanType="GE"><RangeColumns><ColumnReference Column="PtnId1042"/></RangeColumns><RangeExpressions><ScalarOperator ScalarString="(102)"><Const ConstValue="(102)"/></ScalarOperator></RangeExpressions></StartRange><EndRange ScanType="LE"><RangeColumns><ColumnReference Column="PtnId1042"/></RangeColumns><RangeExpressions><ScalarOperator ScalarString="(102)"><Const ConstValue="(102)"/></ScalarOperator></RangeExpressions></EndRange></SeekKeys></SeekPredicateNew><SeekPredicateNew><SeekKeys><StartRange ScanType="GE"><RangeColumns><ColumnReference Column="PtnId1042"/></RangeColumns><RangeExpressions><ScalarOperator ScalarString="(103)"><Const ConstValue="(103)"/></ScalarOperator></RangeExpressions></StartRange><EndRange ScanType="LE"><RangeColumns><ColumnReference Column="PtnId1042"/></RangeColumns><RangeExpressions><ScalarOperator ScalarString="(103)"><Const ConstValue="(103)"/></ScalarOperator></RangeExpressions></EndRange></SeekKeys></SeekPredicateNew><SeekPredicateNew><SeekKeys><StartRange ScanType="GE"><RangeColumns><ColumnReference Column="PtnId1042"/></RangeColumns><RangeExpressions><ScalarOperator ScalarString="(104)"><Const ConstValue="(104)"/></ScalarOperator></RangeExpressions></StartRange><EndRange ScanType="LE"><RangeColumns><ColumnReference Column="PtnId1042"/></RangeColumns><RangeExpressions><ScalarOperator ScalarString="(104)"><Const ConstValue="(104)"/></ScalarOperator></RangeExpressions></EndRange></SeekKeys></SeekPredicateNew><SeekPredicateNew><SeekKeys><StartRange ScanType="GE"><RangeColumns><ColumnReference Column="PtnId1042"/></RangeColumns><RangeExpressions><ScalarOperator ScalarString="(105)"><Const ConstValue="(105)"/></ScalarOperator></RangeExpressions></StartRange><EndRange ScanType="LE"><RangeColumns><ColumnReference Column="PtnId1042"/></RangeColumns><RangeExpressions><ScalarOperator ScalarString="(105)"><Const ConstValue="(105)"/></ScalarOperator></RangeExpressions></EndRange></SeekKeys></SeekPredicateNew><SeekPredicateNew><SeekKeys><StartRange ScanType="GE"><RangeColumns><ColumnReference Column="PtnId1042"/></RangeColumns><RangeExpressions><ScalarOperator ScalarString="(106)"><Const ConstValue="(106)"/></ScalarOperator></RangeExpressions></StartRange><EndRange ScanType="LE"><RangeColumns><ColumnReference Column="PtnId1042"/></RangeColumns><RangeExpressions><ScalarOperator ScalarString="(106)"><Const ConstValue="(106)"/></ScalarOperator></RangeExpressions></EndRange></SeekKeys></SeekPredicateNew><SeekPredicateNew><SeekKeys><StartRange ScanType="GE"><RangeColumns><ColumnReference Column="PtnId1042"/></RangeColumns><RangeExpressions><ScalarOperator ScalarString="(107)"><Const ConstValue="(107)"/></ScalarOperator></RangeExpressions></StartRange><EndRange ScanType="LE"><RangeColumns><ColumnReference Column="PtnId1042"/></RangeColumns><RangeExpressions><ScalarOperator ScalarString="(107)"><Const ConstValue="(107)"/></ScalarOperator></RangeExpressions></EndRange></SeekKeys></SeekPredicateNew><SeekPredicateNew><SeekKeys><StartRange ScanType="GE"><RangeColumns><ColumnReference Column="PtnId1042"/></RangeColumns><RangeExpressions><ScalarOperator ScalarString="(108)"><Const ConstValue="(108)"/></ScalarOperator></RangeExpressions></StartRange><EndRange ScanType="LE"><RangeColumns><ColumnReference Column="PtnId1042"/></RangeColumns><RangeExpressions><ScalarOperator ScalarString="(108)"><Const ConstValue="(108)"/></ScalarOperator></RangeExpressions></EndRange></SeekKeys></SeekPredicateNew></SeekPredicates><Predicate><ScalarOperator ScalarString="[tb7e90c475b95463bb3e0c7f022c47a08_WawanesaProd].[dbo].[_Result817].[Months]=N'2021, Month 01' OR [tb7e90c475b95463bb3e0c7f022c47a08_WawanesaProd].[dbo].[_Result817].[Months]=N'2021, Month 02' OR [tb7e90c475b95463bb3e0c7f022c47a08_WawanesaProd].[dbo].[_Result817].[Months]=N'2021, Month 03' OR [tb7e90c475b95463bb3e0c7f022c47a08_WawanesaProd].[dbo].[_Result817].[Months]=N'2021, Month 04' OR [tb7e90c475b95463bb3e0c7f022c47a08_WawanesaProd].[dbo].[_Result817].[Months]=N'2021, Month 05' OR [tb7e90c475b95463bb3e0c7f022c47a08_WawanesaProd].[dbo].[_Result817].[Months]=N'2021, Month 06' OR [tb7e90c475b95463bb3e0c7f022c47a08_WawanesaProd].[dbo].[_Result817].[Months]=N'2021, Month 07' OR [tb7e90c475b95463bb3e0c7f022c47a08_WawanesaProd].[dbo].[_Result817].[Months]=N'2021, Month 08' OR [tb7e90c475b95463bb3e0c7f022c47a08_WawanesaProd].[dbo].[_Result817].[Months]=N'2021, Month 09' OR [tb7e90c475b95463bb3e0c7f022c47a08_WawanesaProd].[dbo].[_Result817].[Months]=N'2021, Month 10' OR [tb7e90c475b95463bb3e0c7f022c47a08_WawanesaProd].[dbo].[_Result817].[Months]=N'2021, Month 11' OR [tb7e90c475b95463bb3e0c7f022c47a08_WawanesaProd].[dbo].[_Result817].[Months]=N'2021, Month 12'"><Logical Operation="OR"><ScalarOperator><Compare CompareOp="EQ"><ScalarOperator><Identifier><ColumnReference Database="[tb7e90c475b95463bb3e0c7f022c47a08_WawanesaProd]" Schema="[dbo]" Table="[_Result817]" Column="Months"/></Identifier></ScalarOperator><ScalarOperator><Const ConstValue="N'2021, Month 01'"/></ScalarOperator></Compare></ScalarOperator><ScalarOperator><Compare CompareOp="EQ"><ScalarOperator><Identifier><ColumnReference Database="[tb7e90c475b95463bb3e0c7f022c47a08_WawanesaProd]" Schema="[dbo]" Table="[_Result817]" Column="Months"/></Identifier></ScalarOperator><ScalarOperator><Const ConstValue="N'2021, Month 02'"/></ScalarOperator></Compare></ScalarOperator><ScalarOperator><Compare CompareOp="EQ"><ScalarOperator><Identifier><ColumnReference Database="[tb7e90c475b95463bb3e0c7f022c47a08_WawanesaProd]" Schema="[dbo]" Table="[_Result817]" Column="Months"/></Identifier></ScalarOperator><ScalarOperator><Const ConstValue="N'2021, Month 03'"/></ScalarOperator></Compare></ScalarOperator><ScalarOperator><Compare CompareOp="EQ"><ScalarOperator><Identifier><ColumnReference Database="[tb7e90c475b95463bb3e0c7f022c47a08_WawanesaProd]" Schema="[dbo]" Table="[_Result817]" Column="Months"/></Identifier></ScalarOperator><ScalarOperator><Const ConstValue="N'2021, Month 04'"/></ScalarOperator></Compare></ScalarOperator><ScalarOperator><Compare CompareOp="EQ"><ScalarOperator><Identifier><ColumnReference Database="[tb7e90c475b95463bb3e0c7f022c47a08_WawanesaProd]" Schema="[dbo]" Table="[_Result817]" Column="Months"/></Identifier></ScalarOperator><ScalarOperator><Const ConstValue="N'2021, Month 05'"/></ScalarOperator></Compare></ScalarOperator><ScalarOperator><Compare CompareOp="EQ"><ScalarOperator><Identifier><ColumnReference Database="[tb7e90c475b95463bb3e0c7f022c47a08_WawanesaProd]" Schema="[dbo]" Table="[_Result817]" Column="Months"/></Identifier></ScalarOperator><ScalarOperator><Const ConstValue="N'2021, Month 06'"/></ScalarOperator></Compare></ScalarOperator><ScalarOperator><Compare CompareOp="EQ"><ScalarOperator><Identifier><ColumnReference Database="[tb7e90c475b95463bb3e0c7f022c47a08_WawanesaProd]" Schema="[dbo]" Table="[_Result817]" Column="Months"/></Identifier></ScalarOperator><ScalarOperator><Const ConstValue="N'2021, Month 07'"/></ScalarOperator></Compare></ScalarOperator><ScalarOperator><Compare CompareOp="EQ"><ScalarOperator><Identifier><ColumnReference Database="[tb7e90c475b95463bb3e0c7f022c47a08_WawanesaProd]" Schema="[dbo]" Table="[_Result817]" Column="Months"/></Identifier></ScalarOperator><ScalarOperator><Const ConstValue="N'2021, Month 08'"/></ScalarOperator></Compare></ScalarOperator><ScalarOperator><Compare CompareOp="EQ"><ScalarOperator><Identifier><ColumnReference Database="[tb7e90c475b95463bb3e0c7f022c47a08_WawanesaProd]" Schema="[dbo]" Table="[_Result817]" Column="Months"/></Identifier></ScalarOperator><ScalarOperator><Const ConstValue="N'2021, Month 09'"/></ScalarOperator></Compare></ScalarOperator><ScalarOperator><Compare CompareOp="EQ"><ScalarOperator><Identifier><ColumnReference Database="[tb7e90c475b95463bb3e0c7f022c47a08_WawanesaProd]" Schema="[dbo]" Table="[_Result817]" Column="Months"/></Identifier></ScalarOperator><ScalarOperator><Const ConstValue="N'2021, Month 10'"/></ScalarOperator></Compare></ScalarOperator><ScalarOperator><Compare CompareOp="EQ"><ScalarOperator><Identifier><ColumnReference Database="[tb7e90c475b95463bb3e0c7f022c47a08_WawanesaProd]" Schema="[dbo]" Table="[_Result817]" Column="Months"/></Identifier></ScalarOperator><ScalarOperator><Const ConstValue="N'2021, Month 11'"/></ScalarOperator></Compare></ScalarOperator><ScalarOperator><Compare CompareOp="EQ"><ScalarOperator><Identifier><ColumnReference Database="[tb7e90c475b95463bb3e0c7f022c47a08_WawanesaProd]" Schema="[dbo]" Table="[_Result817]" Column="Months"/></Identifier></ScalarOperator><ScalarOperator><Const ConstValue="N'2021, Month 12'"/></ScalarOperator></Compare></ScalarOperator></Logical></ScalarOperator></Predicate></IndexScan></RelOp></Parallelism></RelOp></ComputeScalar></RelOp></ComputeScalar></RelOp></Hash></RelOp><RelOp NodeId="127" PhysicalOp="Nested Loops" LogicalOp="Left Anti Semi Join" EstimateRows="1" EstimateIO="0" EstimateCPU="4.18e-006" AvgRowSize="9" EstimatedTotalSubtreeCost="1.23976" Parallel="1" EstimateRebinds="186149" EstimateRewinds="0" EstimatedExecutionMode="Row"><OutputList/><NestedLoops Optimized="0"><RelOp NodeId="128" PhysicalOp="Constant Scan" LogicalOp="Constant Scan" EstimateRows="1" EstimateIO="0" EstimateCPU="1.157e-006" AvgRowSize="9" EstimatedTotalSubtreeCost="0.18615" Parallel="1" EstimateRebinds="0" EstimateRewinds="186149" EstimatedExecutionMode="Row"><OutputList/><ConstantScan/></RelOp><RelOp NodeId="129" PhysicalOp="Filter" LogicalOp="Filter" EstimateRows="1" EstimateIO="0" EstimateCPU="4.8e-007" AvgRowSize="9" EstimatedTotalSubtreeCost="0.275502" Parallel="1" EstimateRebinds="186149" EstimateRewinds="0" EstimatedExecutionMode="Row"><OutputList/><Filter StartupExpression="1"><RelOp NodeId="130" PhysicalOp="Constant Scan" LogicalOp="Constant Scan" EstimateRows="1" EstimateIO="0" EstimateCPU="1.157e-006" AvgRowSize="9" EstimatedTotalSubtreeCost="0.18615" Parallel="1" EstimateRebinds="0" EstimateRewinds="186149" EstimatedExecutionMode="Row"><OutputList/><ConstantScan/></RelOp><Predicate><ScalarOperator ScalarString="[Expr1040] = [Expr1055]"><Compare CompareOp="IS"><ScalarOperator><Identifier><ColumnReference Column="Expr1040"/></Identifier></ScalarOperator><ScalarOperator><Identifier><ColumnReference Column="Expr1055"/></Identifier></ScalarOperator></Compare></ScalarOperator></Predicate></Filter></RelOp></NestedLoops></RelOp></NestedLoops></RelOp></Parallelism></RelOp></ComputeScalar></RelOp></Parallelism></RelOp><Predicate><ScalarOperator ScalarString="[Action1058] IS NOT NULL"><Compare CompareOp="IS NOT"><ScalarOperator><Identifier><ColumnReference Column="Action1058"/></Identifier></ScalarOperator><ScalarOperator><Const ConstValue="NULL"/></ScalarOperator></Compare></ScalarOperator></Predicate></Filter></RelOp></ComputeScalar></RelOp></Sort></RelOp></Parallelism></RelOp></Update></RelOp></QueryPlan></StmtSimple></Statements></Batch></BatchSequence></ShowPlanXML>